#
# There is insufficient memory for the Java Runtime Environment to continue.
# Native memory allocation (malloc) failed to allocate 65552 bytes for Chunk::new
# Possible reasons:
#   The system is out of physical RAM or swap space
#   The process is running with CompressedOops enabled, and the Java Heap may be blocking the growth of the native heap
# Possible solutions:
#   Reduce memory load on the system
#   Increase physical memory or swap space
#   Check if swap backing store is full
#   Decrease Java heap size (-Xmx/-Xms)
#   Decrease number of Java threads
#   Decrease Java thread stack sizes (-Xss)
#   Set larger code cache with -XX:ReservedCodeCacheSize=
#   JVM is running with Unscaled Compressed Oops mode in which the Java heap is
#     placed in the first 4GB address space. The Java Heap base address is the
#     maximum limit for the native heap growth. Please use -XX:HeapBaseMinAddress
#     to set the Java Heap base and to place the Java Heap above 4GB virtual address.
# This output file may be truncated or incomplete.
#
#  Out of Memory Error (arena.cpp:189), pid=7228, tid=17920
#
# JRE version: Java(TM) SE Runtime Environment (17.0.5+9) (build 17.0.5+9-LTS-191)
# Java VM: Java HotSpot(TM) 64-Bit Server VM (17.0.5+9-LTS-191, mixed mode, sharing, tiered, compressed oops, compressed class ptrs, g1 gc, windows-amd64)
# No core dump will be written. Minidumps are not enabled by default on client versions of Windows
#

---------------  S U M M A R Y ------------

Command Line: --module-path=C:/Program Files/javafx-sdk-17.0.2/lib --add-modules=javafx.fxml,javafx.controls,javafx.graphics -javaagent:C:\ProgramData\Microsoft\Windows\Start Menu\Programs\ideaIC-2021.3.2.win\lib\idea_rt.jar=49154:C:\ProgramData\Microsoft\Windows\Start Menu\Programs\ideaIC-2021.3.2.win\bin -Dfile.encoding=UTF-8 main.Main

Host: Intel(R) Core(TM) i7-8550U CPU @ 1.80GHz, 8 cores, 7G,  Windows 11 , 64 bit Build 22621 (10.0.22621.1105)
Time: Fri Feb  3 22:09:20 2023 Eastern Standard Time elapsed time: 1.992344 seconds (0d 0h 0m 1s)

---------------  T H R E A D  ---------------

Current thread (0x000001e568766670):  JavaThread "C2 CompilerThread0" daemon [_thread_in_native, id=17920, stack(0x000000c7a8700000,0x000000c7a8800000)]


Current CompileTask:
C2:   1992 2201       4       java.lang.invoke.MethodType::makeImpl (109 bytes)

Stack: [0x000000c7a8700000,0x000000c7a8800000]
Native frames: (J=compiled Java code, j=interpreted, Vv=VM code, C=native code)
V  [jvm.dll+0x672eea]
V  [jvm.dll+0x7d2a04]
V  [jvm.dll+0x7d41ae]
V  [jvm.dll+0x7d4813]
V  [jvm.dll+0x242c15]
V  [jvm.dll+0xaa57b]
V  [jvm.dll+0xaab0c]
V  [jvm.dll+0xaa68b]
V  [jvm.dll+0x6964fe]
V  [jvm.dll+0x217184]
V  [jvm.dll+0x214fdb]
V  [jvm.dll+0x1a18ed]
V  [jvm.dll+0x22493a]
V  [jvm.dll+0x222aa5]
V  [jvm.dll+0x7885db]
V  [jvm.dll+0x782b4a]
V  [jvm.dll+0x671d75]
C  [ucrtbase.dll+0x29363]
C  [KERNEL32.DLL+0x126bd]
C  [ntdll.dll+0x5dfb8]


---------------  P R O C E S S  ---------------

Threads class SMR info:
_java_thread_list=0x000001e56a328600, length=21, elements={
0x000001e54875b250, 0x000001e5687411b0, 0x000001e568741d60, 0x000001e568755310,
0x000001e568755dd0, 0x000001e568756890, 0x000001e56875d670, 0x000001e568766670,
0x000001e568767020, 0x000001e568770500, 0x000001e56918fa00, 0x000001e5697ea3c0,
0x000001e569c6c4f0, 0x000001e569d77890, 0x000001e569b65d30, 0x000001e56a513480,
0x000001e569cbdf80, 0x000001e569ca4300, 0x000001e56a290300, 0x000001e56a8d2a20,
0x000001e572e5f650
}

Java Threads: ( => current thread )
  0x000001e54875b250 JavaThread "main" [_thread_blocked, id=14088, stack(0x000000c7a7a00000,0x000000c7a7b00000)]
  0x000001e5687411b0 JavaThread "Reference Handler" daemon [_thread_blocked, id=932, stack(0x000000c7a8100000,0x000000c7a8200000)]
  0x000001e568741d60 JavaThread "Finalizer" daemon [_thread_blocked, id=12660, stack(0x000000c7a8200000,0x000000c7a8300000)]
  0x000001e568755310 JavaThread "Signal Dispatcher" daemon [_thread_blocked, id=11600, stack(0x000000c7a8300000,0x000000c7a8400000)]
  0x000001e568755dd0 JavaThread "Attach Listener" daemon [_thread_blocked, id=1880, stack(0x000000c7a8400000,0x000000c7a8500000)]
  0x000001e568756890 JavaThread "Service Thread" daemon [_thread_blocked, id=14232, stack(0x000000c7a8500000,0x000000c7a8600000)]
  0x000001e56875d670 JavaThread "Monitor Deflation Thread" daemon [_thread_blocked, id=6992, stack(0x000000c7a8600000,0x000000c7a8700000)]
=>0x000001e568766670 JavaThread "C2 CompilerThread0" daemon [_thread_in_native, id=17920, stack(0x000000c7a8700000,0x000000c7a8800000)]
  0x000001e568767020 JavaThread "C1 CompilerThread0" daemon [_thread_blocked, id=3476, stack(0x000000c7a8800000,0x000000c7a8900000)]
  0x000001e568770500 JavaThread "Sweeper thread" daemon [_thread_blocked, id=16348, stack(0x000000c7a8900000,0x000000c7a8a00000)]
  0x000001e56918fa00 JavaThread "Common-Cleaner" daemon [_thread_blocked, id=17716, stack(0x000000c7a8a00000,0x000000c7a8b00000)]
  0x000001e5697ea3c0 JavaThread "Monitor Ctrl-Break" daemon [_thread_in_native, id=15128, stack(0x000000c7a8d00000,0x000000c7a8e00000)]
  0x000001e569c6c4f0 JavaThread "Notification Thread" daemon [_thread_blocked, id=15432, stack(0x000000c7a8e00000,0x000000c7a8f00000)]
  0x000001e569d77890 JavaThread "QuantumRenderer-0" daemon [_thread_blocked, id=7472, stack(0x000000c7a9000000,0x000000c7a9100000)]
  0x000001e569b65d30 JavaThread "InvokeLaterDispatcher" daemon [_thread_blocked, id=11668, stack(0x000000c7a9100000,0x000000c7a9200000)]
  0x000001e56a513480 JavaThread "JavaFX Application Thread" [_thread_in_native, id=15508, stack(0x000000c7a9200000,0x000000c7a9300000)]
  0x000001e569cbdf80 JavaThread "mysql-cj-abandoned-connection-cleanup" daemon [_thread_blocked, id=15844, stack(0x000000c7a9700000,0x000000c7a9800000)]
  0x000001e569ca4300 JavaThread "Thread-1" daemon [_thread_in_native, id=4728, stack(0x000000c7a9600000,0x000000c7a9700000)]
  0x000001e56a290300 JavaThread "JavaFX-Launcher" [_thread_blocked, id=16172, stack(0x000000c7a9e00000,0x000000c7a9f00000)]
  0x000001e56a8d2a20 JavaThread "Prism Font Disposer" daemon [_thread_blocked, id=9592, stack(0x000000c7aa100000,0x000000c7aa200000)]
  0x000001e572e5f650 JavaThread "C2 CompilerThread1" daemon [_thread_blocked, id=4196, stack(0x000000c7aa200000,0x000000c7aa300000)]

Other Threads:
  0x000001e56873d320 VMThread "VM Thread" [stack: 0x000000c7a8000000,0x000000c7a8100000] [id=17332]
  0x000001e5487d0670 WatcherThread [stack: 0x000000c7a8f00000,0x000000c7a9000000] [id=15240]
  0x000001e5487b3e30 GCTaskThread "GC Thread#0" [stack: 0x000000c7a7b00000,0x000000c7a7c00000] [id=18228]
  0x000001e56a322d90 GCTaskThread "GC Thread#1" [stack: 0x000000c7a9800000,0x000000c7a9900000] [id=12928]
  0x000001e56a2ccb40 GCTaskThread "GC Thread#2" [stack: 0x000000c7a9900000,0x000000c7a9a00000] [id=12196]
  0x000001e56a702810 GCTaskThread "GC Thread#3" [stack: 0x000000c7a9a00000,0x000000c7a9b00000] [id=14352]
  0x000001e56a702ac0 GCTaskThread "GC Thread#4" [stack: 0x000000c7a9b00000,0x000000c7a9c00000] [id=9120]
  0x000001e56a7343f0 GCTaskThread "GC Thread#5" [stack: 0x000000c7a9c00000,0x000000c7a9d00000] [id=2184]
  0x000001e56a181980 GCTaskThread "GC Thread#6" [stack: 0x000000c7a9d00000,0x000000c7a9e00000] [id=19912]
  0x000001e56a95e2d0 GCTaskThread "GC Thread#7" [stack: 0x000000c7a8b00000,0x000000c7a8c00000] [id=16684]
  0x000001e5487c47b0 ConcurrentGCThread "G1 Main Marker" [stack: 0x000000c7a7c00000,0x000000c7a7d00000] [id=6564]
  0x000001e5487c5ac0 ConcurrentGCThread "G1 Conc#0" [stack: 0x000000c7a7d00000,0x000000c7a7e00000] [id=19960]
  0x000001e5686024c0 ConcurrentGCThread "G1 Refine#0" [stack: 0x000000c7a7e00000,0x000000c7a7f00000] [id=2880]
  0x000001e568602d80 ConcurrentGCThread "G1 Service" [stack: 0x000000c7a7f00000,0x000000c7a8000000] [id=15448]

Threads with active compile tasks:
C2 CompilerThread0     2031 2201       4       java.lang.invoke.MethodType::makeImpl (109 bytes)

VM state: not at safepoint (normal execution)

VM Mutex/Monitor currently owned by a thread: None

Heap address: 0x0000000082e00000, size: 2002 MB, Compressed Oops mode: 32-bit

CDS archive(s) mapped at: [0x0000000800000000-0x0000000800bd0000-0x0000000800bd0000), size 12386304, SharedBaseAddress: 0x0000000800000000, ArchiveRelocationMode: 0.
Compressed class space mapped at: 0x0000000800c00000-0x0000000840c00000, reserved size: 1073741824
Narrow klass base: 0x0000000800000000, Narrow klass shift: 0, Narrow klass range: 0x100000000

GC Precious Log:
 CPUs: 8 total, 8 available
 Memory: 8007M
 Large Page Support: Disabled
 NUMA Support: Disabled
 Compressed Oops: Enabled (32-bit)
 Heap Region Size: 1M
 Heap Min Capacity: 8M
 Heap Initial Capacity: 126M
 Heap Max Capacity: 2002M
 Pre-touch: Disabled
 Parallel Workers: 8
 Concurrent Workers: 2
 Concurrent Refinement Workers: 8
 Periodic GC: Disabled

Heap:
 garbage-first heap   total 129024K, used 17458K [0x0000000082e00000, 0x0000000100000000)
  region size 1024K, 14 young (14336K), 5 survivors (5120K)
 Metaspace       used 21121K, committed 21376K, reserved 1073152K
  class space    used 2879K, committed 3008K, reserved 1048576K

Heap Regions: E=young(eden), S=young(survivor), O=old, HS=humongous(starts), HC=humongous(continues), CS=collection set, F=free, OA=open archive, CA=closed archive, TAMS=top-at-mark-start (previous, next)
|   0|0x0000000082e00000, 0x0000000082f00000, 0x0000000082f00000|100%| O|  |TAMS 0x0000000082e00000, 0x0000000082e00000| Untracked 
|   1|0x0000000082f00000, 0x0000000083000000, 0x0000000083000000|100%| O|  |TAMS 0x0000000082f00000, 0x0000000082f00000| Untracked 
|   2|0x0000000083000000, 0x0000000083100000, 0x0000000083100000|100%| O|  |TAMS 0x0000000083000000, 0x0000000083000000| Untracked 
|   3|0x0000000083100000, 0x0000000083200000, 0x0000000083200000|100%| O|  |TAMS 0x0000000083100000, 0x0000000083100000| Untracked 
|   4|0x0000000083200000, 0x0000000083214a00, 0x0000000083300000|  8%| O|  |TAMS 0x0000000083200000, 0x0000000083200000| Untracked 
|   5|0x0000000083300000, 0x0000000083300000, 0x0000000083400000|  0%| F|  |TAMS 0x0000000083300000, 0x0000000083300000| Untracked 
|   6|0x0000000083400000, 0x0000000083400000, 0x0000000083500000|  0%| F|  |TAMS 0x0000000083400000, 0x0000000083400000| Untracked 
|   7|0x0000000083500000, 0x0000000083500000, 0x0000000083600000|  0%| F|  |TAMS 0x0000000083500000, 0x0000000083500000| Untracked 
|   8|0x0000000083600000, 0x0000000083600000, 0x0000000083700000|  0%| F|  |TAMS 0x0000000083600000, 0x0000000083600000| Untracked 
|   9|0x0000000083700000, 0x0000000083700000, 0x0000000083800000|  0%| F|  |TAMS 0x0000000083700000, 0x0000000083700000| Untracked 
|  10|0x0000000083800000, 0x0000000083800000, 0x0000000083900000|  0%| F|  |TAMS 0x0000000083800000, 0x0000000083800000| Untracked 
|  11|0x0000000083900000, 0x0000000083900000, 0x0000000083a00000|  0%| F|  |TAMS 0x0000000083900000, 0x0000000083900000| Untracked 
|  12|0x0000000083a00000, 0x0000000083a00000, 0x0000000083b00000|  0%| F|  |TAMS 0x0000000083a00000, 0x0000000083a00000| Untracked 
|  13|0x0000000083b00000, 0x0000000083b00000, 0x0000000083c00000|  0%| F|  |TAMS 0x0000000083b00000, 0x0000000083b00000| Untracked 
|  14|0x0000000083c00000, 0x0000000083c00000, 0x0000000083d00000|  0%| F|  |TAMS 0x0000000083c00000, 0x0000000083c00000| Untracked 
|  15|0x0000000083d00000, 0x0000000083d00000, 0x0000000083e00000|  0%| F|  |TAMS 0x0000000083d00000, 0x0000000083d00000| Untracked 
|  16|0x0000000083e00000, 0x0000000083e00000, 0x0000000083f00000|  0%| F|  |TAMS 0x0000000083e00000, 0x0000000083e00000| Untracked 
|  17|0x0000000083f00000, 0x0000000083f00000, 0x0000000084000000|  0%| F|  |TAMS 0x0000000083f00000, 0x0000000083f00000| Untracked 
|  18|0x0000000084000000, 0x0000000084000000, 0x0000000084100000|  0%| F|  |TAMS 0x0000000084000000, 0x0000000084000000| Untracked 
|  19|0x0000000084100000, 0x0000000084100000, 0x0000000084200000|  0%| F|  |TAMS 0x0000000084100000, 0x0000000084100000| Untracked 
|  20|0x0000000084200000, 0x0000000084200000, 0x0000000084300000|  0%| F|  |TAMS 0x0000000084200000, 0x0000000084200000| Untracked 
|  21|0x0000000084300000, 0x0000000084300000, 0x0000000084400000|  0%| F|  |TAMS 0x0000000084300000, 0x0000000084300000| Untracked 
|  22|0x0000000084400000, 0x0000000084400000, 0x0000000084500000|  0%| F|  |TAMS 0x0000000084400000, 0x0000000084400000| Untracked 
|  23|0x0000000084500000, 0x0000000084500000, 0x0000000084600000|  0%| F|  |TAMS 0x0000000084500000, 0x0000000084500000| Untracked 
|  24|0x0000000084600000, 0x0000000084600000, 0x0000000084700000|  0%| F|  |TAMS 0x0000000084600000, 0x0000000084600000| Untracked 
|  25|0x0000000084700000, 0x0000000084700000, 0x0000000084800000|  0%| F|  |TAMS 0x0000000084700000, 0x0000000084700000| Untracked 
|  26|0x0000000084800000, 0x0000000084800000, 0x0000000084900000|  0%| F|  |TAMS 0x0000000084800000, 0x0000000084800000| Untracked 
|  27|0x0000000084900000, 0x0000000084900000, 0x0000000084a00000|  0%| F|  |TAMS 0x0000000084900000, 0x0000000084900000| Untracked 
|  28|0x0000000084a00000, 0x0000000084a00000, 0x0000000084b00000|  0%| F|  |TAMS 0x0000000084a00000, 0x0000000084a00000| Untracked 
|  29|0x0000000084b00000, 0x0000000084b00000, 0x0000000084c00000|  0%| F|  |TAMS 0x0000000084b00000, 0x0000000084b00000| Untracked 
|  30|0x0000000084c00000, 0x0000000084c00000, 0x0000000084d00000|  0%| F|  |TAMS 0x0000000084c00000, 0x0000000084c00000| Untracked 
|  31|0x0000000084d00000, 0x0000000084d00000, 0x0000000084e00000|  0%| F|  |TAMS 0x0000000084d00000, 0x0000000084d00000| Untracked 
|  32|0x0000000084e00000, 0x0000000084e00000, 0x0000000084f00000|  0%| F|  |TAMS 0x0000000084e00000, 0x0000000084e00000| Untracked 
|  33|0x0000000084f00000, 0x0000000084f00000, 0x0000000085000000|  0%| F|  |TAMS 0x0000000084f00000, 0x0000000084f00000| Untracked 
|  34|0x0000000085000000, 0x0000000085000000, 0x0000000085100000|  0%| F|  |TAMS 0x0000000085000000, 0x0000000085000000| Untracked 
|  35|0x0000000085100000, 0x0000000085100000, 0x0000000085200000|  0%| F|  |TAMS 0x0000000085100000, 0x0000000085100000| Untracked 
|  36|0x0000000085200000, 0x0000000085200000, 0x0000000085300000|  0%| F|  |TAMS 0x0000000085200000, 0x0000000085200000| Untracked 
|  37|0x0000000085300000, 0x0000000085300000, 0x0000000085400000|  0%| F|  |TAMS 0x0000000085300000, 0x0000000085300000| Untracked 
|  38|0x0000000085400000, 0x0000000085400000, 0x0000000085500000|  0%| F|  |TAMS 0x0000000085400000, 0x0000000085400000| Untracked 
|  39|0x0000000085500000, 0x0000000085500000, 0x0000000085600000|  0%| F|  |TAMS 0x0000000085500000, 0x0000000085500000| Untracked 
|  40|0x0000000085600000, 0x0000000085600000, 0x0000000085700000|  0%| F|  |TAMS 0x0000000085600000, 0x0000000085600000| Untracked 
|  41|0x0000000085700000, 0x0000000085700000, 0x0000000085800000|  0%| F|  |TAMS 0x0000000085700000, 0x0000000085700000| Untracked 
|  42|0x0000000085800000, 0x0000000085800000, 0x0000000085900000|  0%| F|  |TAMS 0x0000000085800000, 0x0000000085800000| Untracked 
|  43|0x0000000085900000, 0x0000000085900000, 0x0000000085a00000|  0%| F|  |TAMS 0x0000000085900000, 0x0000000085900000| Untracked 
|  44|0x0000000085a00000, 0x0000000085a00000, 0x0000000085b00000|  0%| F|  |TAMS 0x0000000085a00000, 0x0000000085a00000| Untracked 
|  45|0x0000000085b00000, 0x0000000085b00000, 0x0000000085c00000|  0%| F|  |TAMS 0x0000000085b00000, 0x0000000085b00000| Untracked 
|  46|0x0000000085c00000, 0x0000000085c00000, 0x0000000085d00000|  0%| F|  |TAMS 0x0000000085c00000, 0x0000000085c00000| Untracked 
|  47|0x0000000085d00000, 0x0000000085d00000, 0x0000000085e00000|  0%| F|  |TAMS 0x0000000085d00000, 0x0000000085d00000| Untracked 
|  48|0x0000000085e00000, 0x0000000085e00000, 0x0000000085f00000|  0%| F|  |TAMS 0x0000000085e00000, 0x0000000085e00000| Untracked 
|  49|0x0000000085f00000, 0x0000000085f00000, 0x0000000086000000|  0%| F|  |TAMS 0x0000000085f00000, 0x0000000085f00000| Untracked 
|  50|0x0000000086000000, 0x0000000086000000, 0x0000000086100000|  0%| F|  |TAMS 0x0000000086000000, 0x0000000086000000| Untracked 
|  51|0x0000000086100000, 0x0000000086100000, 0x0000000086200000|  0%| F|  |TAMS 0x0000000086100000, 0x0000000086100000| Untracked 
|  52|0x0000000086200000, 0x0000000086200000, 0x0000000086300000|  0%| F|  |TAMS 0x0000000086200000, 0x0000000086200000| Untracked 
|  53|0x0000000086300000, 0x0000000086300000, 0x0000000086400000|  0%| F|  |TAMS 0x0000000086300000, 0x0000000086300000| Untracked 
|  54|0x0000000086400000, 0x0000000086400000, 0x0000000086500000|  0%| F|  |TAMS 0x0000000086400000, 0x0000000086400000| Untracked 
|  55|0x0000000086500000, 0x0000000086500000, 0x0000000086600000|  0%| F|  |TAMS 0x0000000086500000, 0x0000000086500000| Untracked 
|  56|0x0000000086600000, 0x0000000086600000, 0x0000000086700000|  0%| F|  |TAMS 0x0000000086600000, 0x0000000086600000| Untracked 
|  57|0x0000000086700000, 0x0000000086700000, 0x0000000086800000|  0%| F|  |TAMS 0x0000000086700000, 0x0000000086700000| Untracked 
|  58|0x0000000086800000, 0x0000000086800000, 0x0000000086900000|  0%| F|  |TAMS 0x0000000086800000, 0x0000000086800000| Untracked 
|  59|0x0000000086900000, 0x0000000086900000, 0x0000000086a00000|  0%| F|  |TAMS 0x0000000086900000, 0x0000000086900000| Untracked 
|  60|0x0000000086a00000, 0x0000000086a00000, 0x0000000086b00000|  0%| F|  |TAMS 0x0000000086a00000, 0x0000000086a00000| Untracked 
|  61|0x0000000086b00000, 0x0000000086b00000, 0x0000000086c00000|  0%| F|  |TAMS 0x0000000086b00000, 0x0000000086b00000| Untracked 
|  62|0x0000000086c00000, 0x0000000086c00000, 0x0000000086d00000|  0%| F|  |TAMS 0x0000000086c00000, 0x0000000086c00000| Untracked 
|  63|0x0000000086d00000, 0x0000000086d00000, 0x0000000086e00000|  0%| F|  |TAMS 0x0000000086d00000, 0x0000000086d00000| Untracked 
|  64|0x0000000086e00000, 0x0000000086e00000, 0x0000000086f00000|  0%| F|  |TAMS 0x0000000086e00000, 0x0000000086e00000| Untracked 
|  65|0x0000000086f00000, 0x0000000086f00000, 0x0000000087000000|  0%| F|  |TAMS 0x0000000086f00000, 0x0000000086f00000| Untracked 
|  66|0x0000000087000000, 0x0000000087000000, 0x0000000087100000|  0%| F|  |TAMS 0x0000000087000000, 0x0000000087000000| Untracked 
|  67|0x0000000087100000, 0x0000000087100000, 0x0000000087200000|  0%| F|  |TAMS 0x0000000087100000, 0x0000000087100000| Untracked 
|  68|0x0000000087200000, 0x0000000087200000, 0x0000000087300000|  0%| F|  |TAMS 0x0000000087200000, 0x0000000087200000| Untracked 
|  69|0x0000000087300000, 0x0000000087300000, 0x0000000087400000|  0%| F|  |TAMS 0x0000000087300000, 0x0000000087300000| Untracked 
|  70|0x0000000087400000, 0x0000000087400000, 0x0000000087500000|  0%| F|  |TAMS 0x0000000087400000, 0x0000000087400000| Untracked 
|  71|0x0000000087500000, 0x0000000087500000, 0x0000000087600000|  0%| F|  |TAMS 0x0000000087500000, 0x0000000087500000| Untracked 
|  72|0x0000000087600000, 0x0000000087600000, 0x0000000087700000|  0%| F|  |TAMS 0x0000000087600000, 0x0000000087600000| Untracked 
|  73|0x0000000087700000, 0x0000000087700000, 0x0000000087800000|  0%| F|  |TAMS 0x0000000087700000, 0x0000000087700000| Untracked 
|  74|0x0000000087800000, 0x0000000087800000, 0x0000000087900000|  0%| F|  |TAMS 0x0000000087800000, 0x0000000087800000| Untracked 
|  75|0x0000000087900000, 0x0000000087900000, 0x0000000087a00000|  0%| F|  |TAMS 0x0000000087900000, 0x0000000087900000| Untracked 
|  76|0x0000000087a00000, 0x0000000087a00000, 0x0000000087b00000|  0%| F|  |TAMS 0x0000000087a00000, 0x0000000087a00000| Untracked 
|  77|0x0000000087b00000, 0x0000000087b00000, 0x0000000087c00000|  0%| F|  |TAMS 0x0000000087b00000, 0x0000000087b00000| Untracked 
|  78|0x0000000087c00000, 0x0000000087c00000, 0x0000000087d00000|  0%| F|  |TAMS 0x0000000087c00000, 0x0000000087c00000| Untracked 
|  79|0x0000000087d00000, 0x0000000087d00000, 0x0000000087e00000|  0%| F|  |TAMS 0x0000000087d00000, 0x0000000087d00000| Untracked 
|  80|0x0000000087e00000, 0x0000000087e00000, 0x0000000087f00000|  0%| F|  |TAMS 0x0000000087e00000, 0x0000000087e00000| Untracked 
|  81|0x0000000087f00000, 0x0000000087f00000, 0x0000000088000000|  0%| F|  |TAMS 0x0000000087f00000, 0x0000000087f00000| Untracked 
|  82|0x0000000088000000, 0x0000000088000000, 0x0000000088100000|  0%| F|  |TAMS 0x0000000088000000, 0x0000000088000000| Untracked 
|  83|0x0000000088100000, 0x0000000088100000, 0x0000000088200000|  0%| F|  |TAMS 0x0000000088100000, 0x0000000088100000| Untracked 
|  84|0x0000000088200000, 0x0000000088200000, 0x0000000088300000|  0%| F|  |TAMS 0x0000000088200000, 0x0000000088200000| Untracked 
|  85|0x0000000088300000, 0x0000000088300000, 0x0000000088400000|  0%| F|  |TAMS 0x0000000088300000, 0x0000000088300000| Untracked 
|  86|0x0000000088400000, 0x0000000088400000, 0x0000000088500000|  0%| F|  |TAMS 0x0000000088400000, 0x0000000088400000| Untracked 
|  87|0x0000000088500000, 0x00000000885f7e58, 0x0000000088600000| 96%| S|CS|TAMS 0x0000000088500000, 0x0000000088500000| Complete 
|  88|0x0000000088600000, 0x0000000088700000, 0x0000000088700000|100%| S|CS|TAMS 0x0000000088600000, 0x0000000088600000| Complete 
|  89|0x0000000088700000, 0x0000000088800000, 0x0000000088800000|100%| S|CS|TAMS 0x0000000088700000, 0x0000000088700000| Complete 
|  90|0x0000000088800000, 0x0000000088900000, 0x0000000088900000|100%| S|CS|TAMS 0x0000000088800000, 0x0000000088800000| Complete 
|  91|0x0000000088900000, 0x0000000088a00000, 0x0000000088a00000|100%| S|CS|TAMS 0x0000000088900000, 0x0000000088900000| Complete 
|  92|0x0000000088a00000, 0x0000000088a00000, 0x0000000088b00000|  0%| F|  |TAMS 0x0000000088a00000, 0x0000000088a00000| Untracked 
|  93|0x0000000088b00000, 0x0000000088b00000, 0x0000000088c00000|  0%| F|  |TAMS 0x0000000088b00000, 0x0000000088b00000| Untracked 
|  94|0x0000000088c00000, 0x0000000088c00000, 0x0000000088d00000|  0%| F|  |TAMS 0x0000000088c00000, 0x0000000088c00000| Untracked 
|  95|0x0000000088d00000, 0x0000000088d00000, 0x0000000088e00000|  0%| F|  |TAMS 0x0000000088d00000, 0x0000000088d00000| Untracked 
|  96|0x0000000088e00000, 0x0000000088e00000, 0x0000000088f00000|  0%| F|  |TAMS 0x0000000088e00000, 0x0000000088e00000| Untracked 
|  97|0x0000000088f00000, 0x0000000088f00000, 0x0000000089000000|  0%| F|  |TAMS 0x0000000088f00000, 0x0000000088f00000| Untracked 
|  98|0x0000000089000000, 0x0000000089000000, 0x0000000089100000|  0%| F|  |TAMS 0x0000000089000000, 0x0000000089000000| Untracked 
|  99|0x0000000089100000, 0x0000000089100000, 0x0000000089200000|  0%| F|  |TAMS 0x0000000089100000, 0x0000000089100000| Untracked 
| 100|0x0000000089200000, 0x0000000089200000, 0x0000000089300000|  0%| F|  |TAMS 0x0000000089200000, 0x0000000089200000| Untracked 
| 101|0x0000000089300000, 0x0000000089300000, 0x0000000089400000|  0%| F|  |TAMS 0x0000000089300000, 0x0000000089300000| Untracked 
| 102|0x0000000089400000, 0x0000000089400000, 0x0000000089500000|  0%| F|  |TAMS 0x0000000089400000, 0x0000000089400000| Untracked 
| 103|0x0000000089500000, 0x0000000089500000, 0x0000000089600000|  0%| F|  |TAMS 0x0000000089500000, 0x0000000089500000| Untracked 
| 104|0x0000000089600000, 0x0000000089600000, 0x0000000089700000|  0%| F|  |TAMS 0x0000000089600000, 0x0000000089600000| Untracked 
| 105|0x0000000089700000, 0x0000000089700000, 0x0000000089800000|  0%| F|  |TAMS 0x0000000089700000, 0x0000000089700000| Untracked 
| 106|0x0000000089800000, 0x0000000089800000, 0x0000000089900000|  0%| F|  |TAMS 0x0000000089800000, 0x0000000089800000| Untracked 
| 107|0x0000000089900000, 0x0000000089900000, 0x0000000089a00000|  0%| F|  |TAMS 0x0000000089900000, 0x0000000089900000| Untracked 
| 108|0x0000000089a00000, 0x0000000089a00000, 0x0000000089b00000|  0%| F|  |TAMS 0x0000000089a00000, 0x0000000089a00000| Untracked 
| 109|0x0000000089b00000, 0x0000000089b00000, 0x0000000089c00000|  0%| F|  |TAMS 0x0000000089b00000, 0x0000000089b00000| Untracked 
| 110|0x0000000089c00000, 0x0000000089c00000, 0x0000000089d00000|  0%| F|  |TAMS 0x0000000089c00000, 0x0000000089c00000| Untracked 
| 111|0x0000000089d00000, 0x0000000089d00000, 0x0000000089e00000|  0%| F|  |TAMS 0x0000000089d00000, 0x0000000089d00000| Untracked 
| 112|0x0000000089e00000, 0x0000000089e00000, 0x0000000089f00000|  0%| F|  |TAMS 0x0000000089e00000, 0x0000000089e00000| Untracked 
| 113|0x0000000089f00000, 0x0000000089f00000, 0x000000008a000000|  0%| F|  |TAMS 0x0000000089f00000, 0x0000000089f00000| Untracked 
| 114|0x000000008a000000, 0x000000008a000000, 0x000000008a100000|  0%| F|  |TAMS 0x000000008a000000, 0x000000008a000000| Untracked 
| 115|0x000000008a100000, 0x000000008a100000, 0x000000008a200000|  0%| F|  |TAMS 0x000000008a100000, 0x000000008a100000| Untracked 
| 116|0x000000008a200000, 0x000000008a200000, 0x000000008a300000|  0%| F|  |TAMS 0x000000008a200000, 0x000000008a200000| Untracked 
| 117|0x000000008a300000, 0x000000008a400000, 0x000000008a400000|100%| E|  |TAMS 0x000000008a300000, 0x000000008a300000| Complete 
| 118|0x000000008a400000, 0x000000008a500000, 0x000000008a500000|100%| E|CS|TAMS 0x000000008a400000, 0x000000008a400000| Complete 
| 119|0x000000008a500000, 0x000000008a600000, 0x000000008a600000|100%| E|CS|TAMS 0x000000008a500000, 0x000000008a500000| Complete 
| 120|0x000000008a600000, 0x000000008a700000, 0x000000008a700000|100%| E|CS|TAMS 0x000000008a600000, 0x000000008a600000| Complete 
| 121|0x000000008a700000, 0x000000008a800000, 0x000000008a800000|100%| E|CS|TAMS 0x000000008a700000, 0x000000008a700000| Complete 
| 122|0x000000008a800000, 0x000000008a900000, 0x000000008a900000|100%| E|CS|TAMS 0x000000008a800000, 0x000000008a800000| Complete 
| 123|0x000000008a900000, 0x000000008aa00000, 0x000000008aa00000|100%| E|CS|TAMS 0x000000008a900000, 0x000000008a900000| Complete 
| 124|0x000000008aa00000, 0x000000008ab00000, 0x000000008ab00000|100%| E|CS|TAMS 0x000000008aa00000, 0x000000008aa00000| Complete 
| 125|0x000000008ab00000, 0x000000008ac00000, 0x000000008ac00000|100%| E|CS|TAMS 0x000000008ab00000, 0x000000008ab00000| Complete 

Card table byte_map: [0x000001e561630000,0x000001e561a20000] _byte_map_base: 0x000001e561219000

Marking Bits (Prev, Next): (CMBitMap*) 0x000001e5487b4440, (CMBitMap*) 0x000001e5487b4480
 Prev Bits: [0x000001e561e10000, 0x000001e563d58000)
 Next Bits: [0x000001e563d60000, 0x000001e565ca8000)

Polling page: 0x000001e548830000

Metaspace:

Usage:
  Non-class:     17.81 MB used.
      Class:      2.81 MB used.
       Both:     20.63 MB used.

Virtual space:
  Non-class space:       24.00 MB reserved,      17.94 MB ( 75%) committed,  3 nodes.
      Class space:        1.00 GB reserved,       2.94 MB ( <1%) committed,  1 nodes.
             Both:        1.02 GB reserved,      20.88 MB (  2%) committed. 

Chunk freelists:
   Non-Class:  1.99 MB
       Class:  1.01 MB
        Both:  3.00 MB

MaxMetaspaceSize: unlimited
CompressedClassSpaceSize: 1.00 GB
Initial GC threshold: 21.00 MB
Current GC threshold: 21.00 MB
CDS: on
MetaspaceReclaimPolicy: balanced
 - commit_granule_bytes: 65536.
 - commit_granule_words: 8192.
 - virtual_space_node_default_size: 1048576.
 - enlarge_chunks_in_place: 1.
 - new_chunks_are_fully_committed: 0.
 - uncommit_free_chunks: 1.
 - use_allocation_guard: 0.
 - handle_deallocations: 1.


Internal statistics:

num_allocs_failed_limit: 0.
num_arena_births: 190.
num_arena_deaths: 0.
num_vsnodes_births: 4.
num_vsnodes_deaths: 0.
num_space_committed: 334.
num_space_uncommitted: 0.
num_chunks_returned_to_freelist: 0.
num_chunks_taken_from_freelist: 726.
num_chunk_merges: 0.
num_chunk_splits: 505.
num_chunks_enlarged: 404.
num_purges: 0.
num_inconsistent_stats: 0.

CodeHeap 'non-profiled nmethods': size=120000Kb used=807Kb max_used=807Kb free=119193Kb
 bounds [0x000001e5592b0000, 0x000001e559520000, 0x000001e5607e0000]
CodeHeap 'profiled nmethods': size=120000Kb used=4044Kb max_used=4044Kb free=115955Kb
 bounds [0x000001e551d80000, 0x000001e552180000, 0x000001e5592b0000]
CodeHeap 'non-nmethods': size=5760Kb used=1437Kb max_used=1472Kb free=4322Kb
 bounds [0x000001e5517e0000, 0x000001e551a50000, 0x000001e551d80000]
 total_blobs=2995 nmethods=2200 adapters=707
 compilation: enabled
              stopped_count=0, restarted_count=0
 full_count=0

Compilation events (20 events):
Event: 1.954 Thread 0x000001e568767020 nmethod 2189 0x000001e55216a990 code [0x000001e55216ab40, 0x000001e55216ad28]
Event: 1.959 Thread 0x000001e568767020 2192       3       java.lang.invoke.AbstractValidatingLambdaMetafactory::isAdaptableToAsReturn (36 bytes)
Event: 1.960 Thread 0x000001e568767020 nmethod 2192 0x000001e55216ae10 code [0x000001e55216afe0, 0x000001e55216b488]
Event: 1.960 Thread 0x000001e568767020 2193       3       java.lang.invoke.AbstractValidatingLambdaMetafactory::checkDescriptor (133 bytes)
Event: 1.960 Thread 0x000001e568766670 2201       4       java.lang.invoke.MethodType::makeImpl (109 bytes)
Event: 1.961 Thread 0x000001e568767020 nmethod 2193 0x000001e55216b610 code [0x000001e55216ba40, 0x000001e55216de98]
Event: 1.961 Thread 0x000001e568767020 2194       3       java.lang.invoke.AbstractValidatingLambdaMetafactory::isAdaptableToAsReturnStrict (34 bytes)
Event: 1.962 Thread 0x000001e568767020 nmethod 2194 0x000001e55216ea10 code [0x000001e55216ebe0, 0x000001e55216f1a8]
Event: 1.962 Thread 0x000001e568767020 2195       3       java.lang.invoke.InnerClassLambdaMetafactory::spinInnerClass (118 bytes)
Event: 1.962 Thread 0x000001e568767020 nmethod 2195 0x000001e55216f310 code [0x000001e55216f4e0, 0x000001e55216f7d8]
Event: 1.962 Thread 0x000001e568767020 2196       3       java.lang.invoke.LambdaProxyClassArchive::find (63 bytes)
Event: 1.963 Thread 0x000001e568767020 nmethod 2196 0x000001e55216f890 code [0x000001e55216fac0, 0x000001e552170398]
Event: 1.963 Thread 0x000001e568767020 2203       3       java.lang.ThreadLocal$ThreadLocalMap::getEntry (42 bytes)
Event: 1.963 Thread 0x000001e568767020 nmethod 2203 0x000001e552170690 code [0x000001e552170860, 0x000001e552170c38]
Event: 1.963 Thread 0x000001e568767020 2197       3       java.lang.invoke.LambdaProxyClassArchive::loadedByBuiltinLoader (22 bytes)
Event: 1.964 Thread 0x000001e568767020 nmethod 2197 0x000001e552170e10 code [0x000001e552171060, 0x000001e552171bf8]
Event: 1.964 Thread 0x000001e568767020 2198       3       jdk.internal.misc.CDS::isSharingEnabled (4 bytes)
Event: 1.965 Thread 0x000001e568767020 nmethod 2198 0x000001e552171f90 code [0x000001e552172120, 0x000001e552172218]
Event: 1.965 Thread 0x000001e568767020 2200       3       java.lang.invoke.InnerClassLambdaMetafactory::lambdaClassName (57 bytes)
Event: 1.965 Thread 0x000001e568767020 nmethod 2200 0x000001e552172290 code [0x000001e552172520, 0x000001e552172d48]

GC Heap History (4 events):
Event: 0.918 GC heap before
{Heap before GC invocations=0 (full 0):
 garbage-first heap   total 129024K, used 22528K [0x0000000082e00000, 0x0000000100000000)
  region size 1024K, 23 young (23552K), 0 survivors (0K)
 Metaspace       used 6417K, committed 6592K, reserved 1056768K
  class space    used 672K, committed 768K, reserved 1048576K
}
Event: 0.923 GC heap after
{Heap after GC invocations=1 (full 0):
 garbage-first heap   total 129024K, used 4496K [0x0000000082e00000, 0x0000000100000000)
  region size 1024K, 3 young (3072K), 3 survivors (3072K)
 Metaspace       used 6417K, committed 6592K, reserved 1056768K
  class space    used 672K, committed 768K, reserved 1048576K
}
Event: 1.785 GC heap before
{Heap before GC invocations=1 (full 0):
 garbage-first heap   total 129024K, used 35216K [0x0000000082e00000, 0x0000000100000000)
  region size 1024K, 34 young (34816K), 3 survivors (3072K)
 Metaspace       used 19278K, committed 19520K, reserved 1073152K
  class space    used 2482K, committed 2560K, reserved 1048576K
}
Event: 1.792 GC heap after
{Heap after GC invocations=2 (full 0):
 garbage-first heap   total 129024K, used 9266K [0x0000000082e00000, 0x0000000100000000)
  region size 1024K, 5 young (5120K), 5 survivors (5120K)
 Metaspace       used 19278K, committed 19520K, reserved 1073152K
  class space    used 2482K, committed 2560K, reserved 1048576K
}

Deoptimization events (20 events):
Event: 1.754 Thread 0x000001e56a513480 Uncommon trap: trap_request=0xffffffde fr.pc=0x000001e5592c11a8 relative=0x00000000000001a8
Event: 1.754 Thread 0x000001e56a513480 Uncommon trap: reason=class_check action=maybe_recompile pc=0x000001e5592c11a8 method=java.lang.String.equals(Ljava/lang/Object;)Z @ 8 c2
Event: 1.754 Thread 0x000001e56a513480 DEOPT PACKING pc=0x000001e5592c11a8 sp=0x000000c7a92fdcf0
Event: 1.754 Thread 0x000001e56a513480 DEOPT UNPACKING pc=0x000001e5518323a3 sp=0x000000c7a92fdc98 mode 2
Event: 1.754 Thread 0x000001e56a513480 Uncommon trap: trap_request=0xffffffde fr.pc=0x000001e5592c11a8 relative=0x00000000000001a8
Event: 1.754 Thread 0x000001e56a513480 Uncommon trap: reason=class_check action=maybe_recompile pc=0x000001e5592c11a8 method=java.lang.String.equals(Ljava/lang/Object;)Z @ 8 c2
Event: 1.754 Thread 0x000001e56a513480 DEOPT PACKING pc=0x000001e5592c11a8 sp=0x000000c7a92fdc00
Event: 1.754 Thread 0x000001e56a513480 DEOPT UNPACKING pc=0x000001e5518323a3 sp=0x000000c7a92fdba8 mode 2
Event: 1.754 Thread 0x000001e56a513480 Uncommon trap: trap_request=0xffffffde fr.pc=0x000001e5592c11a8 relative=0x00000000000001a8
Event: 1.754 Thread 0x000001e56a513480 Uncommon trap: reason=class_check action=maybe_recompile pc=0x000001e5592c11a8 method=java.lang.String.equals(Ljava/lang/Object;)Z @ 8 c2
Event: 1.754 Thread 0x000001e56a513480 DEOPT PACKING pc=0x000001e5592c11a8 sp=0x000000c7a92fdc00
Event: 1.754 Thread 0x000001e56a513480 DEOPT UNPACKING pc=0x000001e5518323a3 sp=0x000000c7a92fdba8 mode 2
Event: 1.776 Thread 0x000001e56a513480 Uncommon trap: trap_request=0xffffffde fr.pc=0x000001e5592c11a8 relative=0x00000000000001a8
Event: 1.776 Thread 0x000001e56a513480 Uncommon trap: reason=class_check action=maybe_recompile pc=0x000001e5592c11a8 method=java.lang.String.equals(Ljava/lang/Object;)Z @ 8 c2
Event: 1.776 Thread 0x000001e56a513480 DEOPT PACKING pc=0x000001e5592c11a8 sp=0x000000c7a92fda00
Event: 1.776 Thread 0x000001e56a513480 DEOPT UNPACKING pc=0x000001e5518323a3 sp=0x000000c7a92fd9a8 mode 2
Event: 1.894 Thread 0x000001e56a513480 Uncommon trap: trap_request=0xffffff45 fr.pc=0x000001e559347954 relative=0x00000000000001d4
Event: 1.894 Thread 0x000001e56a513480 Uncommon trap: reason=unstable_if action=reinterpret pc=0x000001e559347954 method=java.io.ByteArrayInputStream.read()I @ 8 c2
Event: 1.894 Thread 0x000001e56a513480 DEOPT PACKING pc=0x000001e559347954 sp=0x000000c7a92fca50
Event: 1.894 Thread 0x000001e56a513480 DEOPT UNPACKING pc=0x000001e5518323a3 sp=0x000000c7a92fca08 mode 2

Classes unloaded (0 events):
No events

Classes redefined (0 events):
No events

Internal exceptions (20 events):
Event: 1.420 Thread 0x000001e56a513480 Exception <a 'java/lang/ClassNotFoundException'{0x0000000089f912c8}: com/sun/glass/ui/win/themes> (0x0000000089f912c8) 
thrown [s\open\src\hotspot\share\prims\jni.cpp, line 535]
Event: 1.421 Thread 0x000001e56a513480 Exception <a 'java/lang/ClassNotFoundException'{0x0000000089f9cf40}: com/sun/glass/ui/win/themes_en> (0x0000000089f9cf40) 
thrown [s\open\src\hotspot\share\prims\jni.cpp, line 535]
Event: 1.421 Thread 0x000001e56a513480 Exception <a 'java/lang/ClassNotFoundException'{0x0000000089fa4f88}: com/sun/glass/ui/win/themes_en_US> (0x0000000089fa4f88) 
thrown [s\open\src\hotspot\share\prims\jni.cpp, line 535]
Event: 1.497 Thread 0x000001e56a513480 Exception <a 'java/lang/NoSuchMethodError'{0x000000008990ab48}: 'void java.lang.invoke.DirectMethodHandle$Holder.invokeSpecial(java.lang.Object, java.lang.Object, java.lang.Object, java.lang.Object, java.lang.Object)'> (0x000000008990ab48) 
thrown [s\open\src\hotspot\share\interpreter\linkResolver.cpp, line 759]
Event: 1.620 Thread 0x000001e56a513480 Implicit null exception at 0x000001e5592d5560 to 0x000001e5592d55fa
Event: 1.620 Thread 0x000001e56a513480 Implicit null exception at 0x000001e5592ceb0f to 0x000001e5592ceb89
Event: 1.623 Thread 0x000001e56a513480 Exception <a 'java/lang/NoSuchMethodError'{0x00000000891b23a8}: 'java.lang.Object java.lang.invoke.DirectMethodHandle$Holder.invokeStatic(java.lang.Object, int, java.lang.Object)'> (0x00000000891b23a8) 
thrown [s\open\src\hotspot\share\interpreter\linkResolver.cpp, line 759]
Event: 1.656 Thread 0x000001e56a513480 Implicit null exception at 0x000001e55934a68c to 0x000001e55934aaa0
Event: 1.657 Thread 0x000001e56a513480 Implicit null exception at 0x000001e55934978f to 0x000001e559349b38
Event: 1.768 Thread 0x000001e56a513480 Exception <a 'java/lang/NoSuchMethodError'{0x0000000088a42f10}: 'java.lang.Object java.lang.invoke.DirectMethodHandle$Holder.invokeInterface(java.lang.Object, java.lang.Object, java.lang.Object)'> (0x0000000088a42f10) 
thrown [s\open\src\hotspot\share\interpreter\linkResolver.cpp, line 759]
Event: 1.769 Thread 0x000001e56a513480 Exception <a 'java/lang/IncompatibleClassChangeError'{0x0000000088a465d8}: Found class java.lang.Object, but interface was expected> (0x0000000088a465d8) 
thrown [s\open\src\hotspot\share\interpreter\linkResolver.cpp, line 826]
Event: 1.808 Thread 0x000001e56a513480 Exception <a 'java/lang/ClassNotFoundException'{0x000000008abf4c88}: com/sun/javafx/scene/control/skin/resources/controls> (0x000000008abf4c88) 
thrown [s\open\src\hotspot\share\prims\jni.cpp, line 535]
Event: 1.809 Thread 0x000001e56a513480 Exception <a 'java/lang/ClassNotFoundException'{0x000000008aa030b0}: com/sun/javafx/scene/control/skin/resources/controls_en> (0x000000008aa030b0) 
thrown [s\open\src\hotspot\share\prims\jni.cpp, line 535]
Event: 1.809 Thread 0x000001e56a513480 Exception <a 'java/lang/ClassNotFoundException'{0x000000008aa04908}: com/sun/javafx/scene/control/skin/resources/controls_en_US> (0x000000008aa04908) 
thrown [s\open\src\hotspot\share\prims\jni.cpp, line 535]
Event: 1.839 Thread 0x000001e56a513480 Exception <a 'java/lang/NoSuchMethodError'{0x000000008a8104c0}: 'void java.lang.invoke.DirectMethodHandle$Holder.invokeSpecial(java.lang.Object, java.lang.Object, java.lang.Object, java.lang.Object, java.lang.Object, java.lang.Object)'> (0x000000008a8104c0) 
thrown [s\open\src\hotspot\share\interpreter\linkResolver.cpp, line 759]
Event: 1.912 Thread 0x000001e56a513480 Exception <a 'java/lang/NoSuchMethodError'{0x000000008a58c6a8}: 'java.lang.Object java.lang.invoke.DirectMethodHandle$Holder.newInvokeSpecial(java.lang.Object, java.lang.Object, int)'> (0x000000008a58c6a8) 
thrown [s\open\src\hotspot\share\interpreter\linkResolver.cpp, line 759]
Event: 1.957 Thread 0x000001e56a513480 Exception <a 'java/lang/NoSuchMethodError'{0x000000008a5f2f10}: 'long java.lang.invoke.DirectMethodHandle$Holder.invokeStatic(java.lang.Object, java.lang.Object, java.lang.Object)'> (0x000000008a5f2f10) 
thrown [s\open\src\hotspot\share\interpreter\linkResolver.cpp, line 759]
Event: 1.957 Thread 0x000001e56a513480 Exception <a 'java/lang/NoSuchMethodError'{0x000000008a5f66b8}: 'long java.lang.invoke.DirectMethodHandle$Holder.invokeStaticInit(java.lang.Object, java.lang.Object, java.lang.Object)'> (0x000000008a5f66b8) 
thrown [s\open\src\hotspot\share\interpreter\linkResolver.cpp, line 759]
Event: 1.960 Thread 0x000001e56a513480 Exception <a 'java/lang/NoSuchMethodError'{0x000000008a4fdd08}: 'java.lang.Object java.lang.invoke.DirectMethodHandle$Holder.newInvokeSpecial(java.lang.Object, java.lang.Object, long)'> (0x000000008a4fdd08) 
thrown [s\open\src\hotspot\share\interpreter\linkResolver.cpp, line 759]
Event: 1.961 Thread 0x000001e56a513480 Exception <a 'java/lang/NoSuchMethodError'{0x000000008a301e10}: 'java.lang.Object java.lang.invoke.Invokers$Holder.linkToTargetMethod(java.lang.Object, long, java.lang.Object)'> (0x000000008a301e10) 
thrown [s\open\src\hotspot\share\interpreter\linkResolver.cpp, line 759]

VM Operations (20 events):
Event: 0.649 Executing VM operation: HandshakeAllThreads
Event: 0.649 Executing VM operation: HandshakeAllThreads done
Event: 0.659 Executing VM operation: HandshakeAllThreads
Event: 0.659 Executing VM operation: HandshakeAllThreads done
Event: 0.683 Executing VM operation: HandshakeAllThreads
Event: 0.683 Executing VM operation: HandshakeAllThreads done
Event: 0.869 Executing VM operation: ICBufferFull
Event: 0.869 Executing VM operation: ICBufferFull done
Event: 0.918 Executing VM operation: G1CollectForAllocation
Event: 0.923 Executing VM operation: G1CollectForAllocation done
Event: 1.027 Executing VM operation: HandshakeAllThreads
Event: 1.028 Executing VM operation: HandshakeAllThreads done
Event: 1.258 Executing VM operation: HandshakeAllThreads
Event: 1.258 Executing VM operation: HandshakeAllThreads done
Event: 1.452 Executing VM operation: ICBufferFull
Event: 1.452 Executing VM operation: ICBufferFull done
Event: 1.503 Executing VM operation: HandshakeAllThreads
Event: 1.503 Executing VM operation: HandshakeAllThreads done
Event: 1.785 Executing VM operation: G1CollectForAllocation
Event: 1.792 Executing VM operation: G1CollectForAllocation done

Events (20 events):
Event: 1.894 loading class jdk/internal/icu/impl/Trie2$1 done
Event: 1.894 loading class jdk/internal/icu/impl/Trie2$UTrie2Header
Event: 1.894 loading class jdk/internal/icu/impl/Trie2$UTrie2Header done
Event: 1.895 Thread 0x000001e572e5f650 Thread added: 0x000001e572e5f650
Event: 1.897 loading class jdk/internal/icu/text/UTF16
Event: 1.897 loading class jdk/internal/icu/text/UTF16 done
Event: 1.897 loading class jdk/internal/icu/text/BidiLine
Event: 1.897 loading class jdk/internal/icu/text/BidiLine done
Event: 1.925 loading class java/util/WeakHashMap$EntrySet
Event: 1.926 loading class java/util/WeakHashMap$EntrySet done
Event: 1.926 loading class java/util/WeakHashMap$EntryIterator
Event: 1.926 loading class java/util/WeakHashMap$EntryIterator done
Event: 1.928 loading class java/util/ConcurrentModificationException
Event: 1.928 loading class java/util/ConcurrentModificationException done
Event: 1.950 loading class java/util/EnumMap$Values
Event: 1.950 loading class java/util/EnumMap$Values done
Event: 1.950 loading class java/util/EnumMap$ValueIterator
Event: 1.950 loading class java/util/EnumMap$EnumMapIterator
Event: 1.950 loading class java/util/EnumMap$EnumMapIterator done
Event: 1.950 loading class java/util/EnumMap$ValueIterator done


Dynamic libraries:
0x00007ff7859d0000 - 0x00007ff7859e0000 	C:\Program Files\jdk-17.0.5\bin\java.exe
0x00007ffdb9650000 - 0x00007ffdb9864000 	C:\WINDOWS\SYSTEM32\ntdll.dll
0x00007ffdb88c0000 - 0x00007ffdb8983000 	C:\WINDOWS\System32\KERNEL32.DLL
0x00007ffdb6f10000 - 0x00007ffdb72ad000 	C:\WINDOWS\System32\KERNELBASE.dll
0x00007ffdb6c50000 - 0x00007ffdb6d61000 	C:\WINDOWS\System32\ucrtbase.dll
0x00007ffdb0860000 - 0x00007ffdb0878000 	C:\Program Files\jdk-17.0.5\bin\jli.dll
0x00007ffdb09b0000 - 0x00007ffdb09ca000 	C:\Program Files\jdk-17.0.5\bin\VCRUNTIME140.dll
0x00007ffdb7770000 - 0x00007ffdb781e000 	C:\WINDOWS\System32\ADVAPI32.dll
0x00007ffdb8f90000 - 0x00007ffdb9037000 	C:\WINDOWS\System32\msvcrt.dll
0x00007ffdb7d30000 - 0x00007ffdb7dd4000 	C:\WINDOWS\System32\sechost.dll
0x00007ffdb7440000 - 0x00007ffdb7555000 	C:\WINDOWS\System32\RPCRT4.dll
0x00007ffdb9460000 - 0x00007ffdb960d000 	C:\WINDOWS\System32\USER32.dll
0x00007ffdb6ee0000 - 0x00007ffdb6f06000 	C:\WINDOWS\System32\win32u.dll
0x00007ffd9e6c0000 - 0x00007ffd9e94e000 	C:\WINDOWS\WinSxS\amd64_microsoft.windows.common-controls_6595b64144ccf1df_6.0.22621.608_none_a9444ca7c10bb01d\COMCTL32.dll
0x00007ffdb7a40000 - 0x00007ffdb7a69000 	C:\WINDOWS\System32\GDI32.dll
0x00007ffdb6a70000 - 0x00007ffdb6b82000 	C:\WINDOWS\System32\gdi32full.dll
0x00007ffdb73a0000 - 0x00007ffdb743a000 	C:\WINDOWS\System32\msvcp_win.dll
0x00007ffdab830000 - 0x00007ffdab83a000 	C:\WINDOWS\SYSTEM32\VERSION.dll
0x00007ffdb7730000 - 0x00007ffdb7762000 	C:\WINDOWS\System32\IMM32.DLL
0x00007ffdb0a20000 - 0x00007ffdb0a2c000 	C:\Program Files\jdk-17.0.5\bin\vcruntime140_1.dll
0x00007ffdad9b0000 - 0x00007ffdada3d000 	C:\Program Files\jdk-17.0.5\bin\msvcp140.dll
0x00007ffd6f590000 - 0x00007ffd70152000 	C:\Program Files\jdk-17.0.5\bin\server\jvm.dll
0x00007ffdb7fa0000 - 0x00007ffdb7fa8000 	C:\WINDOWS\System32\PSAPI.DLL
0x00007ffdab5e0000 - 0x00007ffdab614000 	C:\WINDOWS\SYSTEM32\WINMM.dll
0x00007ffdac230000 - 0x00007ffdac239000 	C:\WINDOWS\SYSTEM32\WSOCK32.dll
0x00007ffdb8990000 - 0x00007ffdb8a01000 	C:\WINDOWS\System32\WS2_32.dll
0x00007ffdb5bb0000 - 0x00007ffdb5bc8000 	C:\WINDOWS\SYSTEM32\kernel.appcore.dll
0x00007ffdb0850000 - 0x00007ffdb085a000 	C:\Program Files\jdk-17.0.5\bin\jimage.dll
0x00007ffdb13e0000 - 0x00007ffdb160e000 	C:\WINDOWS\SYSTEM32\DBGHELP.DLL
0x00007ffdb90d0000 - 0x00007ffdb945a000 	C:\WINDOWS\System32\combase.dll
0x00007ffdb7be0000 - 0x00007ffdb7cb7000 	C:\WINDOWS\System32\OLEAUT32.dll
0x00007ffd9f1d0000 - 0x00007ffd9f202000 	C:\WINDOWS\SYSTEM32\dbgcore.DLL
0x00007ffdb72b0000 - 0x00007ffdb732b000 	C:\WINDOWS\System32\bcryptPrimitives.dll
0x00007ffdb0770000 - 0x00007ffdb077e000 	C:\Program Files\jdk-17.0.5\bin\instrument.dll
0x00007ffdac870000 - 0x00007ffdac895000 	C:\Program Files\jdk-17.0.5\bin\java.dll
0x00007ffda0aa0000 - 0x00007ffda0b76000 	C:\Program Files\jdk-17.0.5\bin\jsvml.dll
0x00007ffdb7fb0000 - 0x00007ffdb879f000 	C:\WINDOWS\System32\SHELL32.dll
0x00007ffdb4aa0000 - 0x00007ffdb5368000 	C:\WINDOWS\SYSTEM32\windows.storage.dll
0x00007ffdb4960000 - 0x00007ffdb4a9e000 	C:\WINDOWS\SYSTEM32\wintypes.dll
0x00007ffdb7ad0000 - 0x00007ffdb7bc1000 	C:\WINDOWS\System32\SHCORE.dll
0x00007ffdb7cc0000 - 0x00007ffdb7d1e000 	C:\WINDOWS\System32\shlwapi.dll
0x00007ffdb69a0000 - 0x00007ffdb69c1000 	C:\WINDOWS\SYSTEM32\profapi.dll
0x00007ffdaf810000 - 0x00007ffdaf829000 	C:\Program Files\jdk-17.0.5\bin\net.dll
0x00007ffdb0580000 - 0x00007ffdb06af000 	C:\WINDOWS\SYSTEM32\WINHTTP.dll
0x00007ffdb6020000 - 0x00007ffdb6089000 	C:\WINDOWS\system32\mswsock.dll
0x00007ffdad600000 - 0x00007ffdad616000 	C:\Program Files\jdk-17.0.5\bin\nio.dll
0x00007ffdac2e0000 - 0x00007ffdac2f8000 	C:\Program Files\jdk-17.0.5\bin\zip.dll
0x00007ffdab7c0000 - 0x00007ffdab7da000 	C:\ProgramData\Microsoft\Windows\Start Menu\Programs\ideaIC-2021.3.2.win\bin\breakgen64.dll
0x000001e548880000 - 0x000001e548883000 	C:\Program Files\javafx-sdk-17.0.2\bin\api-ms-win-core-console-l1-1-0.dll
0x000001e5687d0000 - 0x000001e5687d3000 	C:\Program Files\javafx-sdk-17.0.2\bin\api-ms-win-core-console-l1-2-0.dll
0x000001e5687e0000 - 0x000001e5687e3000 	C:\Program Files\javafx-sdk-17.0.2\bin\api-ms-win-core-datetime-l1-1-0.dll
0x000001e5687f0000 - 0x000001e5687f3000 	C:\Program Files\javafx-sdk-17.0.2\bin\api-ms-win-core-debug-l1-1-0.dll
0x000001e56acd0000 - 0x000001e56acd3000 	C:\Program Files\javafx-sdk-17.0.2\bin\api-ms-win-core-errorhandling-l1-1-0.dll
0x000001e56ace0000 - 0x000001e56ace4000 	C:\Program Files\javafx-sdk-17.0.2\bin\api-ms-win-core-file-l1-1-0.dll
0x000001e56acf0000 - 0x000001e56acf3000 	C:\Program Files\javafx-sdk-17.0.2\bin\api-ms-win-core-file-l1-2-0.dll
0x000001e56ae30000 - 0x000001e56ae33000 	C:\Program Files\javafx-sdk-17.0.2\bin\api-ms-win-core-file-l2-1-0.dll
0x000001e56ad00000 - 0x000001e56ad03000 	C:\Program Files\javafx-sdk-17.0.2\bin\api-ms-win-core-handle-l1-1-0.dll
0x000001e56ad10000 - 0x000001e56ad13000 	C:\Program Files\javafx-sdk-17.0.2\bin\api-ms-win-core-heap-l1-1-0.dll
0x000001e56ad20000 - 0x000001e56ad23000 	C:\Program Files\javafx-sdk-17.0.2\bin\api-ms-win-core-interlocked-l1-1-0.dll
0x000001e56ad30000 - 0x000001e56ad33000 	C:\Program Files\javafx-sdk-17.0.2\bin\api-ms-win-core-libraryloader-l1-1-0.dll
0x000001e56ad40000 - 0x000001e56ad43000 	C:\Program Files\javafx-sdk-17.0.2\bin\api-ms-win-core-localization-l1-2-0.dll
0x000001e56ad50000 - 0x000001e56ad53000 	C:\Program Files\javafx-sdk-17.0.2\bin\api-ms-win-core-memory-l1-1-0.dll
0x000001e56ad60000 - 0x000001e56ad63000 	C:\Program Files\javafx-sdk-17.0.2\bin\api-ms-win-core-namedpipe-l1-1-0.dll
0x000001e56ad70000 - 0x000001e56ad73000 	C:\Program Files\javafx-sdk-17.0.2\bin\api-ms-win-core-processenvironment-l1-1-0.dll
0x000001e56ad80000 - 0x000001e56ad83000 	C:\Program Files\javafx-sdk-17.0.2\bin\api-ms-win-core-processthreads-l1-1-0.dll
0x000001e56ad90000 - 0x000001e56ad93000 	C:\Program Files\javafx-sdk-17.0.2\bin\api-ms-win-core-processthreads-l1-1-1.dll
0x000001e56ada0000 - 0x000001e56ada3000 	C:\Program Files\javafx-sdk-17.0.2\bin\api-ms-win-core-profile-l1-1-0.dll
0x000001e56adb0000 - 0x000001e56adb3000 	C:\Program Files\javafx-sdk-17.0.2\bin\api-ms-win-core-rtlsupport-l1-1-0.dll
0x000001e56adc0000 - 0x000001e56adc3000 	C:\Program Files\javafx-sdk-17.0.2\bin\api-ms-win-core-string-l1-1-0.dll
0x000001e56add0000 - 0x000001e56add3000 	C:\Program Files\javafx-sdk-17.0.2\bin\api-ms-win-core-synch-l1-1-0.dll
0x000001e56ade0000 - 0x000001e56ade3000 	C:\Program Files\javafx-sdk-17.0.2\bin\api-ms-win-core-synch-l1-2-0.dll
0x000001e56adf0000 - 0x000001e56adf3000 	C:\Program Files\javafx-sdk-17.0.2\bin\api-ms-win-core-sysinfo-l1-1-0.dll
0x000001e56ae00000 - 0x000001e56ae03000 	C:\Program Files\javafx-sdk-17.0.2\bin\api-ms-win-core-timezone-l1-1-0.dll
0x000001e56ae10000 - 0x000001e56ae13000 	C:\Program Files\javafx-sdk-17.0.2\bin\api-ms-win-core-util-l1-1-0.dll
0x000001e56ae20000 - 0x000001e56ae23000 	C:\Program Files\javafx-sdk-17.0.2\bin\api-ms-win-crt-conio-l1-1-0.dll
0x000001e56ae40000 - 0x000001e56ae44000 	C:\Program Files\javafx-sdk-17.0.2\bin\api-ms-win-crt-convert-l1-1-0.dll
0x000001e56ae50000 - 0x000001e56ae53000 	C:\Program Files\javafx-sdk-17.0.2\bin\api-ms-win-crt-environment-l1-1-0.dll
0x000001e56ae60000 - 0x000001e56ae63000 	C:\Program Files\javafx-sdk-17.0.2\bin\api-ms-win-crt-filesystem-l1-1-0.dll
0x000001e56ae70000 - 0x000001e56ae73000 	C:\Program Files\javafx-sdk-17.0.2\bin\api-ms-win-crt-heap-l1-1-0.dll
0x000001e56ae80000 - 0x000001e56ae83000 	C:\Program Files\javafx-sdk-17.0.2\bin\api-ms-win-crt-locale-l1-1-0.dll
0x000001e56ae90000 - 0x000001e56ae95000 	C:\Program Files\javafx-sdk-17.0.2\bin\api-ms-win-crt-math-l1-1-0.dll
0x000001e56aea0000 - 0x000001e56aea5000 	C:\Program Files\javafx-sdk-17.0.2\bin\api-ms-win-crt-multibyte-l1-1-0.dll
0x000001e56aeb0000 - 0x000001e56aec0000 	C:\Program Files\javafx-sdk-17.0.2\bin\api-ms-win-crt-private-l1-1-0.dll
0x000001e56b200000 - 0x000001e56b203000 	C:\Program Files\javafx-sdk-17.0.2\bin\api-ms-win-crt-process-l1-1-0.dll
0x000001e56b210000 - 0x000001e56b214000 	C:\Program Files\javafx-sdk-17.0.2\bin\api-ms-win-crt-runtime-l1-1-0.dll
0x000001e56b220000 - 0x000001e56b224000 	C:\Program Files\javafx-sdk-17.0.2\bin\api-ms-win-crt-stdio-l1-1-0.dll
0x000001e56b230000 - 0x000001e56b234000 	C:\Program Files\javafx-sdk-17.0.2\bin\api-ms-win-crt-string-l1-1-0.dll
0x000001e56aec0000 - 0x000001e56aec3000 	C:\Program Files\javafx-sdk-17.0.2\bin\api-ms-win-crt-time-l1-1-0.dll
0x000001e56aed0000 - 0x000001e56aed3000 	C:\Program Files\javafx-sdk-17.0.2\bin\api-ms-win-crt-utility-l1-1-0.dll
0x00007ffd6f490000 - 0x00007ffd6f58c000 	C:\Program Files\javafx-sdk-17.0.2\bin\ucrtbase.dll
0x00007ffda0f00000 - 0x00007ffda0f1a000 	C:\Program Files\javafx-sdk-17.0.2\bin\vcruntime140.dll
0x00007ffdac720000 - 0x00007ffdac72c000 	C:\Program Files\javafx-sdk-17.0.2\bin\vcruntime140_1.dll
0x00007ffd766f0000 - 0x00007ffd7677d000 	C:\Program Files\javafx-sdk-17.0.2\bin\msvcp140.dll
0x00007ffd886c0000 - 0x00007ffd886ea000 	C:\Program Files\javafx-sdk-17.0.2\bin\prism_d3d.dll
0x00007ffda07f0000 - 0x00007ffda0999000 	C:\WINDOWS\system32\d3d9.dll
0x00007ffdb02a0000 - 0x00007ffdb02cb000 	C:\WINDOWS\SYSTEM32\dwmapi.dll
0x00007ffdb0ea0000 - 0x00007ffdb0ed6000 	C:\WINDOWS\SYSTEM32\dxcore.dll
0x00007ffdafe10000 - 0x00007ffdafebb000 	C:\WINDOWS\system32\uxtheme.dll
0x00007ffd85480000 - 0x00007ffd8562f000 	C:\WINDOWS\System32\DriverStore\FileRepository\iigd_dch.inf_amd64_51f685305808e3a5\igdumdim64.dll
0x00007ffdb78a0000 - 0x00007ffdb7a3c000 	C:\WINDOWS\System32\ole32.dll
0x00007ffd4e230000 - 0x00007ffd512d3000 	C:\WINDOWS\System32\DriverStore\FileRepository\iigd_dch.inf_amd64_51f685305808e3a5\igd9dxva64.dll
0x00007ffdb8a10000 - 0x00007ffdb8e8a000 	C:\WINDOWS\System32\SETUPAPI.dll
0x00007ffdb6720000 - 0x00007ffdb676e000 	C:\WINDOWS\SYSTEM32\cfgmgr32.dll
0x00007ffda7050000 - 0x00007ffda7459000 	C:\WINDOWS\System32\DriverStore\FileRepository\iigd_dch.inf_amd64_51f685305808e3a5\igdgmm64.dll
0x00007ffdabc00000 - 0x00007ffdabc49000 	C:\WINDOWS\SYSTEM32\directxdatabasehelper.dll
0x00007ffd7b3d0000 - 0x00007ffd7b412000 	C:\Program Files\javafx-sdk-17.0.2\bin\glass.dll
0x00007ffdb7ea0000 - 0x00007ffdb7f97000 	C:\WINDOWS\System32\COMDLG32.dll
0x00007ffdb87a0000 - 0x00007ffdb88be000 	C:\WINDOWS\System32\MSCTF.dll
0x00007ffdab7e0000 - 0x00007ffdab807000 	C:\WINDOWS\System32\DriverStore\FileRepository\iigd_dch.inf_amd64_51f685305808e3a5\igdinfo64.dll
0x00007ffdb6270000 - 0x00007ffdb628b000 	C:\WINDOWS\SYSTEM32\CRYPTSP.dll
0x00007ffdb5b20000 - 0x00007ffdb5b55000 	C:\WINDOWS\system32\rsaenh.dll
0x00007ffdb6290000 - 0x00007ffdb629c000 	C:\WINDOWS\SYSTEM32\CRYPTBASE.dll
0x00007ffdb6430000 - 0x00007ffdb6458000 	C:\WINDOWS\SYSTEM32\bcrypt.dll
0x00007ffda38b0000 - 0x00007ffda7044000 	C:\WINDOWS\System32\DriverStore\FileRepository\iigd_dch.inf_amd64_51f685305808e3a5\igc64.dll
0x00007ffdb56a0000 - 0x00007ffdb5792000 	C:\WINDOWS\SYSTEM32\DNSAPI.dll
0x00007ffdb5630000 - 0x00007ffdb565d000 	C:\WINDOWS\SYSTEM32\IPHLPAPI.DLL
0x00007ffdb7720000 - 0x00007ffdb7729000 	C:\WINDOWS\System32\NSI.dll
0x00007ffda95a0000 - 0x00007ffda95aa000 	C:\Windows\System32\rasadhlp.dll
0x00007ffda9a80000 - 0x00007ffda9b03000 	C:\WINDOWS\System32\fwpuclnt.dll
0x00007ffdac350000 - 0x00007ffdac35e000 	C:\Program Files\jdk-17.0.5\bin\sunmscapi.dll
0x00007ffdb6d70000 - 0x00007ffdb6ed6000 	C:\WINDOWS\System32\CRYPT32.dll
0x00007ffdb6400000 - 0x00007ffdb642d000 	C:\WINDOWS\SYSTEM32\ncrypt.dll
0x00007ffdb63c0000 - 0x00007ffdb63f7000 	C:\WINDOWS\SYSTEM32\NTASN1.dll
0x00007ffdb6110000 - 0x00007ffdb6138000 	C:\WINDOWS\SYSTEM32\USERENV.dll
0x00007ffdac970000 - 0x00007ffdac989000 	C:\WINDOWS\SYSTEM32\dhcpcsvc6.DLL
0x00007ffdac820000 - 0x00007ffdac83f000 	C:\WINDOWS\SYSTEM32\dhcpcsvc.DLL
0x00007ffd9bbc0000 - 0x00007ffd9bbd4000 	C:\Program Files\javafx-sdk-17.0.2\bin\javafx_font.dll
0x00007ffdae2f0000 - 0x00007ffdae557000 	C:\WINDOWS\SYSTEM32\dwrite.dll

dbghelp: loaded successfully - version: 4.0.5 - missing functions: none
symbol engine: initialized successfully - sym options: 0x614 - pdb path: .;C:\Program Files\jdk-17.0.5\bin;C:\WINDOWS\SYSTEM32;C:\WINDOWS\WinSxS\amd64_microsoft.windows.common-controls_6595b64144ccf1df_6.0.22621.608_none_a9444ca7c10bb01d;C:\Program Files\jdk-17.0.5\bin\server;C:\ProgramData\Microsoft\Windows\Start Menu\Programs\ideaIC-2021.3.2.win\bin;C:\Program Files\javafx-sdk-17.0.2\bin;C:\WINDOWS\System32\DriverStore\FileRepository\iigd_dch.inf_amd64_51f685305808e3a5;C:\Program Files\Common Files\Microsoft Shared\Ink

VM Arguments:
jvm_args: --module-path=C:/Program Files/javafx-sdk-17.0.2/lib --add-modules=javafx.fxml,javafx.controls,javafx.graphics -javaagent:C:\ProgramData\Microsoft\Windows\Start Menu\Programs\ideaIC-2021.3.2.win\lib\idea_rt.jar=49154:C:\ProgramData\Microsoft\Windows\Start Menu\Programs\ideaIC-2021.3.2.win\bin -Dfile.encoding=UTF-8 
java_command: main.Main
java_class_path (initial): C:\Users\jkhat\OneDrive\WGU\C195_JasmineLangford\out\production\C195_JasmineLangford;C:\Program Files\javafx-sdk-17.0.2\lib\javafx-swt.jar;C:\Program Files\javafx-sdk-17.0.2\lib\javafx.web.jar;C:\Program Files\javafx-sdk-17.0.2\lib\javafx.base.jar;C:\Program Files\javafx-sdk-17.0.2\lib\javafx.fxml.jar;C:\Program Files\javafx-sdk-17.0.2\lib\javafx.media.jar;C:\Program Files\javafx-sdk-17.0.2\lib\javafx.swing.jar;C:\Program Files\javafx-sdk-17.0.2\lib\javafx.controls.jar;C:\Program Files\javafx-sdk-17.0.2\lib\javafx.graphics.jar;C:\Users\jkhat\Downloads\mysql-connector-j-8.0.31\mysql-connector-j-8.0.31\mysql-connector-j-8.0.31.jar
Launcher Type: SUN_STANDARD

[Global flags]
     intx CICompilerCount                          = 4                                         {product} {ergonomic}
     uint ConcGCThreads                            = 2                                         {product} {ergonomic}
     uint G1ConcRefinementThreads                  = 8                                         {product} {ergonomic}
   size_t G1HeapRegionSize                         = 1048576                                   {product} {ergonomic}
    uintx GCDrainStackTargetSize                   = 64                                        {product} {ergonomic}
   size_t InitialHeapSize                          = 132120576                                 {product} {ergonomic}
   size_t MarkStackSize                            = 4194304                                   {product} {ergonomic}
   size_t MaxHeapSize                              = 2099249152                                {product} {ergonomic}
   size_t MaxNewSize                               = 1259339776                                {product} {ergonomic}
   size_t MinHeapDeltaBytes                        = 1048576                                   {product} {ergonomic}
   size_t MinHeapSize                              = 8388608                                   {product} {ergonomic}
    uintx NonNMethodCodeHeapSize                   = 5839372                                {pd product} {ergonomic}
    uintx NonProfiledCodeHeapSize                  = 122909434                              {pd product} {ergonomic}
    uintx ProfiledCodeHeapSize                     = 122909434                              {pd product} {ergonomic}
    uintx ReservedCodeCacheSize                    = 251658240                              {pd product} {ergonomic}
     bool SegmentedCodeCache                       = true                                      {product} {ergonomic}
   size_t SoftMaxHeapSize                          = 2099249152                             {manageable} {ergonomic}
     bool UseCompressedClassPointers               = true                           {product lp64_product} {ergonomic}
     bool UseCompressedOops                        = true                           {product lp64_product} {ergonomic}
     bool UseG1GC                                  = true                                      {product} {ergonomic}
     bool UseLargePagesIndividualAllocation        = false                                  {pd product} {ergonomic}

Logging:
Log output configuration:
 #0: stdout all=warning uptime,level,tags
 #1: stderr all=off uptime,level,tags

Environment Variables:
PATH=C:\Program Files\Common Files\Oracle\Java\javapath;C:\Program Files (x86)\Intel\Intel(R) Management Engine Components\iCLS\;C:\Program Files\Intel\Intel(R) Management Engine Components\iCLS\;C:\WINDOWS\system32;C:\WINDOWS;C:\WINDOWS\System32\Wbem;C:\WINDOWS\System32\WindowsPowerShell\v1.0\;C:\WINDOWS\System32\OpenSSH\;C:\Program Files (x86)\Intel\Intel(R) Management Engine Components\DAL;C:\Program Files\Intel\Intel(R) Management Engine Components\DAL;C:\Program Files\dotnet\;C:\Users\jkhat\AppData\Local\Microsoft\WindowsApps;C:\Users\jkhat\AppData\Local\GitHubDesktop\bin;
USERNAME=jkhat
OS=Windows_NT
PROCESSOR_IDENTIFIER=Intel64 Family 6 Model 142 Stepping 10, GenuineIntel



---------------  S Y S T E M  ---------------

OS:
 Windows 11 , 64 bit Build 22621 (10.0.22621.1105)
OS uptime: 8 days 11:00 hours

CPU: total 8 (initial active 8) (4 cores per cpu, 2 threads per core) family 6 model 142 stepping 10 microcode 0xe0, cx8, cmov, fxsr, ht, mmx, 3dnowpref, sse, sse2, sse3, ssse3, sse4.1, sse4.2, popcnt, lzcnt, tsc, tscinvbit, avx, avx2, aes, erms, clmul, bmi1, bmi2, adx, fma, vzeroupper, clflush, clflushopt

Memory: 4k page, system-wide physical 8007M (885M free)
TotalPageFile size 12103M (AvailPageFile size 0M)
current process WorkingSet (physical memory assigned to process): 160M, peak: 160M
current process commit charge ("private bytes"): 280M, peak: 282M

vm_info: Java HotSpot(TM) 64-Bit Server VM (17.0.5+9-LTS-191) for windows-amd64 JRE (17.0.5+9-LTS-191), built on Sep 13 2022 17:31:43 by "mach5one" with MS VC++ 16.8 / 16.9 (VS2019)

END.
