#
# There is insufficient memory for the Java Runtime Environment to continue.
# Native memory allocation (malloc) failed to allocate 293936 bytes for Chunk::new
# Possible reasons:
#   The system is out of physical RAM or swap space
#   The process is running with CompressedOops enabled, and the Java Heap may be blocking the growth of the native heap
# Possible solutions:
#   Reduce memory load on the system
#   Increase physical memory or swap space
#   Check if swap backing store is full
#   Decrease Java heap size (-Xmx/-Xms)
#   Decrease number of Java threads
#   Decrease Java thread stack sizes (-Xss)
#   Set larger code cache with -XX:ReservedCodeCacheSize=
#   JVM is running with Unscaled Compressed Oops mode in which the Java heap is
#     placed in the first 4GB address space. The Java Heap base address is the
#     maximum limit for the native heap growth. Please use -XX:HeapBaseMinAddress
#     to set the Java Heap base and to place the Java Heap above 4GB virtual address.
# This output file may be truncated or incomplete.
#
#  Out of Memory Error (arena.cpp:189), pid=1060, tid=7188
#
# JRE version: Java(TM) SE Runtime Environment (17.0.5+9) (build 17.0.5+9-LTS-191)
# Java VM: Java HotSpot(TM) 64-Bit Server VM (17.0.5+9-LTS-191, mixed mode, sharing, tiered, compressed oops, compressed class ptrs, g1 gc, windows-amd64)
# No core dump will be written. Minidumps are not enabled by default on client versions of Windows
#

---------------  S U M M A R Y ------------

Command Line: --module-path=C:/Program Files/javafx-sdk-17.0.2/lib --add-modules=javafx.fxml,javafx.controls,javafx.graphics -javaagent:C:\ProgramData\Microsoft\Windows\Start Menu\Programs\ideaIC-2021.3.2.win\lib\idea_rt.jar=65296:C:\ProgramData\Microsoft\Windows\Start Menu\Programs\ideaIC-2021.3.2.win\bin -Dfile.encoding=UTF-8 main.Main

Host: Intel(R) Core(TM) i7-8550U CPU @ 1.80GHz, 8 cores, 7G,  Windows 11 , 64 bit Build 22621 (10.0.22621.1105)
Time: Fri Feb  3 21:52:43 2023 Eastern Standard Time elapsed time: 0.766447 seconds (0d 0h 0m 0s)

---------------  T H R E A D  ---------------

Current thread (0x00000273e12f0e40):  JavaThread "C2 CompilerThread0" daemon [_thread_in_native, id=7188, stack(0x000000c317a00000,0x000000c317b00000)]


Current CompileTask:
C2:    766  955 %     4       java.util.Properties$LineReader::readLine @ 224 (584 bytes)

Stack: [0x000000c317a00000,0x000000c317b00000]
Native frames: (J=compiled Java code, j=interpreted, Vv=VM code, C=native code)
V  [jvm.dll+0x672eea]
V  [jvm.dll+0x7d2a04]
V  [jvm.dll+0x7d41ae]
V  [jvm.dll+0x7d4813]
V  [jvm.dll+0x242c15]
V  [jvm.dll+0xaa57b]
V  [jvm.dll+0xaab0c]
V  [jvm.dll+0x35ff42]
V  [jvm.dll+0x32a631]
V  [jvm.dll+0x329ada]
V  [jvm.dll+0x215cc1]
V  [jvm.dll+0x2150e1]
V  [jvm.dll+0x1a18ed]
V  [jvm.dll+0x22493a]
V  [jvm.dll+0x222aa5]
V  [jvm.dll+0x7885db]
V  [jvm.dll+0x782b4a]
V  [jvm.dll+0x671d75]
C  [ucrtbase.dll+0x29363]
C  [KERNEL32.DLL+0x126bd]
C  [ntdll.dll+0x5dfb8]


---------------  P R O C E S S  ---------------

Threads class SMR info:
_java_thread_list=0x00000273e2626d00, length=18, elements={
0x00000273c32cc8f0, 0x00000273e12d73e0, 0x00000273e12d7ca0, 0x00000273e12ea300,
0x00000273e12eabc0, 0x00000273e12eb480, 0x00000273e12f0250, 0x00000273e12f0e40,
0x00000273e12f9b60, 0x00000273e12fa870, 0x00000273e1d5fac0, 0x00000273e1fba2e0,
0x00000273e1fde3e0, 0x00000273e21b0830, 0x00000273e206dee0, 0x00000273e22213d0,
0x00000273e2626750, 0x00000273e2627030
}

Java Threads: ( => current thread )
  0x00000273c32cc8f0 JavaThread "main" [_thread_in_Java, id=5540, stack(0x000000c316d00000,0x000000c316e00000)]
  0x00000273e12d73e0 JavaThread "Reference Handler" daemon [_thread_blocked, id=9012, stack(0x000000c317400000,0x000000c317500000)]
  0x00000273e12d7ca0 JavaThread "Finalizer" daemon [_thread_blocked, id=3012, stack(0x000000c317500000,0x000000c317600000)]
  0x00000273e12ea300 JavaThread "Signal Dispatcher" daemon [_thread_blocked, id=1392, stack(0x000000c317600000,0x000000c317700000)]
  0x00000273e12eabc0 JavaThread "Attach Listener" daemon [_thread_blocked, id=16296, stack(0x000000c317700000,0x000000c317800000)]
  0x00000273e12eb480 JavaThread "Service Thread" daemon [_thread_blocked, id=14208, stack(0x000000c317800000,0x000000c317900000)]
  0x00000273e12f0250 JavaThread "Monitor Deflation Thread" daemon [_thread_blocked, id=19004, stack(0x000000c317900000,0x000000c317a00000)]
=>0x00000273e12f0e40 JavaThread "C2 CompilerThread0" daemon [_thread_in_native, id=7188, stack(0x000000c317a00000,0x000000c317b00000)]
  0x00000273e12f9b60 JavaThread "C1 CompilerThread0" daemon [_thread_in_native, id=15012, stack(0x000000c317b00000,0x000000c317c00000)]
  0x00000273e12fa870 JavaThread "Sweeper thread" daemon [_thread_blocked, id=3512, stack(0x000000c317c00000,0x000000c317d00000)]
  0x00000273e1d5fac0 JavaThread "Common-Cleaner" daemon [_thread_blocked, id=14400, stack(0x000000c317d00000,0x000000c317e00000)]
  0x00000273e1fba2e0 JavaThread "Monitor Ctrl-Break" daemon [_thread_in_native, id=14980, stack(0x000000c317f00000,0x000000c318000000)]
  0x00000273e1fde3e0 JavaThread "Notification Thread" daemon [_thread_blocked, id=16196, stack(0x000000c318000000,0x000000c318100000)]
  0x00000273e21b0830 JavaThread "QuantumRenderer-0" daemon [_thread_blocked, id=13304, stack(0x000000c318200000,0x000000c318300000)]
  0x00000273e206dee0 JavaThread "InvokeLaterDispatcher" daemon [_thread_blocked, id=1340, stack(0x000000c318300000,0x000000c318400000)]
  0x00000273e22213d0 JavaThread "JavaFX Application Thread" [_thread_in_native, id=3612, stack(0x000000c318400000,0x000000c318500000)]
  0x00000273e2626750 JavaThread "Thread-1" daemon [_thread_in_native, id=20472, stack(0x000000c317e00000,0x000000c317f00000)]
  0x00000273e2627030 JavaThread "mysql-cj-abandoned-connection-cleanup" daemon [_thread_blocked, id=9728, stack(0x000000c318800000,0x000000c318900000)]

Other Threads:
  0x00000273e12cfcd0 VMThread "VM Thread" [stack: 0x000000c317300000,0x000000c317400000] [id=13236]
  0x00000273c33420e0 WatcherThread [stack: 0x000000c318100000,0x000000c318200000] [id=12152]
  0x00000273c33269f0 GCTaskThread "GC Thread#0" [stack: 0x000000c316e00000,0x000000c316f00000] [id=18456]
  0x00000273c3337280 ConcurrentGCThread "G1 Main Marker" [stack: 0x000000c316f00000,0x000000c317000000] [id=14892]
  0x00000273c3337d00 ConcurrentGCThread "G1 Conc#0" [stack: 0x000000c317000000,0x000000c317100000] [id=13552]
  0x00000273e11924c0 ConcurrentGCThread "G1 Refine#0" [stack: 0x000000c317100000,0x000000c317200000] [id=9628]
  0x00000273e1193ca0 ConcurrentGCThread "G1 Service" [stack: 0x000000c317200000,0x000000c317300000] [id=4124]

Threads with active compile tasks:
C2 CompilerThread0      810  955 %     4       java.util.Properties$LineReader::readLine @ 224 (584 bytes)
C1 CompilerThread0      810  989       3       java.net.URLStreamHandler::parseURL (1201 bytes)

VM state: not at safepoint (normal execution)

VM Mutex/Monitor currently owned by a thread: None

Heap address: 0x0000000082e00000, size: 2002 MB, Compressed Oops mode: 32-bit

CDS archive(s) mapped at: [0x0000000800000000-0x0000000800bd0000-0x0000000800bd0000), size 12386304, SharedBaseAddress: 0x0000000800000000, ArchiveRelocationMode: 0.
Compressed class space mapped at: 0x0000000800c00000-0x0000000840c00000, reserved size: 1073741824
Narrow klass base: 0x0000000800000000, Narrow klass shift: 0, Narrow klass range: 0x100000000

GC Precious Log:
 CPUs: 8 total, 8 available
 Memory: 8007M
 Large Page Support: Disabled
 NUMA Support: Disabled
 Compressed Oops: Enabled (32-bit)
 Heap Region Size: 1M
 Heap Min Capacity: 8M
 Heap Initial Capacity: 126M
 Heap Max Capacity: 2002M
 Pre-touch: Disabled
 Parallel Workers: 8
 Concurrent Workers: 2
 Concurrent Refinement Workers: 8
 Periodic GC: Disabled

Heap:
 garbage-first heap   total 129024K, used 21504K [0x0000000082e00000, 0x0000000100000000)
  region size 1024K, 23 young (23552K), 0 survivors (0K)
 Metaspace       used 6033K, committed 6272K, reserved 1056768K
  class space    used 628K, committed 768K, reserved 1048576K

Heap Regions: E=young(eden), S=young(survivor), O=old, HS=humongous(starts), HC=humongous(continues), CS=collection set, F=free, OA=open archive, CA=closed archive, TAMS=top-at-mark-start (previous, next)
|   0|0x0000000082e00000, 0x0000000082e00000, 0x0000000082f00000|  0%| F|  |TAMS 0x0000000082e00000, 0x0000000082e00000| Untracked 
|   1|0x0000000082f00000, 0x0000000082f00000, 0x0000000083000000|  0%| F|  |TAMS 0x0000000082f00000, 0x0000000082f00000| Untracked 
|   2|0x0000000083000000, 0x0000000083000000, 0x0000000083100000|  0%| F|  |TAMS 0x0000000083000000, 0x0000000083000000| Untracked 
|   3|0x0000000083100000, 0x0000000083100000, 0x0000000083200000|  0%| F|  |TAMS 0x0000000083100000, 0x0000000083100000| Untracked 
|   4|0x0000000083200000, 0x0000000083200000, 0x0000000083300000|  0%| F|  |TAMS 0x0000000083200000, 0x0000000083200000| Untracked 
|   5|0x0000000083300000, 0x0000000083300000, 0x0000000083400000|  0%| F|  |TAMS 0x0000000083300000, 0x0000000083300000| Untracked 
|   6|0x0000000083400000, 0x0000000083400000, 0x0000000083500000|  0%| F|  |TAMS 0x0000000083400000, 0x0000000083400000| Untracked 
|   7|0x0000000083500000, 0x0000000083500000, 0x0000000083600000|  0%| F|  |TAMS 0x0000000083500000, 0x0000000083500000| Untracked 
|   8|0x0000000083600000, 0x0000000083600000, 0x0000000083700000|  0%| F|  |TAMS 0x0000000083600000, 0x0000000083600000| Untracked 
|   9|0x0000000083700000, 0x0000000083700000, 0x0000000083800000|  0%| F|  |TAMS 0x0000000083700000, 0x0000000083700000| Untracked 
|  10|0x0000000083800000, 0x0000000083800000, 0x0000000083900000|  0%| F|  |TAMS 0x0000000083800000, 0x0000000083800000| Untracked 
|  11|0x0000000083900000, 0x0000000083900000, 0x0000000083a00000|  0%| F|  |TAMS 0x0000000083900000, 0x0000000083900000| Untracked 
|  12|0x0000000083a00000, 0x0000000083a00000, 0x0000000083b00000|  0%| F|  |TAMS 0x0000000083a00000, 0x0000000083a00000| Untracked 
|  13|0x0000000083b00000, 0x0000000083b00000, 0x0000000083c00000|  0%| F|  |TAMS 0x0000000083b00000, 0x0000000083b00000| Untracked 
|  14|0x0000000083c00000, 0x0000000083c00000, 0x0000000083d00000|  0%| F|  |TAMS 0x0000000083c00000, 0x0000000083c00000| Untracked 
|  15|0x0000000083d00000, 0x0000000083d00000, 0x0000000083e00000|  0%| F|  |TAMS 0x0000000083d00000, 0x0000000083d00000| Untracked 
|  16|0x0000000083e00000, 0x0000000083e00000, 0x0000000083f00000|  0%| F|  |TAMS 0x0000000083e00000, 0x0000000083e00000| Untracked 
|  17|0x0000000083f00000, 0x0000000083f00000, 0x0000000084000000|  0%| F|  |TAMS 0x0000000083f00000, 0x0000000083f00000| Untracked 
|  18|0x0000000084000000, 0x0000000084000000, 0x0000000084100000|  0%| F|  |TAMS 0x0000000084000000, 0x0000000084000000| Untracked 
|  19|0x0000000084100000, 0x0000000084100000, 0x0000000084200000|  0%| F|  |TAMS 0x0000000084100000, 0x0000000084100000| Untracked 
|  20|0x0000000084200000, 0x0000000084200000, 0x0000000084300000|  0%| F|  |TAMS 0x0000000084200000, 0x0000000084200000| Untracked 
|  21|0x0000000084300000, 0x0000000084300000, 0x0000000084400000|  0%| F|  |TAMS 0x0000000084300000, 0x0000000084300000| Untracked 
|  22|0x0000000084400000, 0x0000000084400000, 0x0000000084500000|  0%| F|  |TAMS 0x0000000084400000, 0x0000000084400000| Untracked 
|  23|0x0000000084500000, 0x0000000084500000, 0x0000000084600000|  0%| F|  |TAMS 0x0000000084500000, 0x0000000084500000| Untracked 
|  24|0x0000000084600000, 0x0000000084600000, 0x0000000084700000|  0%| F|  |TAMS 0x0000000084600000, 0x0000000084600000| Untracked 
|  25|0x0000000084700000, 0x0000000084700000, 0x0000000084800000|  0%| F|  |TAMS 0x0000000084700000, 0x0000000084700000| Untracked 
|  26|0x0000000084800000, 0x0000000084800000, 0x0000000084900000|  0%| F|  |TAMS 0x0000000084800000, 0x0000000084800000| Untracked 
|  27|0x0000000084900000, 0x0000000084900000, 0x0000000084a00000|  0%| F|  |TAMS 0x0000000084900000, 0x0000000084900000| Untracked 
|  28|0x0000000084a00000, 0x0000000084a00000, 0x0000000084b00000|  0%| F|  |TAMS 0x0000000084a00000, 0x0000000084a00000| Untracked 
|  29|0x0000000084b00000, 0x0000000084b00000, 0x0000000084c00000|  0%| F|  |TAMS 0x0000000084b00000, 0x0000000084b00000| Untracked 
|  30|0x0000000084c00000, 0x0000000084c00000, 0x0000000084d00000|  0%| F|  |TAMS 0x0000000084c00000, 0x0000000084c00000| Untracked 
|  31|0x0000000084d00000, 0x0000000084d00000, 0x0000000084e00000|  0%| F|  |TAMS 0x0000000084d00000, 0x0000000084d00000| Untracked 
|  32|0x0000000084e00000, 0x0000000084e00000, 0x0000000084f00000|  0%| F|  |TAMS 0x0000000084e00000, 0x0000000084e00000| Untracked 
|  33|0x0000000084f00000, 0x0000000084f00000, 0x0000000085000000|  0%| F|  |TAMS 0x0000000084f00000, 0x0000000084f00000| Untracked 
|  34|0x0000000085000000, 0x0000000085000000, 0x0000000085100000|  0%| F|  |TAMS 0x0000000085000000, 0x0000000085000000| Untracked 
|  35|0x0000000085100000, 0x0000000085100000, 0x0000000085200000|  0%| F|  |TAMS 0x0000000085100000, 0x0000000085100000| Untracked 
|  36|0x0000000085200000, 0x0000000085200000, 0x0000000085300000|  0%| F|  |TAMS 0x0000000085200000, 0x0000000085200000| Untracked 
|  37|0x0000000085300000, 0x0000000085300000, 0x0000000085400000|  0%| F|  |TAMS 0x0000000085300000, 0x0000000085300000| Untracked 
|  38|0x0000000085400000, 0x0000000085400000, 0x0000000085500000|  0%| F|  |TAMS 0x0000000085400000, 0x0000000085400000| Untracked 
|  39|0x0000000085500000, 0x0000000085500000, 0x0000000085600000|  0%| F|  |TAMS 0x0000000085500000, 0x0000000085500000| Untracked 
|  40|0x0000000085600000, 0x0000000085600000, 0x0000000085700000|  0%| F|  |TAMS 0x0000000085600000, 0x0000000085600000| Untracked 
|  41|0x0000000085700000, 0x0000000085700000, 0x0000000085800000|  0%| F|  |TAMS 0x0000000085700000, 0x0000000085700000| Untracked 
|  42|0x0000000085800000, 0x0000000085800000, 0x0000000085900000|  0%| F|  |TAMS 0x0000000085800000, 0x0000000085800000| Untracked 
|  43|0x0000000085900000, 0x0000000085900000, 0x0000000085a00000|  0%| F|  |TAMS 0x0000000085900000, 0x0000000085900000| Untracked 
|  44|0x0000000085a00000, 0x0000000085a00000, 0x0000000085b00000|  0%| F|  |TAMS 0x0000000085a00000, 0x0000000085a00000| Untracked 
|  45|0x0000000085b00000, 0x0000000085b00000, 0x0000000085c00000|  0%| F|  |TAMS 0x0000000085b00000, 0x0000000085b00000| Untracked 
|  46|0x0000000085c00000, 0x0000000085c00000, 0x0000000085d00000|  0%| F|  |TAMS 0x0000000085c00000, 0x0000000085c00000| Untracked 
|  47|0x0000000085d00000, 0x0000000085d00000, 0x0000000085e00000|  0%| F|  |TAMS 0x0000000085d00000, 0x0000000085d00000| Untracked 
|  48|0x0000000085e00000, 0x0000000085e00000, 0x0000000085f00000|  0%| F|  |TAMS 0x0000000085e00000, 0x0000000085e00000| Untracked 
|  49|0x0000000085f00000, 0x0000000085f00000, 0x0000000086000000|  0%| F|  |TAMS 0x0000000085f00000, 0x0000000085f00000| Untracked 
|  50|0x0000000086000000, 0x0000000086000000, 0x0000000086100000|  0%| F|  |TAMS 0x0000000086000000, 0x0000000086000000| Untracked 
|  51|0x0000000086100000, 0x0000000086100000, 0x0000000086200000|  0%| F|  |TAMS 0x0000000086100000, 0x0000000086100000| Untracked 
|  52|0x0000000086200000, 0x0000000086200000, 0x0000000086300000|  0%| F|  |TAMS 0x0000000086200000, 0x0000000086200000| Untracked 
|  53|0x0000000086300000, 0x0000000086300000, 0x0000000086400000|  0%| F|  |TAMS 0x0000000086300000, 0x0000000086300000| Untracked 
|  54|0x0000000086400000, 0x0000000086400000, 0x0000000086500000|  0%| F|  |TAMS 0x0000000086400000, 0x0000000086400000| Untracked 
|  55|0x0000000086500000, 0x0000000086500000, 0x0000000086600000|  0%| F|  |TAMS 0x0000000086500000, 0x0000000086500000| Untracked 
|  56|0x0000000086600000, 0x0000000086600000, 0x0000000086700000|  0%| F|  |TAMS 0x0000000086600000, 0x0000000086600000| Untracked 
|  57|0x0000000086700000, 0x0000000086700000, 0x0000000086800000|  0%| F|  |TAMS 0x0000000086700000, 0x0000000086700000| Untracked 
|  58|0x0000000086800000, 0x0000000086800000, 0x0000000086900000|  0%| F|  |TAMS 0x0000000086800000, 0x0000000086800000| Untracked 
|  59|0x0000000086900000, 0x0000000086900000, 0x0000000086a00000|  0%| F|  |TAMS 0x0000000086900000, 0x0000000086900000| Untracked 
|  60|0x0000000086a00000, 0x0000000086a00000, 0x0000000086b00000|  0%| F|  |TAMS 0x0000000086a00000, 0x0000000086a00000| Untracked 
|  61|0x0000000086b00000, 0x0000000086b00000, 0x0000000086c00000|  0%| F|  |TAMS 0x0000000086b00000, 0x0000000086b00000| Untracked 
|  62|0x0000000086c00000, 0x0000000086c00000, 0x0000000086d00000|  0%| F|  |TAMS 0x0000000086c00000, 0x0000000086c00000| Untracked 
|  63|0x0000000086d00000, 0x0000000086d00000, 0x0000000086e00000|  0%| F|  |TAMS 0x0000000086d00000, 0x0000000086d00000| Untracked 
|  64|0x0000000086e00000, 0x0000000086e00000, 0x0000000086f00000|  0%| F|  |TAMS 0x0000000086e00000, 0x0000000086e00000| Untracked 
|  65|0x0000000086f00000, 0x0000000086f00000, 0x0000000087000000|  0%| F|  |TAMS 0x0000000086f00000, 0x0000000086f00000| Untracked 
|  66|0x0000000087000000, 0x0000000087000000, 0x0000000087100000|  0%| F|  |TAMS 0x0000000087000000, 0x0000000087000000| Untracked 
|  67|0x0000000087100000, 0x0000000087100000, 0x0000000087200000|  0%| F|  |TAMS 0x0000000087100000, 0x0000000087100000| Untracked 
|  68|0x0000000087200000, 0x0000000087200000, 0x0000000087300000|  0%| F|  |TAMS 0x0000000087200000, 0x0000000087200000| Untracked 
|  69|0x0000000087300000, 0x0000000087300000, 0x0000000087400000|  0%| F|  |TAMS 0x0000000087300000, 0x0000000087300000| Untracked 
|  70|0x0000000087400000, 0x0000000087400000, 0x0000000087500000|  0%| F|  |TAMS 0x0000000087400000, 0x0000000087400000| Untracked 
|  71|0x0000000087500000, 0x0000000087500000, 0x0000000087600000|  0%| F|  |TAMS 0x0000000087500000, 0x0000000087500000| Untracked 
|  72|0x0000000087600000, 0x0000000087600000, 0x0000000087700000|  0%| F|  |TAMS 0x0000000087600000, 0x0000000087600000| Untracked 
|  73|0x0000000087700000, 0x0000000087700000, 0x0000000087800000|  0%| F|  |TAMS 0x0000000087700000, 0x0000000087700000| Untracked 
|  74|0x0000000087800000, 0x0000000087800000, 0x0000000087900000|  0%| F|  |TAMS 0x0000000087800000, 0x0000000087800000| Untracked 
|  75|0x0000000087900000, 0x0000000087900000, 0x0000000087a00000|  0%| F|  |TAMS 0x0000000087900000, 0x0000000087900000| Untracked 
|  76|0x0000000087a00000, 0x0000000087a00000, 0x0000000087b00000|  0%| F|  |TAMS 0x0000000087a00000, 0x0000000087a00000| Untracked 
|  77|0x0000000087b00000, 0x0000000087b00000, 0x0000000087c00000|  0%| F|  |TAMS 0x0000000087b00000, 0x0000000087b00000| Untracked 
|  78|0x0000000087c00000, 0x0000000087c00000, 0x0000000087d00000|  0%| F|  |TAMS 0x0000000087c00000, 0x0000000087c00000| Untracked 
|  79|0x0000000087d00000, 0x0000000087d00000, 0x0000000087e00000|  0%| F|  |TAMS 0x0000000087d00000, 0x0000000087d00000| Untracked 
|  80|0x0000000087e00000, 0x0000000087e00000, 0x0000000087f00000|  0%| F|  |TAMS 0x0000000087e00000, 0x0000000087e00000| Untracked 
|  81|0x0000000087f00000, 0x0000000087f00000, 0x0000000088000000|  0%| F|  |TAMS 0x0000000087f00000, 0x0000000087f00000| Untracked 
|  82|0x0000000088000000, 0x0000000088000000, 0x0000000088100000|  0%| F|  |TAMS 0x0000000088000000, 0x0000000088000000| Untracked 
|  83|0x0000000088100000, 0x0000000088100000, 0x0000000088200000|  0%| F|  |TAMS 0x0000000088100000, 0x0000000088100000| Untracked 
|  84|0x0000000088200000, 0x0000000088200000, 0x0000000088300000|  0%| F|  |TAMS 0x0000000088200000, 0x0000000088200000| Untracked 
|  85|0x0000000088300000, 0x0000000088300000, 0x0000000088400000|  0%| F|  |TAMS 0x0000000088300000, 0x0000000088300000| Untracked 
|  86|0x0000000088400000, 0x0000000088400000, 0x0000000088500000|  0%| F|  |TAMS 0x0000000088400000, 0x0000000088400000| Untracked 
|  87|0x0000000088500000, 0x0000000088500000, 0x0000000088600000|  0%| F|  |TAMS 0x0000000088500000, 0x0000000088500000| Untracked 
|  88|0x0000000088600000, 0x0000000088600000, 0x0000000088700000|  0%| F|  |TAMS 0x0000000088600000, 0x0000000088600000| Untracked 
|  89|0x0000000088700000, 0x0000000088700000, 0x0000000088800000|  0%| F|  |TAMS 0x0000000088700000, 0x0000000088700000| Untracked 
|  90|0x0000000088800000, 0x0000000088800000, 0x0000000088900000|  0%| F|  |TAMS 0x0000000088800000, 0x0000000088800000| Untracked 
|  91|0x0000000088900000, 0x0000000088900000, 0x0000000088a00000|  0%| F|  |TAMS 0x0000000088900000, 0x0000000088900000| Untracked 
|  92|0x0000000088a00000, 0x0000000088a00000, 0x0000000088b00000|  0%| F|  |TAMS 0x0000000088a00000, 0x0000000088a00000| Untracked 
|  93|0x0000000088b00000, 0x0000000088b00000, 0x0000000088c00000|  0%| F|  |TAMS 0x0000000088b00000, 0x0000000088b00000| Untracked 
|  94|0x0000000088c00000, 0x0000000088c00000, 0x0000000088d00000|  0%| F|  |TAMS 0x0000000088c00000, 0x0000000088c00000| Untracked 
|  95|0x0000000088d00000, 0x0000000088d00000, 0x0000000088e00000|  0%| F|  |TAMS 0x0000000088d00000, 0x0000000088d00000| Untracked 
|  96|0x0000000088e00000, 0x0000000088e00000, 0x0000000088f00000|  0%| F|  |TAMS 0x0000000088e00000, 0x0000000088e00000| Untracked 
|  97|0x0000000088f00000, 0x0000000088f00000, 0x0000000089000000|  0%| F|  |TAMS 0x0000000088f00000, 0x0000000088f00000| Untracked 
|  98|0x0000000089000000, 0x0000000089000000, 0x0000000089100000|  0%| F|  |TAMS 0x0000000089000000, 0x0000000089000000| Untracked 
|  99|0x0000000089100000, 0x0000000089100000, 0x0000000089200000|  0%| F|  |TAMS 0x0000000089100000, 0x0000000089100000| Untracked 
| 100|0x0000000089200000, 0x0000000089200000, 0x0000000089300000|  0%| F|  |TAMS 0x0000000089200000, 0x0000000089200000| Untracked 
| 101|0x0000000089300000, 0x0000000089300000, 0x0000000089400000|  0%| F|  |TAMS 0x0000000089300000, 0x0000000089300000| Untracked 
| 102|0x0000000089400000, 0x0000000089400000, 0x0000000089500000|  0%| F|  |TAMS 0x0000000089400000, 0x0000000089400000| Untracked 
| 103|0x0000000089500000, 0x0000000089576838, 0x0000000089600000| 46%| E|  |TAMS 0x0000000089500000, 0x0000000089500000| Complete 
| 104|0x0000000089600000, 0x0000000089700000, 0x0000000089700000|100%| E|CS|TAMS 0x0000000089600000, 0x0000000089600000| Complete 
| 105|0x0000000089700000, 0x0000000089800000, 0x0000000089800000|100%| E|CS|TAMS 0x0000000089700000, 0x0000000089700000| Complete 
| 106|0x0000000089800000, 0x0000000089900000, 0x0000000089900000|100%| E|CS|TAMS 0x0000000089800000, 0x0000000089800000| Complete 
| 107|0x0000000089900000, 0x0000000089a00000, 0x0000000089a00000|100%| E|CS|TAMS 0x0000000089900000, 0x0000000089900000| Complete 
| 108|0x0000000089a00000, 0x0000000089b00000, 0x0000000089b00000|100%| E|CS|TAMS 0x0000000089a00000, 0x0000000089a00000| Complete 
| 109|0x0000000089b00000, 0x0000000089c00000, 0x0000000089c00000|100%| E|CS|TAMS 0x0000000089b00000, 0x0000000089b00000| Complete 
| 110|0x0000000089c00000, 0x0000000089d00000, 0x0000000089d00000|100%| E|CS|TAMS 0x0000000089c00000, 0x0000000089c00000| Complete 
| 111|0x0000000089d00000, 0x0000000089e00000, 0x0000000089e00000|100%| E|  |TAMS 0x0000000089d00000, 0x0000000089d00000| Complete 
| 112|0x0000000089e00000, 0x0000000089f00000, 0x0000000089f00000|100%| E|CS|TAMS 0x0000000089e00000, 0x0000000089e00000| Complete 
| 113|0x0000000089f00000, 0x000000008a000000, 0x000000008a000000|100%| E|CS|TAMS 0x0000000089f00000, 0x0000000089f00000| Complete 
| 114|0x000000008a000000, 0x000000008a100000, 0x000000008a100000|100%| E|CS|TAMS 0x000000008a000000, 0x000000008a000000| Complete 
| 115|0x000000008a100000, 0x000000008a200000, 0x000000008a200000|100%| E|CS|TAMS 0x000000008a100000, 0x000000008a100000| Complete 
| 116|0x000000008a200000, 0x000000008a300000, 0x000000008a300000|100%| E|CS|TAMS 0x000000008a200000, 0x000000008a200000| Complete 
| 117|0x000000008a300000, 0x000000008a400000, 0x000000008a400000|100%| E|CS|TAMS 0x000000008a300000, 0x000000008a300000| Complete 
| 118|0x000000008a400000, 0x000000008a500000, 0x000000008a500000|100%| E|CS|TAMS 0x000000008a400000, 0x000000008a400000| Complete 
| 119|0x000000008a500000, 0x000000008a600000, 0x000000008a600000|100%| E|CS|TAMS 0x000000008a500000, 0x000000008a500000| Complete 
| 120|0x000000008a600000, 0x000000008a700000, 0x000000008a700000|100%| E|CS|TAMS 0x000000008a600000, 0x000000008a600000| Complete 
| 121|0x000000008a700000, 0x000000008a800000, 0x000000008a800000|100%| E|CS|TAMS 0x000000008a700000, 0x000000008a700000| Complete 
| 122|0x000000008a800000, 0x000000008a900000, 0x000000008a900000|100%| E|CS|TAMS 0x000000008a800000, 0x000000008a800000| Complete 
| 123|0x000000008a900000, 0x000000008aa00000, 0x000000008aa00000|100%| E|CS|TAMS 0x000000008a900000, 0x000000008a900000| Complete 
| 124|0x000000008aa00000, 0x000000008ab00000, 0x000000008ab00000|100%| E|CS|TAMS 0x000000008aa00000, 0x000000008aa00000| Complete 
| 125|0x000000008ab00000, 0x000000008ac00000, 0x000000008ac00000|100%| E|CS|TAMS 0x000000008ab00000, 0x000000008ab00000| Complete 

Card table byte_map: [0x00000273da260000,0x00000273da650000] _byte_map_base: 0x00000273d9e49000

Marking Bits (Prev, Next): (CMBitMap*) 0x00000273c3326f10, (CMBitMap*) 0x00000273c3326f50
 Prev Bits: [0x00000273daa40000, 0x00000273dc988000)
 Next Bits: [0x00000273dc990000, 0x00000273de8d8000)

Polling page: 0x00000273c2aa0000

Metaspace:

Usage:
  Non-class:      5.31 MB used.
      Class:    631.62 KB used.
       Both:      5.93 MB used.

Virtual space:
  Non-class space:        8.00 MB reserved,       5.38 MB ( 67%) committed,  1 nodes.
      Class space:        1.00 GB reserved,     768.00 KB ( <1%) committed,  1 nodes.
             Both:        1.01 GB reserved,       6.12 MB ( <1%) committed. 

Chunk freelists:
   Non-Class:  704.00 KB
       Class:  3.28 MB
        Both:  3.97 MB

MaxMetaspaceSize: unlimited
CompressedClassSpaceSize: 1.00 GB
Initial GC threshold: 21.00 MB
Current GC threshold: 21.00 MB
CDS: on
MetaspaceReclaimPolicy: balanced
 - commit_granule_bytes: 65536.
 - commit_granule_words: 8192.
 - virtual_space_node_default_size: 1048576.
 - enlarge_chunks_in_place: 1.
 - new_chunks_are_fully_committed: 0.
 - uncommit_free_chunks: 1.
 - use_allocation_guard: 0.
 - handle_deallocations: 1.


Internal statistics:

num_allocs_failed_limit: 0.
num_arena_births: 100.
num_arena_deaths: 0.
num_vsnodes_births: 2.
num_vsnodes_deaths: 0.
num_space_committed: 98.
num_space_uncommitted: 0.
num_chunks_returned_to_freelist: 0.
num_chunks_taken_from_freelist: 266.
num_chunk_merges: 0.
num_chunk_splits: 188.
num_chunks_enlarged: 149.
num_purges: 0.
num_inconsistent_stats: 0.

CodeHeap 'non-profiled nmethods': size=120000Kb used=344Kb max_used=344Kb free=119655Kb
 bounds [0x00000273d2610000, 0x00000273d2880000, 0x00000273d9b40000]
CodeHeap 'profiled nmethods': size=120000Kb used=1524Kb max_used=1524Kb free=118475Kb
 bounds [0x00000273cb0e0000, 0x00000273cb350000, 0x00000273d2610000]
CodeHeap 'non-nmethods': size=5760Kb used=1232Kb max_used=1249Kb free=4527Kb
 bounds [0x00000273cab40000, 0x00000273cadb0000, 0x00000273cb0e0000]
 total_blobs=1529 nmethods=983 adapters=459
 compilation: enabled
              stopped_count=0, restarted_count=0
 full_count=0

Compilation events (20 events):
Event: 0.731 Thread 0x00000273e12f9b60 nmethod 947 0x00000273cb24e910 code [0x00000273cb24eb00, 0x00000273cb24f018]
Event: 0.731 Thread 0x00000273e12f9b60  949       3       jdk.internal.access.SharedSecrets::javaUtilJarAccess (19 bytes)
Event: 0.732 Thread 0x00000273e12f9b60 nmethod 949 0x00000273cb24f290 code [0x00000273cb24f480, 0x00000273cb24f848]
Event: 0.732 Thread 0x00000273e12f9b60  950  s    3       jdk.internal.loader.Resource::cachedInputStream (20 bytes)
Event: 0.732 Thread 0x00000273e12f9b60 nmethod 950 0x00000273cb24fa10 code [0x00000273cb24fbc0, 0x00000273cb24fee8]
Event: 0.732 Thread 0x00000273e12f0e40  951 %     4       java.lang.StringLatin1::indexOf @ 30 (121 bytes)
Event: 0.732 Thread 0x00000273e12f9b60  952       1       java.util.jar.Manifest::getMainAttributes (5 bytes)
Event: 0.732 Thread 0x00000273e12f9b60 nmethod 952 0x00000273d2663710 code [0x00000273d26638a0, 0x00000273d2663978]
Event: 0.733 Thread 0x00000273e12f9b60  953       1       java.util.jar.Manifest::getEntries (5 bytes)
Event: 0.733 Thread 0x00000273e12f9b60 nmethod 953 0x00000273d2663a10 code [0x00000273d2663ba0, 0x00000273d2663c78]
Event: 0.733 Thread 0x00000273e12f9b60  954       1       java.util.zip.ZipEntry::getCrc (5 bytes)
Event: 0.733 Thread 0x00000273e12f9b60 nmethod 954 0x00000273d2663d10 code [0x00000273d2663ea0, 0x00000273d2663f78]
Event: 0.737 Thread 0x00000273e12f0e40 nmethod 951% 0x00000273d2664010 code [0x00000273d26641a0, 0x00000273d2664558]
Event: 0.741 Thread 0x00000273e12f0e40  955 %     4       java.util.Properties$LineReader::readLine @ 224 (584 bytes)
Event: 0.742 Thread 0x00000273e12f9b60  956 %     3       java.util.Properties::loadConvert @ 8 (540 bytes)
Event: 0.743 Thread 0x00000273e12f9b60 nmethod 956% 0x00000273cb24ff90 code [0x00000273cb250280, 0x00000273cb2517d8]
Event: 0.743 Thread 0x00000273e12f9b60  958       3       java.lang.invoke.MethodHandleNatives::findMethodHandleType (7 bytes)
Event: 0.743 Thread 0x00000273e12f9b60 nmethod 958 0x00000273cb251e10 code [0x00000273cb251fa0, 0x00000273cb2520c8]
Event: 0.760 Thread 0x00000273e12f9b60  962   !   3       java.io.WinNTFileSystem::isInvalid (78 bytes)
Event: 0.761 Thread 0x00000273e12f9b60 nmethod 962 0x00000273cb252190 code [0x00000273cb252380, 0x00000273cb2527b8]

GC Heap History (0 events):
No events

Deoptimization events (20 events):
Event: 0.545 Thread 0x00000273c32cc8f0 DEOPT PACKING pc=0x00000273d264e41c sp=0x000000c316dfca30
Event: 0.545 Thread 0x00000273c32cc8f0 DEOPT UNPACKING pc=0x00000273cab923a3 sp=0x000000c316dfc9c0 mode 2
Event: 0.545 Thread 0x00000273c32cc8f0 Uncommon trap: trap_request=0xffffffc6 fr.pc=0x00000273d264e41c relative=0x0000000000000dfc
Event: 0.545 Thread 0x00000273c32cc8f0 Uncommon trap: reason=bimorphic_or_optimized_type_check action=maybe_recompile pc=0x00000273d264e41c method=java.util.HashMap.putVal(ILjava/lang/Object;Ljava/lang/Object;ZZ)Ljava/lang/Object; @ 152 c2
Event: 0.545 Thread 0x00000273c32cc8f0 DEOPT PACKING pc=0x00000273d264e41c sp=0x000000c316dfca30
Event: 0.545 Thread 0x00000273c32cc8f0 DEOPT UNPACKING pc=0x00000273cab923a3 sp=0x000000c316dfc9c0 mode 2
Event: 0.611 Thread 0x00000273c32cc8f0 Uncommon trap: trap_request=0xffffff45 fr.pc=0x00000273d262329c relative=0x00000000000000fc
Event: 0.611 Thread 0x00000273c32cc8f0 Uncommon trap: reason=unstable_if action=reinterpret pc=0x00000273d262329c method=java.lang.StringLatin1.lastIndexOf([BI[BII)I @ 86 c2
Event: 0.611 Thread 0x00000273c32cc8f0 DEOPT PACKING pc=0x00000273d262329c sp=0x000000c316dfb020
Event: 0.611 Thread 0x00000273c32cc8f0 DEOPT UNPACKING pc=0x00000273cab923a3 sp=0x000000c316dfaf78 mode 2
Event: 0.699 Thread 0x00000273c32cc8f0 DEOPT PACKING pc=0x00000273cb195bbe sp=0x000000c316df9660
Event: 0.699 Thread 0x00000273c32cc8f0 DEOPT UNPACKING pc=0x00000273cab92b43 sp=0x000000c316df8ad8 mode 0
Event: 0.741 Thread 0x00000273c32cc8f0 Uncommon trap: trap_request=0xffffff45 fr.pc=0x00000273d265fdf0 relative=0x00000000000014b0
Event: 0.741 Thread 0x00000273c32cc8f0 Uncommon trap: reason=unstable_if action=reinterpret pc=0x00000273d265fdf0 method=java.lang.String.<init>([CIILjava/lang/Void;)V @ 5 c2
Event: 0.741 Thread 0x00000273c32cc8f0 DEOPT PACKING pc=0x00000273d265fdf0 sp=0x000000c316dfb990
Event: 0.741 Thread 0x00000273c32cc8f0 DEOPT UNPACKING pc=0x00000273cab923a3 sp=0x000000c316dfb870 mode 2
Event: 0.742 Thread 0x00000273c32cc8f0 DEOPT PACKING pc=0x00000273cb20ef35 sp=0x000000c316dfb960
Event: 0.742 Thread 0x00000273c32cc8f0 DEOPT UNPACKING pc=0x00000273cab92b43 sp=0x000000c316dfae58 mode 0
Event: 0.757 Thread 0x00000273c32cc8f0 DEOPT PACKING pc=0x00000273cb1f70e5 sp=0x000000c316df9010
Event: 0.757 Thread 0x00000273c32cc8f0 DEOPT UNPACKING pc=0x00000273cab92b43 sp=0x000000c316df8460 mode 0

Classes unloaded (0 events):
No events

Classes redefined (0 events):
No events

Internal exceptions (13 events):
Event: 0.091 Thread 0x00000273c32cc8f0 Exception <a 'sun/nio/fs/WindowsException'{0x000000008aa3cfa0}> (0x000000008aa3cfa0) 
thrown [s\open\src\hotspot\share\prims\jni.cpp, line 516]
Event: 0.092 Thread 0x00000273c32cc8f0 Exception <a 'sun/nio/fs/WindowsException'{0x000000008aa3d428}> (0x000000008aa3d428) 
thrown [s\open\src\hotspot\share\prims\jni.cpp, line 516]
Event: 0.217 Thread 0x00000273e1fba2e0 Exception <a 'java/lang/NoSuchMethodError'{0x000000008a5f07c8}: 'java.lang.Object java.lang.invoke.DirectMethodHandle$Holder.invokeStaticInit(java.lang.Object)'> (0x000000008a5f07c8) 
thrown [s\open\src\hotspot\share\interpreter\linkResolver.cpp, line 759]
Event: 0.224 Thread 0x00000273c32cc8f0 Exception <a 'java/lang/NoSuchMethodError'{0x000000008a4dad60}: 'void java.lang.invoke.DirectMethodHandle$Holder.invokeStatic(java.lang.Object, java.lang.Object)'> (0x000000008a4dad60) 
thrown [s\open\src\hotspot\share\interpreter\linkResolver.cpp, line 759]
Event: 0.396 Thread 0x00000273c32cc8f0 Exception <a 'java/lang/NoSuchMethodError'{0x000000008a04dc08}: 'void java.lang.invoke.DirectMethodHandle$Holder.invokeSpecial(java.lang.Object, java.lang.Object, java.lang.Object)'> (0x000000008a04dc08) 
thrown [s\open\src\hotspot\share\interpreter\linkResolver.cpp, line 759]
Event: 0.405 Thread 0x00000273c32cc8f0 Exception <a 'java/lang/NoSuchMethodError'{0x000000008a084458}: 'void java.lang.invoke.DirectMethodHandle$Holder.invokeStatic(java.lang.Object, java.lang.Object, java.lang.Object)'> (0x000000008a084458) 
thrown [s\open\src\hotspot\share\interpreter\linkResolver.cpp, line 759]
Event: 0.433 Thread 0x00000273c32cc8f0 Exception <a 'java/lang/NoSuchMethodError'{0x000000008a0a0d58}: 'int java.lang.invoke.DirectMethodHandle$Holder.invokeStaticInit(java.lang.Object, java.lang.Object, java.lang.Object)'> (0x000000008a0a0d58) 
thrown [s\open\src\hotspot\share\interpreter\linkResolver.cpp, line 759]
Event: 0.455 Thread 0x00000273c32cc8f0 Exception <a 'java/lang/NoSuchMethodError'{0x0000000089fe4100}: 'java.lang.Object java.lang.invoke.DirectMethodHandle$Holder.newInvokeSpecial(java.lang.Object, java.lang.Object, int, java.lang.Object)'> (0x0000000089fe4100) 
thrown [s\open\src\hotspot\share\interpreter\linkResolver.cpp, line 759]
Event: 0.455 Thread 0x00000273c32cc8f0 Exception <a 'java/lang/NoSuchMethodError'{0x0000000089fe84e0}: 'java.lang.Object java.lang.invoke.DirectMethodHandle$Holder.invokeSpecial(java.lang.Object, java.lang.Object, java.lang.Object, int, java.lang.Object)'> (0x0000000089fe84e0) 
thrown [s\open\src\hotspot\share\interpreter\linkResolver.cpp, line 759]
Event: 0.535 Thread 0x00000273e22213d0 Exception <a 'java/lang/NoSuchMethodError'{0x0000000089c8f3c0}: 'void java.lang.invoke.DirectMethodHandle$Holder.invokeStaticInit(java.lang.Object)'> (0x0000000089c8f3c0) 
thrown [s\open\src\hotspot\share\interpreter\linkResolver.cpp, line 759]
Event: 0.538 Thread 0x00000273c32cc8f0 Exception <a 'java/lang/NoSuchMethodError'{0x0000000089e0c3d8}: 'java.lang.Object java.lang.invoke.DirectMethodHandle$Holder.newInvokeSpecial(java.lang.Object, java.lang.Object, java.lang.Object, java.lang.Object, java.lang.Object, java.lang.Object)'> (0x0000000089e0c3d8) 
thrown [s\open\src\hotspot\share\interpreter\linkResolver.cpp, line 759]
Event: 0.604 Thread 0x00000273c32cc8f0 Exception <a 'java/lang/NoSuchMethodError'{0x0000000089a2a8c0}: 'java.lang.Object java.lang.invoke.DirectMethodHandle$Holder.invokeInterface(java.lang.Object, java.lang.Object)'> (0x0000000089a2a8c0) 
thrown [s\open\src\hotspot\share\interpreter\linkResolver.cpp, line 759]
Event: 0.640 Thread 0x00000273c32cc8f0 Exception <a 'java/lang/NoSuchMethodError'{0x0000000089ab6868}: 'java.lang.Object java.lang.invoke.DirectMethodHandle$Holder.invokeVirtual(java.lang.Object, java.lang.Object, java.lang.Object)'> (0x0000000089ab6868) 
thrown [s\open\src\hotspot\share\interpreter\linkResolver.cpp, line 759]

VM Operations (16 events):
Event: 0.097 Executing VM operation: HandshakeAllThreads
Event: 0.097 Executing VM operation: HandshakeAllThreads done
Event: 0.175 Executing VM operation: HandshakeAllThreads
Event: 0.175 Executing VM operation: HandshakeAllThreads done
Event: 0.214 Executing VM operation: HandshakeAllThreads
Event: 0.214 Executing VM operation: HandshakeAllThreads done
Event: 0.446 Executing VM operation: HandshakeAllThreads
Event: 0.446 Executing VM operation: HandshakeAllThreads done
Event: 0.557 Executing VM operation: HandshakeAllThreads
Event: 0.557 Executing VM operation: HandshakeAllThreads done
Event: 0.568 Executing VM operation: HandshakeAllThreads
Event: 0.568 Executing VM operation: HandshakeAllThreads done
Event: 0.606 Executing VM operation: HandshakeAllThreads
Event: 0.606 Executing VM operation: HandshakeAllThreads done
Event: 0.741 Executing VM operation: ICBufferFull
Event: 0.741 Executing VM operation: ICBufferFull done

Events (20 events):
Event: 0.744 loading class sun/nio/ch/SocketOptionRegistry$RegistryKey
Event: 0.744 loading class sun/nio/ch/SocketOptionRegistry$RegistryKey done
Event: 0.744 loading class sun/nio/ch/SocketOptionRegistry$LazyInitialization
Event: 0.744 loading class sun/nio/ch/SocketOptionRegistry$LazyInitialization done
Event: 0.744 loading class sun/nio/ch/OptionKey
Event: 0.744 loading class sun/nio/ch/OptionKey done
Event: 0.744 loading class sun/nio/ch/ExtendedSocketOption
Event: 0.744 loading class sun/nio/ch/ExtendedSocketOption done
Event: 0.744 loading class sun/nio/ch/ExtendedSocketOption$1
Event: 0.744 loading class sun/nio/ch/ExtendedSocketOption$1 done
Event: 0.745 loading class java/io/EOFException
Event: 0.745 loading class java/io/EOFException done
Event: 0.745 loading class java/net/Socket$SocketOutputStream
Event: 0.745 loading class java/net/Socket$SocketOutputStream done
Event: 0.745 loading class sun/nio/ch/NioSocketImpl$2
Event: 0.745 loading class sun/nio/ch/NioSocketImpl$2 done
Event: 0.762 loading class java/nio/file/InvalidPathException
Event: 0.762 loading class java/nio/file/InvalidPathException done
Event: 0.762 loading class java/net/URISyntaxException
Event: 0.762 loading class java/net/URISyntaxException done


Dynamic libraries:
0x00007ff7859d0000 - 0x00007ff7859e0000 	C:\Program Files\jdk-17.0.5\bin\java.exe
0x00007ffdb9650000 - 0x00007ffdb9864000 	C:\WINDOWS\SYSTEM32\ntdll.dll
0x00007ffdb88c0000 - 0x00007ffdb8983000 	C:\WINDOWS\System32\KERNEL32.DLL
0x00007ffdb6f10000 - 0x00007ffdb72ad000 	C:\WINDOWS\System32\KERNELBASE.dll
0x00007ffdb6c50000 - 0x00007ffdb6d61000 	C:\WINDOWS\System32\ucrtbase.dll
0x00007ffdb09b0000 - 0x00007ffdb09c8000 	C:\Program Files\jdk-17.0.5\bin\jli.dll
0x00007ffdb0860000 - 0x00007ffdb087a000 	C:\Program Files\jdk-17.0.5\bin\VCRUNTIME140.dll
0x00007ffdb7770000 - 0x00007ffdb781e000 	C:\WINDOWS\System32\ADVAPI32.dll
0x00007ffdb8f90000 - 0x00007ffdb9037000 	C:\WINDOWS\System32\msvcrt.dll
0x00007ffdb7d30000 - 0x00007ffdb7dd4000 	C:\WINDOWS\System32\sechost.dll
0x00007ffdb7440000 - 0x00007ffdb7555000 	C:\WINDOWS\System32\RPCRT4.dll
0x00007ffdb9460000 - 0x00007ffdb960d000 	C:\WINDOWS\System32\USER32.dll
0x00007ffd9e6c0000 - 0x00007ffd9e94e000 	C:\WINDOWS\WinSxS\amd64_microsoft.windows.common-controls_6595b64144ccf1df_6.0.22621.608_none_a9444ca7c10bb01d\COMCTL32.dll
0x00007ffdb6ee0000 - 0x00007ffdb6f06000 	C:\WINDOWS\System32\win32u.dll
0x00007ffdb7a40000 - 0x00007ffdb7a69000 	C:\WINDOWS\System32\GDI32.dll
0x00007ffdb6a70000 - 0x00007ffdb6b82000 	C:\WINDOWS\System32\gdi32full.dll
0x00007ffdb73a0000 - 0x00007ffdb743a000 	C:\WINDOWS\System32\msvcp_win.dll
0x00007ffdab830000 - 0x00007ffdab83a000 	C:\WINDOWS\SYSTEM32\VERSION.dll
0x00007ffdb7730000 - 0x00007ffdb7762000 	C:\WINDOWS\System32\IMM32.DLL
0x00007ffdb0a20000 - 0x00007ffdb0a2c000 	C:\Program Files\jdk-17.0.5\bin\vcruntime140_1.dll
0x00007ffdad9b0000 - 0x00007ffdada3d000 	C:\Program Files\jdk-17.0.5\bin\msvcp140.dll
0x00007ffd6f590000 - 0x00007ffd70152000 	C:\Program Files\jdk-17.0.5\bin\server\jvm.dll
0x00007ffdb7fa0000 - 0x00007ffdb7fa8000 	C:\WINDOWS\System32\PSAPI.DLL
0x00007ffdac230000 - 0x00007ffdac239000 	C:\WINDOWS\SYSTEM32\WSOCK32.dll
0x00007ffdab5e0000 - 0x00007ffdab614000 	C:\WINDOWS\SYSTEM32\WINMM.dll
0x00007ffdb8990000 - 0x00007ffdb8a01000 	C:\WINDOWS\System32\WS2_32.dll
0x00007ffdb5bb0000 - 0x00007ffdb5bc8000 	C:\WINDOWS\SYSTEM32\kernel.appcore.dll
0x00007ffdb0850000 - 0x00007ffdb085a000 	C:\Program Files\jdk-17.0.5\bin\jimage.dll
0x00007ffdb13e0000 - 0x00007ffdb160e000 	C:\WINDOWS\SYSTEM32\DBGHELP.DLL
0x00007ffdb90d0000 - 0x00007ffdb945a000 	C:\WINDOWS\System32\combase.dll
0x00007ffdb7be0000 - 0x00007ffdb7cb7000 	C:\WINDOWS\System32\OLEAUT32.dll
0x00007ffd9f1d0000 - 0x00007ffd9f202000 	C:\WINDOWS\SYSTEM32\dbgcore.DLL
0x00007ffdb72b0000 - 0x00007ffdb732b000 	C:\WINDOWS\System32\bcryptPrimitives.dll
0x00007ffdb0770000 - 0x00007ffdb077e000 	C:\Program Files\jdk-17.0.5\bin\instrument.dll
0x00007ffdac870000 - 0x00007ffdac895000 	C:\Program Files\jdk-17.0.5\bin\java.dll
0x00007ffda0aa0000 - 0x00007ffda0b76000 	C:\Program Files\jdk-17.0.5\bin\jsvml.dll
0x00007ffdb7fb0000 - 0x00007ffdb879f000 	C:\WINDOWS\System32\SHELL32.dll
0x00007ffdb4aa0000 - 0x00007ffdb5368000 	C:\WINDOWS\SYSTEM32\windows.storage.dll
0x00007ffdb4960000 - 0x00007ffdb4a9e000 	C:\WINDOWS\SYSTEM32\wintypes.dll
0x00007ffdb7ad0000 - 0x00007ffdb7bc1000 	C:\WINDOWS\System32\SHCORE.dll
0x00007ffdb7cc0000 - 0x00007ffdb7d1e000 	C:\WINDOWS\System32\shlwapi.dll
0x00007ffdb69a0000 - 0x00007ffdb69c1000 	C:\WINDOWS\SYSTEM32\profapi.dll
0x00007ffdaf810000 - 0x00007ffdaf829000 	C:\Program Files\jdk-17.0.5\bin\net.dll
0x00007ffdb0580000 - 0x00007ffdb06af000 	C:\WINDOWS\SYSTEM32\WINHTTP.dll
0x00007ffdb6020000 - 0x00007ffdb6089000 	C:\WINDOWS\system32\mswsock.dll
0x00007ffdad600000 - 0x00007ffdad616000 	C:\Program Files\jdk-17.0.5\bin\nio.dll
0x00007ffdac2e0000 - 0x00007ffdac2f8000 	C:\Program Files\jdk-17.0.5\bin\zip.dll
0x00007ffda0f00000 - 0x00007ffda0f1a000 	C:\ProgramData\Microsoft\Windows\Start Menu\Programs\ideaIC-2021.3.2.win\bin\breakgen64.dll
0x00000273e1370000 - 0x00000273e1373000 	C:\Program Files\javafx-sdk-17.0.2\bin\api-ms-win-core-console-l1-1-0.dll
0x00000273e1380000 - 0x00000273e1383000 	C:\Program Files\javafx-sdk-17.0.2\bin\api-ms-win-core-console-l1-2-0.dll
0x00000273e1390000 - 0x00000273e1393000 	C:\Program Files\javafx-sdk-17.0.2\bin\api-ms-win-core-datetime-l1-1-0.dll
0x00000273e13a0000 - 0x00000273e13a3000 	C:\Program Files\javafx-sdk-17.0.2\bin\api-ms-win-core-debug-l1-1-0.dll
0x00000273e13b0000 - 0x00000273e13b3000 	C:\Program Files\javafx-sdk-17.0.2\bin\api-ms-win-core-errorhandling-l1-1-0.dll
0x00000273e13c0000 - 0x00000273e13c4000 	C:\Program Files\javafx-sdk-17.0.2\bin\api-ms-win-core-file-l1-1-0.dll
0x00000273e13d0000 - 0x00000273e13d3000 	C:\Program Files\javafx-sdk-17.0.2\bin\api-ms-win-core-file-l1-2-0.dll
0x00000273e13e0000 - 0x00000273e13e3000 	C:\Program Files\javafx-sdk-17.0.2\bin\api-ms-win-core-file-l2-1-0.dll
0x00000273e13f0000 - 0x00000273e13f3000 	C:\Program Files\javafx-sdk-17.0.2\bin\api-ms-win-core-handle-l1-1-0.dll
0x00000273e2900000 - 0x00000273e2903000 	C:\Program Files\javafx-sdk-17.0.2\bin\api-ms-win-core-heap-l1-1-0.dll
0x00000273e2910000 - 0x00000273e2913000 	C:\Program Files\javafx-sdk-17.0.2\bin\api-ms-win-core-interlocked-l1-1-0.dll
0x00000273e2920000 - 0x00000273e2923000 	C:\Program Files\javafx-sdk-17.0.2\bin\api-ms-win-core-libraryloader-l1-1-0.dll
0x00000273e2930000 - 0x00000273e2933000 	C:\Program Files\javafx-sdk-17.0.2\bin\api-ms-win-core-localization-l1-2-0.dll
0x00000273e2940000 - 0x00000273e2943000 	C:\Program Files\javafx-sdk-17.0.2\bin\api-ms-win-core-memory-l1-1-0.dll
0x00000273e2950000 - 0x00000273e2953000 	C:\Program Files\javafx-sdk-17.0.2\bin\api-ms-win-core-namedpipe-l1-1-0.dll
0x00000273e2960000 - 0x00000273e2963000 	C:\Program Files\javafx-sdk-17.0.2\bin\api-ms-win-core-processenvironment-l1-1-0.dll
0x00000273e2970000 - 0x00000273e2973000 	C:\Program Files\javafx-sdk-17.0.2\bin\api-ms-win-core-processthreads-l1-1-0.dll
0x00000273e2980000 - 0x00000273e2983000 	C:\Program Files\javafx-sdk-17.0.2\bin\api-ms-win-core-processthreads-l1-1-1.dll
0x00000273e2990000 - 0x00000273e2993000 	C:\Program Files\javafx-sdk-17.0.2\bin\api-ms-win-core-profile-l1-1-0.dll
0x00000273e29a0000 - 0x00000273e29a3000 	C:\Program Files\javafx-sdk-17.0.2\bin\api-ms-win-core-rtlsupport-l1-1-0.dll
0x00000273e29b0000 - 0x00000273e29b3000 	C:\Program Files\javafx-sdk-17.0.2\bin\api-ms-win-core-string-l1-1-0.dll
0x00000273e29c0000 - 0x00000273e29c3000 	C:\Program Files\javafx-sdk-17.0.2\bin\api-ms-win-core-synch-l1-1-0.dll
0x00000273e29d0000 - 0x00000273e29d3000 	C:\Program Files\javafx-sdk-17.0.2\bin\api-ms-win-core-synch-l1-2-0.dll
0x00000273e29e0000 - 0x00000273e29e3000 	C:\Program Files\javafx-sdk-17.0.2\bin\api-ms-win-core-sysinfo-l1-1-0.dll
0x00000273e29f0000 - 0x00000273e29f3000 	C:\Program Files\javafx-sdk-17.0.2\bin\api-ms-win-core-timezone-l1-1-0.dll
0x00000273e2a00000 - 0x00000273e2a03000 	C:\Program Files\javafx-sdk-17.0.2\bin\api-ms-win-core-util-l1-1-0.dll
0x00000273e2a10000 - 0x00000273e2a13000 	C:\Program Files\javafx-sdk-17.0.2\bin\api-ms-win-crt-conio-l1-1-0.dll
0x00000273e2a20000 - 0x00000273e2a24000 	C:\Program Files\javafx-sdk-17.0.2\bin\api-ms-win-crt-convert-l1-1-0.dll
0x00000273e2a30000 - 0x00000273e2a33000 	C:\Program Files\javafx-sdk-17.0.2\bin\api-ms-win-crt-environment-l1-1-0.dll
0x00000273e2a40000 - 0x00000273e2a43000 	C:\Program Files\javafx-sdk-17.0.2\bin\api-ms-win-crt-filesystem-l1-1-0.dll
0x00000273e2a50000 - 0x00000273e2a53000 	C:\Program Files\javafx-sdk-17.0.2\bin\api-ms-win-crt-heap-l1-1-0.dll
0x00000273e2a60000 - 0x00000273e2a63000 	C:\Program Files\javafx-sdk-17.0.2\bin\api-ms-win-crt-locale-l1-1-0.dll
0x00000273e2a70000 - 0x00000273e2a75000 	C:\Program Files\javafx-sdk-17.0.2\bin\api-ms-win-crt-math-l1-1-0.dll
0x00000273e2a80000 - 0x00000273e2a85000 	C:\Program Files\javafx-sdk-17.0.2\bin\api-ms-win-crt-multibyte-l1-1-0.dll
0x00000273e2a90000 - 0x00000273e2aa0000 	C:\Program Files\javafx-sdk-17.0.2\bin\api-ms-win-crt-private-l1-1-0.dll
0x00000273e2aa0000 - 0x00000273e2aa3000 	C:\Program Files\javafx-sdk-17.0.2\bin\api-ms-win-crt-process-l1-1-0.dll
0x00000273e2ab0000 - 0x00000273e2ab4000 	C:\Program Files\javafx-sdk-17.0.2\bin\api-ms-win-crt-runtime-l1-1-0.dll
0x00000273e2ac0000 - 0x00000273e2ac4000 	C:\Program Files\javafx-sdk-17.0.2\bin\api-ms-win-crt-stdio-l1-1-0.dll
0x00000273e2ad0000 - 0x00000273e2ad4000 	C:\Program Files\javafx-sdk-17.0.2\bin\api-ms-win-crt-string-l1-1-0.dll
0x00000273e2ae0000 - 0x00000273e2ae3000 	C:\Program Files\javafx-sdk-17.0.2\bin\api-ms-win-crt-time-l1-1-0.dll
0x00000273e2af0000 - 0x00000273e2af3000 	C:\Program Files\javafx-sdk-17.0.2\bin\api-ms-win-crt-utility-l1-1-0.dll
0x00007ffd774c0000 - 0x00007ffd775bc000 	C:\Program Files\javafx-sdk-17.0.2\bin\ucrtbase.dll
0x00007ffda07d0000 - 0x00007ffda07ea000 	C:\Program Files\javafx-sdk-17.0.2\bin\vcruntime140.dll
0x00007ffdac860000 - 0x00007ffdac86c000 	C:\Program Files\javafx-sdk-17.0.2\bin\vcruntime140_1.dll
0x00007ffd7b390000 - 0x00007ffd7b41d000 	C:\Program Files\javafx-sdk-17.0.2\bin\msvcp140.dll
0x00007ffd886c0000 - 0x00007ffd886ea000 	C:\Program Files\javafx-sdk-17.0.2\bin\prism_d3d.dll
0x00007ffda07f0000 - 0x00007ffda0999000 	C:\WINDOWS\system32\d3d9.dll
0x00007ffdb02a0000 - 0x00007ffdb02cb000 	C:\WINDOWS\SYSTEM32\dwmapi.dll
0x00007ffdb0ea0000 - 0x00007ffdb0ed6000 	C:\WINDOWS\SYSTEM32\dxcore.dll
0x00007ffdafe10000 - 0x00007ffdafebb000 	C:\WINDOWS\system32\uxtheme.dll
0x00007ffd85480000 - 0x00007ffd8562f000 	C:\WINDOWS\System32\DriverStore\FileRepository\iigd_dch.inf_amd64_51f685305808e3a5\igdumdim64.dll
0x00007ffdb78a0000 - 0x00007ffdb7a3c000 	C:\WINDOWS\System32\ole32.dll
0x00007ffd4e230000 - 0x00007ffd512d3000 	C:\WINDOWS\System32\DriverStore\FileRepository\iigd_dch.inf_amd64_51f685305808e3a5\igd9dxva64.dll
0x00007ffdb8a10000 - 0x00007ffdb8e8a000 	C:\WINDOWS\System32\SETUPAPI.dll
0x00007ffdb6720000 - 0x00007ffdb676e000 	C:\WINDOWS\SYSTEM32\cfgmgr32.dll
0x00007ffda7050000 - 0x00007ffda7459000 	C:\WINDOWS\System32\DriverStore\FileRepository\iigd_dch.inf_amd64_51f685305808e3a5\igdgmm64.dll
0x00007ffdabc00000 - 0x00007ffdabc49000 	C:\WINDOWS\SYSTEM32\directxdatabasehelper.dll
0x00007ffd77700000 - 0x00007ffd77742000 	C:\Program Files\javafx-sdk-17.0.2\bin\glass.dll
0x00007ffdb7ea0000 - 0x00007ffdb7f97000 	C:\WINDOWS\System32\COMDLG32.dll
0x00007ffdb87a0000 - 0x00007ffdb88be000 	C:\WINDOWS\System32\MSCTF.dll
0x00007ffdab7e0000 - 0x00007ffdab807000 	C:\WINDOWS\System32\DriverStore\FileRepository\iigd_dch.inf_amd64_51f685305808e3a5\igdinfo64.dll
0x00007ffdb6270000 - 0x00007ffdb628b000 	C:\WINDOWS\SYSTEM32\CRYPTSP.dll
0x00007ffdb5b20000 - 0x00007ffdb5b55000 	C:\WINDOWS\system32\rsaenh.dll
0x00007ffdb6290000 - 0x00007ffdb629c000 	C:\WINDOWS\SYSTEM32\CRYPTBASE.dll
0x00007ffdb6430000 - 0x00007ffdb6458000 	C:\WINDOWS\SYSTEM32\bcrypt.dll
0x00007ffda38b0000 - 0x00007ffda7044000 	C:\WINDOWS\System32\DriverStore\FileRepository\iigd_dch.inf_amd64_51f685305808e3a5\igc64.dll
0x00007ffdb56a0000 - 0x00007ffdb5792000 	C:\WINDOWS\SYSTEM32\DNSAPI.dll
0x00007ffdb5630000 - 0x00007ffdb565d000 	C:\WINDOWS\SYSTEM32\IPHLPAPI.DLL
0x00007ffdb7720000 - 0x00007ffdb7729000 	C:\WINDOWS\System32\NSI.dll
0x00007ffda95a0000 - 0x00007ffda95aa000 	C:\Windows\System32\rasadhlp.dll
0x00007ffda9a80000 - 0x00007ffda9b03000 	C:\WINDOWS\System32\fwpuclnt.dll

dbghelp: loaded successfully - version: 4.0.5 - missing functions: none
symbol engine: initialized successfully - sym options: 0x614 - pdb path: .;C:\Program Files\jdk-17.0.5\bin;C:\WINDOWS\SYSTEM32;C:\WINDOWS\WinSxS\amd64_microsoft.windows.common-controls_6595b64144ccf1df_6.0.22621.608_none_a9444ca7c10bb01d;C:\Program Files\jdk-17.0.5\bin\server;C:\ProgramData\Microsoft\Windows\Start Menu\Programs\ideaIC-2021.3.2.win\bin;C:\Program Files\javafx-sdk-17.0.2\bin;C:\WINDOWS\System32\DriverStore\FileRepository\iigd_dch.inf_amd64_51f685305808e3a5

VM Arguments:
jvm_args: --module-path=C:/Program Files/javafx-sdk-17.0.2/lib --add-modules=javafx.fxml,javafx.controls,javafx.graphics -javaagent:C:\ProgramData\Microsoft\Windows\Start Menu\Programs\ideaIC-2021.3.2.win\lib\idea_rt.jar=65296:C:\ProgramData\Microsoft\Windows\Start Menu\Programs\ideaIC-2021.3.2.win\bin -Dfile.encoding=UTF-8 
java_command: main.Main
java_class_path (initial): C:\Users\jkhat\OneDrive\WGU\C195_JasmineLangford\out\production\C195_JasmineLangford;C:\Program Files\javafx-sdk-17.0.2\lib\javafx-swt.jar;C:\Program Files\javafx-sdk-17.0.2\lib\javafx.web.jar;C:\Program Files\javafx-sdk-17.0.2\lib\javafx.base.jar;C:\Program Files\javafx-sdk-17.0.2\lib\javafx.fxml.jar;C:\Program Files\javafx-sdk-17.0.2\lib\javafx.media.jar;C:\Program Files\javafx-sdk-17.0.2\lib\javafx.swing.jar;C:\Program Files\javafx-sdk-17.0.2\lib\javafx.controls.jar;C:\Program Files\javafx-sdk-17.0.2\lib\javafx.graphics.jar;C:\Users\jkhat\Downloads\mysql-connector-j-8.0.31\mysql-connector-j-8.0.31\mysql-connector-j-8.0.31.jar
Launcher Type: SUN_STANDARD

[Global flags]
     intx CICompilerCount                          = 4                                         {product} {ergonomic}
     uint ConcGCThreads                            = 2                                         {product} {ergonomic}
     uint G1ConcRefinementThreads                  = 8                                         {product} {ergonomic}
   size_t G1HeapRegionSize                         = 1048576                                   {product} {ergonomic}
    uintx GCDrainStackTargetSize                   = 64                                        {product} {ergonomic}
   size_t InitialHeapSize                          = 132120576                                 {product} {ergonomic}
   size_t MarkStackSize                            = 4194304                                   {product} {ergonomic}
   size_t MaxHeapSize                              = 2099249152                                {product} {ergonomic}
   size_t MaxNewSize                               = 1259339776                                {product} {ergonomic}
   size_t MinHeapDeltaBytes                        = 1048576                                   {product} {ergonomic}
   size_t MinHeapSize                              = 8388608                                   {product} {ergonomic}
    uintx NonNMethodCodeHeapSize                   = 5839372                                {pd product} {ergonomic}
    uintx NonProfiledCodeHeapSize                  = 122909434                              {pd product} {ergonomic}
    uintx ProfiledCodeHeapSize                     = 122909434                              {pd product} {ergonomic}
    uintx ReservedCodeCacheSize                    = 251658240                              {pd product} {ergonomic}
     bool SegmentedCodeCache                       = true                                      {product} {ergonomic}
   size_t SoftMaxHeapSize                          = 2099249152                             {manageable} {ergonomic}
     bool UseCompressedClassPointers               = true                           {product lp64_product} {ergonomic}
     bool UseCompressedOops                        = true                           {product lp64_product} {ergonomic}
     bool UseG1GC                                  = true                                      {product} {ergonomic}
     bool UseLargePagesIndividualAllocation        = false                                  {pd product} {ergonomic}

Logging:
Log output configuration:
 #0: stdout all=warning uptime,level,tags
 #1: stderr all=off uptime,level,tags

Environment Variables:
PATH=C:\Program Files\Common Files\Oracle\Java\javapath;C:\Program Files (x86)\Intel\Intel(R) Management Engine Components\iCLS\;C:\Program Files\Intel\Intel(R) Management Engine Components\iCLS\;C:\WINDOWS\system32;C:\WINDOWS;C:\WINDOWS\System32\Wbem;C:\WINDOWS\System32\WindowsPowerShell\v1.0\;C:\WINDOWS\System32\OpenSSH\;C:\Program Files (x86)\Intel\Intel(R) Management Engine Components\DAL;C:\Program Files\Intel\Intel(R) Management Engine Components\DAL;C:\Program Files\dotnet\;C:\Users\jkhat\AppData\Local\Microsoft\WindowsApps;C:\Users\jkhat\AppData\Local\GitHubDesktop\bin;
USERNAME=jkhat
OS=Windows_NT
PROCESSOR_IDENTIFIER=Intel64 Family 6 Model 142 Stepping 10, GenuineIntel



---------------  S Y S T E M  ---------------

OS:
 Windows 11 , 64 bit Build 22621 (10.0.22621.1105)
OS uptime: 8 days 10:43 hours

CPU: total 8 (initial active 8) (4 cores per cpu, 2 threads per core) family 6 model 142 stepping 10 microcode 0xe0, cx8, cmov, fxsr, ht, mmx, 3dnowpref, sse, sse2, sse3, ssse3, sse4.1, sse4.2, popcnt, lzcnt, tsc, tscinvbit, avx, avx2, aes, erms, clmul, bmi1, bmi2, adx, fma, vzeroupper, clflush, clflushopt

Memory: 4k page, system-wide physical 8007M (336M free)
TotalPageFile size 12103M (AvailPageFile size 4M)
current process WorkingSet (physical memory assigned to process): 99M, peak: 99M
current process commit charge ("private bytes"): 247M, peak: 247M

vm_info: Java HotSpot(TM) 64-Bit Server VM (17.0.5+9-LTS-191) for windows-amd64 JRE (17.0.5+9-LTS-191), built on Sep 13 2022 17:31:43 by "mach5one" with MS VC++ 16.8 / 16.9 (VS2019)

END.
