#
# There is insufficient memory for the Java Runtime Environment to continue.
# Native memory allocation (mmap) failed to map 132120576 bytes for G1 virtual space
# Possible reasons:
#   The system is out of physical RAM or swap space
#   The process is running with CompressedOops enabled, and the Java Heap may be blocking the growth of the native heap
# Possible solutions:
#   Reduce memory load on the system
#   Increase physical memory or swap space
#   Check if swap backing store is full
#   Decrease Java heap size (-Xmx/-Xms)
#   Decrease number of Java threads
#   Decrease Java thread stack sizes (-Xss)
#   Set larger code cache with -XX:ReservedCodeCacheSize=
#   JVM is running with Unscaled Compressed Oops mode in which the Java heap is
#     placed in the first 4GB address space. The Java Heap base address is the
#     maximum limit for the native heap growth. Please use -XX:HeapBaseMinAddress
#     to set the Java Heap base and to place the Java Heap above 4GB virtual address.
# This output file may be truncated or incomplete.
#
#  Out of Memory Error (os_windows.cpp:3541), pid=13884, tid=9924
#
# JRE version:  (17.0.5+9) (build )
# Java VM: Java HotSpot(TM) 64-Bit Server VM (17.0.5+9-LTS-191, mixed mode, sharing, tiered, compressed oops, compressed class ptrs, g1 gc, windows-amd64)
# No core dump will be written. Minidumps are not enabled by default on client versions of Windows
#

---------------  S U M M A R Y ------------

Command Line: --module-path=C:/Program Files/javafx-sdk-17.0.2/lib --add-modules=javafx.fxml,javafx.controls,javafx.graphics -javaagent:C:\ProgramData\Microsoft\Windows\Start Menu\Programs\ideaIC-2021.3.2.win\lib\idea_rt.jar=58136:C:\ProgramData\Microsoft\Windows\Start Menu\Programs\ideaIC-2021.3.2.win\bin -Dfile.encoding=UTF-8 main.Main

Host: Intel(R) Core(TM) i7-8550U CPU @ 1.80GHz, 8 cores, 7G,  Windows 11 , 64 bit Build 22621 (10.0.22621.1105)
Time: Thu Feb 16 16:17:47 2023 Eastern Standard Time elapsed time: 0.011952 seconds (0d 0h 0m 0s)

---------------  T H R E A D  ---------------

Current thread (0x000001fbd9950ed0):  JavaThread "Unknown thread" [_thread_in_vm, id=9924, stack(0x0000000273700000,0x0000000273800000)]

Stack: [0x0000000273700000,0x0000000273800000]
Native frames: (J=compiled Java code, j=interpreted, Vv=VM code, C=native code)
V  [jvm.dll+0x672eea]
V  [jvm.dll+0x7d2a04]
V  [jvm.dll+0x7d41ae]
V  [jvm.dll+0x7d4813]
V  [jvm.dll+0x242c15]
V  [jvm.dll+0x66fe09]
V  [jvm.dll+0x664682]
V  [jvm.dll+0x300e8b]
V  [jvm.dll+0x308426]
V  [jvm.dll+0x357ffe]
V  [jvm.dll+0x35822f]
V  [jvm.dll+0x2d80a8]
V  [jvm.dll+0x2d9014]
V  [jvm.dll+0x7a44e1]
V  [jvm.dll+0x365df1]
V  [jvm.dll+0x7838fc]
V  [jvm.dll+0x3e873f]
V  [jvm.dll+0x3ea1e1]
C  [jli.dll+0x527b]
C  [ucrtbase.dll+0x29363]
C  [KERNEL32.DLL+0x126bd]
C  [ntdll.dll+0x5dfb8]


---------------  P R O C E S S  ---------------

Threads class SMR info:
_java_thread_list=0x00007fff8df6a8d8, length=0, elements={
}

Java Threads: ( => current thread )

Other Threads:
  0x000001fbd99a6db0 GCTaskThread "GC Thread#0" [stack: 0x0000000273800000,0x0000000273900000] [id=7084]
  0x000001fbd99b7890 ConcurrentGCThread "G1 Main Marker" [stack: 0x0000000273900000,0x0000000273a00000] [id=14964]
  0x000001fbd99b8a40 ConcurrentGCThread "G1 Conc#0" [stack: 0x0000000273a00000,0x0000000273b00000] [id=8276]

[error occurred during error reporting (printing all threads), id 0xc0000005, EXCEPTION_ACCESS_VIOLATION (0xc0000005) at pc=0x00007fff8d7b8a97]

VM state: not at safepoint (not fully initialized)

VM Mutex/Monitor currently owned by a thread:  ([mutex/lock_event])
[0x000001fbd994d650] Heap_lock - owner thread: 0x000001fbd9950ed0

Heap address: 0x0000000082e00000, size: 2002 MB, Compressed Oops mode: 32-bit

CDS archive(s) mapped at: [0x0000000000000000-0x0000000000000000-0x0000000000000000), size 0, SharedBaseAddress: 0x0000000800000000, ArchiveRelocationMode: 0.
Narrow klass base: 0x0000000000000000, Narrow klass shift: 0, Narrow klass range: 0x0

GC Precious Log:
<Empty>

Heap:
 garbage-first heap   total 0K, used 0K [0x0000000082e00000, 0x0000000100000000)
  region size 1024K, 0 young (0K), 0 survivors (0K)

[error occurred during error reporting (printing heap information), id 0xc0000005, EXCEPTION_ACCESS_VIOLATION (0xc0000005) at pc=0x00007fff8db9c399]

GC Heap History (0 events):
No events

Deoptimization events (0 events):
No events

Classes unloaded (0 events):
No events

Classes redefined (0 events):
No events

Internal exceptions (0 events):
No events

VM Operations (0 events):
No events

Events (1 events):
Event: 0.009 Loaded shared library C:\Program Files\jdk-17.0.5\bin\java.dll


Dynamic libraries:
0x00007ff7049c0000 - 0x00007ff7049d0000 	C:\Program Files\jdk-17.0.5\bin\java.exe
0x00007ff805550000 - 0x00007ff805764000 	C:\WINDOWS\SYSTEM32\ntdll.dll
0x00007ff803b00000 - 0x00007ff803bc3000 	C:\WINDOWS\System32\KERNEL32.DLL
0x00007ff802e30000 - 0x00007ff8031cd000 	C:\WINDOWS\System32\KERNELBASE.dll
0x00007ff802d10000 - 0x00007ff802e21000 	C:\WINDOWS\System32\ucrtbase.dll
0x00007ffff9900000 - 0x00007ffff991a000 	C:\Program Files\jdk-17.0.5\bin\VCRUNTIME140.dll
0x00007ffff9130000 - 0x00007ffff9148000 	C:\Program Files\jdk-17.0.5\bin\jli.dll
0x00007ff805460000 - 0x00007ff80550e000 	C:\WINDOWS\System32\ADVAPI32.dll
0x00007ff8042e0000 - 0x00007ff804387000 	C:\WINDOWS\System32\msvcrt.dll
0x00007ff8053a0000 - 0x00007ff805444000 	C:\WINDOWS\System32\sechost.dll
0x00007ff803340000 - 0x00007ff803455000 	C:\WINDOWS\System32\RPCRT4.dll
0x00007ff804460000 - 0x00007ff80460d000 	C:\WINDOWS\System32\USER32.dll
0x00007ff802970000 - 0x00007ff802996000 	C:\WINDOWS\System32\win32u.dll
0x00007fffe81c0000 - 0x00007fffe844e000 	C:\WINDOWS\WinSxS\amd64_microsoft.windows.common-controls_6595b64144ccf1df_6.0.22621.608_none_a9444ca7c10bb01d\COMCTL32.dll
0x00007ff803a40000 - 0x00007ff803a69000 	C:\WINDOWS\System32\GDI32.dll
0x00007ff802bf0000 - 0x00007ff802d02000 	C:\WINDOWS\System32\gdi32full.dll
0x00007ff8029a0000 - 0x00007ff802a3a000 	C:\WINDOWS\System32\msvcp_win.dll
0x00007ffff7ef0000 - 0x00007ffff7efa000 	C:\WINDOWS\SYSTEM32\VERSION.dll
0x00007ff805360000 - 0x00007ff805392000 	C:\WINDOWS\System32\IMM32.DLL
0x00007ffff98f0000 - 0x00007ffff98fc000 	C:\Program Files\jdk-17.0.5\bin\vcruntime140_1.dll
0x00007ffff56d0000 - 0x00007ffff575d000 	C:\Program Files\jdk-17.0.5\bin\msvcp140.dll
0x00007fff8d4d0000 - 0x00007fff8e092000 	C:\Program Files\jdk-17.0.5\bin\server\jvm.dll
0x00007ff805450000 - 0x00007ff805458000 	C:\WINDOWS\System32\PSAPI.DLL
0x00007fffcfcd0000 - 0x00007fffcfcd9000 	C:\WINDOWS\SYSTEM32\WSOCK32.dll
0x00007ff803460000 - 0x00007ff8034d1000 	C:\WINDOWS\System32\WS2_32.dll
0x00007ffff8350000 - 0x00007ffff8384000 	C:\WINDOWS\SYSTEM32\WINMM.dll
0x00007ff801ab0000 - 0x00007ff801ac8000 	C:\WINDOWS\SYSTEM32\kernel.appcore.dll
0x00007ffff93f0000 - 0x00007ffff93fa000 	C:\Program Files\jdk-17.0.5\bin\jimage.dll
0x00007ffffce00000 - 0x00007ffffd02e000 	C:\WINDOWS\SYSTEM32\DBGHELP.DLL
0x00007ff804fd0000 - 0x00007ff80535a000 	C:\WINDOWS\System32\combase.dll
0x00007ff803960000 - 0x00007ff803a37000 	C:\WINDOWS\System32\OLEAUT32.dll
0x00007ffff6290000 - 0x00007ffff62c2000 	C:\WINDOWS\SYSTEM32\dbgcore.DLL
0x00007ff802ab0000 - 0x00007ff802b2b000 	C:\WINDOWS\System32\bcryptPrimitives.dll
0x00007ffff9120000 - 0x00007ffff912e000 	C:\Program Files\jdk-17.0.5\bin\instrument.dll
0x00007ffff7ff0000 - 0x00007ffff8015000 	C:\Program Files\jdk-17.0.5\bin\java.dll

dbghelp: loaded successfully - version: 4.0.5 - missing functions: none
symbol engine: initialized successfully - sym options: 0x614 - pdb path: .;C:\Program Files\jdk-17.0.5\bin;C:\WINDOWS\SYSTEM32;C:\WINDOWS\WinSxS\amd64_microsoft.windows.common-controls_6595b64144ccf1df_6.0.22621.608_none_a9444ca7c10bb01d;C:\Program Files\jdk-17.0.5\bin\server

VM Arguments:
jvm_args: --module-path=C:/Program Files/javafx-sdk-17.0.2/lib --add-modules=javafx.fxml,javafx.controls,javafx.graphics -javaagent:C:\ProgramData\Microsoft\Windows\Start Menu\Programs\ideaIC-2021.3.2.win\lib\idea_rt.jar=58136:C:\ProgramData\Microsoft\Windows\Start Menu\Programs\ideaIC-2021.3.2.win\bin -Dfile.encoding=UTF-8 
java_command: main.Main
java_class_path (initial): C:\Users\jkhat\OneDrive\WGU\C195_JasmineLangford\out\production\C195_JasmineLangford;C:\Program Files\javafx-sdk-17.0.2\lib\javafx-swt.jar;C:\Program Files\javafx-sdk-17.0.2\lib\javafx.web.jar;C:\Program Files\javafx-sdk-17.0.2\lib\javafx.base.jar;C:\Program Files\javafx-sdk-17.0.2\lib\javafx.fxml.jar;C:\Program Files\javafx-sdk-17.0.2\lib\javafx.media.jar;C:\Program Files\javafx-sdk-17.0.2\lib\javafx.swing.jar;C:\Program Files\javafx-sdk-17.0.2\lib\javafx.controls.jar;C:\Program Files\javafx-sdk-17.0.2\lib\javafx.graphics.jar;C:\Users\jkhat\Downloads\mysql-connector-j-8.0.31\mysql-connector-j-8.0.31\mysql-connector-j-8.0.31.jar
Launcher Type: SUN_STANDARD

[Global flags]
     intx CICompilerCount                          = 4                                         {product} {ergonomic}
     uint ConcGCThreads                            = 2                                         {product} {ergonomic}
     uint G1ConcRefinementThreads                  = 8                                         {product} {ergonomic}
   size_t G1HeapRegionSize                         = 1048576                                   {product} {ergonomic}
    uintx GCDrainStackTargetSize                   = 64                                        {product} {ergonomic}
   size_t InitialHeapSize                          = 132120576                                 {product} {ergonomic}
   size_t MarkStackSize                            = 4194304                                   {product} {ergonomic}
   size_t MaxHeapSize                              = 2099249152                                {product} {ergonomic}
   size_t MinHeapDeltaBytes                        = 1048576                                   {product} {ergonomic}
   size_t MinHeapSize                              = 8388608                                   {product} {ergonomic}
    uintx NonNMethodCodeHeapSize                   = 5839372                                {pd product} {ergonomic}
    uintx NonProfiledCodeHeapSize                  = 122909434                              {pd product} {ergonomic}
    uintx ProfiledCodeHeapSize                     = 122909434                              {pd product} {ergonomic}
    uintx ReservedCodeCacheSize                    = 251658240                              {pd product} {ergonomic}
     bool SegmentedCodeCache                       = true                                      {product} {ergonomic}
   size_t SoftMaxHeapSize                          = 2099249152                             {manageable} {ergonomic}
     bool UseCompressedClassPointers               = true                           {product lp64_product} {ergonomic}
     bool UseCompressedOops                        = true                           {product lp64_product} {ergonomic}
     bool UseG1GC                                  = true                                      {product} {ergonomic}
     bool UseLargePagesIndividualAllocation        = false                                  {pd product} {ergonomic}

Logging:
Log output configuration:
 #0: stdout all=warning uptime,level,tags
 #1: stderr all=off uptime,level,tags

Environment Variables:
PATH=C:\Program Files\Common Files\Oracle\Java\javapath;C:\Program Files (x86)\Intel\Intel(R) Management Engine Components\iCLS\;C:\Program Files\Intel\Intel(R) Management Engine Components\iCLS\;C:\WINDOWS\system32;C:\WINDOWS;C:\WINDOWS\System32\Wbem;C:\WINDOWS\System32\WindowsPowerShell\v1.0\;C:\WINDOWS\System32\OpenSSH\;C:\Program Files (x86)\Intel\Intel(R) Management Engine Components\DAL;C:\Program Files\Intel\Intel(R) Management Engine Components\DAL;C:\Program Files\dotnet\;C:\Users\jkhat\AppData\Local\Microsoft\WindowsApps;C:\Users\jkhat\AppData\Local\GitHubDesktop\bin;
USERNAME=jkhat
OS=Windows_NT
PROCESSOR_IDENTIFIER=Intel64 Family 6 Model 142 Stepping 10, GenuineIntel



---------------  S Y S T E M  ---------------

OS:
 Windows 11 , 64 bit Build 22621 (10.0.22621.1105)
OS uptime: 0 days 5:28 hours

CPU: total 8 (initial active 8) (4 cores per cpu, 2 threads per core) family 6 model 142 stepping 10 microcode 0xe0, cx8, cmov, fxsr, ht, mmx, 3dnowpref, sse, sse2, sse3, ssse3, sse4.1, sse4.2, popcnt, lzcnt, tsc, tscinvbit, avx, avx2, aes, erms, clmul, bmi1, bmi2, adx, fma, vzeroupper, clflush, clflushopt

Memory: 4k page, system-wide physical 8007M (672M free)
TotalPageFile size 12103M (AvailPageFile size 92M)
current process WorkingSet (physical memory assigned to process): 11M, peak: 11M
current process commit charge ("private bytes"): 60M, peak: 186M

vm_info: Java HotSpot(TM) 64-Bit Server VM (17.0.5+9-LTS-191) for windows-amd64 JRE (17.0.5+9-LTS-191), built on Sep 13 2022 17:31:43 by "mach5one" with MS VC++ 16.8 / 16.9 (VS2019)

END.
