#
# There is insufficient memory for the Java Runtime Environment to continue.
# Native memory allocation (mmap) failed to map 65536 bytes for Failed to commit metaspace.
# Possible reasons:
#   The system is out of physical RAM or swap space
#   The process is running with CompressedOops enabled, and the Java Heap may be blocking the growth of the native heap
# Possible solutions:
#   Reduce memory load on the system
#   Increase physical memory or swap space
#   Check if swap backing store is full
#   Decrease Java heap size (-Xmx/-Xms)
#   Decrease number of Java threads
#   Decrease Java thread stack sizes (-Xss)
#   Set larger code cache with -XX:ReservedCodeCacheSize=
#   JVM is running with Unscaled Compressed Oops mode in which the Java heap is
#     placed in the first 4GB address space. The Java Heap base address is the
#     maximum limit for the native heap growth. Please use -XX:HeapBaseMinAddress
#     to set the Java Heap base and to place the Java Heap above 4GB virtual address.
# This output file may be truncated or incomplete.
#
#  Out of Memory Error (virtualSpaceNode.cpp:110), pid=5764, tid=8476
#
# JRE version: Java(TM) SE Runtime Environment (17.0.5+9) (build 17.0.5+9-LTS-191)
# Java VM: Java HotSpot(TM) 64-Bit Server VM (17.0.5+9-LTS-191, mixed mode, sharing, tiered, compressed oops, compressed class ptrs, g1 gc, windows-amd64)
# No core dump will be written. Minidumps are not enabled by default on client versions of Windows
#

---------------  S U M M A R Y ------------

Command Line: --module-path=C:/Program Files/javafx-sdk-17.0.2/lib --add-modules=javafx.fxml,javafx.controls,javafx.graphics -javaagent:C:\ProgramData\Microsoft\Windows\Start Menu\Programs\ideaIC-2021.3.2.win\lib\idea_rt.jar=63901:C:\ProgramData\Microsoft\Windows\Start Menu\Programs\ideaIC-2021.3.2.win\bin -Dfile.encoding=UTF-8 main.Main

Host: Intel(R) Core(TM) i7-8550U CPU @ 1.80GHz, 8 cores, 7G,  Windows 11 , 64 bit Build 22621 (10.0.22621.1194)
Time: Wed Mar  1 10:16:06 2023 Eastern Standard Time elapsed time: 1.996760 seconds (0d 0h 0m 1s)

---------------  T H R E A D  ---------------

Current thread (0x000001e02715c3d0):  JavaThread "main" [_thread_in_vm, id=8476, stack(0x000000143a500000,0x000000143a600000)]

Stack: [0x000000143a500000,0x000000143a600000]
Native frames: (J=compiled Java code, j=interpreted, Vv=VM code, C=native code)
V  [jvm.dll+0x672eea]
V  [jvm.dll+0x7d2a04]
V  [jvm.dll+0x7d41ae]
V  [jvm.dll+0x7d4813]
V  [jvm.dll+0x242c15]
V  [jvm.dll+0x7ce9ab]
V  [jvm.dll+0x618bb6]
V  [jvm.dll+0x618c1a]
V  [jvm.dll+0x61b42a]
V  [jvm.dll+0x619556]
V  [jvm.dll+0x62a6ca]
V  [jvm.dll+0x6234da]
V  [jvm.dll+0x211db1]
V  [jvm.dll+0x211ee9]
V  [jvm.dll+0x37cc0e]
V  [jvm.dll+0x37c9fd]
C  0x000001e02e9dc879

Java frames: (J=compiled Java code, j=interpreted, Vv=VM code)
j  java.util.TreeMap.setColor(Ljava/util/TreeMap$Entry;Z)V+0 java.base@17.0.5
j  java.util.TreeMap.fixAfterInsertion(Ljava/util/TreeMap$Entry;)V+179 java.base@17.0.5
j  java.util.TreeMap.addEntry(Ljava/lang/Object;Ljava/lang/Object;Ljava/util/TreeMap$Entry;Z)V+35 java.base@17.0.5
j  java.util.TreeMap.put(Ljava/lang/Object;Ljava/lang/Object;Z)Ljava/lang/Object;+216 java.base@17.0.5
j  java.util.TreeMap.put(Ljava/lang/Object;Ljava/lang/Object;)Ljava/lang/Object;+4 java.base@17.0.5
j  sun.nio.cs.ext.AbstractCharsetProvider.put(Ljava/util/Map;Ljava/lang/Object;Ljava/lang/Object;)V+13 jdk.charsets@17.0.5
j  sun.nio.cs.ext.AbstractCharsetProvider.charset(Ljava/lang/String;Ljava/lang/String;[Ljava/lang/String;)V+33 jdk.charsets@17.0.5
j  sun.nio.cs.ext.ExtendedCharsets.<init>()V+1003 jdk.charsets@17.0.5
v  ~StubRoutines::call_stub
j  jdk.internal.reflect.NativeConstructorAccessorImpl.newInstance0(Ljava/lang/reflect/Constructor;[Ljava/lang/Object;)Ljava/lang/Object;+0 java.base@17.0.5
j  jdk.internal.reflect.NativeConstructorAccessorImpl.newInstance([Ljava/lang/Object;)Ljava/lang/Object;+118 java.base@17.0.5
j  jdk.internal.reflect.DelegatingConstructorAccessorImpl.newInstance([Ljava/lang/Object;)Ljava/lang/Object;+5 java.base@17.0.5
j  java.lang.reflect.Constructor.newInstanceWithCaller([Ljava/lang/Object;ZLjava/lang/Class;)Ljava/lang/Object;+65 java.base@17.0.5
j  java.lang.reflect.Constructor.newInstance([Ljava/lang/Object;)Ljava/lang/Object;+30 java.base@17.0.5
j  java.util.ServiceLoader$ProviderImpl.newInstance()Ljava/lang/Object;+19 java.base@17.0.5
j  java.util.ServiceLoader$ProviderImpl.get()Ljava/lang/Object;+13 java.base@17.0.5
j  java.util.ServiceLoader$3.next()Ljava/lang/Object;+58 java.base@17.0.5
j  java.nio.charset.Charset$ExtendedProviderHolder$1.run()[Ljava/nio/charset/spi/CharsetProvider;+31 java.base@17.0.5
j  java.nio.charset.Charset$ExtendedProviderHolder$1.run()Ljava/lang/Object;+1 java.base@17.0.5
J 1032 c1 java.security.AccessController.doPrivileged(Ljava/security/PrivilegedAction;)Ljava/lang/Object; java.base@17.0.5 (9 bytes) @ 0x000001e02f0fd344 [0x000001e02f0fd1e0+0x0000000000000164]
j  java.nio.charset.Charset$ExtendedProviderHolder.extendedProviders()[Ljava/nio/charset/spi/CharsetProvider;+7 java.base@17.0.5
j  java.nio.charset.Charset$ExtendedProviderHolder.<clinit>()V+0 java.base@17.0.5
v  ~StubRoutines::call_stub
j  java.nio.charset.Charset.lookupExtendedCharset(Ljava/lang/String;)Ljava/nio/charset/Charset;+8 java.base@17.0.5
j  java.nio.charset.Charset.lookup2(Ljava/lang/String;)Ljava/nio/charset/Charset;+48 java.base@17.0.5
j  java.nio.charset.Charset.lookup(Ljava/lang/String;)Ljava/nio/charset/Charset;+40 java.base@17.0.5
j  java.nio.charset.Charset.forName(Ljava/lang/String;)Ljava/nio/charset/Charset;+1 java.base@17.0.5
j  com.mysql.cj.MysqlCharset.<init>(Ljava/lang/String;II[Ljava/lang/String;Lcom/mysql/cj/ServerVersion;)V+61
j  com.mysql.cj.MysqlCharset.<init>(Ljava/lang/String;II[Ljava/lang/String;)V+16
j  com.mysql.cj.CharsetMapping.<clinit>()V+52
v  ~StubRoutines::call_stub
j  com.mysql.cj.protocol.a.NativeProtocol.beforeHandshake()V+28
j  com.mysql.cj.protocol.a.NativeProtocol.connect(Ljava/lang/String;Ljava/lang/String;Ljava/lang/String;)V+1
j  com.mysql.cj.NativeSession.connect(Lcom/mysql/cj/conf/HostInfo;Ljava/lang/String;Ljava/lang/String;Ljava/lang/String;ILcom/mysql/cj/TransactionEventHandler;)V+110
j  com.mysql.cj.jdbc.ConnectionImpl.connectOneTryOnly(Z)V+32
j  com.mysql.cj.jdbc.ConnectionImpl.createNewIO(Z)V+27
j  com.mysql.cj.jdbc.ConnectionImpl.<init>(Lcom/mysql/cj/conf/HostInfo;)V+753
j  com.mysql.cj.jdbc.ConnectionImpl.getInstance(Lcom/mysql/cj/conf/HostInfo;)Lcom/mysql/cj/jdbc/JdbcConnection;+5
j  com.mysql.cj.jdbc.NonRegisteringDriver.connect(Ljava/lang/String;Ljava/util/Properties;)Ljava/sql/Connection;+72
j  java.sql.DriverManager.getConnection(Ljava/lang/String;Ljava/util/Properties;Ljava/lang/Class;)Ljava/sql/Connection;+131 java.sql@17.0.5
j  java.sql.DriverManager.getConnection(Ljava/lang/String;Ljava/lang/String;Ljava/lang/String;)Ljava/sql/Connection;+37 java.sql@17.0.5
j  DAO.JDBC.openConnection()V+13
j  main.Main.main([Ljava/lang/String;)V+0
v  ~StubRoutines::call_stub
j  jdk.internal.reflect.NativeMethodAccessorImpl.invoke0(Ljava/lang/reflect/Method;Ljava/lang/Object;[Ljava/lang/Object;)Ljava/lang/Object;+0 java.base@17.0.5
j  jdk.internal.reflect.NativeMethodAccessorImpl.invoke(Ljava/lang/Object;[Ljava/lang/Object;)Ljava/lang/Object;+133 java.base@17.0.5
j  jdk.internal.reflect.DelegatingMethodAccessorImpl.invoke(Ljava/lang/Object;[Ljava/lang/Object;)Ljava/lang/Object;+6 java.base@17.0.5
j  java.lang.reflect.Method.invoke(Ljava/lang/Object;[Ljava/lang/Object;)Ljava/lang/Object;+59 java.base@17.0.5
j  com.sun.javafx.application.LauncherImpl.launchApplicationWithArgs(Lcom/sun/javafx/application/ModuleAccess;Ljava/lang/String;Ljava/lang/String;[Ljava/lang/String;)V+150 javafx.graphics
j  com.sun.javafx.application.LauncherImpl.launchApplication(Ljava/lang/String;Ljava/lang/String;[Ljava/lang/String;)V+483 javafx.graphics
v  ~StubRoutines::call_stub
j  jdk.internal.reflect.NativeMethodAccessorImpl.invoke0(Ljava/lang/reflect/Method;Ljava/lang/Object;[Ljava/lang/Object;)Ljava/lang/Object;+0 java.base@17.0.5
j  jdk.internal.reflect.NativeMethodAccessorImpl.invoke(Ljava/lang/Object;[Ljava/lang/Object;)Ljava/lang/Object;+133 java.base@17.0.5
j  jdk.internal.reflect.DelegatingMethodAccessorImpl.invoke(Ljava/lang/Object;[Ljava/lang/Object;)Ljava/lang/Object;+6 java.base@17.0.5
j  java.lang.reflect.Method.invoke(Ljava/lang/Object;[Ljava/lang/Object;)Ljava/lang/Object;+59 java.base@17.0.5
j  sun.launcher.LauncherHelper$FXHelper.main([Ljava/lang/String;)V+52 java.base@17.0.5
v  ~StubRoutines::call_stub

---------------  P R O C E S S  ---------------

Threads class SMR info:
_java_thread_list=0x000001e0465bac50, length=19, elements={
0x000001e02715c3d0, 0x000001e045164220, 0x000001e045164e50, 0x000001e045173fb0,
0x000001e045174960, 0x000001e045175310, 0x000001e04517ece0, 0x000001e045182f70,
0x000001e045183a10, 0x000001e04518d3e0, 0x000001e045c95b10, 0x000001e045c964b0,
0x000001e045c97cc0, 0x000001e045c977f0, 0x000001e045c95fe0, 0x000001e045c98190,
0x000001e045c98660, 0x000001e045c98b30, 0x000001e045eb1c80
}

Java Threads: ( => current thread )
=>0x000001e02715c3d0 JavaThread "main" [_thread_in_vm, id=8476, stack(0x000000143a500000,0x000000143a600000)]
  0x000001e045164220 JavaThread "Reference Handler" daemon [_thread_blocked, id=21928, stack(0x000000143ac00000,0x000000143ad00000)]
  0x000001e045164e50 JavaThread "Finalizer" daemon [_thread_blocked, id=10480, stack(0x000000143ad00000,0x000000143ae00000)]
  0x000001e045173fb0 JavaThread "Signal Dispatcher" daemon [_thread_blocked, id=13380, stack(0x000000143ae00000,0x000000143af00000)]
  0x000001e045174960 JavaThread "Attach Listener" daemon [_thread_blocked, id=17852, stack(0x000000143af00000,0x000000143b000000)]
  0x000001e045175310 JavaThread "Service Thread" daemon [_thread_blocked, id=17656, stack(0x000000143b000000,0x000000143b100000)]
  0x000001e04517ece0 JavaThread "Monitor Deflation Thread" daemon [_thread_blocked, id=15848, stack(0x000000143b100000,0x000000143b200000)]
  0x000001e045182f70 JavaThread "C2 CompilerThread0" daemon [_thread_blocked, id=13200, stack(0x000000143b200000,0x000000143b300000)]
  0x000001e045183a10 JavaThread "C1 CompilerThread0" daemon [_thread_blocked, id=14532, stack(0x000000143b300000,0x000000143b400000)]
  0x000001e04518d3e0 JavaThread "Sweeper thread" daemon [_thread_blocked, id=2796, stack(0x000000143b400000,0x000000143b500000)]
  0x000001e045c95b10 JavaThread "Common-Cleaner" daemon [_thread_blocked, id=9600, stack(0x000000143b500000,0x000000143b600000)]
  0x000001e045c964b0 JavaThread "Monitor Ctrl-Break" daemon [_thread_in_native, id=15884, stack(0x000000143b700000,0x000000143b800000)]
  0x000001e045c97cc0 JavaThread "Notification Thread" daemon [_thread_blocked, id=6108, stack(0x000000143b800000,0x000000143b900000)]
  0x000001e045c977f0 JavaThread "QuantumRenderer-0" daemon [_thread_blocked, id=16740, stack(0x000000143b600000,0x000000143b700000)]
  0x000001e045c95fe0 JavaThread "InvokeLaterDispatcher" daemon [_thread_blocked, id=6564, stack(0x000000143ba00000,0x000000143bb00000)]
  0x000001e045c98190 JavaThread "JavaFX Application Thread" [_thread_in_native, id=15816, stack(0x000000143bb00000,0x000000143bc00000)]
  0x000001e045c98660 JavaThread "mysql-cj-abandoned-connection-cleanup" daemon [_thread_blocked, id=14320, stack(0x000000143c000000,0x000000143c100000)]
  0x000001e045c98b30 JavaThread "Thread-1" daemon [_thread_in_native, id=8648, stack(0x000000143bf00000,0x000000143c000000)]
  0x000001e045eb1c80 JavaThread "C2 CompilerThread1" daemon [_thread_blocked, id=20104, stack(0x000000143c100000,0x000000143c200000)]

Other Threads:
  0x000001e04515e970 VMThread "VM Thread" [stack: 0x000000143ab00000,0x000000143ac00000] [id=10740]
  0x000001e0271d4620 WatcherThread [stack: 0x000000143b900000,0x000000143ba00000] [id=16460]
  0x000001e0271b3db0 GCTaskThread "GC Thread#0" [stack: 0x000000143a600000,0x000000143a700000] [id=7564]
  0x000001e046702620 GCTaskThread "GC Thread#1" [stack: 0x000000143c200000,0x000000143c300000] [id=22144]
  0x000001e04b0b7d50 GCTaskThread "GC Thread#2" [stack: 0x000000143c300000,0x000000143c400000] [id=1684]
  0x000001e0465a07c0 GCTaskThread "GC Thread#3" [stack: 0x000000143c400000,0x000000143c500000] [id=20396]
  0x000001e0466e7860 GCTaskThread "GC Thread#4" [stack: 0x000000143c500000,0x000000143c600000] [id=14644]
  0x000001e046655840 GCTaskThread "GC Thread#5" [stack: 0x000000143c600000,0x000000143c700000] [id=16340]
  0x000001e0467feaf0 GCTaskThread "GC Thread#6" [stack: 0x000000143c700000,0x000000143c800000] [id=1032]
  0x000001e0271c5ca0 ConcurrentGCThread "G1 Main Marker" [stack: 0x000000143a700000,0x000000143a800000] [id=18440]
  0x000001e0271c6e50 ConcurrentGCThread "G1 Conc#0" [stack: 0x000000143a800000,0x000000143a900000] [id=10244]
  0x000001e0450220c0 ConcurrentGCThread "G1 Refine#0" [stack: 0x000000143a900000,0x000000143aa00000] [id=13880]
  0x000001e0272274a0 ConcurrentGCThread "G1 Service" [stack: 0x000000143aa00000,0x000000143ab00000] [id=11352]

Threads with active compile tasks:
C1 CompilerThread0     2116 1050       3       java.util.TreeMap::setColor (10 bytes)

VM state: not at safepoint (normal execution)

VM Mutex/Monitor currently owned by a thread:  ([mutex/lock_event])
[0x000001e027154cb0] Metaspace_lock - owner thread: 0x000001e02715c3d0
[0x000001e027155690] MethodData_lock - owner thread: 0x000001e02715c3d0

Heap address: 0x0000000082e00000, size: 2002 MB, Compressed Oops mode: 32-bit

CDS archive(s) mapped at: [0x0000000800000000-0x0000000800bd0000-0x0000000800bd0000), size 12386304, SharedBaseAddress: 0x0000000800000000, ArchiveRelocationMode: 0.
Compressed class space mapped at: 0x0000000800c00000-0x0000000840c00000, reserved size: 1073741824
Narrow klass base: 0x0000000800000000, Narrow klass shift: 0, Narrow klass range: 0x100000000

GC Precious Log:
 CPUs: 8 total, 8 available
 Memory: 8007M
 Large Page Support: Disabled
 NUMA Support: Disabled
 Compressed Oops: Enabled (32-bit)
 Heap Region Size: 1M
 Heap Min Capacity: 8M
 Heap Initial Capacity: 126M
 Heap Max Capacity: 2002M
 Pre-touch: Disabled
 Parallel Workers: 8
 Concurrent Workers: 2
 Concurrent Refinement Workers: 8
 Periodic GC: Disabled

Heap:
 garbage-first heap   total 129024K, used 4144K [0x0000000082e00000, 0x0000000100000000)
  region size 1024K, 4 young (4096K), 3 survivors (3072K)
 Metaspace       used 6371K, committed 6528K, reserved 1056768K
  class space    used 654K, committed 768K, reserved 1048576K

Heap Regions: E=young(eden), S=young(survivor), O=old, HS=humongous(starts), HC=humongous(continues), CS=collection set, F=free, OA=open archive, CA=closed archive, TAMS=top-at-mark-start (previous, next)
|   0|0x0000000082e00000, 0x0000000082f00000, 0x0000000082f00000|100%| O|  |TAMS 0x0000000082e00000, 0x0000000082e00000| Untracked 
|   1|0x0000000082f00000, 0x0000000082f0c000, 0x0000000083000000|  4%| O|  |TAMS 0x0000000082f00000, 0x0000000082f00000| Untracked 
|   2|0x0000000083000000, 0x0000000083000000, 0x0000000083100000|  0%| F|  |TAMS 0x0000000083000000, 0x0000000083000000| Untracked 
|   3|0x0000000083100000, 0x0000000083100000, 0x0000000083200000|  0%| F|  |TAMS 0x0000000083100000, 0x0000000083100000| Untracked 
|   4|0x0000000083200000, 0x0000000083200000, 0x0000000083300000|  0%| F|  |TAMS 0x0000000083200000, 0x0000000083200000| Untracked 
|   5|0x0000000083300000, 0x0000000083300000, 0x0000000083400000|  0%| F|  |TAMS 0x0000000083300000, 0x0000000083300000| Untracked 
|   6|0x0000000083400000, 0x0000000083400000, 0x0000000083500000|  0%| F|  |TAMS 0x0000000083400000, 0x0000000083400000| Untracked 
|   7|0x0000000083500000, 0x0000000083500000, 0x0000000083600000|  0%| F|  |TAMS 0x0000000083500000, 0x0000000083500000| Untracked 
|   8|0x0000000083600000, 0x0000000083600000, 0x0000000083700000|  0%| F|  |TAMS 0x0000000083600000, 0x0000000083600000| Untracked 
|   9|0x0000000083700000, 0x0000000083700000, 0x0000000083800000|  0%| F|  |TAMS 0x0000000083700000, 0x0000000083700000| Untracked 
|  10|0x0000000083800000, 0x0000000083800000, 0x0000000083900000|  0%| F|  |TAMS 0x0000000083800000, 0x0000000083800000| Untracked 
|  11|0x0000000083900000, 0x0000000083900000, 0x0000000083a00000|  0%| F|  |TAMS 0x0000000083900000, 0x0000000083900000| Untracked 
|  12|0x0000000083a00000, 0x0000000083a00000, 0x0000000083b00000|  0%| F|  |TAMS 0x0000000083a00000, 0x0000000083a00000| Untracked 
|  13|0x0000000083b00000, 0x0000000083b00000, 0x0000000083c00000|  0%| F|  |TAMS 0x0000000083b00000, 0x0000000083b00000| Untracked 
|  14|0x0000000083c00000, 0x0000000083c00000, 0x0000000083d00000|  0%| F|  |TAMS 0x0000000083c00000, 0x0000000083c00000| Untracked 
|  15|0x0000000083d00000, 0x0000000083d00000, 0x0000000083e00000|  0%| F|  |TAMS 0x0000000083d00000, 0x0000000083d00000| Untracked 
|  16|0x0000000083e00000, 0x0000000083e00000, 0x0000000083f00000|  0%| F|  |TAMS 0x0000000083e00000, 0x0000000083e00000| Untracked 
|  17|0x0000000083f00000, 0x0000000083f00000, 0x0000000084000000|  0%| F|  |TAMS 0x0000000083f00000, 0x0000000083f00000| Untracked 
|  18|0x0000000084000000, 0x0000000084000000, 0x0000000084100000|  0%| F|  |TAMS 0x0000000084000000, 0x0000000084000000| Untracked 
|  19|0x0000000084100000, 0x0000000084100000, 0x0000000084200000|  0%| F|  |TAMS 0x0000000084100000, 0x0000000084100000| Untracked 
|  20|0x0000000084200000, 0x0000000084200000, 0x0000000084300000|  0%| F|  |TAMS 0x0000000084200000, 0x0000000084200000| Untracked 
|  21|0x0000000084300000, 0x0000000084300000, 0x0000000084400000|  0%| F|  |TAMS 0x0000000084300000, 0x0000000084300000| Untracked 
|  22|0x0000000084400000, 0x0000000084400000, 0x0000000084500000|  0%| F|  |TAMS 0x0000000084400000, 0x0000000084400000| Untracked 
|  23|0x0000000084500000, 0x0000000084500000, 0x0000000084600000|  0%| F|  |TAMS 0x0000000084500000, 0x0000000084500000| Untracked 
|  24|0x0000000084600000, 0x0000000084600000, 0x0000000084700000|  0%| F|  |TAMS 0x0000000084600000, 0x0000000084600000| Untracked 
|  25|0x0000000084700000, 0x0000000084700000, 0x0000000084800000|  0%| F|  |TAMS 0x0000000084700000, 0x0000000084700000| Untracked 
|  26|0x0000000084800000, 0x0000000084800000, 0x0000000084900000|  0%| F|  |TAMS 0x0000000084800000, 0x0000000084800000| Untracked 
|  27|0x0000000084900000, 0x0000000084900000, 0x0000000084a00000|  0%| F|  |TAMS 0x0000000084900000, 0x0000000084900000| Untracked 
|  28|0x0000000084a00000, 0x0000000084a00000, 0x0000000084b00000|  0%| F|  |TAMS 0x0000000084a00000, 0x0000000084a00000| Untracked 
|  29|0x0000000084b00000, 0x0000000084b00000, 0x0000000084c00000|  0%| F|  |TAMS 0x0000000084b00000, 0x0000000084b00000| Untracked 
|  30|0x0000000084c00000, 0x0000000084c00000, 0x0000000084d00000|  0%| F|  |TAMS 0x0000000084c00000, 0x0000000084c00000| Untracked 
|  31|0x0000000084d00000, 0x0000000084d00000, 0x0000000084e00000|  0%| F|  |TAMS 0x0000000084d00000, 0x0000000084d00000| Untracked 
|  32|0x0000000084e00000, 0x0000000084e00000, 0x0000000084f00000|  0%| F|  |TAMS 0x0000000084e00000, 0x0000000084e00000| Untracked 
|  33|0x0000000084f00000, 0x0000000084f00000, 0x0000000085000000|  0%| F|  |TAMS 0x0000000084f00000, 0x0000000084f00000| Untracked 
|  34|0x0000000085000000, 0x0000000085000000, 0x0000000085100000|  0%| F|  |TAMS 0x0000000085000000, 0x0000000085000000| Untracked 
|  35|0x0000000085100000, 0x0000000085100000, 0x0000000085200000|  0%| F|  |TAMS 0x0000000085100000, 0x0000000085100000| Untracked 
|  36|0x0000000085200000, 0x0000000085200000, 0x0000000085300000|  0%| F|  |TAMS 0x0000000085200000, 0x0000000085200000| Untracked 
|  37|0x0000000085300000, 0x0000000085300000, 0x0000000085400000|  0%| F|  |TAMS 0x0000000085300000, 0x0000000085300000| Untracked 
|  38|0x0000000085400000, 0x0000000085400000, 0x0000000085500000|  0%| F|  |TAMS 0x0000000085400000, 0x0000000085400000| Untracked 
|  39|0x0000000085500000, 0x0000000085500000, 0x0000000085600000|  0%| F|  |TAMS 0x0000000085500000, 0x0000000085500000| Untracked 
|  40|0x0000000085600000, 0x0000000085600000, 0x0000000085700000|  0%| F|  |TAMS 0x0000000085600000, 0x0000000085600000| Untracked 
|  41|0x0000000085700000, 0x0000000085700000, 0x0000000085800000|  0%| F|  |TAMS 0x0000000085700000, 0x0000000085700000| Untracked 
|  42|0x0000000085800000, 0x0000000085800000, 0x0000000085900000|  0%| F|  |TAMS 0x0000000085800000, 0x0000000085800000| Untracked 
|  43|0x0000000085900000, 0x0000000085900000, 0x0000000085a00000|  0%| F|  |TAMS 0x0000000085900000, 0x0000000085900000| Untracked 
|  44|0x0000000085a00000, 0x0000000085a00000, 0x0000000085b00000|  0%| F|  |TAMS 0x0000000085a00000, 0x0000000085a00000| Untracked 
|  45|0x0000000085b00000, 0x0000000085b00000, 0x0000000085c00000|  0%| F|  |TAMS 0x0000000085b00000, 0x0000000085b00000| Untracked 
|  46|0x0000000085c00000, 0x0000000085c00000, 0x0000000085d00000|  0%| F|  |TAMS 0x0000000085c00000, 0x0000000085c00000| Untracked 
|  47|0x0000000085d00000, 0x0000000085d00000, 0x0000000085e00000|  0%| F|  |TAMS 0x0000000085d00000, 0x0000000085d00000| Untracked 
|  48|0x0000000085e00000, 0x0000000085e00000, 0x0000000085f00000|  0%| F|  |TAMS 0x0000000085e00000, 0x0000000085e00000| Untracked 
|  49|0x0000000085f00000, 0x0000000085f00000, 0x0000000086000000|  0%| F|  |TAMS 0x0000000085f00000, 0x0000000085f00000| Untracked 
|  50|0x0000000086000000, 0x0000000086000000, 0x0000000086100000|  0%| F|  |TAMS 0x0000000086000000, 0x0000000086000000| Untracked 
|  51|0x0000000086100000, 0x0000000086100000, 0x0000000086200000|  0%| F|  |TAMS 0x0000000086100000, 0x0000000086100000| Untracked 
|  52|0x0000000086200000, 0x0000000086200000, 0x0000000086300000|  0%| F|  |TAMS 0x0000000086200000, 0x0000000086200000| Untracked 
|  53|0x0000000086300000, 0x0000000086300000, 0x0000000086400000|  0%| F|  |TAMS 0x0000000086300000, 0x0000000086300000| Untracked 
|  54|0x0000000086400000, 0x0000000086400000, 0x0000000086500000|  0%| F|  |TAMS 0x0000000086400000, 0x0000000086400000| Untracked 
|  55|0x0000000086500000, 0x0000000086500000, 0x0000000086600000|  0%| F|  |TAMS 0x0000000086500000, 0x0000000086500000| Untracked 
|  56|0x0000000086600000, 0x0000000086600000, 0x0000000086700000|  0%| F|  |TAMS 0x0000000086600000, 0x0000000086600000| Untracked 
|  57|0x0000000086700000, 0x0000000086700000, 0x0000000086800000|  0%| F|  |TAMS 0x0000000086700000, 0x0000000086700000| Untracked 
|  58|0x0000000086800000, 0x0000000086800000, 0x0000000086900000|  0%| F|  |TAMS 0x0000000086800000, 0x0000000086800000| Untracked 
|  59|0x0000000086900000, 0x0000000086900000, 0x0000000086a00000|  0%| F|  |TAMS 0x0000000086900000, 0x0000000086900000| Untracked 
|  60|0x0000000086a00000, 0x0000000086a00000, 0x0000000086b00000|  0%| F|  |TAMS 0x0000000086a00000, 0x0000000086a00000| Untracked 
|  61|0x0000000086b00000, 0x0000000086b00000, 0x0000000086c00000|  0%| F|  |TAMS 0x0000000086b00000, 0x0000000086b00000| Untracked 
|  62|0x0000000086c00000, 0x0000000086c00000, 0x0000000086d00000|  0%| F|  |TAMS 0x0000000086c00000, 0x0000000086c00000| Untracked 
|  63|0x0000000086d00000, 0x0000000086d00000, 0x0000000086e00000|  0%| F|  |TAMS 0x0000000086d00000, 0x0000000086d00000| Untracked 
|  64|0x0000000086e00000, 0x0000000086e00000, 0x0000000086f00000|  0%| F|  |TAMS 0x0000000086e00000, 0x0000000086e00000| Untracked 
|  65|0x0000000086f00000, 0x0000000086f00000, 0x0000000087000000|  0%| F|  |TAMS 0x0000000086f00000, 0x0000000086f00000| Untracked 
|  66|0x0000000087000000, 0x0000000087000000, 0x0000000087100000|  0%| F|  |TAMS 0x0000000087000000, 0x0000000087000000| Untracked 
|  67|0x0000000087100000, 0x0000000087100000, 0x0000000087200000|  0%| F|  |TAMS 0x0000000087100000, 0x0000000087100000| Untracked 
|  68|0x0000000087200000, 0x0000000087200000, 0x0000000087300000|  0%| F|  |TAMS 0x0000000087200000, 0x0000000087200000| Untracked 
|  69|0x0000000087300000, 0x0000000087300000, 0x0000000087400000|  0%| F|  |TAMS 0x0000000087300000, 0x0000000087300000| Untracked 
|  70|0x0000000087400000, 0x0000000087400000, 0x0000000087500000|  0%| F|  |TAMS 0x0000000087400000, 0x0000000087400000| Untracked 
|  71|0x0000000087500000, 0x0000000087500000, 0x0000000087600000|  0%| F|  |TAMS 0x0000000087500000, 0x0000000087500000| Untracked 
|  72|0x0000000087600000, 0x0000000087600000, 0x0000000087700000|  0%| F|  |TAMS 0x0000000087600000, 0x0000000087600000| Untracked 
|  73|0x0000000087700000, 0x0000000087700000, 0x0000000087800000|  0%| F|  |TAMS 0x0000000087700000, 0x0000000087700000| Untracked 
|  74|0x0000000087800000, 0x0000000087800000, 0x0000000087900000|  0%| F|  |TAMS 0x0000000087800000, 0x0000000087800000| Untracked 
|  75|0x0000000087900000, 0x0000000087900000, 0x0000000087a00000|  0%| F|  |TAMS 0x0000000087900000, 0x0000000087900000| Untracked 
|  76|0x0000000087a00000, 0x0000000087a00000, 0x0000000087b00000|  0%| F|  |TAMS 0x0000000087a00000, 0x0000000087a00000| Untracked 
|  77|0x0000000087b00000, 0x0000000087b00000, 0x0000000087c00000|  0%| F|  |TAMS 0x0000000087b00000, 0x0000000087b00000| Untracked 
|  78|0x0000000087c00000, 0x0000000087c00000, 0x0000000087d00000|  0%| F|  |TAMS 0x0000000087c00000, 0x0000000087c00000| Untracked 
|  79|0x0000000087d00000, 0x0000000087d00000, 0x0000000087e00000|  0%| F|  |TAMS 0x0000000087d00000, 0x0000000087d00000| Untracked 
|  80|0x0000000087e00000, 0x0000000087e00000, 0x0000000087f00000|  0%| F|  |TAMS 0x0000000087e00000, 0x0000000087e00000| Untracked 
|  81|0x0000000087f00000, 0x0000000087f00000, 0x0000000088000000|  0%| F|  |TAMS 0x0000000087f00000, 0x0000000087f00000| Untracked 
|  82|0x0000000088000000, 0x0000000088000000, 0x0000000088100000|  0%| F|  |TAMS 0x0000000088000000, 0x0000000088000000| Untracked 
|  83|0x0000000088100000, 0x0000000088100000, 0x0000000088200000|  0%| F|  |TAMS 0x0000000088100000, 0x0000000088100000| Untracked 
|  84|0x0000000088200000, 0x0000000088200000, 0x0000000088300000|  0%| F|  |TAMS 0x0000000088200000, 0x0000000088200000| Untracked 
|  85|0x0000000088300000, 0x0000000088300000, 0x0000000088400000|  0%| F|  |TAMS 0x0000000088300000, 0x0000000088300000| Untracked 
|  86|0x0000000088400000, 0x0000000088400000, 0x0000000088500000|  0%| F|  |TAMS 0x0000000088400000, 0x0000000088400000| Untracked 
|  87|0x0000000088500000, 0x0000000088500000, 0x0000000088600000|  0%| F|  |TAMS 0x0000000088500000, 0x0000000088500000| Untracked 
|  88|0x0000000088600000, 0x0000000088600000, 0x0000000088700000|  0%| F|  |TAMS 0x0000000088600000, 0x0000000088600000| Untracked 
|  89|0x0000000088700000, 0x0000000088700000, 0x0000000088800000|  0%| F|  |TAMS 0x0000000088700000, 0x0000000088700000| Untracked 
|  90|0x0000000088800000, 0x0000000088800000, 0x0000000088900000|  0%| F|  |TAMS 0x0000000088800000, 0x0000000088800000| Untracked 
|  91|0x0000000088900000, 0x0000000088900000, 0x0000000088a00000|  0%| F|  |TAMS 0x0000000088900000, 0x0000000088900000| Untracked 
|  92|0x0000000088a00000, 0x0000000088a00000, 0x0000000088b00000|  0%| F|  |TAMS 0x0000000088a00000, 0x0000000088a00000| Untracked 
|  93|0x0000000088b00000, 0x0000000088b00000, 0x0000000088c00000|  0%| F|  |TAMS 0x0000000088b00000, 0x0000000088b00000| Untracked 
|  94|0x0000000088c00000, 0x0000000088c00000, 0x0000000088d00000|  0%| F|  |TAMS 0x0000000088c00000, 0x0000000088c00000| Untracked 
|  95|0x0000000088d00000, 0x0000000088d00000, 0x0000000088e00000|  0%| F|  |TAMS 0x0000000088d00000, 0x0000000088d00000| Untracked 
|  96|0x0000000088e00000, 0x0000000088e00000, 0x0000000088f00000|  0%| F|  |TAMS 0x0000000088e00000, 0x0000000088e00000| Untracked 
|  97|0x0000000088f00000, 0x0000000088f00000, 0x0000000089000000|  0%| F|  |TAMS 0x0000000088f00000, 0x0000000088f00000| Untracked 
|  98|0x0000000089000000, 0x0000000089000000, 0x0000000089100000|  0%| F|  |TAMS 0x0000000089000000, 0x0000000089000000| Untracked 
|  99|0x0000000089100000, 0x0000000089100000, 0x0000000089200000|  0%| F|  |TAMS 0x0000000089100000, 0x0000000089100000| Untracked 
| 100|0x0000000089200000, 0x0000000089300000, 0x0000000089300000|100%| S|CS|TAMS 0x0000000089200000, 0x0000000089200000| Complete 
| 101|0x0000000089300000, 0x0000000089400000, 0x0000000089400000|100%| S|CS|TAMS 0x0000000089300000, 0x0000000089300000| Complete 
| 102|0x0000000089400000, 0x0000000089500000, 0x0000000089500000|100%| S|CS|TAMS 0x0000000089400000, 0x0000000089400000| Complete 
| 103|0x0000000089500000, 0x0000000089500000, 0x0000000089600000|  0%| F|  |TAMS 0x0000000089500000, 0x0000000089500000| Untracked 
| 104|0x0000000089600000, 0x0000000089600000, 0x0000000089700000|  0%| F|  |TAMS 0x0000000089600000, 0x0000000089600000| Untracked 
| 105|0x0000000089700000, 0x0000000089700000, 0x0000000089800000|  0%| F|  |TAMS 0x0000000089700000, 0x0000000089700000| Untracked 
| 106|0x0000000089800000, 0x0000000089800000, 0x0000000089900000|  0%| F|  |TAMS 0x0000000089800000, 0x0000000089800000| Untracked 
| 107|0x0000000089900000, 0x0000000089900000, 0x0000000089a00000|  0%| F|  |TAMS 0x0000000089900000, 0x0000000089900000| Untracked 
| 108|0x0000000089a00000, 0x0000000089a00000, 0x0000000089b00000|  0%| F|  |TAMS 0x0000000089a00000, 0x0000000089a00000| Untracked 
| 109|0x0000000089b00000, 0x0000000089b00000, 0x0000000089c00000|  0%| F|  |TAMS 0x0000000089b00000, 0x0000000089b00000| Untracked 
| 110|0x0000000089c00000, 0x0000000089c00000, 0x0000000089d00000|  0%| F|  |TAMS 0x0000000089c00000, 0x0000000089c00000| Untracked 
| 111|0x0000000089d00000, 0x0000000089d00000, 0x0000000089e00000|  0%| F|  |TAMS 0x0000000089d00000, 0x0000000089d00000| Untracked 
| 112|0x0000000089e00000, 0x0000000089e00000, 0x0000000089f00000|  0%| F|  |TAMS 0x0000000089e00000, 0x0000000089e00000| Untracked 
| 113|0x0000000089f00000, 0x0000000089f00000, 0x000000008a000000|  0%| F|  |TAMS 0x0000000089f00000, 0x0000000089f00000| Untracked 
| 114|0x000000008a000000, 0x000000008a000000, 0x000000008a100000|  0%| F|  |TAMS 0x000000008a000000, 0x000000008a000000| Untracked 
| 115|0x000000008a100000, 0x000000008a100000, 0x000000008a200000|  0%| F|  |TAMS 0x000000008a100000, 0x000000008a100000| Untracked 
| 116|0x000000008a200000, 0x000000008a200000, 0x000000008a300000|  0%| F|  |TAMS 0x000000008a200000, 0x000000008a200000| Untracked 
| 117|0x000000008a300000, 0x000000008a300000, 0x000000008a400000|  0%| F|  |TAMS 0x000000008a300000, 0x000000008a300000| Untracked 
| 118|0x000000008a400000, 0x000000008a400000, 0x000000008a500000|  0%| F|  |TAMS 0x000000008a400000, 0x000000008a400000| Untracked 
| 119|0x000000008a500000, 0x000000008a500000, 0x000000008a600000|  0%| F|  |TAMS 0x000000008a500000, 0x000000008a500000| Untracked 
| 120|0x000000008a600000, 0x000000008a600000, 0x000000008a700000|  0%| F|  |TAMS 0x000000008a600000, 0x000000008a600000| Untracked 
| 121|0x000000008a700000, 0x000000008a700000, 0x000000008a800000|  0%| F|  |TAMS 0x000000008a700000, 0x000000008a700000| Untracked 
| 122|0x000000008a800000, 0x000000008a800000, 0x000000008a900000|  0%| F|  |TAMS 0x000000008a800000, 0x000000008a800000| Untracked 
| 123|0x000000008a900000, 0x000000008a900000, 0x000000008aa00000|  0%| F|  |TAMS 0x000000008a900000, 0x000000008a900000| Untracked 
| 124|0x000000008aa00000, 0x000000008aa00000, 0x000000008ab00000|  0%| F|  |TAMS 0x000000008aa00000, 0x000000008aa00000| Untracked 
| 125|0x000000008ab00000, 0x000000008ab83c10, 0x000000008ac00000| 51%| E|  |TAMS 0x000000008ab00000, 0x000000008ab00000| Complete 

Card table byte_map: [0x000001e03e0f0000,0x000001e03e4e0000] _byte_map_base: 0x000001e03dcd9000

Marking Bits (Prev, Next): (CMBitMap*) 0x000001e0271b57d0, (CMBitMap*) 0x000001e0271b5810
 Prev Bits: [0x000001e03e8d0000, 0x000001e040818000)
 Next Bits: [0x000001e040820000, 0x000001e042768000)

Polling page: 0x000001e0250e0000

Metaspace:

Usage:
  Non-class:      5.58 MB used.
      Class:    654.17 KB used.
       Both:      6.22 MB used.

Virtual space:
  Non-class space:        8.00 MB reserved,       5.62 MB ( 70%) committed,  1 nodes.
      Class space:        1.00 GB reserved,     768.00 KB ( <1%) committed,  1 nodes.
             Both:        1.01 GB reserved,       6.38 MB ( <1%) committed. 

Chunk freelists:
   Non-Class:  576.00 KB
       Class:  3.28 MB
        Both:  3.84 MB

MaxMetaspaceSize: unlimited
CompressedClassSpaceSize: 1.00 GB
Initial GC threshold: 21.00 MB
Current GC threshold: 21.00 MB
CDS: on
MetaspaceReclaimPolicy: balanced
 - commit_granule_bytes: 65536.
 - commit_granule_words: 8192.
 - virtual_space_node_default_size: 1048576.
 - enlarge_chunks_in_place: 1.
 - new_chunks_are_fully_committed: 0.
 - uncommit_free_chunks: 1.
 - use_allocation_guard: 0.
 - handle_deallocations: 1.


Internal statistics:

num_allocs_failed_limit: 0.
num_arena_births: 100.
num_arena_deaths: 0.
num_vsnodes_births: 2.
num_vsnodes_deaths: 0.
num_space_committed: 102.
num_space_uncommitted: 0.
num_chunks_returned_to_freelist: 0.
num_chunks_taken_from_freelist: 278.
num_chunk_merges: 0.
num_chunk_splits: 192.
num_chunks_enlarged: 145.
num_purges: 0.
num_inconsistent_stats: 0.

CodeHeap 'non-profiled nmethods': size=120000Kb used=383Kb max_used=383Kb free=119616Kb
 bounds [0x000001e0364a0000, 0x000001e036710000, 0x000001e03d9d0000]
CodeHeap 'profiled nmethods': size=120000Kb used=1677Kb max_used=1677Kb free=118322Kb
 bounds [0x000001e02ef70000, 0x000001e02f1e0000, 0x000001e0364a0000]
CodeHeap 'non-nmethods': size=5760Kb used=1235Kb max_used=1258Kb free=4524Kb
 bounds [0x000001e02e9d0000, 0x000001e02ec40000, 0x000001e02ef70000]
 total_blobs=1599 nmethods=1051 adapters=461
 compilation: enabled
              stopped_count=0, restarted_count=0
 full_count=0

Compilation events (20 events):
Event: 1.974 Thread 0x000001e045183a10 1043       3       java.lang.CharacterDataLatin1::toUpperCaseEx (71 bytes)
Event: 1.974 Thread 0x000001e045182f70 nmethod 1040 0x000001e0364fed90 code [0x000001e0364fef20, 0x000001e0364ff0f8]
Event: 1.974 Thread 0x000001e045183a10 nmethod 1043 0x000001e02f110a90 code [0x000001e02f110c40, 0x000001e02f110f18]
Event: 1.975 Thread 0x000001e045eb1c80 nmethod 1041 0x000001e0364ff210 code [0x000001e0364ff380, 0x000001e0364ff4b8]
Event: 1.977 Thread 0x000001e045eb1c80 1044   !   4       java.nio.DirectByteBuffer::get (34 bytes)
Event: 1.986 Thread 0x000001e045183a10 1045       3       java.lang.StringLatin1::getChar (9 bytes)
Event: 1.987 Thread 0x000001e045183a10 nmethod 1045 0x000001e02f111010 code [0x000001e02f1111a0, 0x000001e02f1112b8]
Event: 1.987 Thread 0x000001e045183a10 1046       3       java.lang.Character::toLowerCase (6 bytes)
Event: 1.987 Thread 0x000001e045eb1c80 nmethod 1044 0x000001e0364ff510 code [0x000001e0364ff6a0, 0x000001e0364ff7b8]
Event: 1.988 Thread 0x000001e045183a10 nmethod 1046 0x000001e02f111390 code [0x000001e02f111540, 0x000001e02f111798]
Event: 1.988 Thread 0x000001e045183a10 1047       3       java.lang.String$CaseInsensitiveComparator::compare (13 bytes)
Event: 1.990 Thread 0x000001e045183a10 nmethod 1047 0x000001e02f111890 code [0x000001e02f111a40, 0x000001e02f111d88]
Event: 1.990 Thread 0x000001e045183a10 1049       3       java.lang.StringLatin1::compareToCI (108 bytes)
Event: 1.992 Thread 0x000001e045eb1c80 1051       4       java.lang.StringLatin1::getChar (9 bytes)
Event: 1.993 Thread 0x000001e045183a10 nmethod 1049 0x000001e02f111e90 code [0x000001e02f1120e0, 0x000001e02f1129b8]
Event: 1.993 Thread 0x000001e045183a10 1048       3       java.lang.String$CaseInsensitiveComparator::compare (68 bytes)
Event: 1.993 Thread 0x000001e045eb1c80 nmethod 1051 0x000001e0364ff910 code [0x000001e0364ffa80, 0x000001e0364ffb18]
Event: 1.994 Thread 0x000001e045eb1c80 1052       4       java.lang.CharacterDataLatin1::toUpperCase (53 bytes)
Event: 1.994 Thread 0x000001e045183a10 nmethod 1048 0x000001e02f112e10 code [0x000001e02f113020, 0x000001e02f1134b8]
Event: 1.994 Thread 0x000001e045183a10 1050       3       java.util.TreeMap::setColor (10 bytes)

GC Heap History (2 events):
Event: 1.959 GC heap before
{Heap before GC invocations=0 (full 0):
 garbage-first heap   total 129024K, used 22528K [0x0000000082e00000, 0x0000000100000000)
  region size 1024K, 23 young (23552K), 0 survivors (0K)
 Metaspace       used 6283K, committed 6464K, reserved 1056768K
  class space    used 647K, committed 768K, reserved 1048576K
}
Event: 1.967 GC heap after
{Heap after GC invocations=1 (full 0):
 garbage-first heap   total 129024K, used 4144K [0x0000000082e00000, 0x0000000100000000)
  region size 1024K, 3 young (3072K), 3 survivors (3072K)
 Metaspace       used 6283K, committed 6464K, reserved 1056768K
  class space    used 647K, committed 768K, reserved 1048576K
}

Deoptimization events (20 events):
Event: 1.820 Thread 0x000001e02715c3d0 DEOPT PACKING pc=0x000001e02f0b3735 sp=0x000000143a5fbde0
Event: 1.820 Thread 0x000001e02715c3d0 DEOPT UNPACKING pc=0x000001e02ea22b43 sp=0x000000143a5fb2d8 mode 0
Event: 1.820 Thread 0x000001e02715c3d0 DEOPT PACKING pc=0x000001e02f0b36b1 sp=0x000000143a5fbde0
Event: 1.820 Thread 0x000001e02715c3d0 DEOPT UNPACKING pc=0x000001e02ea22b43 sp=0x000000143a5fb2d8 mode 0
Event: 1.894 Thread 0x000001e02715c3d0 Uncommon trap: trap_request=0xffffffde fr.pc=0x000001e0364fbdc8 relative=0x0000000000000128
Event: 1.894 Thread 0x000001e02715c3d0 Uncommon trap: reason=class_check action=maybe_recompile pc=0x000001e0364fbdc8 method=jdk.internal.misc.Unsafe.allocateUninitializedArray(Ljava/lang/Class;I)Ljava/lang/Object; @ 51 c2
Event: 1.894 Thread 0x000001e02715c3d0 DEOPT PACKING pc=0x000001e0364fbdc8 sp=0x000000143a5fbda0
Event: 1.894 Thread 0x000001e02715c3d0 DEOPT UNPACKING pc=0x000001e02ea223a3 sp=0x000000143a5fbd28 mode 2
Event: 1.894 Thread 0x000001e02715c3d0 Uncommon trap: trap_request=0xffffffde fr.pc=0x000001e0364fbdc8 relative=0x0000000000000128
Event: 1.894 Thread 0x000001e02715c3d0 Uncommon trap: reason=class_check action=maybe_recompile pc=0x000001e0364fbdc8 method=jdk.internal.misc.Unsafe.allocateUninitializedArray(Ljava/lang/Class;I)Ljava/lang/Object; @ 51 c2
Event: 1.894 Thread 0x000001e02715c3d0 DEOPT PACKING pc=0x000001e0364fbdc8 sp=0x000000143a5fbaf0
Event: 1.894 Thread 0x000001e02715c3d0 DEOPT UNPACKING pc=0x000001e02ea223a3 sp=0x000000143a5fba78 mode 2
Event: 1.895 Thread 0x000001e02715c3d0 Uncommon trap: trap_request=0xffffffde fr.pc=0x000001e0364fbdc8 relative=0x0000000000000128
Event: 1.895 Thread 0x000001e02715c3d0 Uncommon trap: reason=class_check action=maybe_recompile pc=0x000001e0364fbdc8 method=jdk.internal.misc.Unsafe.allocateUninitializedArray(Ljava/lang/Class;I)Ljava/lang/Object; @ 51 c2
Event: 1.895 Thread 0x000001e02715c3d0 DEOPT PACKING pc=0x000001e0364fbdc8 sp=0x000000143a5fbda0
Event: 1.895 Thread 0x000001e02715c3d0 DEOPT UNPACKING pc=0x000001e02ea223a3 sp=0x000000143a5fbd28 mode 2
Event: 1.895 Thread 0x000001e02715c3d0 Uncommon trap: trap_request=0xffffffde fr.pc=0x000001e0364fbdc8 relative=0x0000000000000128
Event: 1.895 Thread 0x000001e02715c3d0 Uncommon trap: reason=class_check action=maybe_recompile pc=0x000001e0364fbdc8 method=jdk.internal.misc.Unsafe.allocateUninitializedArray(Ljava/lang/Class;I)Ljava/lang/Object; @ 51 c2
Event: 1.895 Thread 0x000001e02715c3d0 DEOPT PACKING pc=0x000001e0364fbdc8 sp=0x000000143a5fbaf0
Event: 1.896 Thread 0x000001e02715c3d0 DEOPT UNPACKING pc=0x000001e02ea223a3 sp=0x000000143a5fba78 mode 2

Classes unloaded (0 events):
No events

Classes redefined (0 events):
No events

Internal exceptions (13 events):
Event: 0.227 Thread 0x000001e02715c3d0 Exception <a 'sun/nio/fs/WindowsException'{0x000000008aa3cfa0}> (0x000000008aa3cfa0) 
thrown [s\open\src\hotspot\share\prims\jni.cpp, line 516]
Event: 0.228 Thread 0x000001e02715c3d0 Exception <a 'sun/nio/fs/WindowsException'{0x000000008aa3d428}> (0x000000008aa3d428) 
thrown [s\open\src\hotspot\share\prims\jni.cpp, line 516]
Event: 0.593 Thread 0x000001e02715c3d0 Exception <a 'java/lang/NoSuchMethodError'{0x000000008a4d74f8}: 'java.lang.Object java.lang.invoke.DirectMethodHandle$Holder.invokeStaticInit(java.lang.Object)'> (0x000000008a4d74f8) 
thrown [s\open\src\hotspot\share\interpreter\linkResolver.cpp, line 759]
Event: 0.601 Thread 0x000001e02715c3d0 Exception <a 'java/lang/NoSuchMethodError'{0x000000008a4dea58}: 'void java.lang.invoke.DirectMethodHandle$Holder.invokeStatic(java.lang.Object, java.lang.Object)'> (0x000000008a4dea58) 
thrown [s\open\src\hotspot\share\interpreter\linkResolver.cpp, line 759]
Event: 0.948 Thread 0x000001e02715c3d0 Exception <a 'java/lang/NoSuchMethodError'{0x000000008a1dee40}: 'void java.lang.invoke.DirectMethodHandle$Holder.invokeSpecial(java.lang.Object, java.lang.Object, java.lang.Object)'> (0x000000008a1dee40) 
thrown [s\open\src\hotspot\share\interpreter\linkResolver.cpp, line 759]
Event: 0.977 Thread 0x000001e02715c3d0 Exception <a 'java/lang/NoSuchMethodError'{0x000000008a0166d0}: 'void java.lang.invoke.DirectMethodHandle$Holder.invokeStatic(java.lang.Object, java.lang.Object, java.lang.Object)'> (0x000000008a0166d0) 
thrown [s\open\src\hotspot\share\interpreter\linkResolver.cpp, line 759]
Event: 1.082 Thread 0x000001e02715c3d0 Exception <a 'java/lang/NoSuchMethodError'{0x000000008a032fd0}: 'int java.lang.invoke.DirectMethodHandle$Holder.invokeStaticInit(java.lang.Object, java.lang.Object, java.lang.Object)'> (0x000000008a032fd0) 
thrown [s\open\src\hotspot\share\interpreter\linkResolver.cpp, line 759]
Event: 1.137 Thread 0x000001e02715c3d0 Exception <a 'java/lang/NoSuchMethodError'{0x0000000089f62e20}: 'java.lang.Object java.lang.invoke.DirectMethodHandle$Holder.newInvokeSpecial(java.lang.Object, java.lang.Object, int, java.lang.Object)'> (0x0000000089f62e20) 
thrown [s\open\src\hotspot\share\interpreter\linkResolver.cpp, line 759]
Event: 1.138 Thread 0x000001e02715c3d0 Exception <a 'java/lang/NoSuchMethodError'{0x0000000089f67200}: 'java.lang.Object java.lang.invoke.DirectMethodHandle$Holder.invokeSpecial(java.lang.Object, java.lang.Object, java.lang.Object, int, java.lang.Object)'> (0x0000000089f67200) 
thrown [s\open\src\hotspot\share\interpreter\linkResolver.cpp, line 759]
Event: 1.397 Thread 0x000001e045c98190 Exception <a 'java/lang/NoSuchMethodError'{0x0000000089c970f8}: 'void java.lang.invoke.DirectMethodHandle$Holder.invokeStaticInit(java.lang.Object)'> (0x0000000089c970f8) 
thrown [s\open\src\hotspot\share\interpreter\linkResolver.cpp, line 759]
Event: 1.401 Thread 0x000001e02715c3d0 Exception <a 'java/lang/NoSuchMethodError'{0x0000000089f7c310}: 'java.lang.Object java.lang.invoke.DirectMethodHandle$Holder.newInvokeSpecial(java.lang.Object, java.lang.Object, java.lang.Object, java.lang.Object, java.lang.Object, java.lang.Object)'> (0x0000000089f7c310) 
thrown [s\open\src\hotspot\share\interpreter\linkResolver.cpp, line 759]
Event: 1.500 Thread 0x000001e02715c3d0 Exception <a 'java/lang/NoSuchMethodError'{0x0000000089a89978}: 'java.lang.Object java.lang.invoke.DirectMethodHandle$Holder.invokeInterface(java.lang.Object, java.lang.Object)'> (0x0000000089a89978) 
thrown [s\open\src\hotspot\share\interpreter\linkResolver.cpp, line 759]
Event: 1.591 Thread 0x000001e02715c3d0 Exception <a 'java/lang/NoSuchMethodError'{0x0000000089915570}: 'java.lang.Object java.lang.invoke.DirectMethodHandle$Holder.invokeVirtual(java.lang.Object, java.lang.Object, java.lang.Object)'> (0x0000000089915570) 
thrown [s\open\src\hotspot\share\interpreter\linkResolver.cpp, line 759]

VM Operations (20 events):
Event: 0.256 Executing VM operation: HandshakeAllThreads
Event: 0.256 Executing VM operation: HandshakeAllThreads done
Event: 0.450 Executing VM operation: HandshakeAllThreads
Event: 0.450 Executing VM operation: HandshakeAllThreads done
Event: 0.588 Executing VM operation: HandshakeAllThreads
Event: 0.589 Executing VM operation: HandshakeAllThreads done
Event: 1.111 Executing VM operation: HandshakeAllThreads
Event: 1.111 Executing VM operation: HandshakeAllThreads done
Event: 1.111 Executing VM operation: Cleanup
Event: 1.111 Executing VM operation: Cleanup done
Event: 1.420 Executing VM operation: HandshakeAllThreads
Event: 1.420 Executing VM operation: HandshakeAllThreads done
Event: 1.446 Executing VM operation: HandshakeAllThreads
Event: 1.446 Executing VM operation: HandshakeAllThreads done
Event: 1.454 Executing VM operation: HandshakeAllThreads
Event: 1.454 Executing VM operation: HandshakeAllThreads done
Event: 1.511 Executing VM operation: HandshakeAllThreads
Event: 1.511 Executing VM operation: HandshakeAllThreads done
Event: 1.958 Executing VM operation: G1CollectForAllocation
Event: 1.968 Executing VM operation: G1CollectForAllocation done

Events (20 events):
Event: 1.825 loading class sun/nio/ch/NioSocketImpl$2
Event: 1.825 loading class sun/nio/ch/NioSocketImpl$2 done
Event: 1.857 loading class java/nio/file/InvalidPathException
Event: 1.857 loading class java/nio/file/InvalidPathException done
Event: 1.857 loading class java/net/URISyntaxException
Event: 1.858 loading class java/net/URISyntaxException done
Event: 1.899 loading class java/time/OffsetDateTime
Event: 1.899 loading class java/time/OffsetDateTime done
Event: 1.903 loading class java/time/OffsetTime
Event: 1.905 loading class java/time/OffsetTime done
Event: 1.924 loading class java/time/ZonedDateTime
Event: 1.924 loading class java/time/chrono/ChronoZonedDateTime
Event: 1.925 loading class java/time/chrono/ChronoZonedDateTime done
Event: 1.925 loading class java/time/ZonedDateTime done
Event: 1.969 loading class java/lang/ArrayIndexOutOfBoundsException
Event: 1.970 loading class java/lang/ArrayIndexOutOfBoundsException done
Event: 1.974 loading class java/nio/charset/Charset$ExtendedProviderHolder
Event: 1.974 loading class java/nio/charset/Charset$ExtendedProviderHolder done
Event: 1.974 loading class java/nio/charset/Charset$ExtendedProviderHolder$1
Event: 1.974 loading class java/nio/charset/Charset$ExtendedProviderHolder$1 done


Dynamic libraries:
0x00007ff609b10000 - 0x00007ff609b20000 	C:\Program Files\jdk-17.0.5\bin\java.exe
0x00007ffa6b7b0000 - 0x00007ffa6b9c4000 	C:\WINDOWS\SYSTEM32\ntdll.dll
0x00007ffa6b070000 - 0x00007ffa6b133000 	C:\WINDOWS\System32\KERNEL32.DLL
0x00007ffa690c0000 - 0x00007ffa6945c000 	C:\WINDOWS\System32\KERNELBASE.dll
0x00007ffa68d60000 - 0x00007ffa68e71000 	C:\WINDOWS\System32\ucrtbase.dll
0x00007ffa62980000 - 0x00007ffa6299a000 	C:\Program Files\jdk-17.0.5\bin\VCRUNTIME140.dll
0x00007ffa61020000 - 0x00007ffa61038000 	C:\Program Files\jdk-17.0.5\bin\jli.dll
0x00007ffa69650000 - 0x00007ffa696fe000 	C:\WINDOWS\System32\ADVAPI32.dll
0x00007ffa69860000 - 0x00007ffa69907000 	C:\WINDOWS\System32\msvcrt.dll
0x00007ffa6a810000 - 0x00007ffa6a8b4000 	C:\WINDOWS\System32\sechost.dll
0x00007ffa6b330000 - 0x00007ffa6b445000 	C:\WINDOWS\System32\RPCRT4.dll
0x00007ffa6aec0000 - 0x00007ffa6b06d000 	C:\WINDOWS\System32\USER32.dll
0x00007ffa69460000 - 0x00007ffa69486000 	C:\WINDOWS\System32\win32u.dll
0x00007ffa4e970000 - 0x00007ffa4ebfe000 	C:\WINDOWS\WinSxS\amd64_microsoft.windows.common-controls_6595b64144ccf1df_6.0.22621.608_none_a9444ca7c10bb01d\COMCTL32.dll
0x00007ffa6ae70000 - 0x00007ffa6ae99000 	C:\WINDOWS\System32\GDI32.dll
0x00007ffa68fa0000 - 0x00007ffa690b2000 	C:\WINDOWS\System32\gdi32full.dll
0x00007ffa68e80000 - 0x00007ffa68f1a000 	C:\WINDOWS\System32\msvcp_win.dll
0x00007ffa5e510000 - 0x00007ffa5e51a000 	C:\WINDOWS\SYSTEM32\VERSION.dll
0x00007ffa69ca0000 - 0x00007ffa69cd2000 	C:\WINDOWS\System32\IMM32.DLL
0x00007ffa61dd0000 - 0x00007ffa61ddc000 	C:\Program Files\jdk-17.0.5\bin\vcruntime140_1.dll
0x00007ffa471d0000 - 0x00007ffa4725d000 	C:\Program Files\jdk-17.0.5\bin\msvcp140.dll
0x00007ffa1baf0000 - 0x00007ffa1c6b2000 	C:\Program Files\jdk-17.0.5\bin\server\jvm.dll
0x00007ffa69640000 - 0x00007ffa69648000 	C:\WINDOWS\System32\PSAPI.DLL
0x00007ffa62a50000 - 0x00007ffa62a59000 	C:\WINDOWS\SYSTEM32\WSOCK32.dll
0x00007ffa5e590000 - 0x00007ffa5e5c4000 	C:\WINDOWS\SYSTEM32\WINMM.dll
0x00007ffa6b6f0000 - 0x00007ffa6b761000 	C:\WINDOWS\System32\WS2_32.dll
0x00007ffa67d30000 - 0x00007ffa67d48000 	C:\WINDOWS\SYSTEM32\kernel.appcore.dll
0x00007ffa61d30000 - 0x00007ffa61d3a000 	C:\Program Files\jdk-17.0.5\bin\jimage.dll
0x00007ffa63330000 - 0x00007ffa6355e000 	C:\WINDOWS\SYSTEM32\DBGHELP.DLL
0x00007ffa69910000 - 0x00007ffa69c9a000 	C:\WINDOWS\System32\combase.dll
0x00007ffa6b460000 - 0x00007ffa6b537000 	C:\WINDOWS\System32\OLEAUT32.dll
0x00007ffa51730000 - 0x00007ffa51762000 	C:\WINDOWS\SYSTEM32\dbgcore.DLL
0x00007ffa68f20000 - 0x00007ffa68f9b000 	C:\WINDOWS\System32\bcryptPrimitives.dll
0x00007ffa61c40000 - 0x00007ffa61c4e000 	C:\Program Files\jdk-17.0.5\bin\instrument.dll
0x00007ffa60ff0000 - 0x00007ffa61015000 	C:\Program Files\jdk-17.0.5\bin\java.dll
0x00007ffa30c90000 - 0x00007ffa30d66000 	C:\Program Files\jdk-17.0.5\bin\jsvml.dll
0x00007ffa69ea0000 - 0x00007ffa6a68f000 	C:\WINDOWS\System32\SHELL32.dll
0x00007ffa66c20000 - 0x00007ffa674e8000 	C:\WINDOWS\SYSTEM32\windows.storage.dll
0x00007ffa66ae0000 - 0x00007ffa66c1e000 	C:\WINDOWS\SYSTEM32\wintypes.dll
0x00007ffa6b5f0000 - 0x00007ffa6b6e1000 	C:\WINDOWS\System32\SHCORE.dll
0x00007ffa6a7b0000 - 0x00007ffa6a80e000 	C:\WINDOWS\System32\shlwapi.dll
0x00007ffa68b20000 - 0x00007ffa68b41000 	C:\WINDOWS\SYSTEM32\profapi.dll
0x00007ffa60df0000 - 0x00007ffa60e09000 	C:\Program Files\jdk-17.0.5\bin\net.dll
0x00007ffa62700000 - 0x00007ffa6282f000 	C:\WINDOWS\SYSTEM32\WINHTTP.dll
0x00007ffa681a0000 - 0x00007ffa68209000 	C:\WINDOWS\system32\mswsock.dll
0x00007ffa60dd0000 - 0x00007ffa60de6000 	C:\Program Files\jdk-17.0.5\bin\nio.dll
0x00007ffa606a0000 - 0x00007ffa606b8000 	C:\Program Files\jdk-17.0.5\bin\zip.dll
0x00007ffa60650000 - 0x00007ffa6066a000 	C:\ProgramData\Microsoft\Windows\Start Menu\Programs\ideaIC-2021.3.2.win\bin\breakgen64.dll
0x000001e025130000 - 0x000001e025133000 	C:\Program Files\javafx-sdk-17.0.2\bin\api-ms-win-core-console-l1-1-0.dll
0x000001e025140000 - 0x000001e025143000 	C:\Program Files\javafx-sdk-17.0.2\bin\api-ms-win-core-console-l1-2-0.dll
0x000001e025150000 - 0x000001e025153000 	C:\Program Files\javafx-sdk-17.0.2\bin\api-ms-win-core-datetime-l1-1-0.dll
0x000001e025160000 - 0x000001e025163000 	C:\Program Files\javafx-sdk-17.0.2\bin\api-ms-win-core-debug-l1-1-0.dll
0x000001e025170000 - 0x000001e025173000 	C:\Program Files\javafx-sdk-17.0.2\bin\api-ms-win-core-errorhandling-l1-1-0.dll
0x000001e0270f0000 - 0x000001e0270f4000 	C:\Program Files\javafx-sdk-17.0.2\bin\api-ms-win-core-file-l1-1-0.dll
0x000001e027100000 - 0x000001e027103000 	C:\Program Files\javafx-sdk-17.0.2\bin\api-ms-win-core-file-l1-2-0.dll
0x000001e027110000 - 0x000001e027113000 	C:\Program Files\javafx-sdk-17.0.2\bin\api-ms-win-core-file-l2-1-0.dll
0x000001e027120000 - 0x000001e027123000 	C:\Program Files\javafx-sdk-17.0.2\bin\api-ms-win-core-handle-l1-1-0.dll
0x000001e0452f0000 - 0x000001e0452f3000 	C:\Program Files\javafx-sdk-17.0.2\bin\api-ms-win-core-heap-l1-1-0.dll
0x000001e045300000 - 0x000001e045303000 	C:\Program Files\javafx-sdk-17.0.2\bin\api-ms-win-core-interlocked-l1-1-0.dll
0x000001e045310000 - 0x000001e045313000 	C:\Program Files\javafx-sdk-17.0.2\bin\api-ms-win-core-libraryloader-l1-1-0.dll
0x000001e045320000 - 0x000001e045323000 	C:\Program Files\javafx-sdk-17.0.2\bin\api-ms-win-core-localization-l1-2-0.dll
0x000001e045330000 - 0x000001e045333000 	C:\Program Files\javafx-sdk-17.0.2\bin\api-ms-win-core-memory-l1-1-0.dll
0x000001e045340000 - 0x000001e045343000 	C:\Program Files\javafx-sdk-17.0.2\bin\api-ms-win-core-namedpipe-l1-1-0.dll
0x000001e045350000 - 0x000001e045353000 	C:\Program Files\javafx-sdk-17.0.2\bin\api-ms-win-core-processenvironment-l1-1-0.dll
0x000001e045360000 - 0x000001e045363000 	C:\Program Files\javafx-sdk-17.0.2\bin\api-ms-win-core-processthreads-l1-1-0.dll
0x000001e045370000 - 0x000001e045373000 	C:\Program Files\javafx-sdk-17.0.2\bin\api-ms-win-core-processthreads-l1-1-1.dll
0x000001e045380000 - 0x000001e045383000 	C:\Program Files\javafx-sdk-17.0.2\bin\api-ms-win-core-profile-l1-1-0.dll
0x000001e045390000 - 0x000001e045393000 	C:\Program Files\javafx-sdk-17.0.2\bin\api-ms-win-core-rtlsupport-l1-1-0.dll
0x000001e0453a0000 - 0x000001e0453a3000 	C:\Program Files\javafx-sdk-17.0.2\bin\api-ms-win-core-string-l1-1-0.dll
0x000001e0453b0000 - 0x000001e0453b3000 	C:\Program Files\javafx-sdk-17.0.2\bin\api-ms-win-core-synch-l1-1-0.dll
0x000001e0453c0000 - 0x000001e0453c3000 	C:\Program Files\javafx-sdk-17.0.2\bin\api-ms-win-core-synch-l1-2-0.dll
0x000001e0453d0000 - 0x000001e0453d3000 	C:\Program Files\javafx-sdk-17.0.2\bin\api-ms-win-core-sysinfo-l1-1-0.dll
0x000001e0453e0000 - 0x000001e0453e3000 	C:\Program Files\javafx-sdk-17.0.2\bin\api-ms-win-core-timezone-l1-1-0.dll
0x000001e0453f0000 - 0x000001e0453f3000 	C:\Program Files\javafx-sdk-17.0.2\bin\api-ms-win-core-util-l1-1-0.dll
0x000001e046800000 - 0x000001e046803000 	C:\Program Files\javafx-sdk-17.0.2\bin\api-ms-win-crt-conio-l1-1-0.dll
0x000001e046810000 - 0x000001e046814000 	C:\Program Files\javafx-sdk-17.0.2\bin\api-ms-win-crt-convert-l1-1-0.dll
0x000001e046820000 - 0x000001e046823000 	C:\Program Files\javafx-sdk-17.0.2\bin\api-ms-win-crt-environment-l1-1-0.dll
0x000001e046830000 - 0x000001e046833000 	C:\Program Files\javafx-sdk-17.0.2\bin\api-ms-win-crt-filesystem-l1-1-0.dll
0x000001e046840000 - 0x000001e046843000 	C:\Program Files\javafx-sdk-17.0.2\bin\api-ms-win-crt-heap-l1-1-0.dll
0x000001e046850000 - 0x000001e046853000 	C:\Program Files\javafx-sdk-17.0.2\bin\api-ms-win-crt-locale-l1-1-0.dll
0x000001e046860000 - 0x000001e046865000 	C:\Program Files\javafx-sdk-17.0.2\bin\api-ms-win-crt-math-l1-1-0.dll
0x000001e046870000 - 0x000001e046875000 	C:\Program Files\javafx-sdk-17.0.2\bin\api-ms-win-crt-multibyte-l1-1-0.dll
0x000001e046880000 - 0x000001e046890000 	C:\Program Files\javafx-sdk-17.0.2\bin\api-ms-win-crt-private-l1-1-0.dll
0x000001e046890000 - 0x000001e046893000 	C:\Program Files\javafx-sdk-17.0.2\bin\api-ms-win-crt-process-l1-1-0.dll
0x000001e0468a0000 - 0x000001e0468a4000 	C:\Program Files\javafx-sdk-17.0.2\bin\api-ms-win-crt-runtime-l1-1-0.dll
0x000001e0468b0000 - 0x000001e0468b4000 	C:\Program Files\javafx-sdk-17.0.2\bin\api-ms-win-crt-stdio-l1-1-0.dll
0x000001e0468c0000 - 0x000001e0468c4000 	C:\Program Files\javafx-sdk-17.0.2\bin\api-ms-win-crt-string-l1-1-0.dll
0x000001e0468d0000 - 0x000001e0468d3000 	C:\Program Files\javafx-sdk-17.0.2\bin\api-ms-win-crt-time-l1-1-0.dll
0x000001e0468e0000 - 0x000001e0468e3000 	C:\Program Files\javafx-sdk-17.0.2\bin\api-ms-win-crt-utility-l1-1-0.dll
0x00007ffa2e450000 - 0x00007ffa2e54c000 	C:\Program Files\javafx-sdk-17.0.2\bin\ucrtbase.dll
0x00007ffa5fe90000 - 0x00007ffa5feaa000 	C:\Program Files\javafx-sdk-17.0.2\bin\vcruntime140.dll
0x00007ffa60fe0000 - 0x00007ffa60fec000 	C:\Program Files\javafx-sdk-17.0.2\bin\vcruntime140_1.dll
0x00007ffa3c840000 - 0x00007ffa3c8cd000 	C:\Program Files\javafx-sdk-17.0.2\bin\msvcp140.dll
0x00007ffa5f4e0000 - 0x00007ffa5f50a000 	C:\Program Files\javafx-sdk-17.0.2\bin\prism_d3d.dll
0x00007ffa29430000 - 0x00007ffa295d9000 	C:\WINDOWS\system32\d3d9.dll
0x00007ffa62420000 - 0x00007ffa6244b000 	C:\WINDOWS\SYSTEM32\dwmapi.dll
0x00007ffa63020000 - 0x00007ffa63056000 	C:\WINDOWS\SYSTEM32\dxcore.dll
0x00007ffa61fd0000 - 0x00007ffa6207b000 	C:\WINDOWS\system32\uxtheme.dll
0x00007ffa26fd0000 - 0x00007ffa2717f000 	C:\WINDOWS\System32\DriverStore\FileRepository\iigd_dch.inf_amd64_51f685305808e3a5\igdumdim64.dll
0x00007ffa6b190000 - 0x00007ffa6b32c000 	C:\WINDOWS\System32\ole32.dll
0x00007ffa00140000 - 0x00007ffa031e3000 	C:\WINDOWS\System32\DriverStore\FileRepository\iigd_dch.inf_amd64_51f685305808e3a5\igd9dxva64.dll
0x00007ffa6a9e0000 - 0x00007ffa6ae5a000 	C:\WINDOWS\System32\SETUPAPI.dll
0x00007ffa688a0000 - 0x00007ffa688ee000 	C:\WINDOWS\SYSTEM32\cfgmgr32.dll
0x00007ffa59db0000 - 0x00007ffa5a1b9000 	C:\WINDOWS\System32\DriverStore\FileRepository\iigd_dch.inf_amd64_51f685305808e3a5\igdgmm64.dll
0x00007ffa5d4b0000 - 0x00007ffa5d4f9000 	C:\WINDOWS\SYSTEM32\directxdatabasehelper.dll
0x00007ffa5da70000 - 0x00007ffa5dab2000 	C:\Program Files\javafx-sdk-17.0.2\bin\glass.dll
0x00007ffa69700000 - 0x00007ffa697f7000 	C:\WINDOWS\System32\COMDLG32.dll
0x00007ffa6a690000 - 0x00007ffa6a7ae000 	C:\WINDOWS\System32\MSCTF.dll
0x00007ffa5c850000 - 0x00007ffa5c877000 	C:\WINDOWS\System32\DriverStore\FileRepository\iigd_dch.inf_amd64_51f685305808e3a5\igdinfo64.dll
0x00007ffa68400000 - 0x00007ffa6841b000 	C:\WINDOWS\SYSTEM32\CRYPTSP.dll
0x00007ffa67ca0000 - 0x00007ffa67cd5000 	C:\WINDOWS\system32\rsaenh.dll
0x00007ffa683f0000 - 0x00007ffa683fc000 	C:\WINDOWS\SYSTEM32\CRYPTBASE.dll
0x00007ffa685b0000 - 0x00007ffa685d8000 	C:\WINDOWS\SYSTEM32\bcrypt.dll
0x00007ffa1e6e0000 - 0x00007ffa21e74000 	C:\WINDOWS\System32\DriverStore\FileRepository\iigd_dch.inf_amd64_51f685305808e3a5\igc64.dll
0x00007ffa67820000 - 0x00007ffa67913000 	C:\WINDOWS\SYSTEM32\DNSAPI.dll
0x00007ffa677f0000 - 0x00007ffa6781d000 	C:\WINDOWS\SYSTEM32\IPHLPAPI.DLL
0x00007ffa6a8c0000 - 0x00007ffa6a8c9000 	C:\WINDOWS\System32\NSI.dll
0x00007ffa55dc0000 - 0x00007ffa55dca000 	C:\Windows\System32\rasadhlp.dll
0x00007ffa5c290000 - 0x00007ffa5c313000 	C:\WINDOWS\System32\fwpuclnt.dll

dbghelp: loaded successfully - version: 4.0.5 - missing functions: none
symbol engine: initialized successfully - sym options: 0x614 - pdb path: .;C:\Program Files\jdk-17.0.5\bin;C:\WINDOWS\SYSTEM32;C:\WINDOWS\WinSxS\amd64_microsoft.windows.common-controls_6595b64144ccf1df_6.0.22621.608_none_a9444ca7c10bb01d;C:\Program Files\jdk-17.0.5\bin\server;C:\ProgramData\Microsoft\Windows\Start Menu\Programs\ideaIC-2021.3.2.win\bin;C:\Program Files\javafx-sdk-17.0.2\bin;C:\WINDOWS\System32\DriverStore\FileRepository\iigd_dch.inf_amd64_51f685305808e3a5

VM Arguments:
jvm_args: --module-path=C:/Program Files/javafx-sdk-17.0.2/lib --add-modules=javafx.fxml,javafx.controls,javafx.graphics -javaagent:C:\ProgramData\Microsoft\Windows\Start Menu\Programs\ideaIC-2021.3.2.win\lib\idea_rt.jar=63901:C:\ProgramData\Microsoft\Windows\Start Menu\Programs\ideaIC-2021.3.2.win\bin -Dfile.encoding=UTF-8 
java_command: main.Main
java_class_path (initial): C:\Users\jkhat\OneDrive\WGU\C195_JasmineLangford\out\production\C195_JasmineLangford;C:\Program Files\javafx-sdk-17.0.2\lib\javafx-swt.jar;C:\Program Files\javafx-sdk-17.0.2\lib\javafx.web.jar;C:\Program Files\javafx-sdk-17.0.2\lib\javafx.base.jar;C:\Program Files\javafx-sdk-17.0.2\lib\javafx.fxml.jar;C:\Program Files\javafx-sdk-17.0.2\lib\javafx.media.jar;C:\Program Files\javafx-sdk-17.0.2\lib\javafx.swing.jar;C:\Program Files\javafx-sdk-17.0.2\lib\javafx.controls.jar;C:\Program Files\javafx-sdk-17.0.2\lib\javafx.graphics.jar;C:\Users\jkhat\Downloads\mysql-connector-j-8.0.31\mysql-connector-j-8.0.31\mysql-connector-j-8.0.31.jar
Launcher Type: SUN_STANDARD

[Global flags]
     intx CICompilerCount                          = 4                                         {product} {ergonomic}
     uint ConcGCThreads                            = 2                                         {product} {ergonomic}
     uint G1ConcRefinementThreads                  = 8                                         {product} {ergonomic}
   size_t G1HeapRegionSize                         = 1048576                                   {product} {ergonomic}
    uintx GCDrainStackTargetSize                   = 64                                        {product} {ergonomic}
   size_t InitialHeapSize                          = 132120576                                 {product} {ergonomic}
   size_t MarkStackSize                            = 4194304                                   {product} {ergonomic}
   size_t MaxHeapSize                              = 2099249152                                {product} {ergonomic}
   size_t MaxNewSize                               = 1259339776                                {product} {ergonomic}
   size_t MinHeapDeltaBytes                        = 1048576                                   {product} {ergonomic}
   size_t MinHeapSize                              = 8388608                                   {product} {ergonomic}
    uintx NonNMethodCodeHeapSize                   = 5839372                                {pd product} {ergonomic}
    uintx NonProfiledCodeHeapSize                  = 122909434                              {pd product} {ergonomic}
    uintx ProfiledCodeHeapSize                     = 122909434                              {pd product} {ergonomic}
    uintx ReservedCodeCacheSize                    = 251658240                              {pd product} {ergonomic}
     bool SegmentedCodeCache                       = true                                      {product} {ergonomic}
   size_t SoftMaxHeapSize                          = 2099249152                             {manageable} {ergonomic}
     bool UseCompressedClassPointers               = true                           {product lp64_product} {ergonomic}
     bool UseCompressedOops                        = true                           {product lp64_product} {ergonomic}
     bool UseG1GC                                  = true                                      {product} {ergonomic}
     bool UseLargePagesIndividualAllocation        = false                                  {pd product} {ergonomic}

Logging:
Log output configuration:
 #0: stdout all=warning uptime,level,tags
 #1: stderr all=off uptime,level,tags

Environment Variables:
PATH=C:\Program Files\Common Files\Oracle\Java\javapath;C:\Program Files (x86)\Intel\Intel(R) Management Engine Components\iCLS\;C:\Program Files\Intel\Intel(R) Management Engine Components\iCLS\;C:\WINDOWS\system32;C:\WINDOWS;C:\WINDOWS\System32\Wbem;C:\WINDOWS\System32\WindowsPowerShell\v1.0\;C:\WINDOWS\System32\OpenSSH\;C:\Program Files (x86)\Intel\Intel(R) Management Engine Components\DAL;C:\Program Files\Intel\Intel(R) Management Engine Components\DAL;C:\Program Files\dotnet\;C:\Users\jkhat\AppData\Local\Microsoft\WindowsApps;C:\Users\jkhat\AppData\Local\GitHubDesktop\bin;
USERNAME=jkhat
OS=Windows_NT
PROCESSOR_IDENTIFIER=Intel64 Family 6 Model 142 Stepping 10, GenuineIntel



---------------  S Y S T E M  ---------------

OS:
 Windows 11 , 64 bit Build 22621 (10.0.22621.1194)
OS uptime: 10 days 0:45 hours

CPU: total 8 (initial active 8) (4 cores per cpu, 2 threads per core) family 6 model 142 stepping 10 microcode 0xe0, cx8, cmov, fxsr, ht, mmx, 3dnowpref, sse, sse2, sse3, ssse3, sse4.1, sse4.2, popcnt, lzcnt, tsc, tscinvbit, avx, avx2, aes, erms, clmul, bmi1, bmi2, adx, fma, vzeroupper, clflush, clflushopt

Memory: 4k page, system-wide physical 8007M (452M free)
TotalPageFile size 12103M (AvailPageFile size 227M)
current process WorkingSet (physical memory assigned to process): 104M, peak: 104M
current process commit charge ("private bytes"): 248M, peak: 248M

vm_info: Java HotSpot(TM) 64-Bit Server VM (17.0.5+9-LTS-191) for windows-amd64 JRE (17.0.5+9-LTS-191), built on Sep 13 2022 17:31:43 by "mach5one" with MS VC++ 16.8 / 16.9 (VS2019)

END.
