#
# There is insufficient memory for the Java Runtime Environment to continue.
# Native memory allocation (mmap) failed to map 65536 bytes for Failed to commit metaspace.
# Possible reasons:
#   The system is out of physical RAM or swap space
#   The process is running with CompressedOops enabled, and the Java Heap may be blocking the growth of the native heap
# Possible solutions:
#   Reduce memory load on the system
#   Increase physical memory or swap space
#   Check if swap backing store is full
#   Decrease Java heap size (-Xmx/-Xms)
#   Decrease number of Java threads
#   Decrease Java thread stack sizes (-Xss)
#   Set larger code cache with -XX:ReservedCodeCacheSize=
#   JVM is running with Unscaled Compressed Oops mode in which the Java heap is
#     placed in the first 4GB address space. The Java Heap base address is the
#     maximum limit for the native heap growth. Please use -XX:HeapBaseMinAddress
#     to set the Java Heap base and to place the Java Heap above 4GB virtual address.
# This output file may be truncated or incomplete.
#
#  Out of Memory Error (virtualSpaceNode.cpp:110), pid=14644, tid=17868
#
# JRE version: OpenJDK Runtime Environment JBR-17.0.6+10-829.9-jcef (17.0.6+10) (build 17.0.6+10-b829.9)
# Java VM: OpenJDK 64-Bit Server VM JBR-17.0.6+10-829.9-jcef (17.0.6+10-b829.9, mixed mode, tiered, compressed oops, compressed class ptrs, g1 gc, windows-amd64)
# No core dump will be written. Minidumps are not enabled by default on client versions of Windows
#

---------------  S U M M A R Y ------------

Command Line: git4idea.http.GitAskPassApp Username for 'https://github.com': 

Host: Intel(R) Core(TM) i7-8550U CPU @ 1.80GHz, 8 cores, 7G,  Windows 11 , 64 bit Build 22621 (10.0.22621.1635)
Time: Fri Jun  2 07:52:24 2023 Eastern Daylight Time elapsed time: 1.364756 seconds (0d 0h 0m 1s)

---------------  T H R E A D  ---------------

Current thread (0x000001ef1358a7a0):  JavaThread "main" [_thread_in_vm, id=17868, stack(0x0000009a9db00000,0x0000009a9dc00000)]

Stack: [0x0000009a9db00000,0x0000009a9dc00000]
Native frames: (J=compiled Java code, j=interpreted, Vv=VM code, C=native code)
V  [jvm.dll+0x683c5a]
V  [jvm.dll+0x842764]
V  [jvm.dll+0x843f5e]
V  [jvm.dll+0x8445c3]
V  [jvm.dll+0x249b75]
V  [jvm.dll+0x83e7bb]
V  [jvm.dll+0x628006]
V  [jvm.dll+0x62806a]
V  [jvm.dll+0x62a87a]
V  [jvm.dll+0x6289a6]
V  [jvm.dll+0x1e3b34]
V  [jvm.dll+0x1e7ce2]
V  [jvm.dll+0x1e7445]
V  [jvm.dll+0x1ee8e4]
V  [jvm.dll+0x1e3dcc]
V  [jvm.dll+0x547fed]
V  [jvm.dll+0x1f46eb]
V  [jvm.dll+0x7bc78b]
V  [jvm.dll+0x7bdbd2]
V  [jvm.dll+0x418a15]
C  [java.dll+0x1a55]

Java frames: (J=compiled Java code, j=interpreted, Vv=VM code)
j  java.lang.ClassLoader.findBootstrapClass(Ljava/lang/String;)Ljava/lang/Class;+0 java.base@17.0.6
j  java.lang.ClassLoader.findBootstrapClassOrNull(Ljava/lang/String;)Ljava/lang/Class;+10 java.base@17.0.6
j  java.lang.System$2.findBootstrapClassOrNull(Ljava/lang/String;)Ljava/lang/Class;+1 java.base@17.0.6
j  jdk.internal.loader.ClassLoaders$BootClassLoader.loadClassOrNull(Ljava/lang/String;Z)Ljava/lang/Class;+4 java.base@17.0.6
j  jdk.internal.loader.BuiltinClassLoader.loadClassOrNull(Ljava/lang/String;)Ljava/lang/Class;+3 java.base@17.0.6
j  jdk.internal.loader.BuiltinClassLoader.loadClassOrNull(Ljava/lang/String;Z)Ljava/lang/Class;+66 java.base@17.0.6
j  jdk.internal.loader.BuiltinClassLoader.loadClass(Ljava/lang/String;Z)Ljava/lang/Class;+3 java.base@17.0.6
j  java.lang.ClassLoader.loadClass(Ljava/lang/String;)Ljava/lang/Class;+3 java.base@17.0.6
v  ~StubRoutines::call_stub
j  jdk.internal.net.http.common.Utils.<clinit>()V+277 java.net.http@17.0.6
v  ~StubRoutines::call_stub
j  jdk.internal.net.http.HttpClientImpl.<clinit>()V+16 java.net.http@17.0.6
v  ~StubRoutines::call_stub
j  jdk.internal.net.http.HttpClientBuilderImpl.build()Ljava/net/http/HttpClient;+1 java.net.http@17.0.6
j  externalApp.ExternalAppUtil.sendIdeRequest(Ljava/lang/String;ILjava/lang/String;Ljava/lang/String;)LexternalApp/ExternalAppUtil$Result;+77
j  git4idea.http.GitAskPassApp.main([Ljava/lang/String;)V+37
v  ~StubRoutines::call_stub

---------------  P R O C E S S  ---------------

Threads class SMR info:
_java_thread_list=0x000001ef2e184b10, length=12, elements={
0x000001ef1358a7a0, 0x000001ef2e012250, 0x000001ef2e012e00, 0x000001ef2d530be0,
0x000001ef2d531990, 0x000001ef2e041420, 0x000001ef2e041dd0, 0x000001ef2e042ab0,
0x000001ef2e043550, 0x000001ef2e044e60, 0x000001ef2e1b5010, 0x000001ef2e1cd6d0
}

Java Threads: ( => current thread )
=>0x000001ef1358a7a0 JavaThread "main" [_thread_in_vm, id=17868, stack(0x0000009a9db00000,0x0000009a9dc00000)]
  0x000001ef2e012250 JavaThread "Reference Handler" daemon [_thread_blocked, id=18268, stack(0x0000009a9e200000,0x0000009a9e300000)]
  0x000001ef2e012e00 JavaThread "Finalizer" daemon [_thread_blocked, id=7996, stack(0x0000009a9e300000,0x0000009a9e400000)]
  0x000001ef2d530be0 JavaThread "Signal Dispatcher" daemon [_thread_blocked, id=17508, stack(0x0000009a9e400000,0x0000009a9e500000)]
  0x000001ef2d531990 JavaThread "Attach Listener" daemon [_thread_blocked, id=18928, stack(0x0000009a9e500000,0x0000009a9e600000)]
  0x000001ef2e041420 JavaThread "Service Thread" daemon [_thread_blocked, id=12928, stack(0x0000009a9e600000,0x0000009a9e700000)]
  0x000001ef2e041dd0 JavaThread "Monitor Deflation Thread" daemon [_thread_blocked, id=11772, stack(0x0000009a9e700000,0x0000009a9e800000)]
  0x000001ef2e042ab0 JavaThread "C2 CompilerThread0" daemon [_thread_blocked, id=11248, stack(0x0000009a9e800000,0x0000009a9e900000)]
  0x000001ef2e043550 JavaThread "C1 CompilerThread0" daemon [_thread_in_vm, id=2312, stack(0x0000009a9e900000,0x0000009a9ea00000)]
  0x000001ef2e044e60 JavaThread "Sweeper thread" daemon [_thread_blocked, id=14832, stack(0x0000009a9ea00000,0x0000009a9eb00000)]
  0x000001ef2e1b5010 JavaThread "Notification Thread" daemon [_thread_blocked, id=1376, stack(0x0000009a9eb00000,0x0000009a9ec00000)]
  0x000001ef2e1cd6d0 JavaThread "Common-Cleaner" daemon [_thread_blocked, id=1900, stack(0x0000009a9ed00000,0x0000009a9ee00000)]

Other Threads:
  0x000001ef2d51a320 VMThread "VM Thread" [stack: 0x0000009a9e100000,0x0000009a9e200000] [id=13904]
  0x000001ef2e1b58e0 WatcherThread [stack: 0x0000009a9ec00000,0x0000009a9ed00000] [id=11036]
  0x000001ef135e5390 GCTaskThread "GC Thread#0" [stack: 0x0000009a9dc00000,0x0000009a9dd00000] [id=10124]
  0x000001ef135f5d10 ConcurrentGCThread "G1 Main Marker" [stack: 0x0000009a9dd00000,0x0000009a9de00000] [id=11472]
  0x000001ef135f6720 ConcurrentGCThread "G1 Conc#0" [stack: 0x0000009a9de00000,0x0000009a9df00000] [id=5380]
  0x000001ef2d3720c0 ConcurrentGCThread "G1 Refine#0" [stack: 0x0000009a9df00000,0x0000009a9e000000] [id=8764]
  0x000001ef2d372ae0 ConcurrentGCThread "G1 Service" [stack: 0x0000009a9e000000,0x0000009a9e100000] [id=3500]

Threads with active compile tasks:
C1 CompilerThread0     1513  454       3       jdk.internal.org.objectweb.asm.Type::getArgumentsAndReturnSizes (140 bytes)

VM state: not at safepoint (normal execution)

VM Mutex/Monitor currently owned by a thread:  ([mutex/lock_event])
[0x000001ef135839b0] Metaspace_lock - owner thread: 0x000001ef1358a7a0
[0x000001ef135841e0] MethodData_lock - owner thread: 0x000001ef2e043550

Heap address: 0x0000000082e00000, size: 2002 MB, Compressed Oops mode: 32-bit

CDS archive(s) not mapped
Compressed class space mapped at: 0x0000000100000000-0x0000000140000000, reserved size: 1073741824
Narrow klass base: 0x0000000000000000, Narrow klass shift: 3, Narrow klass range: 0x140000000

GC Precious Log:
 CPUs: 8 total, 8 available
 Memory: 8007M
 Large Page Support: Disabled
 NUMA Support: Disabled
 Compressed Oops: Enabled (32-bit)
 Heap Region Size: 1M
 Heap Min Capacity: 8M
 Heap Initial Capacity: 126M
 Heap Max Capacity: 2002M
 Pre-touch: Disabled
 Parallel Workers: 8
 Concurrent Workers: 2
 Concurrent Refinement Workers: 8
 Periodic GC: Disabled

Heap:
 garbage-first heap   total 129024K, used 4096K [0x0000000082e00000, 0x0000000100000000)
  region size 1024K, 5 young (5120K), 0 survivors (0K)
 Metaspace       used 10126K, committed 10240K, reserved 1064960K
  class space    used 957K, committed 1024K, reserved 1048576K

Heap Regions: E=young(eden), S=young(survivor), O=old, HS=humongous(starts), HC=humongous(continues), CS=collection set, F=free, OA=open archive, CA=closed archive, TAMS=top-at-mark-start (previous, next)
|   0|0x0000000082e00000, 0x0000000082e00000, 0x0000000082f00000|  0%| F|  |TAMS 0x0000000082e00000, 0x0000000082e00000| Untracked 
|   1|0x0000000082f00000, 0x0000000082f00000, 0x0000000083000000|  0%| F|  |TAMS 0x0000000082f00000, 0x0000000082f00000| Untracked 
|   2|0x0000000083000000, 0x0000000083000000, 0x0000000083100000|  0%| F|  |TAMS 0x0000000083000000, 0x0000000083000000| Untracked 
|   3|0x0000000083100000, 0x0000000083100000, 0x0000000083200000|  0%| F|  |TAMS 0x0000000083100000, 0x0000000083100000| Untracked 
|   4|0x0000000083200000, 0x0000000083200000, 0x0000000083300000|  0%| F|  |TAMS 0x0000000083200000, 0x0000000083200000| Untracked 
|   5|0x0000000083300000, 0x0000000083300000, 0x0000000083400000|  0%| F|  |TAMS 0x0000000083300000, 0x0000000083300000| Untracked 
|   6|0x0000000083400000, 0x0000000083400000, 0x0000000083500000|  0%| F|  |TAMS 0x0000000083400000, 0x0000000083400000| Untracked 
|   7|0x0000000083500000, 0x0000000083500000, 0x0000000083600000|  0%| F|  |TAMS 0x0000000083500000, 0x0000000083500000| Untracked 
|   8|0x0000000083600000, 0x0000000083600000, 0x0000000083700000|  0%| F|  |TAMS 0x0000000083600000, 0x0000000083600000| Untracked 
|   9|0x0000000083700000, 0x0000000083700000, 0x0000000083800000|  0%| F|  |TAMS 0x0000000083700000, 0x0000000083700000| Untracked 
|  10|0x0000000083800000, 0x0000000083800000, 0x0000000083900000|  0%| F|  |TAMS 0x0000000083800000, 0x0000000083800000| Untracked 
|  11|0x0000000083900000, 0x0000000083900000, 0x0000000083a00000|  0%| F|  |TAMS 0x0000000083900000, 0x0000000083900000| Untracked 
|  12|0x0000000083a00000, 0x0000000083a00000, 0x0000000083b00000|  0%| F|  |TAMS 0x0000000083a00000, 0x0000000083a00000| Untracked 
|  13|0x0000000083b00000, 0x0000000083b00000, 0x0000000083c00000|  0%| F|  |TAMS 0x0000000083b00000, 0x0000000083b00000| Untracked 
|  14|0x0000000083c00000, 0x0000000083c00000, 0x0000000083d00000|  0%| F|  |TAMS 0x0000000083c00000, 0x0000000083c00000| Untracked 
|  15|0x0000000083d00000, 0x0000000083d00000, 0x0000000083e00000|  0%| F|  |TAMS 0x0000000083d00000, 0x0000000083d00000| Untracked 
|  16|0x0000000083e00000, 0x0000000083e00000, 0x0000000083f00000|  0%| F|  |TAMS 0x0000000083e00000, 0x0000000083e00000| Untracked 
|  17|0x0000000083f00000, 0x0000000083f00000, 0x0000000084000000|  0%| F|  |TAMS 0x0000000083f00000, 0x0000000083f00000| Untracked 
|  18|0x0000000084000000, 0x0000000084000000, 0x0000000084100000|  0%| F|  |TAMS 0x0000000084000000, 0x0000000084000000| Untracked 
|  19|0x0000000084100000, 0x0000000084100000, 0x0000000084200000|  0%| F|  |TAMS 0x0000000084100000, 0x0000000084100000| Untracked 
|  20|0x0000000084200000, 0x0000000084200000, 0x0000000084300000|  0%| F|  |TAMS 0x0000000084200000, 0x0000000084200000| Untracked 
|  21|0x0000000084300000, 0x0000000084300000, 0x0000000084400000|  0%| F|  |TAMS 0x0000000084300000, 0x0000000084300000| Untracked 
|  22|0x0000000084400000, 0x0000000084400000, 0x0000000084500000|  0%| F|  |TAMS 0x0000000084400000, 0x0000000084400000| Untracked 
|  23|0x0000000084500000, 0x0000000084500000, 0x0000000084600000|  0%| F|  |TAMS 0x0000000084500000, 0x0000000084500000| Untracked 
|  24|0x0000000084600000, 0x0000000084600000, 0x0000000084700000|  0%| F|  |TAMS 0x0000000084600000, 0x0000000084600000| Untracked 
|  25|0x0000000084700000, 0x0000000084700000, 0x0000000084800000|  0%| F|  |TAMS 0x0000000084700000, 0x0000000084700000| Untracked 
|  26|0x0000000084800000, 0x0000000084800000, 0x0000000084900000|  0%| F|  |TAMS 0x0000000084800000, 0x0000000084800000| Untracked 
|  27|0x0000000084900000, 0x0000000084900000, 0x0000000084a00000|  0%| F|  |TAMS 0x0000000084900000, 0x0000000084900000| Untracked 
|  28|0x0000000084a00000, 0x0000000084a00000, 0x0000000084b00000|  0%| F|  |TAMS 0x0000000084a00000, 0x0000000084a00000| Untracked 
|  29|0x0000000084b00000, 0x0000000084b00000, 0x0000000084c00000|  0%| F|  |TAMS 0x0000000084b00000, 0x0000000084b00000| Untracked 
|  30|0x0000000084c00000, 0x0000000084c00000, 0x0000000084d00000|  0%| F|  |TAMS 0x0000000084c00000, 0x0000000084c00000| Untracked 
|  31|0x0000000084d00000, 0x0000000084d00000, 0x0000000084e00000|  0%| F|  |TAMS 0x0000000084d00000, 0x0000000084d00000| Untracked 
|  32|0x0000000084e00000, 0x0000000084e00000, 0x0000000084f00000|  0%| F|  |TAMS 0x0000000084e00000, 0x0000000084e00000| Untracked 
|  33|0x0000000084f00000, 0x0000000084f00000, 0x0000000085000000|  0%| F|  |TAMS 0x0000000084f00000, 0x0000000084f00000| Untracked 
|  34|0x0000000085000000, 0x0000000085000000, 0x0000000085100000|  0%| F|  |TAMS 0x0000000085000000, 0x0000000085000000| Untracked 
|  35|0x0000000085100000, 0x0000000085100000, 0x0000000085200000|  0%| F|  |TAMS 0x0000000085100000, 0x0000000085100000| Untracked 
|  36|0x0000000085200000, 0x0000000085200000, 0x0000000085300000|  0%| F|  |TAMS 0x0000000085200000, 0x0000000085200000| Untracked 
|  37|0x0000000085300000, 0x0000000085300000, 0x0000000085400000|  0%| F|  |TAMS 0x0000000085300000, 0x0000000085300000| Untracked 
|  38|0x0000000085400000, 0x0000000085400000, 0x0000000085500000|  0%| F|  |TAMS 0x0000000085400000, 0x0000000085400000| Untracked 
|  39|0x0000000085500000, 0x0000000085500000, 0x0000000085600000|  0%| F|  |TAMS 0x0000000085500000, 0x0000000085500000| Untracked 
|  40|0x0000000085600000, 0x0000000085600000, 0x0000000085700000|  0%| F|  |TAMS 0x0000000085600000, 0x0000000085600000| Untracked 
|  41|0x0000000085700000, 0x0000000085700000, 0x0000000085800000|  0%| F|  |TAMS 0x0000000085700000, 0x0000000085700000| Untracked 
|  42|0x0000000085800000, 0x0000000085800000, 0x0000000085900000|  0%| F|  |TAMS 0x0000000085800000, 0x0000000085800000| Untracked 
|  43|0x0000000085900000, 0x0000000085900000, 0x0000000085a00000|  0%| F|  |TAMS 0x0000000085900000, 0x0000000085900000| Untracked 
|  44|0x0000000085a00000, 0x0000000085a00000, 0x0000000085b00000|  0%| F|  |TAMS 0x0000000085a00000, 0x0000000085a00000| Untracked 
|  45|0x0000000085b00000, 0x0000000085b00000, 0x0000000085c00000|  0%| F|  |TAMS 0x0000000085b00000, 0x0000000085b00000| Untracked 
|  46|0x0000000085c00000, 0x0000000085c00000, 0x0000000085d00000|  0%| F|  |TAMS 0x0000000085c00000, 0x0000000085c00000| Untracked 
|  47|0x0000000085d00000, 0x0000000085d00000, 0x0000000085e00000|  0%| F|  |TAMS 0x0000000085d00000, 0x0000000085d00000| Untracked 
|  48|0x0000000085e00000, 0x0000000085e00000, 0x0000000085f00000|  0%| F|  |TAMS 0x0000000085e00000, 0x0000000085e00000| Untracked 
|  49|0x0000000085f00000, 0x0000000085f00000, 0x0000000086000000|  0%| F|  |TAMS 0x0000000085f00000, 0x0000000085f00000| Untracked 
|  50|0x0000000086000000, 0x0000000086000000, 0x0000000086100000|  0%| F|  |TAMS 0x0000000086000000, 0x0000000086000000| Untracked 
|  51|0x0000000086100000, 0x0000000086100000, 0x0000000086200000|  0%| F|  |TAMS 0x0000000086100000, 0x0000000086100000| Untracked 
|  52|0x0000000086200000, 0x0000000086200000, 0x0000000086300000|  0%| F|  |TAMS 0x0000000086200000, 0x0000000086200000| Untracked 
|  53|0x0000000086300000, 0x0000000086300000, 0x0000000086400000|  0%| F|  |TAMS 0x0000000086300000, 0x0000000086300000| Untracked 
|  54|0x0000000086400000, 0x0000000086400000, 0x0000000086500000|  0%| F|  |TAMS 0x0000000086400000, 0x0000000086400000| Untracked 
|  55|0x0000000086500000, 0x0000000086500000, 0x0000000086600000|  0%| F|  |TAMS 0x0000000086500000, 0x0000000086500000| Untracked 
|  56|0x0000000086600000, 0x0000000086600000, 0x0000000086700000|  0%| F|  |TAMS 0x0000000086600000, 0x0000000086600000| Untracked 
|  57|0x0000000086700000, 0x0000000086700000, 0x0000000086800000|  0%| F|  |TAMS 0x0000000086700000, 0x0000000086700000| Untracked 
|  58|0x0000000086800000, 0x0000000086800000, 0x0000000086900000|  0%| F|  |TAMS 0x0000000086800000, 0x0000000086800000| Untracked 
|  59|0x0000000086900000, 0x0000000086900000, 0x0000000086a00000|  0%| F|  |TAMS 0x0000000086900000, 0x0000000086900000| Untracked 
|  60|0x0000000086a00000, 0x0000000086a00000, 0x0000000086b00000|  0%| F|  |TAMS 0x0000000086a00000, 0x0000000086a00000| Untracked 
|  61|0x0000000086b00000, 0x0000000086b00000, 0x0000000086c00000|  0%| F|  |TAMS 0x0000000086b00000, 0x0000000086b00000| Untracked 
|  62|0x0000000086c00000, 0x0000000086c00000, 0x0000000086d00000|  0%| F|  |TAMS 0x0000000086c00000, 0x0000000086c00000| Untracked 
|  63|0x0000000086d00000, 0x0000000086d00000, 0x0000000086e00000|  0%| F|  |TAMS 0x0000000086d00000, 0x0000000086d00000| Untracked 
|  64|0x0000000086e00000, 0x0000000086e00000, 0x0000000086f00000|  0%| F|  |TAMS 0x0000000086e00000, 0x0000000086e00000| Untracked 
|  65|0x0000000086f00000, 0x0000000086f00000, 0x0000000087000000|  0%| F|  |TAMS 0x0000000086f00000, 0x0000000086f00000| Untracked 
|  66|0x0000000087000000, 0x0000000087000000, 0x0000000087100000|  0%| F|  |TAMS 0x0000000087000000, 0x0000000087000000| Untracked 
|  67|0x0000000087100000, 0x0000000087100000, 0x0000000087200000|  0%| F|  |TAMS 0x0000000087100000, 0x0000000087100000| Untracked 
|  68|0x0000000087200000, 0x0000000087200000, 0x0000000087300000|  0%| F|  |TAMS 0x0000000087200000, 0x0000000087200000| Untracked 
|  69|0x0000000087300000, 0x0000000087300000, 0x0000000087400000|  0%| F|  |TAMS 0x0000000087300000, 0x0000000087300000| Untracked 
|  70|0x0000000087400000, 0x0000000087400000, 0x0000000087500000|  0%| F|  |TAMS 0x0000000087400000, 0x0000000087400000| Untracked 
|  71|0x0000000087500000, 0x0000000087500000, 0x0000000087600000|  0%| F|  |TAMS 0x0000000087500000, 0x0000000087500000| Untracked 
|  72|0x0000000087600000, 0x0000000087600000, 0x0000000087700000|  0%| F|  |TAMS 0x0000000087600000, 0x0000000087600000| Untracked 
|  73|0x0000000087700000, 0x0000000087700000, 0x0000000087800000|  0%| F|  |TAMS 0x0000000087700000, 0x0000000087700000| Untracked 
|  74|0x0000000087800000, 0x0000000087800000, 0x0000000087900000|  0%| F|  |TAMS 0x0000000087800000, 0x0000000087800000| Untracked 
|  75|0x0000000087900000, 0x0000000087900000, 0x0000000087a00000|  0%| F|  |TAMS 0x0000000087900000, 0x0000000087900000| Untracked 
|  76|0x0000000087a00000, 0x0000000087a00000, 0x0000000087b00000|  0%| F|  |TAMS 0x0000000087a00000, 0x0000000087a00000| Untracked 
|  77|0x0000000087b00000, 0x0000000087b00000, 0x0000000087c00000|  0%| F|  |TAMS 0x0000000087b00000, 0x0000000087b00000| Untracked 
|  78|0x0000000087c00000, 0x0000000087c00000, 0x0000000087d00000|  0%| F|  |TAMS 0x0000000087c00000, 0x0000000087c00000| Untracked 
|  79|0x0000000087d00000, 0x0000000087d00000, 0x0000000087e00000|  0%| F|  |TAMS 0x0000000087d00000, 0x0000000087d00000| Untracked 
|  80|0x0000000087e00000, 0x0000000087e00000, 0x0000000087f00000|  0%| F|  |TAMS 0x0000000087e00000, 0x0000000087e00000| Untracked 
|  81|0x0000000087f00000, 0x0000000087f00000, 0x0000000088000000|  0%| F|  |TAMS 0x0000000087f00000, 0x0000000087f00000| Untracked 
|  82|0x0000000088000000, 0x0000000088000000, 0x0000000088100000|  0%| F|  |TAMS 0x0000000088000000, 0x0000000088000000| Untracked 
|  83|0x0000000088100000, 0x0000000088100000, 0x0000000088200000|  0%| F|  |TAMS 0x0000000088100000, 0x0000000088100000| Untracked 
|  84|0x0000000088200000, 0x0000000088200000, 0x0000000088300000|  0%| F|  |TAMS 0x0000000088200000, 0x0000000088200000| Untracked 
|  85|0x0000000088300000, 0x0000000088300000, 0x0000000088400000|  0%| F|  |TAMS 0x0000000088300000, 0x0000000088300000| Untracked 
|  86|0x0000000088400000, 0x0000000088400000, 0x0000000088500000|  0%| F|  |TAMS 0x0000000088400000, 0x0000000088400000| Untracked 
|  87|0x0000000088500000, 0x0000000088500000, 0x0000000088600000|  0%| F|  |TAMS 0x0000000088500000, 0x0000000088500000| Untracked 
|  88|0x0000000088600000, 0x0000000088600000, 0x0000000088700000|  0%| F|  |TAMS 0x0000000088600000, 0x0000000088600000| Untracked 
|  89|0x0000000088700000, 0x0000000088700000, 0x0000000088800000|  0%| F|  |TAMS 0x0000000088700000, 0x0000000088700000| Untracked 
|  90|0x0000000088800000, 0x0000000088800000, 0x0000000088900000|  0%| F|  |TAMS 0x0000000088800000, 0x0000000088800000| Untracked 
|  91|0x0000000088900000, 0x0000000088900000, 0x0000000088a00000|  0%| F|  |TAMS 0x0000000088900000, 0x0000000088900000| Untracked 
|  92|0x0000000088a00000, 0x0000000088a00000, 0x0000000088b00000|  0%| F|  |TAMS 0x0000000088a00000, 0x0000000088a00000| Untracked 
|  93|0x0000000088b00000, 0x0000000088b00000, 0x0000000088c00000|  0%| F|  |TAMS 0x0000000088b00000, 0x0000000088b00000| Untracked 
|  94|0x0000000088c00000, 0x0000000088c00000, 0x0000000088d00000|  0%| F|  |TAMS 0x0000000088c00000, 0x0000000088c00000| Untracked 
|  95|0x0000000088d00000, 0x0000000088d00000, 0x0000000088e00000|  0%| F|  |TAMS 0x0000000088d00000, 0x0000000088d00000| Untracked 
|  96|0x0000000088e00000, 0x0000000088e00000, 0x0000000088f00000|  0%| F|  |TAMS 0x0000000088e00000, 0x0000000088e00000| Untracked 
|  97|0x0000000088f00000, 0x0000000088f00000, 0x0000000089000000|  0%| F|  |TAMS 0x0000000088f00000, 0x0000000088f00000| Untracked 
|  98|0x0000000089000000, 0x0000000089000000, 0x0000000089100000|  0%| F|  |TAMS 0x0000000089000000, 0x0000000089000000| Untracked 
|  99|0x0000000089100000, 0x0000000089100000, 0x0000000089200000|  0%| F|  |TAMS 0x0000000089100000, 0x0000000089100000| Untracked 
| 100|0x0000000089200000, 0x0000000089200000, 0x0000000089300000|  0%| F|  |TAMS 0x0000000089200000, 0x0000000089200000| Untracked 
| 101|0x0000000089300000, 0x0000000089300000, 0x0000000089400000|  0%| F|  |TAMS 0x0000000089300000, 0x0000000089300000| Untracked 
| 102|0x0000000089400000, 0x0000000089400000, 0x0000000089500000|  0%| F|  |TAMS 0x0000000089400000, 0x0000000089400000| Untracked 
| 103|0x0000000089500000, 0x0000000089500000, 0x0000000089600000|  0%| F|  |TAMS 0x0000000089500000, 0x0000000089500000| Untracked 
| 104|0x0000000089600000, 0x0000000089600000, 0x0000000089700000|  0%| F|  |TAMS 0x0000000089600000, 0x0000000089600000| Untracked 
| 105|0x0000000089700000, 0x0000000089700000, 0x0000000089800000|  0%| F|  |TAMS 0x0000000089700000, 0x0000000089700000| Untracked 
| 106|0x0000000089800000, 0x0000000089800000, 0x0000000089900000|  0%| F|  |TAMS 0x0000000089800000, 0x0000000089800000| Untracked 
| 107|0x0000000089900000, 0x0000000089900000, 0x0000000089a00000|  0%| F|  |TAMS 0x0000000089900000, 0x0000000089900000| Untracked 
| 108|0x0000000089a00000, 0x0000000089a00000, 0x0000000089b00000|  0%| F|  |TAMS 0x0000000089a00000, 0x0000000089a00000| Untracked 
| 109|0x0000000089b00000, 0x0000000089b00000, 0x0000000089c00000|  0%| F|  |TAMS 0x0000000089b00000, 0x0000000089b00000| Untracked 
| 110|0x0000000089c00000, 0x0000000089c00000, 0x0000000089d00000|  0%| F|  |TAMS 0x0000000089c00000, 0x0000000089c00000| Untracked 
| 111|0x0000000089d00000, 0x0000000089d00000, 0x0000000089e00000|  0%| F|  |TAMS 0x0000000089d00000, 0x0000000089d00000| Untracked 
| 112|0x0000000089e00000, 0x0000000089e00000, 0x0000000089f00000|  0%| F|  |TAMS 0x0000000089e00000, 0x0000000089e00000| Untracked 
| 113|0x0000000089f00000, 0x0000000089f00000, 0x000000008a000000|  0%| F|  |TAMS 0x0000000089f00000, 0x0000000089f00000| Untracked 
| 114|0x000000008a000000, 0x000000008a000000, 0x000000008a100000|  0%| F|  |TAMS 0x000000008a000000, 0x000000008a000000| Untracked 
| 115|0x000000008a100000, 0x000000008a100000, 0x000000008a200000|  0%| F|  |TAMS 0x000000008a100000, 0x000000008a100000| Untracked 
| 116|0x000000008a200000, 0x000000008a200000, 0x000000008a300000|  0%| F|  |TAMS 0x000000008a200000, 0x000000008a200000| Untracked 
| 117|0x000000008a300000, 0x000000008a300000, 0x000000008a400000|  0%| F|  |TAMS 0x000000008a300000, 0x000000008a300000| Untracked 
| 118|0x000000008a400000, 0x000000008a400000, 0x000000008a500000|  0%| F|  |TAMS 0x000000008a400000, 0x000000008a400000| Untracked 
| 119|0x000000008a500000, 0x000000008a500000, 0x000000008a600000|  0%| F|  |TAMS 0x000000008a500000, 0x000000008a500000| Untracked 
| 120|0x000000008a600000, 0x000000008a600000, 0x000000008a700000|  0%| F|  |TAMS 0x000000008a600000, 0x000000008a600000| Untracked 
| 121|0x000000008a700000, 0x000000008a800000, 0x000000008a800000|100%| E|  |TAMS 0x000000008a700000, 0x000000008a700000| Complete 
| 122|0x000000008a800000, 0x000000008a900000, 0x000000008a900000|100%| E|CS|TAMS 0x000000008a800000, 0x000000008a800000| Complete 
| 123|0x000000008a900000, 0x000000008aa00000, 0x000000008aa00000|100%| E|CS|TAMS 0x000000008a900000, 0x000000008a900000| Complete 
| 124|0x000000008aa00000, 0x000000008ab00000, 0x000000008ab00000|100%| E|CS|TAMS 0x000000008aa00000, 0x000000008aa00000| Complete 
| 125|0x000000008ab00000, 0x000000008ac00000, 0x000000008ac00000|100%| E|CS|TAMS 0x000000008ab00000, 0x000000008ab00000| Complete 

Card table byte_map: [0x000001ef26430000,0x000001ef26820000] _byte_map_base: 0x000001ef26019000

Marking Bits (Prev, Next): (CMBitMap*) 0x000001ef135e59a0, (CMBitMap*) 0x000001ef135e59e0
 Prev Bits: [0x000001ef26c10000, 0x000001ef28b58000)
 Next Bits: [0x000001ef28b60000, 0x000001ef2aaa8000)

Polling page: 0x000001ef12d50000

Metaspace:

Usage:
  Non-class:      8.95 MB used.
      Class:    957.94 KB used.
       Both:      9.89 MB used.

Virtual space:
  Non-class space:       16.00 MB reserved,       9.00 MB ( 56%) committed,  2 nodes.
      Class space:        1.00 GB reserved,       1.00 MB ( <1%) committed,  1 nodes.
             Both:        1.02 GB reserved,      10.00 MB ( <1%) committed. 

Chunk freelists:
   Non-Class:  2.84 MB
       Class:  3.01 MB
        Both:  5.85 MB

MaxMetaspaceSize: unlimited
CompressedClassSpaceSize: 1.00 GB
Initial GC threshold: 21.00 MB
Current GC threshold: 21.00 MB
CDS: off
MetaspaceReclaimPolicy: balanced
 - commit_granule_bytes: 65536.
 - commit_granule_words: 8192.
 - virtual_space_node_default_size: 1048576.
 - enlarge_chunks_in_place: 1.
 - new_chunks_are_fully_committed: 0.
 - uncommit_free_chunks: 1.
 - use_allocation_guard: 0.
 - handle_deallocations: 1.


Internal statistics:

num_allocs_failed_limit: 0.
num_arena_births: 40.
num_arena_deaths: 0.
num_vsnodes_births: 3.
num_vsnodes_deaths: 0.
num_space_committed: 160.
num_space_uncommitted: 0.
num_chunks_returned_to_freelist: 0.
num_chunks_taken_from_freelist: 83.
num_chunk_merges: 0.
num_chunk_splits: 43.
num_chunks_enlarged: 24.
num_purges: 0.
num_inconsistent_stats: 0.

CodeHeap 'non-profiled nmethods': size=120000Kb used=132Kb max_used=132Kb free=119868Kb
 bounds [0x000001ef1e7c0000, 0x000001ef1ea30000, 0x000001ef25cf0000]
CodeHeap 'profiled nmethods': size=120000Kb used=657Kb max_used=657Kb free=119342Kb
 bounds [0x000001ef16cf0000, 0x000001ef16f60000, 0x000001ef1e220000]
CodeHeap 'non-nmethods': size=5760Kb used=1141Kb max_used=1159Kb free=4618Kb
 bounds [0x000001ef1e220000, 0x000001ef1e490000, 0x000001ef1e7c0000]
 total_blobs=885 nmethods=455 adapters=343
 compilation: enabled
              stopped_count=0, restarted_count=0
 full_count=0

Compilation events (20 events):
Event: 1.320 Thread 0x000001ef2e043550 nmethod 446 0x000001ef16d8d990 code [0x000001ef16d8dbc0, 0x000001ef16d8e518]
Event: 1.320 Thread 0x000001ef2e043550  444   !   3       java.lang.invoke.MemberName::getMethodType (211 bytes)
Event: 1.334 Thread 0x000001ef2e043550 nmethod 444 0x000001ef16d8e810 code [0x000001ef16d8eb00, 0x000001ef16d90038]
Event: 1.334 Thread 0x000001ef2e043550  440       3       sun.invoke.util.Wrapper::hashPrim (30 bytes)
Event: 1.336 Thread 0x000001ef2e043550 nmethod 440 0x000001ef16d90610 code [0x000001ef16d908a0, 0x000001ef16d914c8]
Event: 1.336 Thread 0x000001ef2e043550  442       3       jdk.internal.org.objectweb.asm.ByteVector::put122 (93 bytes)
Event: 1.337 Thread 0x000001ef2e043550 nmethod 442 0x000001ef16d91990 code [0x000001ef16d91b40, 0x000001ef16d91dc8]
Event: 1.337 Thread 0x000001ef2e043550  448       3       java.lang.reflect.Modifier::isPublic (12 bytes)
Event: 1.337 Thread 0x000001ef2e042ab0  451       4       jdk.internal.org.objectweb.asm.ByteVector::putUTF8 (144 bytes)
Event: 1.337 Thread 0x000001ef2e043550 nmethod 448 0x000001ef16d91f90 code [0x000001ef16d92120, 0x000001ef16d92278]
Event: 1.337 Thread 0x000001ef2e043550  452       3       jdk.internal.org.objectweb.asm.SymbolTable::addConstantUtf8Reference (101 bytes)
Event: 1.338 Thread 0x000001ef2e043550 nmethod 452 0x000001ef16d92310 code [0x000001ef16d92520, 0x000001ef16d92af8]
Event: 1.338 Thread 0x000001ef2e043550  450       1       jdk.internal.org.objectweb.asm.SymbolTable::getMajorVersion (5 bytes)
Event: 1.338 Thread 0x000001ef2e043550 nmethod 450 0x000001ef1e7e0090 code [0x000001ef1e7e0220, 0x000001ef1e7e02f8]
Event: 1.339 Thread 0x000001ef2e043550  453       3       jdk.internal.org.objectweb.asm.MethodWriter::visitVarInsn (302 bytes)
Event: 1.340 Thread 0x000001ef2e043550 nmethod 453 0x000001ef16d92e10 code [0x000001ef16d93060, 0x000001ef16d93a08]
Event: 1.340 Thread 0x000001ef2e043550  455       3       java.util.Arrays::equals (57 bytes)
Event: 1.347 Thread 0x000001ef2e043550 nmethod 455 0x000001ef16d93c90 code [0x000001ef16d93e80, 0x000001ef16d94448]
Event: 1.348 Thread 0x000001ef2e043550  454       3       jdk.internal.org.objectweb.asm.Type::getArgumentsAndReturnSizes (140 bytes)
Event: 1.350 Thread 0x000001ef2e042ab0 nmethod 451 0x000001ef1e7e0810 code [0x000001ef1e7e09c0, 0x000001ef1e7e0d58]

GC Heap History (0 events):
No events

Dll operation events (1 events):
Event: 0.030 Loaded shared library C:\Users\jkhat\AppData\Local\JetBrains\IntelliJ IDEA Community Edition 2023.1.2\jbr\bin\java.dll

Deoptimization events (0 events):
No events

Classes unloaded (0 events):
No events

Classes redefined (0 events):
No events

Internal exceptions (15 events):
Event: 0.701 Thread 0x000001ef1358a7a0 Exception <a 'sun/nio/fs/WindowsException'{0x000000008a9c35d8}> (0x000000008a9c35d8) 
thrown [s\src\hotspot\share\prims\jni.cpp, line 517]
Event: 0.751 Thread 0x000001ef1358a7a0 Exception <a 'java/lang/NoSuchMethodError'{0x000000008a9ef0c8}: 'int java.lang.invoke.DirectMethodHandle$Holder.invokeStaticInit(java.lang.Object, java.lang.Object, java.lang.Object, java.lang.Object)'> (0x000000008a9ef0c8) 
thrown [s\src\hotspot\share\interpreter\linkResolver.cpp, line 771]
Event: 0.756 Thread 0x000001ef1358a7a0 Exception <a 'java/lang/NoSuchMethodError'{0x000000008a9f9d28}: 'java.lang.Object java.lang.invoke.DirectMethodHandle$Holder.invokeInterface(java.lang.Object, java.lang.Object)'> (0x000000008a9f9d28) 
thrown [s\src\hotspot\share\interpreter\linkResolver.cpp, line 771]
Event: 0.757 Thread 0x000001ef1358a7a0 Exception <a 'java/lang/IncompatibleClassChangeError'{0x000000008a9fd648}: Found class java.lang.Object, but interface was expected> (0x000000008a9fd648) 
thrown [s\src\hotspot\share\interpreter\linkResolver.cpp, line 838]
Event: 0.758 Thread 0x000001ef1358a7a0 Exception <a 'java/lang/NoSuchMethodError'{0x000000008a800e90}: 'void java.lang.invoke.DirectMethodHandle$Holder.invokeStatic(java.lang.Object, java.lang.Object)'> (0x000000008a800e90) 
thrown [s\src\hotspot\share\interpreter\linkResolver.cpp, line 771]
Event: 0.759 Thread 0x000001ef1358a7a0 Exception <a 'java/lang/NoSuchMethodError'{0x000000008a8047a8}: 'void java.lang.invoke.DirectMethodHandle$Holder.invokeStaticInit(java.lang.Object, java.lang.Object)'> (0x000000008a8047a8) 
thrown [s\src\hotspot\share\interpreter\linkResolver.cpp, line 771]
Event: 0.762 Thread 0x000001ef1358a7a0 Exception <a 'java/lang/NoSuchMethodError'{0x000000008a80b0a0}: 'int java.lang.invoke.DirectMethodHandle$Holder.invokeStaticInit(java.lang.Object, java.lang.Object)'> (0x000000008a80b0a0) 
thrown [s\src\hotspot\share\interpreter\linkResolver.cpp, line 771]
Event: 0.895 Thread 0x000001ef1358a7a0 Exception <a 'java/lang/NoSuchMethodError'{0x000000008a8f1eb8}: 'java.lang.Object java.lang.invoke.DirectMethodHandle$Holder.invokeStaticInit(java.lang.Object, int, int, int, int)'> (0x000000008a8f1eb8) 
thrown [s\src\hotspot\share\interpreter\linkResolver.cpp, line 771]
Event: 1.222 Thread 0x000001ef1358a7a0 Exception <a 'java/lang/NoSuchMethodError'{0x000000008a7326d0}: 'java.lang.Object java.lang.invoke.DirectMethodHandle$Holder.invokeStaticInit(java.lang.Object, java.lang.Object, int, int, int, int)'> (0x000000008a7326d0) 
thrown [s\src\hotspot\share\interpreter\linkResolver.cpp, line 771]
Event: 1.308 Thread 0x000001ef1358a7a0 Exception <a 'java/lang/NoSuchMethodError'{0x000000008a79b180}: 'java.lang.Object java.lang.invoke.DirectMethodHandle$Holder.invokeStatic(java.lang.Object, java.lang.Object, int)'> (0x000000008a79b180) 
thrown [s\src\hotspot\share\interpreter\linkResolver.cpp, line 771]
Event: 1.309 Thread 0x000001ef1358a7a0 Exception <a 'java/lang/NoSuchMethodError'{0x000000008a79e8f8}: 'java.lang.Object java.lang.invoke.DirectMethodHandle$Holder.invokeStaticInit(java.lang.Object, java.lang.Object, int)'> (0x000000008a79e8f8) 
thrown [s\src\hotspot\share\interpreter\linkResolver.cpp, line 771]
Event: 1.310 Thread 0x000001ef1358a7a0 Exception <a 'java/lang/NoSuchMethodError'{0x000000008a7a4ca8}: 'java.lang.Object java.lang.invoke.DirectMethodHandle$Holder.newInvokeSpecial(java.lang.Object, java.lang.Object, int)'> (0x000000008a7a4ca8) 
thrown [s\src\hotspot\share\interpreter\linkResolver.cpp, line 771]
Event: 1.317 Thread 0x000001ef1358a7a0 Exception <a 'java/lang/NoSuchMethodError'{0x000000008a7b4578}: 'int java.lang.invoke.DirectMethodHandle$Holder.invokeStaticInit(java.lang.Object, java.lang.Object, java.lang.Object)'> (0x000000008a7b4578) 
thrown [s\src\hotspot\share\interpreter\linkResolver.cpp, line 771]
Event: 1.335 Thread 0x000001ef1358a7a0 Exception <a 'java/lang/NoSuchMethodError'{0x000000008a7c4758}: 'int java.lang.invoke.DirectMethodHandle$Holder.invokeSpecial(java.lang.Object, java.lang.Object, java.lang.Object)'> (0x000000008a7c4758) 
thrown [s\src\hotspot\share\interpreter\linkResolver.cpp, line 771]
Event: 1.338 Thread 0x000001ef1358a7a0 Exception <a 'java/lang/NoSuchMethodError'{0x000000008a7ccb38}: 'int java.lang.invoke.DirectMethodHandle$Holder.invokeSpecialIFC(java.lang.Object, java.lang.Object, java.lang.Object)'> (0x000000008a7ccb38) 
thrown [s\src\hotspot\share\interpreter\linkResolver.cpp, line 771]

VM Operations (6 events):
Event: 0.379 Executing VM operation: HandshakeAllThreads
Event: 0.379 Executing VM operation: HandshakeAllThreads done
Event: 0.410 Executing VM operation: HandshakeAllThreads
Event: 0.410 Executing VM operation: HandshakeAllThreads done
Event: 0.984 Executing VM operation: HandshakeAllThreads
Event: 0.984 Executing VM operation: HandshakeAllThreads done

Events (20 events):
Event: 1.282 loading class java/net/SocketException
Event: 1.282 loading class java/net/SocketException done
Event: 1.282 loading class java/net/ConnectException done
Event: 1.282 loading class javax/net/ssl/SSLHandshakeException
Event: 1.282 loading class javax/net/ssl/SSLException
Event: 1.282 loading class javax/net/ssl/SSLException done
Event: 1.282 loading class javax/net/ssl/SSLHandshakeException done
Event: 1.289 loading class java/nio/charset/CharacterCodingException
Event: 1.304 loading class java/nio/charset/CharacterCodingException done
Event: 1.306 loading class java/lang/System$Logger
Event: 1.306 loading class java/lang/System$Logger done
Event: 1.307 loading class javax/net/ssl/SSLSession
Event: 1.307 loading class javax/net/ssl/SSLSession done
Event: 1.313 loading class sun/net/NetProperties
Event: 1.313 loading class sun/net/NetProperties done
Event: 1.313 loading class sun/net/NetProperties$1
Event: 1.314 loading class sun/net/NetProperties$1 done
Event: 1.316 loading class java/util/function/BiPredicate
Event: 1.316 loading class java/util/function/BiPredicate done
Event: 1.345 loading class java/util/stream/Collectors


Dynamic libraries:
0x00007ff6249b0000 - 0x00007ff6249ba000 	C:\Users\jkhat\AppData\Local\JetBrains\IntelliJ IDEA Community Edition 2023.1.2\jbr\bin\java.exe
0x00007ffdf2a10000 - 0x00007ffdf2c24000 	C:\WINDOWS\SYSTEM32\ntdll.dll
0x00007ffdf0a20000 - 0x00007ffdf0ae2000 	C:\WINDOWS\System32\KERNEL32.DLL
0x00007ffdf0160000 - 0x00007ffdf0503000 	C:\WINDOWS\System32\KERNELBASE.dll
0x00007ffdefe30000 - 0x00007ffdeff41000 	C:\WINDOWS\System32\ucrtbase.dll
0x00007ffde1af0000 - 0x00007ffde1b07000 	C:\Users\jkhat\AppData\Local\JetBrains\IntelliJ IDEA Community Edition 2023.1.2\jbr\bin\jli.dll
0x00007ffdb2510000 - 0x00007ffdb252b000 	C:\Users\jkhat\AppData\Local\JetBrains\IntelliJ IDEA Community Edition 2023.1.2\jbr\bin\VCRUNTIME140.dll
0x00007ffdf23d0000 - 0x00007ffdf257b000 	C:\WINDOWS\System32\USER32.dll
0x00007ffdf0590000 - 0x00007ffdf05b6000 	C:\WINDOWS\System32\win32u.dll
0x00007ffdd7bf0000 - 0x00007ffdd7e7e000 	C:\WINDOWS\WinSxS\amd64_microsoft.windows.common-controls_6595b64144ccf1df_6.0.22621.1635_none_270f70857386168e\COMCTL32.dll
0x00007ffdf1ae0000 - 0x00007ffdf1b09000 	C:\WINDOWS\System32\GDI32.dll
0x00007ffdf0930000 - 0x00007ffdf09d7000 	C:\WINDOWS\System32\msvcrt.dll
0x00007ffdf05c0000 - 0x00007ffdf06d8000 	C:\WINDOWS\System32\gdi32full.dll
0x00007ffdf00c0000 - 0x00007ffdf015a000 	C:\WINDOWS\System32\msvcp_win.dll
0x00007ffdf09e0000 - 0x00007ffdf0a11000 	C:\WINDOWS\System32\IMM32.DLL
0x00007ffdc4660000 - 0x00007ffdc466c000 	C:\Users\jkhat\AppData\Local\JetBrains\IntelliJ IDEA Community Edition 2023.1.2\jbr\bin\vcruntime140_1.dll
0x00007ffd87af0000 - 0x00007ffd87b7d000 	C:\Users\jkhat\AppData\Local\JetBrains\IntelliJ IDEA Community Edition 2023.1.2\jbr\bin\msvcp140.dll
0x00007ffd85cf0000 - 0x00007ffd8695e000 	C:\Users\jkhat\AppData\Local\JetBrains\IntelliJ IDEA Community Edition 2023.1.2\jbr\bin\server\jvm.dll
0x00007ffdf28c0000 - 0x00007ffdf296e000 	C:\WINDOWS\System32\ADVAPI32.dll
0x00007ffdf1f90000 - 0x00007ffdf2034000 	C:\WINDOWS\System32\sechost.dll
0x00007ffdf2110000 - 0x00007ffdf2227000 	C:\WINDOWS\System32\RPCRT4.dll
0x00007ffde70e0000 - 0x00007ffde70e9000 	C:\WINDOWS\SYSTEM32\WSOCK32.dll
0x00007ffdf0c60000 - 0x00007ffdf0cd1000 	C:\WINDOWS\System32\WS2_32.dll
0x00007ffde4810000 - 0x00007ffde4844000 	C:\WINDOWS\SYSTEM32\WINMM.dll
0x00007ffde3f30000 - 0x00007ffde3f3a000 	C:\WINDOWS\SYSTEM32\VERSION.dll
0x00007ffdeef70000 - 0x00007ffdeef88000 	C:\WINDOWS\SYSTEM32\kernel.appcore.dll
0x00007ffde9cd0000 - 0x00007ffde9cda000 	C:\Users\jkhat\AppData\Local\JetBrains\IntelliJ IDEA Community Edition 2023.1.2\jbr\bin\jimage.dll
0x00007ffdea380000 - 0x00007ffdea5ae000 	C:\WINDOWS\SYSTEM32\DBGHELP.DLL
0x00007ffdf1740000 - 0x00007ffdf1ac9000 	C:\WINDOWS\System32\combase.dll
0x00007ffdf0d40000 - 0x00007ffdf0e17000 	C:\WINDOWS\System32\OLEAUT32.dll
0x00007ffdd80e0000 - 0x00007ffdd8112000 	C:\WINDOWS\SYSTEM32\dbgcore.DLL
0x00007ffdf0510000 - 0x00007ffdf058b000 	C:\WINDOWS\System32\bcryptPrimitives.dll
0x00007ffde5c10000 - 0x00007ffde5c35000 	C:\Users\jkhat\AppData\Local\JetBrains\IntelliJ IDEA Community Edition 2023.1.2\jbr\bin\java.dll
0x00007ffde5830000 - 0x00007ffde5848000 	C:\Users\jkhat\AppData\Local\JetBrains\IntelliJ IDEA Community Edition 2023.1.2\jbr\bin\zip.dll
0x00007ffdf0f40000 - 0x00007ffdf173a000 	C:\WINDOWS\System32\SHELL32.dll
0x00007ffdede40000 - 0x00007ffdee70e000 	C:\WINDOWS\SYSTEM32\windows.storage.dll
0x00007ffdedd00000 - 0x00007ffdede3e000 	C:\WINDOWS\SYSTEM32\wintypes.dll
0x00007ffdf2580000 - 0x00007ffdf2671000 	C:\WINDOWS\System32\SHCORE.dll
0x00007ffdf0c00000 - 0x00007ffdf0c5e000 	C:\WINDOWS\System32\shlwapi.dll
0x00007ffdefd60000 - 0x00007ffdefd81000 	C:\WINDOWS\SYSTEM32\profapi.dll
0x00007ffde5810000 - 0x00007ffde5829000 	C:\Users\jkhat\AppData\Local\JetBrains\IntelliJ IDEA Community Edition 2023.1.2\jbr\bin\net.dll
0x00007ffde9910000 - 0x00007ffde9a47000 	C:\WINDOWS\SYSTEM32\WINHTTP.dll
0x00007ffdef3e0000 - 0x00007ffdef449000 	C:\WINDOWS\system32\mswsock.dll
0x00007ffde57f0000 - 0x00007ffde5806000 	C:\Users\jkhat\AppData\Local\JetBrains\IntelliJ IDEA Community Edition 2023.1.2\jbr\bin\nio.dll
0x00007ffdef640000 - 0x00007ffdef65b000 	C:\WINDOWS\SYSTEM32\CRYPTSP.dll
0x00007ffdeeee0000 - 0x00007ffdeef15000 	C:\WINDOWS\system32\rsaenh.dll
0x00007ffdef4e0000 - 0x00007ffdef508000 	C:\WINDOWS\SYSTEM32\USERENV.dll
0x00007ffdef800000 - 0x00007ffdef828000 	C:\WINDOWS\SYSTEM32\bcrypt.dll
0x00007ffdef660000 - 0x00007ffdef66c000 	C:\WINDOWS\SYSTEM32\CRYPTBASE.dll
0x00007ffdee9e0000 - 0x00007ffdeea0d000 	C:\WINDOWS\SYSTEM32\IPHLPAPI.DLL
0x00007ffdf1ad0000 - 0x00007ffdf1ad9000 	C:\WINDOWS\System32\NSI.dll
0x00007ffde31e0000 - 0x00007ffde31f9000 	C:\WINDOWS\SYSTEM32\dhcpcsvc6.DLL
0x00007ffde31c0000 - 0x00007ffde31df000 	C:\WINDOWS\SYSTEM32\dhcpcsvc.DLL
0x00007ffdeea50000 - 0x00007ffdeeb43000 	C:\WINDOWS\SYSTEM32\DNSAPI.dll

dbghelp: loaded successfully - version: 4.0.5 - missing functions: none
symbol engine: initialized successfully - sym options: 0x614 - pdb path: .;C:\Users\jkhat\AppData\Local\JetBrains\IntelliJ IDEA Community Edition 2023.1.2\jbr\bin;C:\WINDOWS\SYSTEM32;C:\WINDOWS\WinSxS\amd64_microsoft.windows.common-controls_6595b64144ccf1df_6.0.22621.1635_none_270f70857386168e;C:\Users\jkhat\AppData\Local\JetBrains\IntelliJ IDEA Community Edition 2023.1.2\jbr\bin\server

VM Arguments:
java_command: git4idea.http.GitAskPassApp Username for 'https://github.com': 
java_class_path (initial): C:/Users/jkhat/AppData/Local/JetBrains/IntelliJ IDEA Community Edition 2023.1.2/plugins/vcs-git/lib/git4idea-rt.jar;C:/Users/jkhat/AppData/Local/JetBrains/IntelliJ IDEA Community Edition 2023.1.2/lib/externalProcess-rt.jar
Launcher Type: SUN_STANDARD

[Global flags]
     intx CICompilerCount                          = 4                                         {product} {ergonomic}
     uint ConcGCThreads                            = 2                                         {product} {ergonomic}
     uint G1ConcRefinementThreads                  = 8                                         {product} {ergonomic}
   size_t G1HeapRegionSize                         = 1048576                                   {product} {ergonomic}
    uintx GCDrainStackTargetSize                   = 64                                        {product} {ergonomic}
   size_t InitialHeapSize                          = 132120576                                 {product} {ergonomic}
   size_t MarkStackSize                            = 4194304                                   {product} {ergonomic}
   size_t MaxHeapSize                              = 2099249152                                {product} {ergonomic}
   size_t MaxNewSize                               = 1259339776                                {product} {ergonomic}
   size_t MinHeapDeltaBytes                        = 1048576                                   {product} {ergonomic}
   size_t MinHeapSize                              = 8388608                                   {product} {ergonomic}
    uintx NonNMethodCodeHeapSize                   = 5839372                                {pd product} {ergonomic}
    uintx NonProfiledCodeHeapSize                  = 122909434                              {pd product} {ergonomic}
    uintx ProfiledCodeHeapSize                     = 122909434                              {pd product} {ergonomic}
    uintx ReservedCodeCacheSize                    = 251658240                              {pd product} {ergonomic}
     bool SegmentedCodeCache                       = true                                      {product} {ergonomic}
   size_t SoftMaxHeapSize                          = 2099249152                             {manageable} {ergonomic}
     bool UseCompressedClassPointers               = true                           {product lp64_product} {ergonomic}
     bool UseCompressedOops                        = true                           {product lp64_product} {ergonomic}
     bool UseG1GC                                  = true                                      {product} {ergonomic}
     bool UseLargePagesIndividualAllocation        = false                                  {pd product} {ergonomic}

Logging:
Log output configuration:
 #0: stdout all=warning uptime,level,tags
 #1: stderr all=off uptime,level,tags

Environment Variables:
PATH=C:\Program Files\Git\mingw64\libexec\git-core;C:\Program Files\Git\mingw64\libexec\git-core;C:\Program Files\Git\mingw64\bin;C:\Program Files\Git\usr\bin;C:\Users\jkhat\bin;C:\Program Files\Common Files\Oracle\Java\javapath;C:\Program Files (x86)\Intel\Intel(R) Management Engine Components\iCLS;C:\Program Files\Intel\Intel(R) Management Engine Components\iCLS;C:\WINDOWS\system32;C:\WINDOWS;C:\WINDOWS\System32\Wbem;C:\WINDOWS\System32\WindowsPowerShell\v1.0;C:\WINDOWS\System32\OpenSSH;C:\Program Files (x86)\Intel\Intel(R) Management Engine Components\DAL;C:\Program Files\Intel\Intel(R) Management Engine Components\DAL;C:\Program Files\dotnet;C:\Program Files\Git\cmd;C:\Users\jkhat\AppData\Local\Microsoft\WindowsApps;C:\Users\jkhat\AppData\Local\GitHubDesktop\bin
USERNAME=jkhat
DISPLAY=:0.0
LC_ALL=en_US.UTF-8
TERM=xterm-256color
TMPDIR=C:\Users\jkhat\AppData\Local\Temp
OS=Windows_NT
PROCESSOR_IDENTIFIER=Intel64 Family 6 Model 142 Stepping 10, GenuineIntel
TMP=C:\Users\jkhat\AppData\Local\Temp
TEMP=C:\Users\jkhat\AppData\Local\Temp


JNI global refs:
JNI global refs: 18, weak refs: 0

JNI global refs memory usage: 843, weak refs: 209


---------------  S Y S T E M  ---------------

OS:
 Windows 11 , 64 bit Build 22621 (10.0.22621.1635)
OS uptime: 5 days 20:02 hours

CPU: total 8 (initial active 8) (4 cores per cpu, 2 threads per core) family 6 model 142 stepping 10 microcode 0xe0, cx8, cmov, fxsr, ht, mmx, 3dnowpref, sse, sse2, sse3, ssse3, sse4.1, sse4.2, popcnt, lzcnt, tsc, tscinvbit, avx, avx2, aes, erms, clmul, bmi1, bmi2, adx, fma, vzeroupper, clflush, clflushopt

Memory: 4k page, system-wide physical 8007M (975M free)
TotalPageFile size 12103M (AvailPageFile size 0M)
current process WorkingSet (physical memory assigned to process): 47M, peak: 47M
current process commit charge ("private bytes"): 210M, peak: 210M

vm_info: OpenJDK 64-Bit Server VM (17.0.6+10-b829.9) for windows-amd64 JRE (17.0.6+10-b829.9), built on 2023-04-09 by "builduser" with MS VC++ 16.10 / 16.11 (VS2019)

END.
