#
# There is insufficient memory for the Java Runtime Environment to continue.
# Native memory allocation (mmap) failed to map 132120576 bytes for G1 virtual space
# Possible reasons:
#   The system is out of physical RAM or swap space
#   The process is running with CompressedOops enabled, and the Java Heap may be blocking the growth of the native heap
# Possible solutions:
#   Reduce memory load on the system
#   Increase physical memory or swap space
#   Check if swap backing store is full
#   Decrease Java heap size (-Xmx/-Xms)
#   Decrease number of Java threads
#   Decrease Java thread stack sizes (-Xss)
#   Set larger code cache with -XX:ReservedCodeCacheSize=
#   JVM is running with Unscaled Compressed Oops mode in which the Java heap is
#     placed in the first 4GB address space. The Java Heap base address is the
#     maximum limit for the native heap growth. Please use -XX:HeapBaseMinAddress
#     to set the Java Heap base and to place the Java Heap above 4GB virtual address.
# This output file may be truncated or incomplete.
#
#  Out of Memory Error (os_windows.cpp:3541), pid=4264, tid=3020
#
# JRE version:  (17.0.5+9) (build )
# Java VM: Java HotSpot(TM) 64-Bit Server VM (17.0.5+9-LTS-191, mixed mode, sharing, tiered, compressed oops, compressed class ptrs, g1 gc, windows-amd64)
# No core dump will be written. Minidumps are not enabled by default on client versions of Windows
#

---------------  S U M M A R Y ------------

Command Line: --module-path=C:/Program Files/javafx-sdk-17.0.2/lib --add-modules=javafx.fxml,javafx.controls,javafx.graphics -javaagent:C:\ProgramData\Microsoft\Windows\Start Menu\Programs\ideaIC-2021.3.2.win\lib\idea_rt.jar=63028:C:\ProgramData\Microsoft\Windows\Start Menu\Programs\ideaIC-2021.3.2.win\bin -Dfile.encoding=UTF-8 main.Main

Host: Intel(R) Core(TM) i7-8550U CPU @ 1.80GHz, 8 cores, 7G,  Windows 11 , 64 bit Build 22621 (10.0.22621.1105)
Time: Mon Feb 13 11:44:39 2023 Eastern Standard Time elapsed time: 0.022143 seconds (0d 0h 0m 0s)

---------------  T H R E A D  ---------------

Current thread (0x000002e1a6399c00):  JavaThread "Unknown thread" [_thread_in_vm, id=3020, stack(0x000000f5b3f00000,0x000000f5b4000000)]

Stack: [0x000000f5b3f00000,0x000000f5b4000000]
Native frames: (J=compiled Java code, j=interpreted, Vv=VM code, C=native code)
V  [jvm.dll+0x672eea]
V  [jvm.dll+0x7d2a04]
V  [jvm.dll+0x7d41ae]
V  [jvm.dll+0x7d4813]
V  [jvm.dll+0x242c15]
V  [jvm.dll+0x66fe09]
V  [jvm.dll+0x664682]
V  [jvm.dll+0x300e8b]
V  [jvm.dll+0x308426]
V  [jvm.dll+0x357ffe]
V  [jvm.dll+0x35822f]
V  [jvm.dll+0x2d80a8]
V  [jvm.dll+0x2d9014]
V  [jvm.dll+0x7a44e1]
V  [jvm.dll+0x365df1]
V  [jvm.dll+0x7838fc]
V  [jvm.dll+0x3e873f]
V  [jvm.dll+0x3ea1e1]
C  [jli.dll+0x527b]
C  [ucrtbase.dll+0x29363]
C  [KERNEL32.DLL+0x126bd]
C  [ntdll.dll+0x5dfb8]


---------------  P R O C E S S  ---------------

Threads class SMR info:
_java_thread_list=0x00007ffc6351a8d8, length=0, elements={
}

Java Threads: ( => current thread )

Other Threads:
  0x000002e1a63f5a00 GCTaskThread "GC Thread#0" [stack: 0x000000f5b4000000,0x000000f5b4100000] [id=16304]
  0x000002e1a64064e0 ConcurrentGCThread "G1 Main Marker" [stack: 0x000000f5b4100000,0x000000f5b4200000] [id=16096]
  0x000002e1a6407690 ConcurrentGCThread "G1 Conc#0" [stack: 0x000000f5b4200000,0x000000f5b4300000] [id=6844]

[error occurred during error reporting (printing all threads), id 0xc0000005, EXCEPTION_ACCESS_VIOLATION (0xc0000005) at pc=0x00007ffc62d68a97]

VM state: not at safepoint (not fully initialized)

VM Mutex/Monitor currently owned by a thread:  ([mutex/lock_event])
[0x000002e1a6395e40] Heap_lock - owner thread: 0x000002e1a6399c00

Heap address: 0x0000000082e00000, size: 2002 MB, Compressed Oops mode: 32-bit

CDS archive(s) mapped at: [0x0000000000000000-0x0000000000000000-0x0000000000000000), size 0, SharedBaseAddress: 0x0000000800000000, ArchiveRelocationMode: 0.
Narrow klass base: 0x0000000000000000, Narrow klass shift: 0, Narrow klass range: 0x0

GC Precious Log:
<Empty>

Heap:
 garbage-first heap   total 0K, used 0K [0x0000000082e00000, 0x0000000100000000)
  region size 1024K, 0 young (0K), 0 survivors (0K)

[error occurred during error reporting (printing heap information), id 0xc0000005, EXCEPTION_ACCESS_VIOLATION (0xc0000005) at pc=0x00007ffc6314c399]

GC Heap History (0 events):
No events

Deoptimization events (0 events):
No events

Classes unloaded (0 events):
No events

Classes redefined (0 events):
No events

Internal exceptions (0 events):
No events

VM Operations (0 events):
No events

Events (1 events):
Event: 0.015 Loaded shared library C:\Program Files\jdk-17.0.5\bin\java.dll


Dynamic libraries:
0x00007ff7a1b70000 - 0x00007ff7a1b80000 	C:\Program Files\jdk-17.0.5\bin\java.exe
0x00007ffca4550000 - 0x00007ffca4764000 	C:\WINDOWS\SYSTEM32\ntdll.dll
0x00007ffca2b60000 - 0x00007ffca2c23000 	C:\WINDOWS\System32\KERNEL32.DLL
0x00007ffca19a0000 - 0x00007ffca1d3d000 	C:\WINDOWS\System32\KERNELBASE.dll
0x00007ffca2010000 - 0x00007ffca2121000 	C:\WINDOWS\System32\ucrtbase.dll
0x00007ffc9a800000 - 0x00007ffc9a81a000 	C:\Program Files\jdk-17.0.5\bin\VCRUNTIME140.dll
0x00007ffc9b7f0000 - 0x00007ffc9b808000 	C:\Program Files\jdk-17.0.5\bin\jli.dll
0x00007ffca2e90000 - 0x00007ffca2f3e000 	C:\WINDOWS\System32\ADVAPI32.dll
0x00007ffca3030000 - 0x00007ffca30d7000 	C:\WINDOWS\System32\msvcrt.dll
0x00007ffca2500000 - 0x00007ffca25a4000 	C:\WINDOWS\System32\sechost.dll
0x00007ffca2340000 - 0x00007ffca2455000 	C:\WINDOWS\System32\RPCRT4.dll
0x00007ffca42a0000 - 0x00007ffca444d000 	C:\WINDOWS\System32\USER32.dll
0x00007ffc895e0000 - 0x00007ffc8986e000 	C:\WINDOWS\WinSxS\amd64_microsoft.windows.common-controls_6595b64144ccf1df_6.0.22621.608_none_a9444ca7c10bb01d\COMCTL32.dll
0x00007ffca1970000 - 0x00007ffca1996000 	C:\WINDOWS\System32\win32u.dll
0x00007ffca24d0000 - 0x00007ffca24f9000 	C:\WINDOWS\System32\GDI32.dll
0x00007ffca1e30000 - 0x00007ffca1f42000 	C:\WINDOWS\System32\gdi32full.dll
0x00007ffca22a0000 - 0x00007ffca233a000 	C:\WINDOWS\System32\msvcp_win.dll
0x00007ffc96f50000 - 0x00007ffc96f5a000 	C:\WINDOWS\SYSTEM32\VERSION.dll
0x00007ffca3310000 - 0x00007ffca3342000 	C:\WINDOWS\System32\IMM32.DLL
0x00007ffc9b7e0000 - 0x00007ffc9b7ec000 	C:\Program Files\jdk-17.0.5\bin\vcruntime140_1.dll
0x00007ffc97bb0000 - 0x00007ffc97c3d000 	C:\Program Files\jdk-17.0.5\bin\msvcp140.dll
0x00007ffc62a80000 - 0x00007ffc63642000 	C:\Program Files\jdk-17.0.5\bin\server\jvm.dll
0x00007ffca2fc0000 - 0x00007ffca2fc8000 	C:\WINDOWS\System32\PSAPI.DLL
0x00007ffc9b760000 - 0x00007ffc9b769000 	C:\WINDOWS\SYSTEM32\WSOCK32.dll
0x00007ffca2e00000 - 0x00007ffca2e71000 	C:\WINDOWS\System32\WS2_32.dll
0x00007ffc97130000 - 0x00007ffc97164000 	C:\WINDOWS\SYSTEM32\WINMM.dll
0x00007ffca0ab0000 - 0x00007ffca0ac8000 	C:\WINDOWS\SYSTEM32\kernel.appcore.dll
0x00007ffc9b750000 - 0x00007ffc9b75a000 	C:\Program Files\jdk-17.0.5\bin\jimage.dll
0x00007ffc9c1f0000 - 0x00007ffc9c41e000 	C:\WINDOWS\SYSTEM32\DBGHELP.DLL
0x00007ffca27d0000 - 0x00007ffca2b5a000 	C:\WINDOWS\System32\combase.dll
0x00007ffca34b0000 - 0x00007ffca3587000 	C:\WINDOWS\System32\OLEAUT32.dll
0x00007ffc8a120000 - 0x00007ffc8a152000 	C:\WINDOWS\SYSTEM32\dbgcore.DLL
0x00007ffca1db0000 - 0x00007ffca1e2b000 	C:\WINDOWS\System32\bcryptPrimitives.dll
0x00007ffc9a840000 - 0x00007ffc9a84e000 	C:\Program Files\jdk-17.0.5\bin\instrument.dll
0x00007ffc99640000 - 0x00007ffc99665000 	C:\Program Files\jdk-17.0.5\bin\java.dll

dbghelp: loaded successfully - version: 4.0.5 - missing functions: none
symbol engine: initialized successfully - sym options: 0x614 - pdb path: .;C:\Program Files\jdk-17.0.5\bin;C:\WINDOWS\SYSTEM32;C:\WINDOWS\WinSxS\amd64_microsoft.windows.common-controls_6595b64144ccf1df_6.0.22621.608_none_a9444ca7c10bb01d;C:\Program Files\jdk-17.0.5\bin\server

VM Arguments:
jvm_args: --module-path=C:/Program Files/javafx-sdk-17.0.2/lib --add-modules=javafx.fxml,javafx.controls,javafx.graphics -javaagent:C:\ProgramData\Microsoft\Windows\Start Menu\Programs\ideaIC-2021.3.2.win\lib\idea_rt.jar=63028:C:\ProgramData\Microsoft\Windows\Start Menu\Programs\ideaIC-2021.3.2.win\bin -Dfile.encoding=UTF-8 
java_command: main.Main
java_class_path (initial): C:\Users\jkhat\OneDrive\WGU\C195_JasmineLangford\out\production\C195_JasmineLangford;C:\Program Files\javafx-sdk-17.0.2\lib\javafx-swt.jar;C:\Program Files\javafx-sdk-17.0.2\lib\javafx.web.jar;C:\Program Files\javafx-sdk-17.0.2\lib\javafx.base.jar;C:\Program Files\javafx-sdk-17.0.2\lib\javafx.fxml.jar;C:\Program Files\javafx-sdk-17.0.2\lib\javafx.media.jar;C:\Program Files\javafx-sdk-17.0.2\lib\javafx.swing.jar;C:\Program Files\javafx-sdk-17.0.2\lib\javafx.controls.jar;C:\Program Files\javafx-sdk-17.0.2\lib\javafx.graphics.jar;C:\Users\jkhat\Downloads\mysql-connector-j-8.0.31\mysql-connector-j-8.0.31\mysql-connector-j-8.0.31.jar
Launcher Type: SUN_STANDARD

[Global flags]
     intx CICompilerCount                          = 4                                         {product} {ergonomic}
     uint ConcGCThreads                            = 2                                         {product} {ergonomic}
     uint G1ConcRefinementThreads                  = 8                                         {product} {ergonomic}
   size_t G1HeapRegionSize                         = 1048576                                   {product} {ergonomic}
    uintx GCDrainStackTargetSize                   = 64                                        {product} {ergonomic}
   size_t InitialHeapSize                          = 132120576                                 {product} {ergonomic}
   size_t MarkStackSize                            = 4194304                                   {product} {ergonomic}
   size_t MaxHeapSize                              = 2099249152                                {product} {ergonomic}
   size_t MinHeapDeltaBytes                        = 1048576                                   {product} {ergonomic}
   size_t MinHeapSize                              = 8388608                                   {product} {ergonomic}
    uintx NonNMethodCodeHeapSize                   = 5839372                                {pd product} {ergonomic}
    uintx NonProfiledCodeHeapSize                  = 122909434                              {pd product} {ergonomic}
    uintx ProfiledCodeHeapSize                     = 122909434                              {pd product} {ergonomic}
    uintx ReservedCodeCacheSize                    = 251658240                              {pd product} {ergonomic}
     bool SegmentedCodeCache                       = true                                      {product} {ergonomic}
   size_t SoftMaxHeapSize                          = 2099249152                             {manageable} {ergonomic}
     bool UseCompressedClassPointers               = true                           {product lp64_product} {ergonomic}
     bool UseCompressedOops                        = true                           {product lp64_product} {ergonomic}
     bool UseG1GC                                  = true                                      {product} {ergonomic}
     bool UseLargePagesIndividualAllocation        = false                                  {pd product} {ergonomic}

Logging:
Log output configuration:
 #0: stdout all=warning uptime,level,tags
 #1: stderr all=off uptime,level,tags

Environment Variables:
PATH=C:\Program Files\Common Files\Oracle\Java\javapath;C:\Program Files (x86)\Intel\Intel(R) Management Engine Components\iCLS\;C:\Program Files\Intel\Intel(R) Management Engine Components\iCLS\;C:\WINDOWS\system32;C:\WINDOWS;C:\WINDOWS\System32\Wbem;C:\WINDOWS\System32\WindowsPowerShell\v1.0\;C:\WINDOWS\System32\OpenSSH\;C:\Program Files (x86)\Intel\Intel(R) Management Engine Components\DAL;C:\Program Files\Intel\Intel(R) Management Engine Components\DAL;C:\Program Files\dotnet\;C:\Users\jkhat\AppData\Local\Microsoft\WindowsApps;C:\Users\jkhat\AppData\Local\GitHubDesktop\bin;
USERNAME=jkhat
OS=Windows_NT
PROCESSOR_IDENTIFIER=Intel64 Family 6 Model 142 Stepping 10, GenuineIntel



---------------  S Y S T E M  ---------------

OS:
 Windows 11 , 64 bit Build 22621 (10.0.22621.1105)
OS uptime: 0 days 1:24 hours

CPU: total 8 (initial active 8) (4 cores per cpu, 2 threads per core) family 6 model 142 stepping 10 microcode 0xe0, cx8, cmov, fxsr, ht, mmx, 3dnowpref, sse, sse2, sse3, ssse3, sse4.1, sse4.2, popcnt, lzcnt, tsc, tscinvbit, avx, avx2, aes, erms, clmul, bmi1, bmi2, adx, fma, vzeroupper, clflush, clflushopt

Memory: 4k page, system-wide physical 8007M (656M free)
TotalPageFile size 12103M (AvailPageFile size 120M)
current process WorkingSet (physical memory assigned to process): 11M, peak: 11M
current process commit charge ("private bytes"): 60M, peak: 186M

vm_info: Java HotSpot(TM) 64-Bit Server VM (17.0.5+9-LTS-191) for windows-amd64 JRE (17.0.5+9-LTS-191), built on Sep 13 2022 17:31:43 by "mach5one" with MS VC++ 16.8 / 16.9 (VS2019)

END.
