#
# There is insufficient memory for the Java Runtime Environment to continue.
# Native memory allocation (mmap) failed to map 54525952 bytes for G1 virtual space
# Possible reasons:
#   The system is out of physical RAM or swap space
#   The process is running with CompressedOops enabled, and the Java Heap may be blocking the growth of the native heap
# Possible solutions:
#   Reduce memory load on the system
#   Increase physical memory or swap space
#   Check if swap backing store is full
#   Decrease Java heap size (-Xmx/-Xms)
#   Decrease number of Java threads
#   Decrease Java thread stack sizes (-Xss)
#   Set larger code cache with -XX:ReservedCodeCacheSize=
#   JVM is running with Unscaled Compressed Oops mode in which the Java heap is
#     placed in the first 4GB address space. The Java Heap base address is the
#     maximum limit for the native heap growth. Please use -XX:HeapBaseMinAddress
#     to set the Java Heap base and to place the Java Heap above 4GB virtual address.
# This output file may be truncated or incomplete.
#
#  Out of Memory Error (os_windows.cpp:3541), pid=5456, tid=184
#
# JRE version: Java(TM) SE Runtime Environment (17.0.5+9) (build 17.0.5+9-LTS-191)
# Java VM: Java HotSpot(TM) 64-Bit Server VM (17.0.5+9-LTS-191, mixed mode, sharing, tiered, compressed oops, compressed class ptrs, g1 gc, windows-amd64)
# No core dump will be written. Minidumps are not enabled by default on client versions of Windows
#

---------------  S U M M A R Y ------------

Command Line: --module-path=C:/Program Files/javafx-sdk-17.0.2/lib --add-modules=javafx.fxml,javafx.controls,javafx.graphics -javaagent:C:\ProgramData\Microsoft\Windows\Start Menu\Programs\ideaIC-2021.3.2.win\lib\idea_rt.jar=57789:C:\ProgramData\Microsoft\Windows\Start Menu\Programs\ideaIC-2021.3.2.win\bin -Dfile.encoding=UTF-8 main.Main

Host: Intel(R) Core(TM) i7-8550U CPU @ 1.80GHz, 8 cores, 7G,  Windows 11 , 64 bit Build 22621 (10.0.22621.1105)
Time: Mon Feb 13 12:25:31 2023 Eastern Standard Time elapsed time: 111.866311 seconds (0d 0h 1m 51s)

---------------  T H R E A D  ---------------

Current thread (0x0000025af2ea5fb0):  VMThread "VM Thread" [stack: 0x000000def1a00000,0x000000def1b00000] [id=184]

Stack: [0x000000def1a00000,0x000000def1b00000]
Native frames: (J=compiled Java code, j=interpreted, Vv=VM code, C=native code)
V  [jvm.dll+0x672eea]
V  [jvm.dll+0x7d2a04]
V  [jvm.dll+0x7d41ae]
V  [jvm.dll+0x7d4813]
V  [jvm.dll+0x242c15]
V  [jvm.dll+0x66fe09]
V  [jvm.dll+0x664682]
V  [jvm.dll+0x300e8b]
V  [jvm.dll+0x308426]
V  [jvm.dll+0x357ffe]
V  [jvm.dll+0x35822f]
V  [jvm.dll+0x2d80a8]
V  [jvm.dll+0x2d6374]
V  [jvm.dll+0x2d597c]
V  [jvm.dll+0x3193eb]
V  [jvm.dll+0x7d8ceb]
V  [jvm.dll+0x7d9a24]
V  [jvm.dll+0x7d9f3c]
V  [jvm.dll+0x7da314]
V  [jvm.dll+0x7da3e0]
V  [jvm.dll+0x782b4a]
V  [jvm.dll+0x671d75]
C  [ucrtbase.dll+0x29363]
C  [KERNEL32.DLL+0x126bd]
C  [ntdll.dll+0x5dfb8]

VM_Operation (0x000000def2bfdfb0): G1CollectForAllocation, mode: safepoint, requested by thread 0x0000025af46b3000


---------------  P R O C E S S  ---------------

Threads class SMR info:
_java_thread_list=0x0000025afc52f520, length=21, elements={
0x0000025ad4e7b650, 0x0000025af2eab5f0, 0x0000025af2eacdc0, 0x0000025af2ec2370,
0x0000025af2ec2840, 0x0000025af2ec2e00, 0x0000025af2ec53d0, 0x0000025af2ec9d80,
0x0000025af2ecbbe0, 0x0000025af2ecfe80, 0x0000025af39aa050, 0x0000025af45f79a0,
0x0000025af45f7e70, 0x0000025af462b040, 0x0000025af46b2390, 0x0000025af46b3000,
0x0000025af49c5de0, 0x0000025af449a4e0, 0x0000025af4dc7310, 0x0000025af4ea0350,
0x0000025af4e9eb40
}

Java Threads: ( => current thread )
  0x0000025ad4e7b650 JavaThread "main" [_thread_blocked, id=10444, stack(0x000000def1400000,0x000000def1500000)]
  0x0000025af2eab5f0 JavaThread "Reference Handler" daemon [_thread_blocked, id=16376, stack(0x000000def1b00000,0x000000def1c00000)]
  0x0000025af2eacdc0 JavaThread "Finalizer" daemon [_thread_blocked, id=1720, stack(0x000000def1c00000,0x000000def1d00000)]
  0x0000025af2ec2370 JavaThread "Signal Dispatcher" daemon [_thread_blocked, id=16308, stack(0x000000def1d00000,0x000000def1e00000)]
  0x0000025af2ec2840 JavaThread "Attach Listener" daemon [_thread_blocked, id=10784, stack(0x000000def1e00000,0x000000def1f00000)]
  0x0000025af2ec2e00 JavaThread "Service Thread" daemon [_thread_blocked, id=14376, stack(0x000000def1f00000,0x000000def2000000)]
  0x0000025af2ec53d0 JavaThread "Monitor Deflation Thread" daemon [_thread_blocked, id=15304, stack(0x000000def2000000,0x000000def2100000)]
  0x0000025af2ec9d80 JavaThread "C2 CompilerThread0" daemon [_thread_blocked, id=6152, stack(0x000000def2100000,0x000000def2200000)]
  0x0000025af2ecbbe0 JavaThread "C1 CompilerThread0" daemon [_thread_blocked, id=9880, stack(0x000000def2200000,0x000000def2300000)]
  0x0000025af2ecfe80 JavaThread "Sweeper thread" daemon [_thread_blocked, id=14236, stack(0x000000def2300000,0x000000def2400000)]
  0x0000025af39aa050 JavaThread "Common-Cleaner" daemon [_thread_blocked, id=7496, stack(0x000000def2400000,0x000000def2500000)]
  0x0000025af45f79a0 JavaThread "Monitor Ctrl-Break" daemon [_thread_in_native, id=9372, stack(0x000000def2700000,0x000000def2800000)]
  0x0000025af45f7e70 JavaThread "Notification Thread" daemon [_thread_blocked, id=1552, stack(0x000000def2800000,0x000000def2900000)]
  0x0000025af462b040 JavaThread "QuantumRenderer-0" daemon [_thread_blocked, id=2508, stack(0x000000def2a00000,0x000000def2b00000)]
  0x0000025af46b2390 JavaThread "InvokeLaterDispatcher" daemon [_thread_blocked, id=13188, stack(0x000000def2500000,0x000000def2600000)]
  0x0000025af46b3000 JavaThread "JavaFX Application Thread" [_thread_blocked, id=14576, stack(0x000000def2b00000,0x000000def2c00000)]
  0x0000025af49c5de0 JavaThread "Thread-1" daemon [_thread_blocked, id=12144, stack(0x000000def2f00000,0x000000def3000000)]
  0x0000025af449a4e0 JavaThread "mysql-cj-abandoned-connection-cleanup" daemon [_thread_blocked, id=15884, stack(0x000000def3000000,0x000000def3100000)]
  0x0000025af4dc7310 JavaThread "JavaFX-Launcher" [_thread_blocked, id=10692, stack(0x000000def3800000,0x000000def3900000)]
  0x0000025af4ea0350 JavaThread "Prism Font Disposer" daemon [_thread_blocked, id=15912, stack(0x000000def3c00000,0x000000def3d00000)]
  0x0000025af4e9eb40 JavaThread "Cleaner-0" daemon [_thread_blocked, id=11308, stack(0x000000def3e00000,0x000000def3f00000)]

Other Threads:
=>0x0000025af2ea5fb0 VMThread "VM Thread" [stack: 0x000000def1a00000,0x000000def1b00000] [id=184]
  0x0000025af4649c90 WatcherThread [stack: 0x000000def2900000,0x000000def2a00000] [id=14676]
  0x0000025ad4ed5440 GCTaskThread "GC Thread#0" [stack: 0x000000def1500000,0x000000def1600000] [id=8924]
  0x0000025af4d33740 GCTaskThread "GC Thread#1" [stack: 0x000000def3100000,0x000000def3200000] [id=9852]
  0x0000025af4d339f0 GCTaskThread "GC Thread#2" [stack: 0x000000def3200000,0x000000def3300000] [id=14632]
  0x0000025af4a6c050 GCTaskThread "GC Thread#3" [stack: 0x000000def3300000,0x000000def3400000] [id=12584]
  0x0000025af4aae150 GCTaskThread "GC Thread#4" [stack: 0x000000def3400000,0x000000def3500000] [id=14188]
  0x0000025af4aae400 GCTaskThread "GC Thread#5" [stack: 0x000000def3500000,0x000000def3600000] [id=16264]
  0x0000025af4aaeac0 GCTaskThread "GC Thread#6" [stack: 0x000000def3600000,0x000000def3700000] [id=9280]
  0x0000025af51ebd60 GCTaskThread "GC Thread#7" [stack: 0x000000def3b00000,0x000000def3c00000] [id=8816]
  0x0000025ad4ee5f20 ConcurrentGCThread "G1 Main Marker" [stack: 0x000000def1600000,0x000000def1700000] [id=15804]
  0x0000025ad4ee6930 ConcurrentGCThread "G1 Conc#0" [stack: 0x000000def1700000,0x000000def1800000] [id=14888]
  0x0000025afc14f210 ConcurrentGCThread "G1 Conc#1" [stack: 0x000000def3d00000,0x000000def3e00000] [id=13780]
  0x0000025af2d424b0 ConcurrentGCThread "G1 Refine#0" [stack: 0x000000def1800000,0x000000def1900000] [id=14396]
  0x0000025af2d448a0 ConcurrentGCThread "G1 Service" [stack: 0x000000def1900000,0x000000def1a00000] [id=11088]

Threads with active compile tasks:

VM state: at safepoint (normal execution)

VM Mutex/Monitor currently owned by a thread:  ([mutex/lock_event])
[0x0000025ad4e76d50] Threads_lock - owner thread: 0x0000025af2ea5fb0
[0x0000025ad4e77da0] Heap_lock - owner thread: 0x0000025af46b3000

Heap address: 0x0000000082e00000, size: 2002 MB, Compressed Oops mode: 32-bit

CDS archive(s) mapped at: [0x0000000800000000-0x0000000800bd0000-0x0000000800bd0000), size 12386304, SharedBaseAddress: 0x0000000800000000, ArchiveRelocationMode: 0.
Compressed class space mapped at: 0x0000000800c00000-0x0000000840c00000, reserved size: 1073741824
Narrow klass base: 0x0000000800000000, Narrow klass shift: 0, Narrow klass range: 0x100000000

GC Precious Log:
 CPUs: 8 total, 8 available
 Memory: 8007M
 Large Page Support: Disabled
 NUMA Support: Disabled
 Compressed Oops: Enabled (32-bit)
 Heap Region Size: 1M
 Heap Min Capacity: 8M
 Heap Initial Capacity: 126M
 Heap Max Capacity: 2002M
 Pre-touch: Disabled
 Parallel Workers: 8
 Concurrent Workers: 2
 Concurrent Refinement Workers: 8
 Periodic GC: Disabled

Heap:
 garbage-first heap   total 53248K, used 27073K [0x0000000082e00000, 0x0000000100000000)
  region size 1024K, 2 young (2048K), 2 survivors (2048K)
 Metaspace       used 29152K, committed 29440K, reserved 1081344K
  class space    used 3842K, committed 3968K, reserved 1048576K

Heap Regions: E=young(eden), S=young(survivor), O=old, HS=humongous(starts), HC=humongous(continues), CS=collection set, F=free, OA=open archive, CA=closed archive, TAMS=top-at-mark-start (previous, next)
|   0|0x0000000082e00000, 0x0000000082f00000, 0x0000000082f00000|100%| O|  |TAMS 0x0000000082f00000, 0x0000000082f00000| Untracked 
|   1|0x0000000082f00000, 0x0000000083000000, 0x0000000083000000|100%| O|  |TAMS 0x0000000083000000, 0x0000000083000000| Untracked 
|   2|0x0000000083000000, 0x0000000083100000, 0x0000000083100000|100%| O|  |TAMS 0x0000000083100000, 0x0000000083100000| Untracked 
|   3|0x0000000083100000, 0x0000000083200000, 0x0000000083200000|100%| O|  |TAMS 0x0000000083200000, 0x0000000083200000| Untracked 
|   4|0x0000000083200000, 0x00000000832e2000, 0x0000000083300000| 88%| O|  |TAMS 0x0000000083200000, 0x00000000832e2000| Untracked 
|   5|0x0000000083300000, 0x0000000083300000, 0x0000000083400000|  0%| F|  |TAMS 0x0000000083300000, 0x0000000083300000| Untracked 
|   6|0x0000000083400000, 0x0000000083400000, 0x0000000083500000|  0%| F|  |TAMS 0x0000000083400000, 0x0000000083400000| Untracked 
|   7|0x0000000083500000, 0x0000000083600000, 0x0000000083600000|100%| O|  |TAMS 0x0000000083600000, 0x0000000083600000| Untracked 
|   8|0x0000000083600000, 0x0000000083700000, 0x0000000083700000|100%| O|  |TAMS 0x0000000083700000, 0x0000000083700000| Untracked 
|   9|0x0000000083700000, 0x0000000083800000, 0x0000000083800000|100%| O|  |TAMS 0x0000000083800000, 0x0000000083800000| Untracked 
|  10|0x0000000083800000, 0x0000000083900000, 0x0000000083900000|100%| O|  |TAMS 0x0000000083900000, 0x0000000083900000| Untracked 
|  11|0x0000000083900000, 0x0000000083900000, 0x0000000083a00000|  0%| F|  |TAMS 0x0000000083900000, 0x0000000083900000| Untracked 
|  12|0x0000000083a00000, 0x0000000083b00000, 0x0000000083b00000|100%| O|  |TAMS 0x0000000083b00000, 0x0000000083b00000| Untracked 
|  13|0x0000000083b00000, 0x0000000083c00000, 0x0000000083c00000|100%|HS|  |TAMS 0x0000000083c00000, 0x0000000083c00000| Complete 
|  14|0x0000000083c00000, 0x0000000083d00000, 0x0000000083d00000|100%|HC|  |TAMS 0x0000000083d00000, 0x0000000083d00000| Complete 
|  15|0x0000000083d00000, 0x0000000083d00000, 0x0000000083e00000|  0%| F|  |TAMS 0x0000000083d00000, 0x0000000083d00000| Untracked 
|  16|0x0000000083e00000, 0x0000000083f00000, 0x0000000083f00000|100%| O|  |TAMS 0x0000000083f00000, 0x0000000083f00000| Untracked 
|  17|0x0000000083f00000, 0x0000000083f00000, 0x0000000084000000|  0%| F|  |TAMS 0x0000000083f00000, 0x0000000083f00000| Untracked 
|  18|0x0000000084000000, 0x0000000084000000, 0x0000000084100000|  0%| F|  |TAMS 0x0000000084000000, 0x0000000084000000| Untracked 
|  19|0x0000000084100000, 0x0000000084200000, 0x0000000084200000|100%| O|  |TAMS 0x0000000084200000, 0x0000000084200000| Untracked 
|  20|0x0000000084200000, 0x0000000084300000, 0x0000000084300000|100%| O|  |TAMS 0x0000000084300000, 0x0000000084300000| Untracked 
|  21|0x0000000084300000, 0x0000000084300000, 0x0000000084400000|  0%| F|  |TAMS 0x0000000084300000, 0x0000000084300000| Untracked 
|  22|0x0000000084400000, 0x0000000084400000, 0x0000000084500000|  0%| F|  |TAMS 0x0000000084400000, 0x0000000084400000| Untracked 
|  23|0x0000000084500000, 0x0000000084600000, 0x0000000084600000|100%| O|  |TAMS 0x0000000084600000, 0x0000000084600000| Untracked 
|  24|0x0000000084600000, 0x0000000084700000, 0x0000000084700000|100%| O|  |TAMS 0x0000000084692800, 0x0000000084700000| Untracked 
|  25|0x0000000084700000, 0x0000000084800000, 0x0000000084800000|100%| O|  |TAMS 0x0000000084700000, 0x0000000084800000| Untracked 
|  26|0x0000000084800000, 0x0000000084900000, 0x0000000084900000|100%| O|  |TAMS 0x0000000084800000, 0x0000000084900000| Untracked 
|  27|0x0000000084900000, 0x0000000084a00000, 0x0000000084a00000|100%| O|  |TAMS 0x0000000084900000, 0x0000000084a00000| Untracked 
|  28|0x0000000084a00000, 0x0000000084b00000, 0x0000000084b00000|100%| O|  |TAMS 0x0000000084a00000, 0x0000000084b00000| Untracked 
|  29|0x0000000084b00000, 0x0000000084c00000, 0x0000000084c00000|100%| O|  |TAMS 0x0000000084b00000, 0x0000000084c00000| Untracked 
|  30|0x0000000084c00000, 0x0000000084d00000, 0x0000000084d00000|100%| O|  |TAMS 0x0000000084c00000, 0x0000000084d00000| Untracked 
|  31|0x0000000084d00000, 0x0000000084e00000, 0x0000000084e00000|100%| O|  |TAMS 0x0000000084d00000, 0x0000000084e00000| Untracked 
|  32|0x0000000084e00000, 0x0000000084f00000, 0x0000000084f00000|100%| O|  |TAMS 0x0000000084e00000, 0x0000000084f00000| Untracked 
|  33|0x0000000084f00000, 0x0000000084f00000, 0x0000000085000000|  0%| F|  |TAMS 0x0000000084f00000, 0x0000000084f00000| Untracked 
|  34|0x0000000085000000, 0x0000000085000000, 0x0000000085100000|  0%| F|  |TAMS 0x0000000085000000, 0x0000000085000000| Untracked 
|  35|0x0000000085100000, 0x0000000085100000, 0x0000000085200000|  0%| F|  |TAMS 0x0000000085100000, 0x0000000085100000| Untracked 
|  36|0x0000000085200000, 0x0000000085200000, 0x0000000085300000|  0%| F|  |TAMS 0x0000000085200000, 0x0000000085200000| Untracked 
|  37|0x0000000085300000, 0x0000000085300000, 0x0000000085400000|  0%| F|  |TAMS 0x0000000085300000, 0x0000000085300000| Untracked 
|  38|0x0000000085400000, 0x000000008548e548, 0x0000000085500000| 55%| S|CS|TAMS 0x0000000085400000, 0x0000000085400000| Complete 
|  39|0x0000000085500000, 0x0000000085600000, 0x0000000085600000|100%| S|CS|TAMS 0x0000000085500000, 0x0000000085500000| Complete 
|  40|0x0000000085600000, 0x0000000085600000, 0x0000000085700000|  0%| F|  |TAMS 0x0000000085600000, 0x0000000085600000| Untracked 
|  41|0x0000000085700000, 0x0000000085700000, 0x0000000085800000|  0%| F|  |TAMS 0x0000000085700000, 0x0000000085700000| Untracked 
|  42|0x0000000085800000, 0x0000000085800000, 0x0000000085900000|  0%| F|  |TAMS 0x0000000085800000, 0x0000000085800000| Untracked 
| 108|0x0000000089a00000, 0x0000000089a00000, 0x0000000089b00000|  0%| F|  |TAMS 0x0000000089a00000, 0x0000000089a00000| Untracked 
| 109|0x0000000089b00000, 0x0000000089b00000, 0x0000000089c00000|  0%| F|  |TAMS 0x0000000089b00000, 0x0000000089b00000| Untracked 
| 110|0x0000000089c00000, 0x0000000089c00000, 0x0000000089d00000|  0%| F|  |TAMS 0x0000000089c00000, 0x0000000089c00000| Untracked 
| 111|0x0000000089d00000, 0x0000000089d00000, 0x0000000089e00000|  0%| F|  |TAMS 0x0000000089d00000, 0x0000000089d00000| Untracked 
| 112|0x0000000089e00000, 0x0000000089e00000, 0x0000000089f00000|  0%| F|  |TAMS 0x0000000089e00000, 0x0000000089e00000| Untracked 
| 113|0x0000000089f00000, 0x0000000089f00000, 0x000000008a000000|  0%| F|  |TAMS 0x0000000089f00000, 0x0000000089f00000| Untracked 
| 114|0x000000008a000000, 0x000000008a000000, 0x000000008a100000|  0%| F|  |TAMS 0x000000008a000000, 0x000000008a000000| Untracked 
| 124|0x000000008aa00000, 0x000000008aa00000, 0x000000008ab00000|  0%| F|  |TAMS 0x000000008aa00000, 0x000000008aa00000| Untracked 
| 125|0x000000008ab00000, 0x000000008ab00000, 0x000000008ac00000|  0%| F|  |TAMS 0x000000008ab00000, 0x000000008ab00000| Untracked 

Card table byte_map: [0x0000025aebe20000,0x0000025aec210000] _byte_map_base: 0x0000025aeba09000

Marking Bits (Prev, Next): (CMBitMap*) 0x0000025ad4ed5a90, (CMBitMap*) 0x0000025ad4ed5a50
 Prev Bits: [0x0000025aee550000, 0x0000025af0498000)
 Next Bits: [0x0000025aec600000, 0x0000025aee548000)

Polling page: 0x0000025ad4650000

Metaspace:

Usage:
  Non-class:     24.72 MB used.
      Class:      3.75 MB used.
       Both:     28.47 MB used.

Virtual space:
  Non-class space:       32.00 MB reserved,      24.88 MB ( 78%) committed,  4 nodes.
      Class space:        1.00 GB reserved,       3.88 MB ( <1%) committed,  1 nodes.
             Both:        1.03 GB reserved,      28.75 MB (  3%) committed. 

Chunk freelists:
   Non-Class:  2.39 MB
       Class:  165.00 KB
        Both:  2.55 MB

MaxMetaspaceSize: unlimited
CompressedClassSpaceSize: 1.00 GB
Initial GC threshold: 21.00 MB
Current GC threshold: 47.12 MB
CDS: on
MetaspaceReclaimPolicy: balanced
 - commit_granule_bytes: 65536.
 - commit_granule_words: 8192.
 - virtual_space_node_default_size: 1048576.
 - enlarge_chunks_in_place: 1.
 - new_chunks_are_fully_committed: 0.
 - uncommit_free_chunks: 1.
 - use_allocation_guard: 0.
 - handle_deallocations: 1.


Internal statistics:

num_allocs_failed_limit: 6.
num_arena_births: 332.
num_arena_deaths: 2.
num_vsnodes_births: 5.
num_vsnodes_deaths: 0.
num_space_committed: 460.
num_space_uncommitted: 0.
num_chunks_returned_to_freelist: 9.
num_chunks_taken_from_freelist: 1215.
num_chunk_merges: 3.
num_chunk_splits: 825.
num_chunks_enlarged: 618.
num_purges: 2.
num_inconsistent_stats: 0.

CodeHeap 'non-profiled nmethods': size=120000Kb used=3428Kb max_used=3428Kb free=116571Kb
 bounds [0x0000025ae41c0000, 0x0000025ae4520000, 0x0000025aeb6f0000]
CodeHeap 'profiled nmethods': size=120000Kb used=12076Kb max_used=12443Kb free=107923Kb
 bounds [0x0000025adcc90000, 0x0000025add8c0000, 0x0000025ae41c0000]
CodeHeap 'non-nmethods': size=5760Kb used=1529Kb max_used=1620Kb free=4230Kb
 bounds [0x0000025adc6f0000, 0x0000025adc960000, 0x0000025adcc90000]
 total_blobs=6724 nmethods=5812 adapters=822
 compilation: enabled
              stopped_count=0, restarted_count=0
 full_count=0

Compilation events (20 events):
Event: 111.002 Thread 0x0000025af2ecbbe0 6752       3       com.sun.javafx.geom.transform.AffineBase::doTransform (629 bytes)
Event: 111.003 Thread 0x0000025af2ec9d80 6753       4       com.sun.util.reentrant.ReentrantContextProviderTL::acquire (71 bytes)
Event: 111.004 Thread 0x0000025af2ecbbe0 nmethod 6752 0x0000025add141c90 code [0x0000025add141f60, 0x0000025add143208]
Event: 111.005 Thread 0x0000025af2ecbbe0 6755       3       com.sun.javafx.tk.quantum.PaintCollector::done (127 bytes)
Event: 111.006 Thread 0x0000025af2ecbbe0 nmethod 6755 0x0000025add140510 code [0x0000025add1407e0, 0x0000025add141718]
Event: 111.006 Thread 0x0000025af2ecbbe0 6756  s    3       com.sun.javafx.tk.quantum.GlassScene::frameRendered (17 bytes)
Event: 111.007 Thread 0x0000025af2ecbbe0 nmethod 6756 0x0000025adcf88c90 code [0x0000025adcf88e40, 0x0000025adcf890c8]
Event: 111.007 Thread 0x0000025af2ecbbe0 6757   !   3       javafx.scene.Scene$ScenePeerPaintListener::frameRendered (37 bytes)
Event: 111.007 Thread 0x0000025af2ecbbe0 nmethod 6757 0x0000025adcf88010 code [0x0000025adcf88200, 0x0000025adcf887d8]
Event: 111.008 Thread 0x0000025af2ec9d80 nmethod 6753 0x0000025ae4518910 code [0x0000025ae4518ac0, 0x0000025ae4518d98]
Event: 111.008 Thread 0x0000025af2ec9d80 6754       4       com.sun.marlin.RendererContext::dispose (93 bytes)
Event: 111.009 Thread 0x0000025af2ec9d80 nmethod 6754 0x0000025ae4519090 code [0x0000025ae4519200, 0x0000025ae45192b8]
Event: 111.307 Thread 0x0000025af2ecbbe0 6758       3       javafx.util.Duration::equals (33 bytes)
Event: 111.308 Thread 0x0000025af2ecbbe0 nmethod 6758 0x0000025add13fe90 code [0x0000025add140040, 0x0000025add140458]
Event: 111.308 Thread 0x0000025af2ecbbe0 6759       3       javafx.beans.binding.BooleanBinding::invalidate (24 bytes)
Event: 111.308 Thread 0x0000025af2ecbbe0 nmethod 6759 0x0000025add13f810 code [0x0000025add13f9c0, 0x0000025add13fd48]
Event: 111.341 Thread 0x0000025af2ecbbe0 6760       3       javafx.animation.Animation::syncClipEnvelope (56 bytes)
Event: 111.342 Thread 0x0000025af2ecbbe0 nmethod 6760 0x0000025add56a490 code [0x0000025add56a6e0, 0x0000025add56b378]
Event: 111.342 Thread 0x0000025af2ecbbe0 6761       3       com.sun.scenario.animation.shared.ClipEnvelope::updateCycleTicks (9 bytes)
Event: 111.342 Thread 0x0000025af2ecbbe0 nmethod 6761 0x0000025add13f110 code [0x0000025add13f2e0, 0x0000025add13f508]

GC Heap History (20 events):
Event: 3.928 GC heap after
{Heap after GC invocations=2 (full 0):
 garbage-first heap   total 129024K, used 9447K [0x0000000082e00000, 0x0000000100000000)
  region size 1024K, 5 young (5120K), 5 survivors (5120K)
 Metaspace       used 18652K, committed 18880K, reserved 1073152K
  class space    used 2377K, committed 2496K, reserved 1048576K
}
Event: 4.332 GC heap before
{Heap before GC invocations=2 (full 0):
 garbage-first heap   total 129024K, used 19687K [0x0000000082e00000, 0x0000000100000000)
  region size 1024K, 16 young (16384K), 5 survivors (5120K)
 Metaspace       used 21263K, committed 21504K, reserved 1073152K
  class space    used 2894K, committed 3008K, reserved 1048576K
}
Event: 4.339 GC heap after
{Heap after GC invocations=3 (full 0):
 garbage-first heap   total 129024K, used 10601K [0x0000000082e00000, 0x0000000100000000)
  region size 1024K, 7 young (7168K), 7 survivors (7168K)
 Metaspace       used 21263K, committed 21504K, reserved 1073152K
  class space    used 2894K, committed 3008K, reserved 1048576K
}
Event: 8.905 GC heap before
{Heap before GC invocations=4 (full 0):
 garbage-first heap   total 48128K, used 34153K [0x0000000082e00000, 0x0000000100000000)
  region size 1024K, 28 young (28672K), 7 survivors (7168K)
 Metaspace       used 25043K, committed 25280K, reserved 1073152K
  class space    used 3410K, committed 3520K, reserved 1048576K
}
Event: 8.916 GC heap after
{Heap after GC invocations=5 (full 0):
 garbage-first heap   total 48128K, used 16281K [0x0000000082e00000, 0x0000000100000000)
  region size 1024K, 4 young (4096K), 4 survivors (4096K)
 Metaspace       used 25043K, committed 25280K, reserved 1073152K
  class space    used 3410K, committed 3520K, reserved 1048576K
}
Event: 53.264 GC heap before
{Heap before GC invocations=6 (full 0):
 garbage-first heap   total 48128K, used 34713K [0x0000000082e00000, 0x0000000100000000)
  region size 1024K, 20 young (20480K), 4 survivors (4096K)
 Metaspace       used 27021K, committed 27328K, reserved 1073152K
  class space    used 3609K, committed 3776K, reserved 1048576K
}
Event: 53.273 GC heap after
{Heap after GC invocations=7 (full 0):
 garbage-first heap   total 48128K, used 19640K [0x0000000082e00000, 0x0000000100000000)
  region size 1024K, 3 young (3072K), 3 survivors (3072K)
 Metaspace       used 27021K, committed 27328K, reserved 1073152K
  class space    used 3609K, committed 3776K, reserved 1048576K
}
Event: 55.610 GC heap before
{Heap before GC invocations=7 (full 0):
 garbage-first heap   total 48128K, used 33976K [0x0000000082e00000, 0x0000000100000000)
  region size 1024K, 17 young (17408K), 3 survivors (3072K)
 Metaspace       used 28102K, committed 28416K, reserved 1073152K
  class space    used 3778K, committed 3904K, reserved 1048576K
}
Event: 55.619 GC heap after
{Heap after GC invocations=8 (full 0):
 garbage-first heap   total 48128K, used 23203K [0x0000000082e00000, 0x0000000100000000)
  region size 1024K, 3 young (3072K), 3 survivors (3072K)
 Metaspace       used 28102K, committed 28416K, reserved 1073152K
  class space    used 3778K, committed 3904K, reserved 1048576K
}
Event: 61.019 GC heap before
{Heap before GC invocations=8 (full 0):
 garbage-first heap   total 48128K, used 34467K [0x0000000082e00000, 0x0000000100000000)
  region size 1024K, 14 young (14336K), 3 survivors (3072K)
 Metaspace       used 28213K, committed 28480K, reserved 1081344K
  class space    used 3780K, committed 3904K, reserved 1048576K
}
Event: 61.025 GC heap after
{Heap after GC invocations=9 (full 0):
 garbage-first heap   total 48128K, used 26417K [0x0000000082e00000, 0x0000000100000000)
  region size 1024K, 2 young (2048K), 2 survivors (2048K)
 Metaspace       used 28213K, committed 28480K, reserved 1081344K
  class space    used 3780K, committed 3904K, reserved 1048576K
}
Event: 63.126 GC heap before
{Heap before GC invocations=9 (full 0):
 garbage-first heap   total 48128K, used 34609K [0x0000000082e00000, 0x0000000100000000)
  region size 1024K, 10 young (10240K), 2 survivors (2048K)
 Metaspace       used 28609K, committed 28864K, reserved 1081344K
  class space    used 3823K, committed 3968K, reserved 1048576K
}
Event: 63.131 GC heap after
{Heap after GC invocations=10 (full 0):
 garbage-first heap   total 48128K, used 29277K [0x0000000082e00000, 0x0000000100000000)
  region size 1024K, 2 young (2048K), 2 survivors (2048K)
 Metaspace       used 28609K, committed 28864K, reserved 1081344K
  class space    used 3823K, committed 3968K, reserved 1048576K
}
Event: 64.851 GC heap before
{Heap before GC invocations=11 (full 0):
 garbage-first heap   total 53248K, used 35421K [0x0000000082e00000, 0x0000000100000000)
  region size 1024K, 8 young (8192K), 2 survivors (2048K)
 Metaspace       used 28877K, committed 29184K, reserved 1081344K
  class space    used 3842K, committed 3968K, reserved 1048576K
}
Event: 64.854 GC heap after
{Heap after GC invocations=12 (full 0):
 garbage-first heap   total 53248K, used 30743K [0x0000000082e00000, 0x0000000100000000)
  region size 1024K, 1 young (1024K), 1 survivors (1024K)
 Metaspace       used 28877K, committed 29184K, reserved 1081344K
  class space    used 3842K, committed 3968K, reserved 1048576K
}
Event: 64.861 GC heap before
{Heap before GC invocations=12 (full 0):
 garbage-first heap   total 53248K, used 31767K [0x0000000082e00000, 0x0000000100000000)
  region size 1024K, 2 young (2048K), 1 survivors (1024K)
 Metaspace       used 28890K, committed 29184K, reserved 1081344K
  class space    used 3842K, committed 3968K, reserved 1048576K
}
Event: 64.863 GC heap after
{Heap after GC invocations=13 (full 0):
 garbage-first heap   total 53248K, used 27421K [0x0000000082e00000, 0x0000000100000000)
  region size 1024K, 1 young (1024K), 1 survivors (1024K)
 Metaspace       used 28890K, committed 29184K, reserved 1081344K
  class space    used 3842K, committed 3968K, reserved 1048576K
}
Event: 64.888 GC heap before
{Heap before GC invocations=13 (full 0):
 garbage-first heap   total 53248K, used 28445K [0x0000000082e00000, 0x0000000100000000)
  region size 1024K, 2 young (2048K), 1 survivors (1024K)
 Metaspace       used 28923K, committed 29248K, reserved 1081344K
  class space    used 3842K, committed 3968K, reserved 1048576K
}
Event: 64.891 GC heap after
{Heap after GC invocations=14 (full 0):
 garbage-first heap   total 53248K, used 26159K [0x0000000082e00000, 0x0000000100000000)
  region size 1024K, 1 young (1024K), 1 survivors (1024K)
 Metaspace       used 28923K, committed 29248K, reserved 1081344K
  class space    used 3842K, committed 3968K, reserved 1048576K
}
Event: 111.848 GC heap before
{Heap before GC invocations=14 (full 0):
 garbage-first heap   total 53248K, used 37423K [0x0000000082e00000, 0x0000000100000000)
  region size 1024K, 12 young (12288K), 1 survivors (1024K)
 Metaspace       used 29152K, committed 29440K, reserved 1081344K
  class space    used 3842K, committed 3968K, reserved 1048576K
}

Deoptimization events (20 events):
Event: 108.024 Thread 0x0000025af462b040 Uncommon trap: trap_request=0xffffffbe fr.pc=0x0000025ae43cc868 relative=0x0000000000001dc8
Event: 108.024 Thread 0x0000025af462b040 Uncommon trap: reason=profile_predicate action=maybe_recompile pc=0x0000025ae43cc868 method=com.sun.prism.impl.shape.DMarlinPrismUtils.feedConsumer(Lcom/sun/marlin/RendererContext;Lcom/sun/javafx/geom/Path2D;Lcom/sun/javafx/geom/transform/BaseTransform;Lc
Event: 108.024 Thread 0x0000025af462b040 DEOPT PACKING pc=0x0000025ae43cc868 sp=0x000000def2afe160
Event: 108.024 Thread 0x0000025af462b040 DEOPT UNPACKING pc=0x0000025adc7423a3 sp=0x000000def2afe160 mode 2
Event: 108.089 Thread 0x0000025af462b040 Uncommon trap: trap_request=0xffffffbe fr.pc=0x0000025ae43cc868 relative=0x0000000000001dc8
Event: 108.089 Thread 0x0000025af462b040 Uncommon trap: reason=profile_predicate action=maybe_recompile pc=0x0000025ae43cc868 method=com.sun.prism.impl.shape.DMarlinPrismUtils.feedConsumer(Lcom/sun/marlin/RendererContext;Lcom/sun/javafx/geom/Path2D;Lcom/sun/javafx/geom/transform/BaseTransform;Lc
Event: 108.089 Thread 0x0000025af462b040 DEOPT PACKING pc=0x0000025ae43cc868 sp=0x000000def2afe160
Event: 108.089 Thread 0x0000025af462b040 DEOPT UNPACKING pc=0x0000025adc7423a3 sp=0x000000def2afe160 mode 2
Event: 109.496 Thread 0x0000025af46b3000 Uncommon trap: trap_request=0xffffff45 fr.pc=0x0000025ae44a14e8 relative=0x00000000000000c8
Event: 109.496 Thread 0x0000025af46b3000 Uncommon trap: reason=unstable_if action=reinterpret pc=0x0000025ae44a14e8 method=com.sun.javafx.event.CompositeEventDispatcher.dispatchCapturingEvent(Ljavafx/event/Event;)Ljavafx/event/Event; @ 19 c2
Event: 109.496 Thread 0x0000025af46b3000 DEOPT PACKING pc=0x0000025ae44a14e8 sp=0x000000def2bfdc20
Event: 109.496 Thread 0x0000025af46b3000 DEOPT UNPACKING pc=0x0000025adc7423a3 sp=0x000000def2bfdba8 mode 2
Event: 109.496 Thread 0x0000025af46b3000 Uncommon trap: trap_request=0xffffff45 fr.pc=0x0000025ae44a0f04 relative=0x00000000000001e4
Event: 109.496 Thread 0x0000025af46b3000 Uncommon trap: reason=unstable_if action=reinterpret pc=0x0000025ae44a0f04 method=com.sun.javafx.event.BasicEventDispatcher.dispatchEvent(Ljavafx/event/Event;Ljavafx/event/EventDispatchChain;)Ljavafx/event/Event; @ 10 c2
Event: 109.496 Thread 0x0000025af46b3000 DEOPT PACKING pc=0x0000025ae44a0f04 sp=0x000000def2bfdc50
Event: 109.496 Thread 0x0000025af46b3000 DEOPT UNPACKING pc=0x0000025adc7423a3 sp=0x000000def2bfdc08 mode 2
Event: 110.833 Thread 0x0000025af46b3000 Uncommon trap: trap_request=0xffffff45 fr.pc=0x0000025ae420a990 relative=0x00000000000009d0
Event: 110.833 Thread 0x0000025af46b3000 Uncommon trap: reason=unstable_if action=reinterpret pc=0x0000025ae420a990 method=javafx.scene.Node.intersectsBounds(Lcom/sun/javafx/geom/PickRay;)D @ 902 c2
Event: 110.833 Thread 0x0000025af46b3000 DEOPT PACKING pc=0x0000025ae420a990 sp=0x000000def2bfd750
Event: 110.833 Thread 0x0000025af46b3000 DEOPT UNPACKING pc=0x0000025adc7423a3 sp=0x000000def2bfd618 mode 2

Classes unloaded (1 events):
Event: 4.444 Thread 0x0000025af2ea5fb0 Unloading class 0x0000000800c03400 'java/lang/invoke/LambdaForm$DMH+0x0000000800c03400'

Classes redefined (0 events):
No events

Internal exceptions (20 events):
Event: 4.289 Thread 0x0000025af46b3000 Exception <a 'java/lang/NoSuchMethodError'{0x000000008a2e04e8}: 'java.lang.Object java.lang.invoke.DirectMethodHandle$Holder.newInvokeSpecial(java.lang.Object, java.lang.Object, long)'> (0x000000008a2e04e8) 
thrown [s\open\src\hotspot\share\interpreter\linkResolver.cpp, line 759]
Event: 4.290 Thread 0x0000025af46b3000 Exception <a 'java/lang/NoSuchMethodError'{0x000000008a2e4058}: 'java.lang.Object java.lang.invoke.Invokers$Holder.linkToTargetMethod(java.lang.Object, long, java.lang.Object)'> (0x000000008a2e4058) 
thrown [s\open\src\hotspot\share\interpreter\linkResolver.cpp, line 759]
Event: 8.498 Thread 0x0000025af46b3000 Exception <a 'java/lang/NoSuchMethodError'{0x0000000084fad718}: 'java.lang.Object java.lang.invoke.DirectMethodHandle$Holder.invokeStatic(java.lang.Object, int, java.lang.Object)'> (0x0000000084fad718) 
thrown [s\open\src\hotspot\share\interpreter\linkResolver.cpp, line 759]
Event: 9.152 Thread 0x0000025af462b040 Exception <a 'java/lang/NoSuchMethodError'{0x0000000089c1ef10}: 'java.lang.Object java.lang.invoke.DirectMethodHandle$Holder.invokeStaticInit(java.lang.Object, int)'> (0x0000000089c1ef10) 
thrown [s\open\src\hotspot\share\interpreter\linkResolver.cpp, line 759]
Event: 27.838 Thread 0x0000025af46b3000 Exception <a 'java/lang/NoSuchMethodError'{0x000000008515f6a8}: 'java.lang.Object java.lang.invoke.DirectMethodHandle$Holder.newInvokeSpecial(java.lang.Object, java.lang.Object, java.lang.Object, double, double, double, double, int, int, int, int, int, int, int, int, int)'> (0x000000008515f6a8) 
thrown [s\open\src\hotspot\share\interpreter\linkResolver.cpp, line 759]
Event: 41.499 Thread 0x0000025af46b3000 Exception <a 'java/lang/NoSuchMethodError'{0x00000000851caa28}: 'int java.lang.invoke.DirectMethodHandle$Holder.invokeVirtual(java.lang.Object, java.lang.Object)'> (0x00000000851caa28) 
thrown [s\open\src\hotspot\share\interpreter\linkResolver.cpp, line 759]
Event: 41.500 Thread 0x0000025af46b3000 Exception <a 'java/lang/NoSuchMethodError'{0x00000000851d1160}: 'void java.lang.invoke.DirectMethodHandle$Holder.invokeVirtual(java.lang.Object, java.lang.Object, int)'> (0x00000000851d1160) 
thrown [s\open\src\hotspot\share\interpreter\linkResolver.cpp, line 759]
Event: 55.303 Thread 0x0000025af46b3000 Exception <a 'java/lang/ClassNotFoundException'{0x000000008a0a9600}: com/sun/javafx/scene/control/skin/resources/controls-nt> (0x000000008a0a9600) 
thrown [s\open\src\hotspot\share\prims\jni.cpp, line 535]
Event: 55.304 Thread 0x0000025af46b3000 Exception <a 'java/lang/ClassNotFoundException'{0x000000008a0b1ea8}: com/sun/javafx/scene/control/skin/resources/controls-nt_en> (0x000000008a0b1ea8) 
thrown [s\open\src\hotspot\share\prims\jni.cpp, line 535]
Event: 55.304 Thread 0x0000025af46b3000 Exception <a 'java/lang/ClassNotFoundException'{0x000000008a0b3a00}: com/sun/javafx/scene/control/skin/resources/controls-nt_en_US> (0x000000008a0b3a00) 
thrown [s\open\src\hotspot\share\prims\jni.cpp, line 535]
Event: 55.332 Thread 0x0000025af46b3000 Exception <a 'java/lang/NoSuchMethodError'{0x0000000089fb6ca8}: 'void java.lang.invoke.DirectMethodHandle$Holder.invokeSpecialIFC(java.lang.Object, java.lang.Object, java.lang.Object, java.lang.Object)'> (0x0000000089fb6ca8) 
thrown [s\open\src\hotspot\share\interpreter\linkResolver.cpp, line 759]
Event: 55.423 Thread 0x0000025af46b3000 Exception <a 'java/lang/NoSuchMethodError'{0x0000000089b3a848}: 'int java.lang.invoke.DirectMethodHandle$Holder.invokeSpecial(java.lang.Object, java.lang.Object, int)'> (0x0000000089b3a848) 
thrown [s\open\src\hotspot\share\interpreter\linkResolver.cpp, line 759]
Event: 63.087 Thread 0x0000025af46b3000 Exception <a 'java/lang/NoSuchMethodError'{0x0000000089c2a750}: 'java.lang.Object java.lang.invoke.DirectMethodHandle$Holder.newInvokeSpecial(java.lang.Object, java.lang.Object, int, int, int, int, int, java.lang.Object)'> (0x0000000089c2a750) 
thrown [s\open\src\hotspot\share\interpreter\linkResolver.cpp, line 759]
Event: 63.088 Thread 0x0000025af46b3000 Exception <a 'java/lang/NoSuchMethodError'{0x0000000089c3d730}: 'java.lang.Object java.lang.invoke.DirectMethodHandle$Holder.newInvokeSpecial(java.lang.Object, java.lang.Object, java.lang.Object, int, int, int, int, int)'> (0x0000000089c3d730) 
thrown [s\open\src\hotspot\share\interpreter\linkResolver.cpp, line 759]
Event: 63.088 Thread 0x0000025af46b3000 Exception <a 'java/lang/NoSuchMethodError'{0x0000000089c45280}: 'java.lang.Object java.lang.invoke.Invokers$Holder.linkToTargetMethod(java.lang.Object, java.lang.Object, int, int, int, int, int, java.lang.Object)'> (0x0000000089c45280) 
thrown [s\open\src\hotspot\share\interpreter\linkResolver.cpp, line 759]
Event: 63.219 Thread 0x0000025af46b3000 Implicit null exception at 0x0000025ae4394ea2 to 0x0000025ae4395ab8
Event: 63.219 Thread 0x0000025af46b3000 Implicit null exception at 0x0000025ae43f23ac to 0x0000025ae43f23fc
Event: 63.222 Thread 0x0000025af46b3000 Implicit null exception at 0x0000025ae4405770 to 0x0000025ae44068e8
Event: 63.226 Thread 0x0000025af462b040 Implicit null exception at 0x0000025ae44739b2 to 0x0000025ae4475bb4
Event: 63.313 Thread 0x0000025af46b3000 Implicit null exception at 0x0000025ae4396c40 to 0x0000025ae439747c

VM Operations (20 events):
Event: 94.903 Executing VM operation: Cleanup done
Event: 98.904 Executing VM operation: Cleanup
Event: 98.904 Executing VM operation: Cleanup done
Event: 99.905 Executing VM operation: Cleanup
Event: 99.905 Executing VM operation: Cleanup done
Event: 101.905 Executing VM operation: Cleanup
Event: 101.905 Executing VM operation: Cleanup done
Event: 102.906 Executing VM operation: Cleanup
Event: 102.906 Executing VM operation: Cleanup done
Event: 105.907 Executing VM operation: Cleanup
Event: 105.907 Executing VM operation: Cleanup done
Event: 106.908 Executing VM operation: Cleanup
Event: 106.908 Executing VM operation: Cleanup done
Event: 108.909 Executing VM operation: Cleanup
Event: 108.909 Executing VM operation: Cleanup done
Event: 109.909 Executing VM operation: Cleanup
Event: 109.909 Executing VM operation: Cleanup done
Event: 110.909 Executing VM operation: Cleanup
Event: 110.909 Executing VM operation: Cleanup done
Event: 111.848 Executing VM operation: G1CollectForAllocation

Events (20 events):
Event: 63.181 Thread 0x0000025af2ecfe80 flushing nmethod 0x0000025add618210
Event: 63.181 Thread 0x0000025af2ecfe80 flushing nmethod 0x0000025add68cf10
Event: 63.181 Thread 0x0000025af2ecfe80 flushing nmethod 0x0000025add692210
Event: 63.181 Thread 0x0000025af2ecfe80 flushing nmethod 0x0000025add6ef290
Event: 63.181 Thread 0x0000025af2ecfe80 flushing nmethod 0x0000025add6f6310
Event: 63.181 Thread 0x0000025af2ecfe80 flushing nmethod 0x0000025add747b90
Event: 64.145 loading class java/time/format/DateTimeFormatterBuilder$LocalizedPrinterParser
Event: 64.155 loading class java/time/format/DateTimeFormatterBuilder$LocalizedPrinterParser done
Event: 64.155 loading class sun/text/spi/JavaTimeDateTimePatternProvider
Event: 64.156 loading class sun/text/spi/JavaTimeDateTimePatternProvider done
Event: 64.156 loading class sun/util/locale/provider/JavaTimeDateTimePatternImpl
Event: 64.157 loading class sun/util/locale/provider/JavaTimeDateTimePatternImpl done
Event: 85.035 Thread 0x0000025af5029c00 Thread added: 0x0000025af5029c00
Event: 87.167 Thread 0x0000025af5029c00 Thread exited: 0x0000025af5029c00
Event: 93.850 Thread 0x0000025af5029c00 Thread added: 0x0000025af5029c00
Event: 93.907 Thread 0x0000025afc05d4b0 Thread added: 0x0000025afc05d4b0
Event: 94.120 Thread 0x0000025afc05d4b0 Thread exited: 0x0000025afc05d4b0
Event: 98.825 Thread 0x0000025af5029c00 Thread exited: 0x0000025af5029c00
Event: 105.720 Thread 0x0000025af5029c00 Thread added: 0x0000025af5029c00
Event: 105.848 Thread 0x0000025af5029c00 Thread exited: 0x0000025af5029c00


Dynamic libraries:
0x00007ff7a1b70000 - 0x00007ff7a1b80000 	C:\Program Files\jdk-17.0.5\bin\java.exe
0x00007ffca4550000 - 0x00007ffca4764000 	C:\WINDOWS\SYSTEM32\ntdll.dll
0x00007ffca2b60000 - 0x00007ffca2c23000 	C:\WINDOWS\System32\KERNEL32.DLL
0x00007ffca19a0000 - 0x00007ffca1d3d000 	C:\WINDOWS\System32\KERNELBASE.dll
0x00007ffca2010000 - 0x00007ffca2121000 	C:\WINDOWS\System32\ucrtbase.dll
0x00007ffc98380000 - 0x00007ffc98398000 	C:\Program Files\jdk-17.0.5\bin\jli.dll
0x00007ffc98240000 - 0x00007ffc9825a000 	C:\Program Files\jdk-17.0.5\bin\VCRUNTIME140.dll
0x00007ffca2e90000 - 0x00007ffca2f3e000 	C:\WINDOWS\System32\ADVAPI32.dll
0x00007ffca3030000 - 0x00007ffca30d7000 	C:\WINDOWS\System32\msvcrt.dll
0x00007ffca2500000 - 0x00007ffca25a4000 	C:\WINDOWS\System32\sechost.dll
0x00007ffca2340000 - 0x00007ffca2455000 	C:\WINDOWS\System32\RPCRT4.dll
0x00007ffca42a0000 - 0x00007ffca444d000 	C:\WINDOWS\System32\USER32.dll
0x00007ffca1970000 - 0x00007ffca1996000 	C:\WINDOWS\System32\win32u.dll
0x00007ffca24d0000 - 0x00007ffca24f9000 	C:\WINDOWS\System32\GDI32.dll
0x00007ffca1e30000 - 0x00007ffca1f42000 	C:\WINDOWS\System32\gdi32full.dll
0x00007ffca22a0000 - 0x00007ffca233a000 	C:\WINDOWS\System32\msvcp_win.dll
0x00007ffc895e0000 - 0x00007ffc8986e000 	C:\WINDOWS\WinSxS\amd64_microsoft.windows.common-controls_6595b64144ccf1df_6.0.22621.608_none_a9444ca7c10bb01d\COMCTL32.dll
0x00007ffc96f50000 - 0x00007ffc96f5a000 	C:\WINDOWS\SYSTEM32\VERSION.dll
0x00007ffca3310000 - 0x00007ffca3342000 	C:\WINDOWS\System32\IMM32.DLL
0x00007ffc97f70000 - 0x00007ffc97f7c000 	C:\Program Files\jdk-17.0.5\bin\vcruntime140_1.dll
0x00007ffc8c0c0000 - 0x00007ffc8c14d000 	C:\Program Files\jdk-17.0.5\bin\msvcp140.dll
0x00007ffc54590000 - 0x00007ffc55152000 	C:\Program Files\jdk-17.0.5\bin\server\jvm.dll
0x00007ffca2fc0000 - 0x00007ffca2fc8000 	C:\WINDOWS\System32\PSAPI.DLL
0x00007ffc97130000 - 0x00007ffc97164000 	C:\WINDOWS\SYSTEM32\WINMM.dll
0x00007ffc9b760000 - 0x00007ffc9b769000 	C:\WINDOWS\SYSTEM32\WSOCK32.dll
0x00007ffca2e00000 - 0x00007ffca2e71000 	C:\WINDOWS\System32\WS2_32.dll
0x00007ffca0ab0000 - 0x00007ffca0ac8000 	C:\WINDOWS\SYSTEM32\kernel.appcore.dll
0x00007ffc97f60000 - 0x00007ffc97f6a000 	C:\Program Files\jdk-17.0.5\bin\jimage.dll
0x00007ffc9c1f0000 - 0x00007ffc9c41e000 	C:\WINDOWS\SYSTEM32\DBGHELP.DLL
0x00007ffca27d0000 - 0x00007ffca2b5a000 	C:\WINDOWS\System32\combase.dll
0x00007ffca34b0000 - 0x00007ffca3587000 	C:\WINDOWS\System32\OLEAUT32.dll
0x00007ffc8a120000 - 0x00007ffc8a152000 	C:\WINDOWS\SYSTEM32\dbgcore.DLL
0x00007ffca1db0000 - 0x00007ffca1e2b000 	C:\WINDOWS\System32\bcryptPrimitives.dll
0x00007ffc97f50000 - 0x00007ffc97f5e000 	C:\Program Files\jdk-17.0.5\bin\instrument.dll
0x00007ffc97ac0000 - 0x00007ffc97ae5000 	C:\Program Files\jdk-17.0.5\bin\java.dll
0x00007ffc7e2d0000 - 0x00007ffc7e3a6000 	C:\Program Files\jdk-17.0.5\bin\jsvml.dll
0x00007ffca3a30000 - 0x00007ffca421f000 	C:\WINDOWS\System32\SHELL32.dll
0x00007ffc9f9a0000 - 0x00007ffca0268000 	C:\WINDOWS\SYSTEM32\windows.storage.dll
0x00007ffc9f860000 - 0x00007ffc9f99e000 	C:\WINDOWS\SYSTEM32\wintypes.dll
0x00007ffca26d0000 - 0x00007ffca27c1000 	C:\WINDOWS\System32\SHCORE.dll
0x00007ffca3350000 - 0x00007ffca33ae000 	C:\WINDOWS\System32\shlwapi.dll
0x00007ffca18a0000 - 0x00007ffca18c1000 	C:\WINDOWS\SYSTEM32\profapi.dll
0x00007ffc97c80000 - 0x00007ffc97c99000 	C:\Program Files\jdk-17.0.5\bin\net.dll
0x00007ffc9b480000 - 0x00007ffc9b5af000 	C:\WINDOWS\SYSTEM32\WINHTTP.dll
0x00007ffca0f20000 - 0x00007ffca0f89000 	C:\WINDOWS\system32\mswsock.dll
0x00007ffc97b90000 - 0x00007ffc97ba6000 	C:\Program Files\jdk-17.0.5\bin\nio.dll
0x00007ffc97b10000 - 0x00007ffc97b28000 	C:\Program Files\jdk-17.0.5\bin\zip.dll
0x00007ffc96f80000 - 0x00007ffc96f9a000 	C:\ProgramData\Microsoft\Windows\Start Menu\Programs\ideaIC-2021.3.2.win\bin\breakgen64.dll
0x0000025af2f40000 - 0x0000025af2f43000 	C:\Program Files\javafx-sdk-17.0.2\bin\api-ms-win-core-console-l1-1-0.dll
0x0000025af2f50000 - 0x0000025af2f53000 	C:\Program Files\javafx-sdk-17.0.2\bin\api-ms-win-core-console-l1-2-0.dll
0x0000025af2f60000 - 0x0000025af2f63000 	C:\Program Files\javafx-sdk-17.0.2\bin\api-ms-win-core-datetime-l1-1-0.dll
0x0000025af2f70000 - 0x0000025af2f73000 	C:\Program Files\javafx-sdk-17.0.2\bin\api-ms-win-core-debug-l1-1-0.dll
0x0000025af2f80000 - 0x0000025af2f83000 	C:\Program Files\javafx-sdk-17.0.2\bin\api-ms-win-core-errorhandling-l1-1-0.dll
0x0000025af2f90000 - 0x0000025af2f94000 	C:\Program Files\javafx-sdk-17.0.2\bin\api-ms-win-core-file-l1-1-0.dll
0x0000025af2fa0000 - 0x0000025af2fa3000 	C:\Program Files\javafx-sdk-17.0.2\bin\api-ms-win-core-file-l1-2-0.dll
0x0000025af2fb0000 - 0x0000025af2fb3000 	C:\Program Files\javafx-sdk-17.0.2\bin\api-ms-win-core-file-l2-1-0.dll
0x0000025af2fc0000 - 0x0000025af2fc3000 	C:\Program Files\javafx-sdk-17.0.2\bin\api-ms-win-core-handle-l1-1-0.dll
0x0000025af2fd0000 - 0x0000025af2fd3000 	C:\Program Files\javafx-sdk-17.0.2\bin\api-ms-win-core-heap-l1-1-0.dll
0x0000025af2fe0000 - 0x0000025af2fe3000 	C:\Program Files\javafx-sdk-17.0.2\bin\api-ms-win-core-interlocked-l1-1-0.dll
0x0000025af2ff0000 - 0x0000025af2ff3000 	C:\Program Files\javafx-sdk-17.0.2\bin\api-ms-win-core-libraryloader-l1-1-0.dll
0x0000025af54d0000 - 0x0000025af54d3000 	C:\Program Files\javafx-sdk-17.0.2\bin\api-ms-win-core-localization-l1-2-0.dll
0x0000025af54e0000 - 0x0000025af54e3000 	C:\Program Files\javafx-sdk-17.0.2\bin\api-ms-win-core-memory-l1-1-0.dll
0x0000025af54f0000 - 0x0000025af54f3000 	C:\Program Files\javafx-sdk-17.0.2\bin\api-ms-win-core-namedpipe-l1-1-0.dll
0x0000025af5500000 - 0x0000025af5503000 	C:\Program Files\javafx-sdk-17.0.2\bin\api-ms-win-core-processenvironment-l1-1-0.dll
0x0000025af5510000 - 0x0000025af5513000 	C:\Program Files\javafx-sdk-17.0.2\bin\api-ms-win-core-processthreads-l1-1-0.dll
0x0000025af5520000 - 0x0000025af5523000 	C:\Program Files\javafx-sdk-17.0.2\bin\api-ms-win-core-processthreads-l1-1-1.dll
0x0000025af5530000 - 0x0000025af5533000 	C:\Program Files\javafx-sdk-17.0.2\bin\api-ms-win-core-profile-l1-1-0.dll
0x0000025af5540000 - 0x0000025af5543000 	C:\Program Files\javafx-sdk-17.0.2\bin\api-ms-win-core-rtlsupport-l1-1-0.dll
0x0000025af5550000 - 0x0000025af5553000 	C:\Program Files\javafx-sdk-17.0.2\bin\api-ms-win-core-string-l1-1-0.dll
0x0000025af58b0000 - 0x0000025af58b3000 	C:\Program Files\javafx-sdk-17.0.2\bin\api-ms-win-core-synch-l1-1-0.dll
0x0000025af58c0000 - 0x0000025af58c3000 	C:\Program Files\javafx-sdk-17.0.2\bin\api-ms-win-core-synch-l1-2-0.dll
0x0000025af58d0000 - 0x0000025af58d3000 	C:\Program Files\javafx-sdk-17.0.2\bin\api-ms-win-core-sysinfo-l1-1-0.dll
0x0000025af5560000 - 0x0000025af5563000 	C:\Program Files\javafx-sdk-17.0.2\bin\api-ms-win-core-timezone-l1-1-0.dll
0x0000025af5570000 - 0x0000025af5573000 	C:\Program Files\javafx-sdk-17.0.2\bin\api-ms-win-core-util-l1-1-0.dll
0x0000025af5580000 - 0x0000025af5583000 	C:\Program Files\javafx-sdk-17.0.2\bin\api-ms-win-crt-conio-l1-1-0.dll
0x0000025af5590000 - 0x0000025af5594000 	C:\Program Files\javafx-sdk-17.0.2\bin\api-ms-win-crt-convert-l1-1-0.dll
0x0000025af55a0000 - 0x0000025af55a3000 	C:\Program Files\javafx-sdk-17.0.2\bin\api-ms-win-crt-environment-l1-1-0.dll
0x0000025af55b0000 - 0x0000025af55b3000 	C:\Program Files\javafx-sdk-17.0.2\bin\api-ms-win-crt-filesystem-l1-1-0.dll
0x0000025af55c0000 - 0x0000025af55c3000 	C:\Program Files\javafx-sdk-17.0.2\bin\api-ms-win-crt-heap-l1-1-0.dll
0x0000025af55d0000 - 0x0000025af55d3000 	C:\Program Files\javafx-sdk-17.0.2\bin\api-ms-win-crt-locale-l1-1-0.dll
0x0000025af55e0000 - 0x0000025af55e5000 	C:\Program Files\javafx-sdk-17.0.2\bin\api-ms-win-crt-math-l1-1-0.dll
0x0000025af55f0000 - 0x0000025af55f5000 	C:\Program Files\javafx-sdk-17.0.2\bin\api-ms-win-crt-multibyte-l1-1-0.dll
0x0000025af5600000 - 0x0000025af5610000 	C:\Program Files\javafx-sdk-17.0.2\bin\api-ms-win-crt-private-l1-1-0.dll
0x0000025af5610000 - 0x0000025af5613000 	C:\Program Files\javafx-sdk-17.0.2\bin\api-ms-win-crt-process-l1-1-0.dll
0x0000025af5620000 - 0x0000025af5624000 	C:\Program Files\javafx-sdk-17.0.2\bin\api-ms-win-crt-runtime-l1-1-0.dll
0x0000025af5630000 - 0x0000025af5634000 	C:\Program Files\javafx-sdk-17.0.2\bin\api-ms-win-crt-stdio-l1-1-0.dll
0x0000025af5640000 - 0x0000025af5644000 	C:\Program Files\javafx-sdk-17.0.2\bin\api-ms-win-crt-string-l1-1-0.dll
0x0000025af5650000 - 0x0000025af5653000 	C:\Program Files\javafx-sdk-17.0.2\bin\api-ms-win-crt-time-l1-1-0.dll
0x0000025af5660000 - 0x0000025af5663000 	C:\Program Files\javafx-sdk-17.0.2\bin\api-ms-win-crt-utility-l1-1-0.dll
0x00007ffc74ac0000 - 0x00007ffc74bbc000 	C:\Program Files\javafx-sdk-17.0.2\bin\ucrtbase.dll
0x00007ffc8d4a0000 - 0x00007ffc8d4ba000 	C:\Program Files\javafx-sdk-17.0.2\bin\vcruntime140.dll
0x00007ffc96d40000 - 0x00007ffc96d4c000 	C:\Program Files\javafx-sdk-17.0.2\bin\vcruntime140_1.dll
0x00007ffc74180000 - 0x00007ffc7420d000 	C:\Program Files\javafx-sdk-17.0.2\bin\msvcp140.dll
0x00007ffc8c1c0000 - 0x00007ffc8c1ea000 	C:\Program Files\javafx-sdk-17.0.2\bin\prism_d3d.dll
0x00007ffc70e40000 - 0x00007ffc70fe9000 	C:\WINDOWS\system32\d3d9.dll
0x00007ffc9b1a0000 - 0x00007ffc9b1cb000 	C:\WINDOWS\SYSTEM32\dwmapi.dll
0x00007ffc9bda0000 - 0x00007ffc9bdd6000 	C:\WINDOWS\SYSTEM32\dxcore.dll
0x00007ffc9ad10000 - 0x00007ffc9adbb000 	C:\WINDOWS\system32\uxtheme.dll
0x00007ffc70280000 - 0x00007ffc7042f000 	C:\WINDOWS\System32\DriverStore\FileRepository\iigd_dch.inf_amd64_51f685305808e3a5\igdumdim64.dll
0x00007ffca30e0000 - 0x00007ffca327c000 	C:\WINDOWS\System32\ole32.dll
0x00007ffc3c810000 - 0x00007ffc3f8b3000 	C:\WINDOWS\System32\DriverStore\FileRepository\iigd_dch.inf_amd64_51f685305808e3a5\igd9dxva64.dll
0x00007ffca35b0000 - 0x00007ffca3a2a000 	C:\WINDOWS\System32\SETUPAPI.dll
0x00007ffca1660000 - 0x00007ffca16ae000 	C:\WINDOWS\SYSTEM32\cfgmgr32.dll
0x00007ffc92e20000 - 0x00007ffc93229000 	C:\WINDOWS\System32\DriverStore\FileRepository\iigd_dch.inf_amd64_51f685305808e3a5\igdgmm64.dll
0x00007ffc96ed0000 - 0x00007ffc96f19000 	C:\WINDOWS\SYSTEM32\directxdatabasehelper.dll
0x00007ffc8bff0000 - 0x00007ffc8c032000 	C:\Program Files\javafx-sdk-17.0.2\bin\glass.dll
0x00007ffca33b0000 - 0x00007ffca34a7000 	C:\WINDOWS\System32\COMDLG32.dll
0x00007ffca25b0000 - 0x00007ffca26ce000 	C:\WINDOWS\System32\MSCTF.dll
0x00007ffc8bf40000 - 0x00007ffc8bf67000 	C:\WINDOWS\System32\DriverStore\FileRepository\iigd_dch.inf_amd64_51f685305808e3a5\igdinfo64.dll
0x00007ffca1180000 - 0x00007ffca119b000 	C:\WINDOWS\SYSTEM32\CRYPTSP.dll
0x00007ffca0a20000 - 0x00007ffca0a55000 	C:\WINDOWS\system32\rsaenh.dll
0x00007ffca1170000 - 0x00007ffca117c000 	C:\WINDOWS\SYSTEM32\CRYPTBASE.dll
0x00007ffca1330000 - 0x00007ffca1358000 	C:\WINDOWS\SYSTEM32\bcrypt.dll
0x00007ffc8f470000 - 0x00007ffc92c04000 	C:\WINDOWS\System32\DriverStore\FileRepository\iigd_dch.inf_amd64_51f685305808e3a5\igc64.dll
0x00007ffca05a0000 - 0x00007ffca0692000 	C:\WINDOWS\SYSTEM32\DNSAPI.dll
0x00007ffca0530000 - 0x00007ffca055d000 	C:\WINDOWS\SYSTEM32\IPHLPAPI.DLL
0x00007ffca3020000 - 0x00007ffca3029000 	C:\WINDOWS\System32\NSI.dll
0x00007ffc8d710000 - 0x00007ffc8d71a000 	C:\Windows\System32\rasadhlp.dll
0x00007ffc94620000 - 0x00007ffc946a3000 	C:\WINDOWS\System32\fwpuclnt.dll
0x00007ffc94c60000 - 0x00007ffc94c6e000 	C:\Program Files\jdk-17.0.5\bin\sunmscapi.dll
0x00007ffca2130000 - 0x00007ffca2296000 	C:\WINDOWS\System32\CRYPT32.dll
0x00007ffca1300000 - 0x00007ffca132d000 	C:\WINDOWS\SYSTEM32\ncrypt.dll
0x00007ffca12c0000 - 0x00007ffca12f7000 	C:\WINDOWS\SYSTEM32\NTASN1.dll
0x00007ffca1010000 - 0x00007ffca1038000 	C:\WINDOWS\SYSTEM32\USERENV.dll
0x00007ffc94e80000 - 0x00007ffc94e99000 	C:\WINDOWS\SYSTEM32\dhcpcsvc6.DLL
0x00007ffc94e60000 - 0x00007ffc94e7f000 	C:\WINDOWS\SYSTEM32\dhcpcsvc.DLL
0x00007ffc8bea0000 - 0x00007ffc8beb4000 	C:\Program Files\javafx-sdk-17.0.2\bin\javafx_font.dll
0x00007ffc99020000 - 0x00007ffc99287000 	C:\WINDOWS\SYSTEM32\dwrite.dll

dbghelp: loaded successfully - version: 4.0.5 - missing functions: none
symbol engine: initialized successfully - sym options: 0x614 - pdb path: .;C:\Program Files\jdk-17.0.5\bin;C:\WINDOWS\SYSTEM32;C:\WINDOWS\WinSxS\amd64_microsoft.windows.common-controls_6595b64144ccf1df_6.0.22621.608_none_a9444ca7c10bb01d;C:\Program Files\jdk-17.0.5\bin\server;C:\ProgramData\Microsoft\Windows\Start Menu\Programs\ideaIC-2021.3.2.win\bin;C:\Program Files\javafx-sdk-17.0.2\bin;C:\WINDOWS\System32\DriverStore\FileRepository\iigd_dch.inf_amd64_51f685305808e3a5;C:\Program Files\Common Files\Microsoft Shared\Ink

VM Arguments:
jvm_args: --module-path=C:/Program Files/javafx-sdk-17.0.2/lib --add-modules=javafx.fxml,javafx.controls,javafx.graphics -javaagent:C:\ProgramData\Microsoft\Windows\Start Menu\Programs\ideaIC-2021.3.2.win\lib\idea_rt.jar=57789:C:\ProgramData\Microsoft\Windows\Start Menu\Programs\ideaIC-2021.3.2.win\bin -Dfile.encoding=UTF-8 
java_command: main.Main
java_class_path (initial): C:\Users\jkhat\OneDrive\WGU\C195_JasmineLangford\out\production\C195_JasmineLangford;C:\Program Files\javafx-sdk-17.0.2\lib\javafx-swt.jar;C:\Program Files\javafx-sdk-17.0.2\lib\javafx.web.jar;C:\Program Files\javafx-sdk-17.0.2\lib\javafx.base.jar;C:\Program Files\javafx-sdk-17.0.2\lib\javafx.fxml.jar;C:\Program Files\javafx-sdk-17.0.2\lib\javafx.media.jar;C:\Program Files\javafx-sdk-17.0.2\lib\javafx.swing.jar;C:\Program Files\javafx-sdk-17.0.2\lib\javafx.controls.jar;C:\Program Files\javafx-sdk-17.0.2\lib\javafx.graphics.jar;C:\Users\jkhat\Downloads\mysql-connector-j-8.0.31\mysql-connector-j-8.0.31\mysql-connector-j-8.0.31.jar
Launcher Type: SUN_STANDARD

[Global flags]
     intx CICompilerCount                          = 4                                         {product} {ergonomic}
     uint ConcGCThreads                            = 2                                         {product} {ergonomic}
     uint G1ConcRefinementThreads                  = 8                                         {product} {ergonomic}
   size_t G1HeapRegionSize                         = 1048576                                   {product} {ergonomic}
    uintx GCDrainStackTargetSize                   = 64                                        {product} {ergonomic}
   size_t InitialHeapSize                          = 132120576                                 {product} {ergonomic}
   size_t MarkStackSize                            = 4194304                                   {product} {ergonomic}
   size_t MaxHeapSize                              = 2099249152                                {product} {ergonomic}
   size_t MaxNewSize                               = 1259339776                                {product} {ergonomic}
   size_t MinHeapDeltaBytes                        = 1048576                                   {product} {ergonomic}
   size_t MinHeapSize                              = 8388608                                   {product} {ergonomic}
    uintx NonNMethodCodeHeapSize                   = 5839372                                {pd product} {ergonomic}
    uintx NonProfiledCodeHeapSize                  = 122909434                              {pd product} {ergonomic}
    uintx ProfiledCodeHeapSize                     = 122909434                              {pd product} {ergonomic}
    uintx ReservedCodeCacheSize                    = 251658240                              {pd product} {ergonomic}
     bool SegmentedCodeCache                       = true                                      {product} {ergonomic}
   size_t SoftMaxHeapSize                          = 2099249152                             {manageable} {ergonomic}
     bool UseCompressedClassPointers               = true                           {product lp64_product} {ergonomic}
     bool UseCompressedOops                        = true                           {product lp64_product} {ergonomic}
     bool UseG1GC                                  = true                                      {product} {ergonomic}
     bool UseLargePagesIndividualAllocation        = false                                  {pd product} {ergonomic}

Logging:
Log output configuration:
 #0: stdout all=warning uptime,level,tags
 #1: stderr all=off uptime,level,tags

Environment Variables:
PATH=C:\Program Files\Common Files\Oracle\Java\javapath;C:\Program Files (x86)\Intel\Intel(R) Management Engine Components\iCLS\;C:\Program Files\Intel\Intel(R) Management Engine Components\iCLS\;C:\WINDOWS\system32;C:\WINDOWS;C:\WINDOWS\System32\Wbem;C:\WINDOWS\System32\WindowsPowerShell\v1.0\;C:\WINDOWS\System32\OpenSSH\;C:\Program Files (x86)\Intel\Intel(R) Management Engine Components\DAL;C:\Program Files\Intel\Intel(R) Management Engine Components\DAL;C:\Program Files\dotnet\;C:\Users\jkhat\AppData\Local\Microsoft\WindowsApps;C:\Users\jkhat\AppData\Local\GitHubDesktop\bin;
USERNAME=jkhat
OS=Windows_NT
PROCESSOR_IDENTIFIER=Intel64 Family 6 Model 142 Stepping 10, GenuineIntel



---------------  S Y S T E M  ---------------

OS:
 Windows 11 , 64 bit Build 22621 (10.0.22621.1105)
OS uptime: 0 days 2:05 hours

CPU: total 8 (initial active 8) (4 cores per cpu, 2 threads per core) family 6 model 142 stepping 10 microcode 0xe0, cx8, cmov, fxsr, ht, mmx, 3dnowpref, sse, sse2, sse3, ssse3, sse4.1, sse4.2, popcnt, lzcnt, tsc, tscinvbit, avx, avx2, aes, erms, clmul, bmi1, bmi2, adx, fma, vzeroupper, clflush, clflushopt

Memory: 4k page, system-wide physical 8007M (469M free)
TotalPageFile size 12103M (AvailPageFile size 36M)
current process WorkingSet (physical memory assigned to process): 230M, peak: 260M
current process commit charge ("private bytes"): 261M, peak: 313M

vm_info: Java HotSpot(TM) 64-Bit Server VM (17.0.5+9-LTS-191) for windows-amd64 JRE (17.0.5+9-LTS-191), built on Sep 13 2022 17:31:43 by "mach5one" with MS VC++ 16.8 / 16.9 (VS2019)

END.
