#
# There is insufficient memory for the Java Runtime Environment to continue.
# Native memory allocation (malloc) failed to allocate 1733792 bytes for Chunk::new
# Possible reasons:
#   The system is out of physical RAM or swap space
#   The process is running with CompressedOops enabled, and the Java Heap may be blocking the growth of the native heap
# Possible solutions:
#   Reduce memory load on the system
#   Increase physical memory or swap space
#   Check if swap backing store is full
#   Decrease Java heap size (-Xmx/-Xms)
#   Decrease number of Java threads
#   Decrease Java thread stack sizes (-Xss)
#   Set larger code cache with -XX:ReservedCodeCacheSize=
#   JVM is running with Unscaled Compressed Oops mode in which the Java heap is
#     placed in the first 4GB address space. The Java Heap base address is the
#     maximum limit for the native heap growth. Please use -XX:HeapBaseMinAddress
#     to set the Java Heap base and to place the Java Heap above 4GB virtual address.
# This output file may be truncated or incomplete.
#
#  Out of Memory Error (arena.cpp:189), pid=7780, tid=9604
#
# JRE version: Java(TM) SE Runtime Environment (17.0.5+9) (build 17.0.5+9-LTS-191)
# Java VM: Java HotSpot(TM) 64-Bit Server VM (17.0.5+9-LTS-191, mixed mode, sharing, tiered, compressed oops, compressed class ptrs, g1 gc, windows-amd64)
# No core dump will be written. Minidumps are not enabled by default on client versions of Windows
#

---------------  S U M M A R Y ------------

Command Line: --module-path=C:/Program Files/javafx-sdk-17.0.2/lib --add-modules=javafx.fxml,javafx.controls,javafx.graphics -javaagent:C:\ProgramData\Microsoft\Windows\Start Menu\Programs\ideaIC-2021.3.2.win\lib\idea_rt.jar=63719:C:\ProgramData\Microsoft\Windows\Start Menu\Programs\ideaIC-2021.3.2.win\bin -Dfile.encoding=UTF-8 main.Main

Host: Intel(R) Core(TM) i7-8550U CPU @ 1.80GHz, 8 cores, 7G,  Windows 11 , 64 bit Build 22621 (10.0.22621.1194)
Time: Wed Mar  1 10:15:03 2023 Eastern Standard Time elapsed time: 0.737675 seconds (0d 0h 0m 0s)

---------------  T H R E A D  ---------------

Current thread (0x0000028cfe84a880):  JavaThread "C2 CompilerThread0" daemon [_thread_in_native, id=9604, stack(0x000000b800000000,0x000000b800100000)]


Current CompileTask:
C2:    738  281       4       java.util.stream.ReferencePipeline$3$1::accept (23 bytes)

Stack: [0x000000b800000000,0x000000b800100000]
Native frames: (J=compiled Java code, j=interpreted, Vv=VM code, C=native code)
V  [jvm.dll+0x672eea]
V  [jvm.dll+0x7d2a04]
V  [jvm.dll+0x7d41ae]
V  [jvm.dll+0x7d4813]
V  [jvm.dll+0x242c15]
V  [jvm.dll+0xaa57b]
V  [jvm.dll+0xaab0c]
V  [jvm.dll+0x35ff97]
V  [jvm.dll+0x32a631]
V  [jvm.dll+0x329ada]
V  [jvm.dll+0x215cc1]
V  [jvm.dll+0x2150e1]
V  [jvm.dll+0x1a18ed]
V  [jvm.dll+0x22493a]
V  [jvm.dll+0x222aa5]
V  [jvm.dll+0x7885db]
V  [jvm.dll+0x782b4a]
V  [jvm.dll+0x671d75]
C  [ucrtbase.dll+0x29363]
C  [KERNEL32.DLL+0x126bd]
C  [ntdll.dll+0x5dfb8]


---------------  P R O C E S S  ---------------

Threads class SMR info:
_java_thread_list=0x0000028c8f1d8d60, length=14, elements={
0x0000028cef7f1af0, 0x0000028cfe82d380, 0x0000028cfe82df30, 0x0000028cfe842570,
0x0000028cfe842f20, 0x0000028cfe8448e0, 0x0000028cfe8466a0, 0x0000028cfe84a880,
0x0000028cfe854250, 0x0000028cfe854f60, 0x0000028cff4c23d0, 0x0000028cfff96d10,
0x0000028c8f1dbb60, 0x0000028cff744830
}

Java Threads: ( => current thread )
  0x0000028cef7f1af0 JavaThread "main" [_thread_in_vm, id=13680, stack(0x000000b87f300000,0x000000b87f400000)]
  0x0000028cfe82d380 JavaThread "Reference Handler" daemon [_thread_blocked, id=17900, stack(0x000000b87fa00000,0x000000b87fb00000)]
  0x0000028cfe82df30 JavaThread "Finalizer" daemon [_thread_blocked, id=16784, stack(0x000000b87fb00000,0x000000b87fc00000)]
  0x0000028cfe842570 JavaThread "Signal Dispatcher" daemon [_thread_blocked, id=9252, stack(0x000000b87fc00000,0x000000b87fd00000)]
  0x0000028cfe842f20 JavaThread "Attach Listener" daemon [_thread_blocked, id=9156, stack(0x000000b87fd00000,0x000000b87fe00000)]
  0x0000028cfe8448e0 JavaThread "Service Thread" daemon [_thread_blocked, id=12256, stack(0x000000b87fe00000,0x000000b87ff00000)]
  0x0000028cfe8466a0 JavaThread "Monitor Deflation Thread" daemon [_thread_blocked, id=5452, stack(0x000000b87ff00000,0x000000b880000000)]
=>0x0000028cfe84a880 JavaThread "C2 CompilerThread0" daemon [_thread_in_native, id=9604, stack(0x000000b800000000,0x000000b800100000)]
  0x0000028cfe854250 JavaThread "C1 CompilerThread0" daemon [_thread_blocked, id=8916, stack(0x000000b800100000,0x000000b800200000)]
  0x0000028cfe854f60 JavaThread "Sweeper thread" daemon [_thread_blocked, id=3716, stack(0x000000b800200000,0x000000b800300000)]
  0x0000028cff4c23d0 JavaThread "Common-Cleaner" daemon [_thread_blocked, id=4612, stack(0x000000b800300000,0x000000b800400000)]
  0x0000028cfff96d10 JavaThread "Monitor Ctrl-Break" daemon [_thread_in_native, id=9344, stack(0x000000b800600000,0x000000b800700000)]
  0x0000028c8f1dbb60 JavaThread "Notification Thread" daemon [_thread_blocked, id=18824, stack(0x000000b800700000,0x000000b800800000)]
  0x0000028cff744830 JavaThread "C2 CompilerThread1" daemon [_thread_blocked, id=16492, stack(0x000000b800400000,0x000000b800500000)]

Other Threads:
  0x0000028cfe8274e0 VMThread "VM Thread" [stack: 0x000000b87f900000,0x000000b87fa00000] [id=19116]
  0x0000028cef7f2960 WatcherThread [stack: 0x000000b800800000,0x000000b800900000] [id=10104]
  0x0000028cef84c3f0 GCTaskThread "GC Thread#0" [stack: 0x000000b87f400000,0x000000b87f500000] [id=15416]
  0x0000028ced63de10 ConcurrentGCThread "G1 Main Marker" [stack: 0x000000b87f500000,0x000000b87f600000] [id=16704]
  0x0000028cef859030 ConcurrentGCThread "G1 Conc#0" [stack: 0x000000b87f600000,0x000000b87f700000] [id=12036]
  0x0000028cef8bd5e0 ConcurrentGCThread "G1 Refine#0" [stack: 0x000000b87f700000,0x000000b87f800000] [id=15336]
  0x0000028cfe6e3130 ConcurrentGCThread "G1 Service" [stack: 0x000000b87f800000,0x000000b87f900000] [id=19280]

Threads with active compile tasks:
C2 CompilerThread0      795  281       4       java.util.stream.ReferencePipeline$3$1::accept (23 bytes)

VM state: not at safepoint (normal execution)

VM Mutex/Monitor currently owned by a thread:  ([mutex/lock_event])
[0x0000028cef7ec7e0] Metaspace_lock - owner thread: 0x0000028cef7f1af0

Heap address: 0x0000000082e00000, size: 2002 MB, Compressed Oops mode: 32-bit

CDS archive(s) mapped at: [0x0000000800000000-0x0000000800bd0000-0x0000000800bd0000), size 12386304, SharedBaseAddress: 0x0000000800000000, ArchiveRelocationMode: 0.
Compressed class space mapped at: 0x0000000800c00000-0x0000000840c00000, reserved size: 1073741824
Narrow klass base: 0x0000000800000000, Narrow klass shift: 0, Narrow klass range: 0x100000000

GC Precious Log:
 CPUs: 8 total, 8 available
 Memory: 8007M
 Large Page Support: Disabled
 NUMA Support: Disabled
 Compressed Oops: Enabled (32-bit)
 Heap Region Size: 1M
 Heap Min Capacity: 8M
 Heap Initial Capacity: 126M
 Heap Max Capacity: 2002M
 Pre-touch: Disabled
 Parallel Workers: 8
 Concurrent Workers: 2
 Concurrent Refinement Workers: 8
 Periodic GC: Disabled

Heap:
 garbage-first heap   total 129024K, used 10240K [0x0000000082e00000, 0x0000000100000000)
  region size 1024K, 12 young (12288K), 0 survivors (0K)
 Metaspace       used 2139K, committed 2304K, reserved 1056768K
  class space    used 219K, committed 320K, reserved 1048576K

Heap Regions: E=young(eden), S=young(survivor), O=old, HS=humongous(starts), HC=humongous(continues), CS=collection set, F=free, OA=open archive, CA=closed archive, TAMS=top-at-mark-start (previous, next)
|   0|0x0000000082e00000, 0x0000000082e00000, 0x0000000082f00000|  0%| F|  |TAMS 0x0000000082e00000, 0x0000000082e00000| Untracked 
|   1|0x0000000082f00000, 0x0000000082f00000, 0x0000000083000000|  0%| F|  |TAMS 0x0000000082f00000, 0x0000000082f00000| Untracked 
|   2|0x0000000083000000, 0x0000000083000000, 0x0000000083100000|  0%| F|  |TAMS 0x0000000083000000, 0x0000000083000000| Untracked 
|   3|0x0000000083100000, 0x0000000083100000, 0x0000000083200000|  0%| F|  |TAMS 0x0000000083100000, 0x0000000083100000| Untracked 
|   4|0x0000000083200000, 0x0000000083200000, 0x0000000083300000|  0%| F|  |TAMS 0x0000000083200000, 0x0000000083200000| Untracked 
|   5|0x0000000083300000, 0x0000000083300000, 0x0000000083400000|  0%| F|  |TAMS 0x0000000083300000, 0x0000000083300000| Untracked 
|   6|0x0000000083400000, 0x0000000083400000, 0x0000000083500000|  0%| F|  |TAMS 0x0000000083400000, 0x0000000083400000| Untracked 
|   7|0x0000000083500000, 0x0000000083500000, 0x0000000083600000|  0%| F|  |TAMS 0x0000000083500000, 0x0000000083500000| Untracked 
|   8|0x0000000083600000, 0x0000000083600000, 0x0000000083700000|  0%| F|  |TAMS 0x0000000083600000, 0x0000000083600000| Untracked 
|   9|0x0000000083700000, 0x0000000083700000, 0x0000000083800000|  0%| F|  |TAMS 0x0000000083700000, 0x0000000083700000| Untracked 
|  10|0x0000000083800000, 0x0000000083800000, 0x0000000083900000|  0%| F|  |TAMS 0x0000000083800000, 0x0000000083800000| Untracked 
|  11|0x0000000083900000, 0x0000000083900000, 0x0000000083a00000|  0%| F|  |TAMS 0x0000000083900000, 0x0000000083900000| Untracked 
|  12|0x0000000083a00000, 0x0000000083a00000, 0x0000000083b00000|  0%| F|  |TAMS 0x0000000083a00000, 0x0000000083a00000| Untracked 
|  13|0x0000000083b00000, 0x0000000083b00000, 0x0000000083c00000|  0%| F|  |TAMS 0x0000000083b00000, 0x0000000083b00000| Untracked 
|  14|0x0000000083c00000, 0x0000000083c00000, 0x0000000083d00000|  0%| F|  |TAMS 0x0000000083c00000, 0x0000000083c00000| Untracked 
|  15|0x0000000083d00000, 0x0000000083d00000, 0x0000000083e00000|  0%| F|  |TAMS 0x0000000083d00000, 0x0000000083d00000| Untracked 
|  16|0x0000000083e00000, 0x0000000083e00000, 0x0000000083f00000|  0%| F|  |TAMS 0x0000000083e00000, 0x0000000083e00000| Untracked 
|  17|0x0000000083f00000, 0x0000000083f00000, 0x0000000084000000|  0%| F|  |TAMS 0x0000000083f00000, 0x0000000083f00000| Untracked 
|  18|0x0000000084000000, 0x0000000084000000, 0x0000000084100000|  0%| F|  |TAMS 0x0000000084000000, 0x0000000084000000| Untracked 
|  19|0x0000000084100000, 0x0000000084100000, 0x0000000084200000|  0%| F|  |TAMS 0x0000000084100000, 0x0000000084100000| Untracked 
|  20|0x0000000084200000, 0x0000000084200000, 0x0000000084300000|  0%| F|  |TAMS 0x0000000084200000, 0x0000000084200000| Untracked 
|  21|0x0000000084300000, 0x0000000084300000, 0x0000000084400000|  0%| F|  |TAMS 0x0000000084300000, 0x0000000084300000| Untracked 
|  22|0x0000000084400000, 0x0000000084400000, 0x0000000084500000|  0%| F|  |TAMS 0x0000000084400000, 0x0000000084400000| Untracked 
|  23|0x0000000084500000, 0x0000000084500000, 0x0000000084600000|  0%| F|  |TAMS 0x0000000084500000, 0x0000000084500000| Untracked 
|  24|0x0000000084600000, 0x0000000084600000, 0x0000000084700000|  0%| F|  |TAMS 0x0000000084600000, 0x0000000084600000| Untracked 
|  25|0x0000000084700000, 0x0000000084700000, 0x0000000084800000|  0%| F|  |TAMS 0x0000000084700000, 0x0000000084700000| Untracked 
|  26|0x0000000084800000, 0x0000000084800000, 0x0000000084900000|  0%| F|  |TAMS 0x0000000084800000, 0x0000000084800000| Untracked 
|  27|0x0000000084900000, 0x0000000084900000, 0x0000000084a00000|  0%| F|  |TAMS 0x0000000084900000, 0x0000000084900000| Untracked 
|  28|0x0000000084a00000, 0x0000000084a00000, 0x0000000084b00000|  0%| F|  |TAMS 0x0000000084a00000, 0x0000000084a00000| Untracked 
|  29|0x0000000084b00000, 0x0000000084b00000, 0x0000000084c00000|  0%| F|  |TAMS 0x0000000084b00000, 0x0000000084b00000| Untracked 
|  30|0x0000000084c00000, 0x0000000084c00000, 0x0000000084d00000|  0%| F|  |TAMS 0x0000000084c00000, 0x0000000084c00000| Untracked 
|  31|0x0000000084d00000, 0x0000000084d00000, 0x0000000084e00000|  0%| F|  |TAMS 0x0000000084d00000, 0x0000000084d00000| Untracked 
|  32|0x0000000084e00000, 0x0000000084e00000, 0x0000000084f00000|  0%| F|  |TAMS 0x0000000084e00000, 0x0000000084e00000| Untracked 
|  33|0x0000000084f00000, 0x0000000084f00000, 0x0000000085000000|  0%| F|  |TAMS 0x0000000084f00000, 0x0000000084f00000| Untracked 
|  34|0x0000000085000000, 0x0000000085000000, 0x0000000085100000|  0%| F|  |TAMS 0x0000000085000000, 0x0000000085000000| Untracked 
|  35|0x0000000085100000, 0x0000000085100000, 0x0000000085200000|  0%| F|  |TAMS 0x0000000085100000, 0x0000000085100000| Untracked 
|  36|0x0000000085200000, 0x0000000085200000, 0x0000000085300000|  0%| F|  |TAMS 0x0000000085200000, 0x0000000085200000| Untracked 
|  37|0x0000000085300000, 0x0000000085300000, 0x0000000085400000|  0%| F|  |TAMS 0x0000000085300000, 0x0000000085300000| Untracked 
|  38|0x0000000085400000, 0x0000000085400000, 0x0000000085500000|  0%| F|  |TAMS 0x0000000085400000, 0x0000000085400000| Untracked 
|  39|0x0000000085500000, 0x0000000085500000, 0x0000000085600000|  0%| F|  |TAMS 0x0000000085500000, 0x0000000085500000| Untracked 
|  40|0x0000000085600000, 0x0000000085600000, 0x0000000085700000|  0%| F|  |TAMS 0x0000000085600000, 0x0000000085600000| Untracked 
|  41|0x0000000085700000, 0x0000000085700000, 0x0000000085800000|  0%| F|  |TAMS 0x0000000085700000, 0x0000000085700000| Untracked 
|  42|0x0000000085800000, 0x0000000085800000, 0x0000000085900000|  0%| F|  |TAMS 0x0000000085800000, 0x0000000085800000| Untracked 
|  43|0x0000000085900000, 0x0000000085900000, 0x0000000085a00000|  0%| F|  |TAMS 0x0000000085900000, 0x0000000085900000| Untracked 
|  44|0x0000000085a00000, 0x0000000085a00000, 0x0000000085b00000|  0%| F|  |TAMS 0x0000000085a00000, 0x0000000085a00000| Untracked 
|  45|0x0000000085b00000, 0x0000000085b00000, 0x0000000085c00000|  0%| F|  |TAMS 0x0000000085b00000, 0x0000000085b00000| Untracked 
|  46|0x0000000085c00000, 0x0000000085c00000, 0x0000000085d00000|  0%| F|  |TAMS 0x0000000085c00000, 0x0000000085c00000| Untracked 
|  47|0x0000000085d00000, 0x0000000085d00000, 0x0000000085e00000|  0%| F|  |TAMS 0x0000000085d00000, 0x0000000085d00000| Untracked 
|  48|0x0000000085e00000, 0x0000000085e00000, 0x0000000085f00000|  0%| F|  |TAMS 0x0000000085e00000, 0x0000000085e00000| Untracked 
|  49|0x0000000085f00000, 0x0000000085f00000, 0x0000000086000000|  0%| F|  |TAMS 0x0000000085f00000, 0x0000000085f00000| Untracked 
|  50|0x0000000086000000, 0x0000000086000000, 0x0000000086100000|  0%| F|  |TAMS 0x0000000086000000, 0x0000000086000000| Untracked 
|  51|0x0000000086100000, 0x0000000086100000, 0x0000000086200000|  0%| F|  |TAMS 0x0000000086100000, 0x0000000086100000| Untracked 
|  52|0x0000000086200000, 0x0000000086200000, 0x0000000086300000|  0%| F|  |TAMS 0x0000000086200000, 0x0000000086200000| Untracked 
|  53|0x0000000086300000, 0x0000000086300000, 0x0000000086400000|  0%| F|  |TAMS 0x0000000086300000, 0x0000000086300000| Untracked 
|  54|0x0000000086400000, 0x0000000086400000, 0x0000000086500000|  0%| F|  |TAMS 0x0000000086400000, 0x0000000086400000| Untracked 
|  55|0x0000000086500000, 0x0000000086500000, 0x0000000086600000|  0%| F|  |TAMS 0x0000000086500000, 0x0000000086500000| Untracked 
|  56|0x0000000086600000, 0x0000000086600000, 0x0000000086700000|  0%| F|  |TAMS 0x0000000086600000, 0x0000000086600000| Untracked 
|  57|0x0000000086700000, 0x0000000086700000, 0x0000000086800000|  0%| F|  |TAMS 0x0000000086700000, 0x0000000086700000| Untracked 
|  58|0x0000000086800000, 0x0000000086800000, 0x0000000086900000|  0%| F|  |TAMS 0x0000000086800000, 0x0000000086800000| Untracked 
|  59|0x0000000086900000, 0x0000000086900000, 0x0000000086a00000|  0%| F|  |TAMS 0x0000000086900000, 0x0000000086900000| Untracked 
|  60|0x0000000086a00000, 0x0000000086a00000, 0x0000000086b00000|  0%| F|  |TAMS 0x0000000086a00000, 0x0000000086a00000| Untracked 
|  61|0x0000000086b00000, 0x0000000086b00000, 0x0000000086c00000|  0%| F|  |TAMS 0x0000000086b00000, 0x0000000086b00000| Untracked 
|  62|0x0000000086c00000, 0x0000000086c00000, 0x0000000086d00000|  0%| F|  |TAMS 0x0000000086c00000, 0x0000000086c00000| Untracked 
|  63|0x0000000086d00000, 0x0000000086d00000, 0x0000000086e00000|  0%| F|  |TAMS 0x0000000086d00000, 0x0000000086d00000| Untracked 
|  64|0x0000000086e00000, 0x0000000086e00000, 0x0000000086f00000|  0%| F|  |TAMS 0x0000000086e00000, 0x0000000086e00000| Untracked 
|  65|0x0000000086f00000, 0x0000000086f00000, 0x0000000087000000|  0%| F|  |TAMS 0x0000000086f00000, 0x0000000086f00000| Untracked 
|  66|0x0000000087000000, 0x0000000087000000, 0x0000000087100000|  0%| F|  |TAMS 0x0000000087000000, 0x0000000087000000| Untracked 
|  67|0x0000000087100000, 0x0000000087100000, 0x0000000087200000|  0%| F|  |TAMS 0x0000000087100000, 0x0000000087100000| Untracked 
|  68|0x0000000087200000, 0x0000000087200000, 0x0000000087300000|  0%| F|  |TAMS 0x0000000087200000, 0x0000000087200000| Untracked 
|  69|0x0000000087300000, 0x0000000087300000, 0x0000000087400000|  0%| F|  |TAMS 0x0000000087300000, 0x0000000087300000| Untracked 
|  70|0x0000000087400000, 0x0000000087400000, 0x0000000087500000|  0%| F|  |TAMS 0x0000000087400000, 0x0000000087400000| Untracked 
|  71|0x0000000087500000, 0x0000000087500000, 0x0000000087600000|  0%| F|  |TAMS 0x0000000087500000, 0x0000000087500000| Untracked 
|  72|0x0000000087600000, 0x0000000087600000, 0x0000000087700000|  0%| F|  |TAMS 0x0000000087600000, 0x0000000087600000| Untracked 
|  73|0x0000000087700000, 0x0000000087700000, 0x0000000087800000|  0%| F|  |TAMS 0x0000000087700000, 0x0000000087700000| Untracked 
|  74|0x0000000087800000, 0x0000000087800000, 0x0000000087900000|  0%| F|  |TAMS 0x0000000087800000, 0x0000000087800000| Untracked 
|  75|0x0000000087900000, 0x0000000087900000, 0x0000000087a00000|  0%| F|  |TAMS 0x0000000087900000, 0x0000000087900000| Untracked 
|  76|0x0000000087a00000, 0x0000000087a00000, 0x0000000087b00000|  0%| F|  |TAMS 0x0000000087a00000, 0x0000000087a00000| Untracked 
|  77|0x0000000087b00000, 0x0000000087b00000, 0x0000000087c00000|  0%| F|  |TAMS 0x0000000087b00000, 0x0000000087b00000| Untracked 
|  78|0x0000000087c00000, 0x0000000087c00000, 0x0000000087d00000|  0%| F|  |TAMS 0x0000000087c00000, 0x0000000087c00000| Untracked 
|  79|0x0000000087d00000, 0x0000000087d00000, 0x0000000087e00000|  0%| F|  |TAMS 0x0000000087d00000, 0x0000000087d00000| Untracked 
|  80|0x0000000087e00000, 0x0000000087e00000, 0x0000000087f00000|  0%| F|  |TAMS 0x0000000087e00000, 0x0000000087e00000| Untracked 
|  81|0x0000000087f00000, 0x0000000087f00000, 0x0000000088000000|  0%| F|  |TAMS 0x0000000087f00000, 0x0000000087f00000| Untracked 
|  82|0x0000000088000000, 0x0000000088000000, 0x0000000088100000|  0%| F|  |TAMS 0x0000000088000000, 0x0000000088000000| Untracked 
|  83|0x0000000088100000, 0x0000000088100000, 0x0000000088200000|  0%| F|  |TAMS 0x0000000088100000, 0x0000000088100000| Untracked 
|  84|0x0000000088200000, 0x0000000088200000, 0x0000000088300000|  0%| F|  |TAMS 0x0000000088200000, 0x0000000088200000| Untracked 
|  85|0x0000000088300000, 0x0000000088300000, 0x0000000088400000|  0%| F|  |TAMS 0x0000000088300000, 0x0000000088300000| Untracked 
|  86|0x0000000088400000, 0x0000000088400000, 0x0000000088500000|  0%| F|  |TAMS 0x0000000088400000, 0x0000000088400000| Untracked 
|  87|0x0000000088500000, 0x0000000088500000, 0x0000000088600000|  0%| F|  |TAMS 0x0000000088500000, 0x0000000088500000| Untracked 
|  88|0x0000000088600000, 0x0000000088600000, 0x0000000088700000|  0%| F|  |TAMS 0x0000000088600000, 0x0000000088600000| Untracked 
|  89|0x0000000088700000, 0x0000000088700000, 0x0000000088800000|  0%| F|  |TAMS 0x0000000088700000, 0x0000000088700000| Untracked 
|  90|0x0000000088800000, 0x0000000088800000, 0x0000000088900000|  0%| F|  |TAMS 0x0000000088800000, 0x0000000088800000| Untracked 
|  91|0x0000000088900000, 0x0000000088900000, 0x0000000088a00000|  0%| F|  |TAMS 0x0000000088900000, 0x0000000088900000| Untracked 
|  92|0x0000000088a00000, 0x0000000088a00000, 0x0000000088b00000|  0%| F|  |TAMS 0x0000000088a00000, 0x0000000088a00000| Untracked 
|  93|0x0000000088b00000, 0x0000000088b00000, 0x0000000088c00000|  0%| F|  |TAMS 0x0000000088b00000, 0x0000000088b00000| Untracked 
|  94|0x0000000088c00000, 0x0000000088c00000, 0x0000000088d00000|  0%| F|  |TAMS 0x0000000088c00000, 0x0000000088c00000| Untracked 
|  95|0x0000000088d00000, 0x0000000088d00000, 0x0000000088e00000|  0%| F|  |TAMS 0x0000000088d00000, 0x0000000088d00000| Untracked 
|  96|0x0000000088e00000, 0x0000000088e00000, 0x0000000088f00000|  0%| F|  |TAMS 0x0000000088e00000, 0x0000000088e00000| Untracked 
|  97|0x0000000088f00000, 0x0000000088f00000, 0x0000000089000000|  0%| F|  |TAMS 0x0000000088f00000, 0x0000000088f00000| Untracked 
|  98|0x0000000089000000, 0x0000000089000000, 0x0000000089100000|  0%| F|  |TAMS 0x0000000089000000, 0x0000000089000000| Untracked 
|  99|0x0000000089100000, 0x0000000089100000, 0x0000000089200000|  0%| F|  |TAMS 0x0000000089100000, 0x0000000089100000| Untracked 
| 100|0x0000000089200000, 0x0000000089200000, 0x0000000089300000|  0%| F|  |TAMS 0x0000000089200000, 0x0000000089200000| Untracked 
| 101|0x0000000089300000, 0x0000000089300000, 0x0000000089400000|  0%| F|  |TAMS 0x0000000089300000, 0x0000000089300000| Untracked 
| 102|0x0000000089400000, 0x0000000089400000, 0x0000000089500000|  0%| F|  |TAMS 0x0000000089400000, 0x0000000089400000| Untracked 
| 103|0x0000000089500000, 0x0000000089500000, 0x0000000089600000|  0%| F|  |TAMS 0x0000000089500000, 0x0000000089500000| Untracked 
| 104|0x0000000089600000, 0x0000000089600000, 0x0000000089700000|  0%| F|  |TAMS 0x0000000089600000, 0x0000000089600000| Untracked 
| 105|0x0000000089700000, 0x0000000089700000, 0x0000000089800000|  0%| F|  |TAMS 0x0000000089700000, 0x0000000089700000| Untracked 
| 106|0x0000000089800000, 0x0000000089800000, 0x0000000089900000|  0%| F|  |TAMS 0x0000000089800000, 0x0000000089800000| Untracked 
| 107|0x0000000089900000, 0x0000000089900000, 0x0000000089a00000|  0%| F|  |TAMS 0x0000000089900000, 0x0000000089900000| Untracked 
| 108|0x0000000089a00000, 0x0000000089a00000, 0x0000000089b00000|  0%| F|  |TAMS 0x0000000089a00000, 0x0000000089a00000| Untracked 
| 109|0x0000000089b00000, 0x0000000089b00000, 0x0000000089c00000|  0%| F|  |TAMS 0x0000000089b00000, 0x0000000089b00000| Untracked 
| 110|0x0000000089c00000, 0x0000000089c00000, 0x0000000089d00000|  0%| F|  |TAMS 0x0000000089c00000, 0x0000000089c00000| Untracked 
| 111|0x0000000089d00000, 0x0000000089d00000, 0x0000000089e00000|  0%| F|  |TAMS 0x0000000089d00000, 0x0000000089d00000| Untracked 
| 112|0x0000000089e00000, 0x0000000089e00000, 0x0000000089f00000|  0%| F|  |TAMS 0x0000000089e00000, 0x0000000089e00000| Untracked 
| 113|0x0000000089f00000, 0x0000000089f00000, 0x000000008a000000|  0%| F|  |TAMS 0x0000000089f00000, 0x0000000089f00000| Untracked 
| 114|0x000000008a000000, 0x000000008a077c68, 0x000000008a100000| 46%| E|  |TAMS 0x000000008a000000, 0x000000008a000000| Complete 
| 115|0x000000008a100000, 0x000000008a200000, 0x000000008a200000|100%| E|CS|TAMS 0x000000008a100000, 0x000000008a100000| Complete 
| 116|0x000000008a200000, 0x000000008a300000, 0x000000008a300000|100%| E|CS|TAMS 0x000000008a200000, 0x000000008a200000| Complete 
| 117|0x000000008a300000, 0x000000008a400000, 0x000000008a400000|100%| E|CS|TAMS 0x000000008a300000, 0x000000008a300000| Complete 
| 118|0x000000008a400000, 0x000000008a500000, 0x000000008a500000|100%| E|CS|TAMS 0x000000008a400000, 0x000000008a400000| Complete 
| 119|0x000000008a500000, 0x000000008a600000, 0x000000008a600000|100%| E|  |TAMS 0x000000008a500000, 0x000000008a500000| Complete 
| 120|0x000000008a600000, 0x000000008a700000, 0x000000008a700000|100%| E|CS|TAMS 0x000000008a600000, 0x000000008a600000| Complete 
| 121|0x000000008a700000, 0x000000008a800000, 0x000000008a800000|100%| E|CS|TAMS 0x000000008a700000, 0x000000008a700000| Complete 
| 122|0x000000008a800000, 0x000000008a900000, 0x000000008a900000|100%| E|CS|TAMS 0x000000008a800000, 0x000000008a800000| Complete 
| 123|0x000000008a900000, 0x000000008aa00000, 0x000000008aa00000|100%| E|CS|TAMS 0x000000008a900000, 0x000000008a900000| Complete 
| 124|0x000000008aa00000, 0x000000008ab00000, 0x000000008ab00000|100%| E|CS|TAMS 0x000000008aa00000, 0x000000008aa00000| Complete 
| 125|0x000000008ab00000, 0x000000008ac00000, 0x000000008ac00000|100%| E|CS|TAMS 0x000000008ab00000, 0x000000008ab00000| Complete 

Card table byte_map: [0x0000028cf7780000,0x0000028cf7b70000] _byte_map_base: 0x0000028cf7369000

Marking Bits (Prev, Next): (CMBitMap*) 0x0000028cef84ca00, (CMBitMap*) 0x0000028cef84ca40
 Prev Bits: [0x0000028cf7f60000, 0x0000028cf9ea8000)
 Next Bits: [0x0000028cf9eb0000, 0x0000028cfbdf8000)

Polling page: 0x0000028ced7c0000

Metaspace:

Usage:
  Non-class:      1.87 MB used.
      Class:    219.85 KB used.
       Both:      2.09 MB used.

Virtual space:
  Non-class space:        8.00 MB reserved,       1.94 MB ( 24%) committed,  1 nodes.
      Class space:        1.00 GB reserved,     320.00 KB ( <1%) committed,  1 nodes.
             Both:        1.01 GB reserved,       2.25 MB ( <1%) committed. 

Chunk freelists:
   Non-Class:  3.29 MB
       Class:  3.62 MB
        Both:  6.92 MB

MaxMetaspaceSize: unlimited
CompressedClassSpaceSize: 1.00 GB
Initial GC threshold: 21.00 MB
Current GC threshold: 21.00 MB
CDS: on
MetaspaceReclaimPolicy: balanced
 - commit_granule_bytes: 65536.
 - commit_granule_words: 8192.
 - virtual_space_node_default_size: 1048576.
 - enlarge_chunks_in_place: 1.
 - new_chunks_are_fully_committed: 0.
 - uncommit_free_chunks: 1.
 - use_allocation_guard: 0.
 - handle_deallocations: 1.


Internal statistics:

num_allocs_failed_limit: 0.
num_arena_births: 50.
num_arena_deaths: 0.
num_vsnodes_births: 2.
num_vsnodes_deaths: 0.
num_space_committed: 36.
num_space_uncommitted: 0.
num_chunks_returned_to_freelist: 0.
num_chunks_taken_from_freelist: 92.
num_chunk_merges: 0.
num_chunk_splits: 62.
num_chunks_enlarged: 45.
num_purges: 0.
num_inconsistent_stats: 0.

CodeHeap 'non-profiled nmethods': size=120000Kb used=220Kb max_used=220Kb free=119779Kb
 bounds [0x0000028c87ad0000, 0x0000028c87d40000, 0x0000028c8f000000]
CodeHeap 'profiled nmethods': size=120000Kb used=805Kb max_used=805Kb free=119194Kb
 bounds [0x0000028c805a0000, 0x0000028c80810000, 0x0000028c87ad0000]
CodeHeap 'non-nmethods': size=5760Kb used=1152Kb max_used=1166Kb free=4607Kb
 bounds [0x0000028c80000000, 0x0000028c80270000, 0x0000028c805a0000]
 total_blobs=1052 nmethods=610 adapters=355
 compilation: enabled
              stopped_count=0, restarted_count=0
 full_count=0

Compilation events (20 events):
Event: 0.723 Thread 0x0000028cfe854250  593       3       jdk.internal.org.objectweb.asm.ByteVector::<init> (13 bytes)
Event: 0.724 Thread 0x0000028cfe854250 nmethod 593 0x0000028c80662190 code [0x0000028c80662340, 0x0000028c806625b8]
Event: 0.724 Thread 0x0000028cfe854250  594       3       java.lang.invoke.MemberName::isMethod (8 bytes)
Event: 0.724 Thread 0x0000028cfe854250 nmethod 594 0x0000028c80662690 code [0x0000028c80662840, 0x0000028c80662a78]
Event: 0.724 Thread 0x0000028cfe854250  595       3       java.lang.reflect.Modifier::isPublic (12 bytes)
Event: 0.724 Thread 0x0000028cfe854250 nmethod 595 0x0000028c80662b90 code [0x0000028c80662d20, 0x0000028c80662e78]
Event: 0.728 Thread 0x0000028cfe854250  596       3       java.lang.String::toLowerCase (8 bytes)
Event: 0.728 Thread 0x0000028cfe854250 nmethod 596 0x0000028c80662f10 code [0x0000028c806630e0, 0x0000028c80663478]
Event: 0.729 Thread 0x0000028cfe854250  597       3       java.util.Locale::getDefault (4 bytes)
Event: 0.729 Thread 0x0000028cfe854250 nmethod 597 0x0000028c80663590 code [0x0000028c80663720, 0x0000028c80663818]
Event: 0.729 Thread 0x0000028cfe854250  598       3       java.lang.ref.Cleaner::register (25 bytes)
Event: 0.729 Thread 0x0000028cfe854250 nmethod 598 0x0000028c80663890 code [0x0000028c80663a80, 0x0000028c80663fc8]
Event: 0.729 Thread 0x0000028cfe854250  599       3       jdk.internal.ref.CleanerImpl$PhantomCleanableRef::<init> (12 bytes)
Event: 0.729 Thread 0x0000028cfe854250 nmethod 599 0x0000028c80664210 code [0x0000028c806643c0, 0x0000028c80664568]
Event: 0.729 Thread 0x0000028cfe854250  600       1       java.net.URLStreamHandler::getDefaultPort (2 bytes)
Event: 0.729 Thread 0x0000028cfe854250 nmethod 600 0x0000028c87b05d90 code [0x0000028c87b05f20, 0x0000028c87b05ff8]
Event: 0.734 Thread 0x0000028cfe854250  604       3       java.lang.StringConcatHelper::newString (67 bytes)
Event: 0.734 Thread 0x0000028cfe854250 nmethod 604 0x0000028c80664610 code [0x0000028c80664880, 0x0000028c806652e8]
Event: 0.735 Thread 0x0000028cfe854250  605       3       java.security.CodeSource::getCertificates (98 bytes)
Event: 0.735 Thread 0x0000028cff744830  603       4       java.lang.ref.Reference::reachabilityFence (1 bytes)

GC Heap History (0 events):
No events

Deoptimization events (20 events):
Event: 0.363 Thread 0x0000028cef7f1af0 Uncommon trap: trap_request=0xffffff45 fr.pc=0x0000028c87ae65fc relative=0x00000000000004dc
Event: 0.363 Thread 0x0000028cef7f1af0 Uncommon trap: reason=unstable_if action=reinterpret pc=0x0000028c87ae65fc method=java.lang.StringLatin1.newString([BII)Ljava/lang/String; @ 1 c2
Event: 0.363 Thread 0x0000028cef7f1af0 DEOPT PACKING pc=0x0000028c87ae65fc sp=0x000000b87f3fede0
Event: 0.363 Thread 0x0000028cef7f1af0 DEOPT UNPACKING pc=0x0000028c800523a3 sp=0x000000b87f3fed40 mode 2
Event: 0.363 Thread 0x0000028cef7f1af0 Uncommon trap: trap_request=0xffffff45 fr.pc=0x0000028c87ae511c relative=0x00000000000003fc
Event: 0.363 Thread 0x0000028cef7f1af0 Uncommon trap: reason=unstable_if action=reinterpret pc=0x0000028c87ae511c method=java.lang.StringLatin1.newString([BII)Ljava/lang/String; @ 1 c2
Event: 0.363 Thread 0x0000028cef7f1af0 DEOPT PACKING pc=0x0000028c87ae511c sp=0x000000b87f3fed60
Event: 0.363 Thread 0x0000028cef7f1af0 DEOPT UNPACKING pc=0x0000028c800523a3 sp=0x000000b87f3fed40 mode 2
Event: 0.435 Thread 0x0000028cef7f1af0 Uncommon trap: trap_request=0xffffff45 fr.pc=0x0000028c87adba5c relative=0x000000000000005c
Event: 0.435 Thread 0x0000028cef7f1af0 Uncommon trap: reason=unstable_if action=reinterpret pc=0x0000028c87adba5c method=java.lang.String.isLatin1()Z @ 10 c2
Event: 0.435 Thread 0x0000028cef7f1af0 DEOPT PACKING pc=0x0000028c87adba5c sp=0x000000b87f3fe840
Event: 0.435 Thread 0x0000028cef7f1af0 DEOPT UNPACKING pc=0x0000028c800523a3 sp=0x000000b87f3fe7d0 mode 2
Event: 0.435 Thread 0x0000028cef7f1af0 Uncommon trap: trap_request=0xffffff45 fr.pc=0x0000028c87adcaf8 relative=0x0000000000000078
Event: 0.435 Thread 0x0000028cef7f1af0 Uncommon trap: reason=unstable_if action=reinterpret pc=0x0000028c87adcaf8 method=java.lang.String.isLatin1()Z @ 10 c2
Event: 0.435 Thread 0x0000028cef7f1af0 DEOPT PACKING pc=0x0000028c87adcaf8 sp=0x000000b87f3ff230
Event: 0.435 Thread 0x0000028cef7f1af0 DEOPT UNPACKING pc=0x0000028c800523a3 sp=0x000000b87f3ff170 mode 2
Event: 0.501 Thread 0x0000028cef7f1af0 Uncommon trap: trap_request=0xffffff45 fr.pc=0x0000028c87aeeef8 relative=0x00000000000001d8
Event: 0.501 Thread 0x0000028cef7f1af0 Uncommon trap: reason=unstable_if action=reinterpret pc=0x0000028c87aeeef8 method=java.lang.String.startsWith(Ljava/lang/String;I)Z @ 14 c2
Event: 0.501 Thread 0x0000028cef7f1af0 DEOPT PACKING pc=0x0000028c87aeeef8 sp=0x000000b87f3fc930
Event: 0.501 Thread 0x0000028cef7f1af0 DEOPT UNPACKING pc=0x0000028c800523a3 sp=0x000000b87f3fc8a8 mode 2

Classes unloaded (0 events):
No events

Classes redefined (0 events):
No events

Internal exceptions (4 events):
Event: 0.153 Thread 0x0000028cef7f1af0 Exception <a 'sun/nio/fs/WindowsException'{0x000000008aa3cfa0}> (0x000000008aa3cfa0) 
thrown [s\open\src\hotspot\share\prims\jni.cpp, line 516]
Event: 0.154 Thread 0x0000028cef7f1af0 Exception <a 'sun/nio/fs/WindowsException'{0x000000008aa3d428}> (0x000000008aa3d428) 
thrown [s\open\src\hotspot\share\prims\jni.cpp, line 516]
Event: 0.443 Thread 0x0000028cfff96d10 Exception <a 'java/lang/NoSuchMethodError'{0x000000008a5f0798}: 'java.lang.Object java.lang.invoke.DirectMethodHandle$Holder.invokeStaticInit(java.lang.Object)'> (0x000000008a5f0798) 
thrown [s\open\src\hotspot\share\interpreter\linkResolver.cpp, line 759]
Event: 0.448 Thread 0x0000028cef7f1af0 Exception <a 'java/lang/NoSuchMethodError'{0x000000008a4dad90}: 'void java.lang.invoke.DirectMethodHandle$Holder.invokeStatic(java.lang.Object, java.lang.Object)'> (0x000000008a4dad90) 
thrown [s\open\src\hotspot\share\interpreter\linkResolver.cpp, line 759]

VM Operations (4 events):
Event: 0.349 Executing VM operation: HandshakeAllThreads
Event: 0.350 Executing VM operation: HandshakeAllThreads done
Event: 0.440 Executing VM operation: HandshakeAllThreads
Event: 0.440 Executing VM operation: HandshakeAllThreads done

Events (20 events):
Event: 0.665 Loaded shared library C:\Program Files\javafx-sdk-17.0.2\bin\api-ms-win-crt-heap-l1-1-0.dll
Event: 0.667 Thread 0x0000028cff5aec00 Thread exited: 0x0000028cff5aec00
Event: 0.668 Loaded shared library C:\Program Files\javafx-sdk-17.0.2\bin\api-ms-win-crt-locale-l1-1-0.dll
Event: 0.671 Loaded shared library C:\Program Files\javafx-sdk-17.0.2\bin\api-ms-win-crt-math-l1-1-0.dll
Event: 0.673 Loaded shared library C:\Program Files\javafx-sdk-17.0.2\bin\api-ms-win-crt-multibyte-l1-1-0.dll
Event: 0.676 Loaded shared library C:\Program Files\javafx-sdk-17.0.2\bin\api-ms-win-crt-private-l1-1-0.dll
Event: 0.678 Loaded shared library C:\Program Files\javafx-sdk-17.0.2\bin\api-ms-win-crt-process-l1-1-0.dll
Event: 0.680 Loaded shared library C:\Program Files\javafx-sdk-17.0.2\bin\api-ms-win-crt-runtime-l1-1-0.dll
Event: 0.682 Loaded shared library C:\Program Files\javafx-sdk-17.0.2\bin\api-ms-win-crt-stdio-l1-1-0.dll
Event: 0.682 Thread 0x0000028cff5abad0 Thread exited: 0x0000028cff5abad0
Event: 0.684 Loaded shared library C:\Program Files\javafx-sdk-17.0.2\bin\api-ms-win-crt-string-l1-1-0.dll
Event: 0.686 Loaded shared library C:\Program Files\javafx-sdk-17.0.2\bin\api-ms-win-crt-time-l1-1-0.dll
Event: 0.688 Loaded shared library C:\Program Files\javafx-sdk-17.0.2\bin\api-ms-win-crt-utility-l1-1-0.dll
Event: 0.690 Loaded shared library C:\Program Files\javafx-sdk-17.0.2\bin\ucrtbase.dll
Event: 0.691 Loaded shared library C:\Program Files\javafx-sdk-17.0.2\bin\vcruntime140.dll
Event: 0.693 Loaded shared library C:\Program Files\javafx-sdk-17.0.2\bin\vcruntime140_1.dll
Event: 0.695 Loaded shared library C:\Program Files\javafx-sdk-17.0.2\bin\msvcp140.dll
Event: 0.703 loading class java/util/concurrent/Callable
Event: 0.704 loading class java/util/concurrent/Callable done
Event: 0.735 Thread 0x0000028cff744830 Thread added: 0x0000028cff744830


Dynamic libraries:
0x00007ff609b10000 - 0x00007ff609b20000 	C:\Program Files\jdk-17.0.5\bin\java.exe
0x00007ffa6b7b0000 - 0x00007ffa6b9c4000 	C:\WINDOWS\SYSTEM32\ntdll.dll
0x00007ffa6b070000 - 0x00007ffa6b133000 	C:\WINDOWS\System32\KERNEL32.DLL
0x00007ffa690c0000 - 0x00007ffa6945c000 	C:\WINDOWS\System32\KERNELBASE.dll
0x00007ffa68d60000 - 0x00007ffa68e71000 	C:\WINDOWS\System32\ucrtbase.dll
0x00007ffa61020000 - 0x00007ffa6103a000 	C:\Program Files\jdk-17.0.5\bin\VCRUNTIME140.dll
0x00007ffa62980000 - 0x00007ffa62998000 	C:\Program Files\jdk-17.0.5\bin\jli.dll
0x00007ffa69650000 - 0x00007ffa696fe000 	C:\WINDOWS\System32\ADVAPI32.dll
0x00007ffa69860000 - 0x00007ffa69907000 	C:\WINDOWS\System32\msvcrt.dll
0x00007ffa6a810000 - 0x00007ffa6a8b4000 	C:\WINDOWS\System32\sechost.dll
0x00007ffa6b330000 - 0x00007ffa6b445000 	C:\WINDOWS\System32\RPCRT4.dll
0x00007ffa6aec0000 - 0x00007ffa6b06d000 	C:\WINDOWS\System32\USER32.dll
0x00007ffa4e970000 - 0x00007ffa4ebfe000 	C:\WINDOWS\WinSxS\amd64_microsoft.windows.common-controls_6595b64144ccf1df_6.0.22621.608_none_a9444ca7c10bb01d\COMCTL32.dll
0x00007ffa69460000 - 0x00007ffa69486000 	C:\WINDOWS\System32\win32u.dll
0x00007ffa6ae70000 - 0x00007ffa6ae99000 	C:\WINDOWS\System32\GDI32.dll
0x00007ffa68fa0000 - 0x00007ffa690b2000 	C:\WINDOWS\System32\gdi32full.dll
0x00007ffa68e80000 - 0x00007ffa68f1a000 	C:\WINDOWS\System32\msvcp_win.dll
0x00007ffa5e510000 - 0x00007ffa5e51a000 	C:\WINDOWS\SYSTEM32\VERSION.dll
0x00007ffa69ca0000 - 0x00007ffa69cd2000 	C:\WINDOWS\System32\IMM32.DLL
0x00007ffa61dd0000 - 0x00007ffa61ddc000 	C:\Program Files\jdk-17.0.5\bin\vcruntime140_1.dll
0x00007ffa471d0000 - 0x00007ffa4725d000 	C:\Program Files\jdk-17.0.5\bin\msvcp140.dll
0x00007ffa1baf0000 - 0x00007ffa1c6b2000 	C:\Program Files\jdk-17.0.5\bin\server\jvm.dll
0x00007ffa69640000 - 0x00007ffa69648000 	C:\WINDOWS\System32\PSAPI.DLL
0x00007ffa62a50000 - 0x00007ffa62a59000 	C:\WINDOWS\SYSTEM32\WSOCK32.dll
0x00007ffa5e590000 - 0x00007ffa5e5c4000 	C:\WINDOWS\SYSTEM32\WINMM.dll
0x00007ffa6b6f0000 - 0x00007ffa6b761000 	C:\WINDOWS\System32\WS2_32.dll
0x00007ffa67d30000 - 0x00007ffa67d48000 	C:\WINDOWS\SYSTEM32\kernel.appcore.dll
0x00007ffa61d30000 - 0x00007ffa61d3a000 	C:\Program Files\jdk-17.0.5\bin\jimage.dll
0x00007ffa63330000 - 0x00007ffa6355e000 	C:\WINDOWS\SYSTEM32\DBGHELP.DLL
0x00007ffa69910000 - 0x00007ffa69c9a000 	C:\WINDOWS\System32\combase.dll
0x00007ffa6b460000 - 0x00007ffa6b537000 	C:\WINDOWS\System32\OLEAUT32.dll
0x00007ffa51730000 - 0x00007ffa51762000 	C:\WINDOWS\SYSTEM32\dbgcore.DLL
0x00007ffa68f20000 - 0x00007ffa68f9b000 	C:\WINDOWS\System32\bcryptPrimitives.dll
0x00007ffa61c40000 - 0x00007ffa61c4e000 	C:\Program Files\jdk-17.0.5\bin\instrument.dll
0x00007ffa60ff0000 - 0x00007ffa61015000 	C:\Program Files\jdk-17.0.5\bin\java.dll
0x00007ffa30c90000 - 0x00007ffa30d66000 	C:\Program Files\jdk-17.0.5\bin\jsvml.dll
0x00007ffa69ea0000 - 0x00007ffa6a68f000 	C:\WINDOWS\System32\SHELL32.dll
0x00007ffa66c20000 - 0x00007ffa674e8000 	C:\WINDOWS\SYSTEM32\windows.storage.dll
0x00007ffa66ae0000 - 0x00007ffa66c1e000 	C:\WINDOWS\SYSTEM32\wintypes.dll
0x00007ffa6b5f0000 - 0x00007ffa6b6e1000 	C:\WINDOWS\System32\SHCORE.dll
0x00007ffa6a7b0000 - 0x00007ffa6a80e000 	C:\WINDOWS\System32\shlwapi.dll
0x00007ffa68b20000 - 0x00007ffa68b41000 	C:\WINDOWS\SYSTEM32\profapi.dll
0x00007ffa60df0000 - 0x00007ffa60e09000 	C:\Program Files\jdk-17.0.5\bin\net.dll
0x00007ffa62700000 - 0x00007ffa6282f000 	C:\WINDOWS\SYSTEM32\WINHTTP.dll
0x00007ffa681a0000 - 0x00007ffa68209000 	C:\WINDOWS\system32\mswsock.dll
0x00007ffa60dd0000 - 0x00007ffa60de6000 	C:\Program Files\jdk-17.0.5\bin\nio.dll
0x00007ffa606a0000 - 0x00007ffa606b8000 	C:\Program Files\jdk-17.0.5\bin\zip.dll
0x00007ffa60650000 - 0x00007ffa6066a000 	C:\ProgramData\Microsoft\Windows\Start Menu\Programs\ideaIC-2021.3.2.win\bin\breakgen64.dll
0x0000028cef780000 - 0x0000028cef783000 	C:\Program Files\javafx-sdk-17.0.2\bin\api-ms-win-core-console-l1-1-0.dll
0x0000028cef790000 - 0x0000028cef793000 	C:\Program Files\javafx-sdk-17.0.2\bin\api-ms-win-core-console-l1-2-0.dll
0x0000028cef7a0000 - 0x0000028cef7a3000 	C:\Program Files\javafx-sdk-17.0.2\bin\api-ms-win-core-datetime-l1-1-0.dll
0x0000028cef7b0000 - 0x0000028cef7b3000 	C:\Program Files\javafx-sdk-17.0.2\bin\api-ms-win-core-debug-l1-1-0.dll
0x0000028cfe990000 - 0x0000028cfe993000 	C:\Program Files\javafx-sdk-17.0.2\bin\api-ms-win-core-errorhandling-l1-1-0.dll
0x0000028cfe9a0000 - 0x0000028cfe9a4000 	C:\Program Files\javafx-sdk-17.0.2\bin\api-ms-win-core-file-l1-1-0.dll
0x0000028cfe9b0000 - 0x0000028cfe9b3000 	C:\Program Files\javafx-sdk-17.0.2\bin\api-ms-win-core-file-l1-2-0.dll
0x0000028cfe9c0000 - 0x0000028cfe9c3000 	C:\Program Files\javafx-sdk-17.0.2\bin\api-ms-win-core-file-l2-1-0.dll
0x0000028cfe9d0000 - 0x0000028cfe9d3000 	C:\Program Files\javafx-sdk-17.0.2\bin\api-ms-win-core-handle-l1-1-0.dll
0x0000028cfe9e0000 - 0x0000028cfe9e3000 	C:\Program Files\javafx-sdk-17.0.2\bin\api-ms-win-core-heap-l1-1-0.dll
0x0000028cfe9f0000 - 0x0000028cfe9f3000 	C:\Program Files\javafx-sdk-17.0.2\bin\api-ms-win-core-interlocked-l1-1-0.dll
0x0000028cfea00000 - 0x0000028cfea03000 	C:\Program Files\javafx-sdk-17.0.2\bin\api-ms-win-core-libraryloader-l1-1-0.dll
0x0000028cfea10000 - 0x0000028cfea13000 	C:\Program Files\javafx-sdk-17.0.2\bin\api-ms-win-core-localization-l1-2-0.dll
0x0000028cfea20000 - 0x0000028cfea23000 	C:\Program Files\javafx-sdk-17.0.2\bin\api-ms-win-core-memory-l1-1-0.dll
0x0000028cfea30000 - 0x0000028cfea33000 	C:\Program Files\javafx-sdk-17.0.2\bin\api-ms-win-core-namedpipe-l1-1-0.dll
0x0000028cfea40000 - 0x0000028cfea43000 	C:\Program Files\javafx-sdk-17.0.2\bin\api-ms-win-core-processenvironment-l1-1-0.dll
0x0000028cfea50000 - 0x0000028cfea53000 	C:\Program Files\javafx-sdk-17.0.2\bin\api-ms-win-core-processthreads-l1-1-0.dll
0x0000028cfea60000 - 0x0000028cfea63000 	C:\Program Files\javafx-sdk-17.0.2\bin\api-ms-win-core-processthreads-l1-1-1.dll
0x0000028cfeba0000 - 0x0000028cfeba3000 	C:\Program Files\javafx-sdk-17.0.2\bin\api-ms-win-core-profile-l1-1-0.dll
0x0000028cfea70000 - 0x0000028cfea73000 	C:\Program Files\javafx-sdk-17.0.2\bin\api-ms-win-core-rtlsupport-l1-1-0.dll
0x0000028cfea80000 - 0x0000028cfea83000 	C:\Program Files\javafx-sdk-17.0.2\bin\api-ms-win-core-string-l1-1-0.dll
0x0000028cfea90000 - 0x0000028cfea93000 	C:\Program Files\javafx-sdk-17.0.2\bin\api-ms-win-core-synch-l1-1-0.dll
0x0000028cfeaa0000 - 0x0000028cfeaa3000 	C:\Program Files\javafx-sdk-17.0.2\bin\api-ms-win-core-synch-l1-2-0.dll
0x0000028cfeab0000 - 0x0000028cfeab3000 	C:\Program Files\javafx-sdk-17.0.2\bin\api-ms-win-core-sysinfo-l1-1-0.dll
0x0000028cfeac0000 - 0x0000028cfeac3000 	C:\Program Files\javafx-sdk-17.0.2\bin\api-ms-win-core-timezone-l1-1-0.dll
0x0000028c8ffd0000 - 0x0000028c8ffd3000 	C:\Program Files\javafx-sdk-17.0.2\bin\api-ms-win-core-util-l1-1-0.dll
0x0000028c8ffe0000 - 0x0000028c8ffe3000 	C:\Program Files\javafx-sdk-17.0.2\bin\api-ms-win-crt-conio-l1-1-0.dll
0x0000028c8fff0000 - 0x0000028c8fff4000 	C:\Program Files\javafx-sdk-17.0.2\bin\api-ms-win-crt-convert-l1-1-0.dll
0x0000028c90140000 - 0x0000028c90143000 	C:\Program Files\javafx-sdk-17.0.2\bin\api-ms-win-crt-environment-l1-1-0.dll
0x0000028c90000000 - 0x0000028c90003000 	C:\Program Files\javafx-sdk-17.0.2\bin\api-ms-win-crt-filesystem-l1-1-0.dll
0x0000028c90010000 - 0x0000028c90013000 	C:\Program Files\javafx-sdk-17.0.2\bin\api-ms-win-crt-heap-l1-1-0.dll
0x0000028c90020000 - 0x0000028c90023000 	C:\Program Files\javafx-sdk-17.0.2\bin\api-ms-win-crt-locale-l1-1-0.dll
0x0000028c90030000 - 0x0000028c90035000 	C:\Program Files\javafx-sdk-17.0.2\bin\api-ms-win-crt-math-l1-1-0.dll
0x0000028c90040000 - 0x0000028c90045000 	C:\Program Files\javafx-sdk-17.0.2\bin\api-ms-win-crt-multibyte-l1-1-0.dll
0x0000028c90050000 - 0x0000028c90060000 	C:\Program Files\javafx-sdk-17.0.2\bin\api-ms-win-crt-private-l1-1-0.dll
0x0000028c90060000 - 0x0000028c90063000 	C:\Program Files\javafx-sdk-17.0.2\bin\api-ms-win-crt-process-l1-1-0.dll
0x0000028c90070000 - 0x0000028c90074000 	C:\Program Files\javafx-sdk-17.0.2\bin\api-ms-win-crt-runtime-l1-1-0.dll
0x0000028c90080000 - 0x0000028c90084000 	C:\Program Files\javafx-sdk-17.0.2\bin\api-ms-win-crt-stdio-l1-1-0.dll
0x0000028c90090000 - 0x0000028c90094000 	C:\Program Files\javafx-sdk-17.0.2\bin\api-ms-win-crt-string-l1-1-0.dll
0x0000028c900a0000 - 0x0000028c900a3000 	C:\Program Files\javafx-sdk-17.0.2\bin\api-ms-win-crt-time-l1-1-0.dll
0x0000028c900b0000 - 0x0000028c900b3000 	C:\Program Files\javafx-sdk-17.0.2\bin\api-ms-win-crt-utility-l1-1-0.dll
0x00007ffa2e450000 - 0x00007ffa2e54c000 	C:\Program Files\javafx-sdk-17.0.2\bin\ucrtbase.dll
0x00007ffa5fe90000 - 0x00007ffa5feaa000 	C:\Program Files\javafx-sdk-17.0.2\bin\vcruntime140.dll
0x00007ffa60fe0000 - 0x00007ffa60fec000 	C:\Program Files\javafx-sdk-17.0.2\bin\vcruntime140_1.dll
0x00007ffa3c840000 - 0x00007ffa3c8cd000 	C:\Program Files\javafx-sdk-17.0.2\bin\msvcp140.dll

dbghelp: loaded successfully - version: 4.0.5 - missing functions: none
symbol engine: initialized successfully - sym options: 0x614 - pdb path: .;C:\Program Files\jdk-17.0.5\bin;C:\WINDOWS\SYSTEM32;C:\WINDOWS\WinSxS\amd64_microsoft.windows.common-controls_6595b64144ccf1df_6.0.22621.608_none_a9444ca7c10bb01d;C:\Program Files\jdk-17.0.5\bin\server;C:\ProgramData\Microsoft\Windows\Start Menu\Programs\ideaIC-2021.3.2.win\bin;C:\Program Files\javafx-sdk-17.0.2\bin

VM Arguments:
jvm_args: --module-path=C:/Program Files/javafx-sdk-17.0.2/lib --add-modules=javafx.fxml,javafx.controls,javafx.graphics -javaagent:C:\ProgramData\Microsoft\Windows\Start Menu\Programs\ideaIC-2021.3.2.win\lib\idea_rt.jar=63719:C:\ProgramData\Microsoft\Windows\Start Menu\Programs\ideaIC-2021.3.2.win\bin -Dfile.encoding=UTF-8 
java_command: main.Main
java_class_path (initial): C:\Users\jkhat\OneDrive\WGU\C195_JasmineLangford\out\production\C195_JasmineLangford;C:\Program Files\javafx-sdk-17.0.2\lib\javafx-swt.jar;C:\Program Files\javafx-sdk-17.0.2\lib\javafx.web.jar;C:\Program Files\javafx-sdk-17.0.2\lib\javafx.base.jar;C:\Program Files\javafx-sdk-17.0.2\lib\javafx.fxml.jar;C:\Program Files\javafx-sdk-17.0.2\lib\javafx.media.jar;C:\Program Files\javafx-sdk-17.0.2\lib\javafx.swing.jar;C:\Program Files\javafx-sdk-17.0.2\lib\javafx.controls.jar;C:\Program Files\javafx-sdk-17.0.2\lib\javafx.graphics.jar;C:\Users\jkhat\Downloads\mysql-connector-j-8.0.31\mysql-connector-j-8.0.31\mysql-connector-j-8.0.31.jar
Launcher Type: SUN_STANDARD

[Global flags]
     intx CICompilerCount                          = 4                                         {product} {ergonomic}
     uint ConcGCThreads                            = 2                                         {product} {ergonomic}
     uint G1ConcRefinementThreads                  = 8                                         {product} {ergonomic}
   size_t G1HeapRegionSize                         = 1048576                                   {product} {ergonomic}
    uintx GCDrainStackTargetSize                   = 64                                        {product} {ergonomic}
   size_t InitialHeapSize                          = 132120576                                 {product} {ergonomic}
   size_t MarkStackSize                            = 4194304                                   {product} {ergonomic}
   size_t MaxHeapSize                              = 2099249152                                {product} {ergonomic}
   size_t MaxNewSize                               = 1259339776                                {product} {ergonomic}
   size_t MinHeapDeltaBytes                        = 1048576                                   {product} {ergonomic}
   size_t MinHeapSize                              = 8388608                                   {product} {ergonomic}
    uintx NonNMethodCodeHeapSize                   = 5839372                                {pd product} {ergonomic}
    uintx NonProfiledCodeHeapSize                  = 122909434                              {pd product} {ergonomic}
    uintx ProfiledCodeHeapSize                     = 122909434                              {pd product} {ergonomic}
    uintx ReservedCodeCacheSize                    = 251658240                              {pd product} {ergonomic}
     bool SegmentedCodeCache                       = true                                      {product} {ergonomic}
   size_t SoftMaxHeapSize                          = 2099249152                             {manageable} {ergonomic}
     bool UseCompressedClassPointers               = true                           {product lp64_product} {ergonomic}
     bool UseCompressedOops                        = true                           {product lp64_product} {ergonomic}
     bool UseG1GC                                  = true                                      {product} {ergonomic}
     bool UseLargePagesIndividualAllocation        = false                                  {pd product} {ergonomic}

Logging:
Log output configuration:
 #0: stdout all=warning uptime,level,tags
 #1: stderr all=off uptime,level,tags

Environment Variables:
PATH=C:\Program Files\Common Files\Oracle\Java\javapath;C:\Program Files (x86)\Intel\Intel(R) Management Engine Components\iCLS\;C:\Program Files\Intel\Intel(R) Management Engine Components\iCLS\;C:\WINDOWS\system32;C:\WINDOWS;C:\WINDOWS\System32\Wbem;C:\WINDOWS\System32\WindowsPowerShell\v1.0\;C:\WINDOWS\System32\OpenSSH\;C:\Program Files (x86)\Intel\Intel(R) Management Engine Components\DAL;C:\Program Files\Intel\Intel(R) Management Engine Components\DAL;C:\Program Files\dotnet\;C:\Users\jkhat\AppData\Local\Microsoft\WindowsApps;C:\Users\jkhat\AppData\Local\GitHubDesktop\bin;
USERNAME=jkhat
OS=Windows_NT
PROCESSOR_IDENTIFIER=Intel64 Family 6 Model 142 Stepping 10, GenuineIntel



---------------  S Y S T E M  ---------------

OS:
 Windows 11 , 64 bit Build 22621 (10.0.22621.1194)
OS uptime: 10 days 0:44 hours

CPU: total 8 (initial active 8) (4 cores per cpu, 2 threads per core) family 6 model 142 stepping 10 microcode 0xe0, cx8, cmov, fxsr, ht, mmx, 3dnowpref, sse, sse2, sse3, ssse3, sse4.1, sse4.2, popcnt, lzcnt, tsc, tscinvbit, avx, avx2, aes, erms, clmul, bmi1, bmi2, adx, fma, vzeroupper, clflush, clflushopt

Memory: 4k page, system-wide physical 8007M (577M free)
TotalPageFile size 12103M (AvailPageFile size 218M)
current process WorkingSet (physical memory assigned to process): 62M, peak: 62M
current process commit charge ("private bytes"): 229M, peak: 230M

vm_info: Java HotSpot(TM) 64-Bit Server VM (17.0.5+9-LTS-191) for windows-amd64 JRE (17.0.5+9-LTS-191), built on Sep 13 2022 17:31:43 by "mach5one" with MS VC++ 16.8 / 16.9 (VS2019)

END.
