#
# There is insufficient memory for the Java Runtime Environment to continue.
# Native memory allocation (mmap) failed to map 65536 bytes for Failed to commit metaspace.
# Possible reasons:
#   The system is out of physical RAM or swap space
#   The process is running with CompressedOops enabled, and the Java Heap may be blocking the growth of the native heap
# Possible solutions:
#   Reduce memory load on the system
#   Increase physical memory or swap space
#   Check if swap backing store is full
#   Decrease Java heap size (-Xmx/-Xms)
#   Decrease number of Java threads
#   Decrease Java thread stack sizes (-Xss)
#   Set larger code cache with -XX:ReservedCodeCacheSize=
#   JVM is running with Unscaled Compressed Oops mode in which the Java heap is
#     placed in the first 4GB address space. The Java Heap base address is the
#     maximum limit for the native heap growth. Please use -XX:HeapBaseMinAddress
#     to set the Java Heap base and to place the Java Heap above 4GB virtual address.
# This output file may be truncated or incomplete.
#
#  Out of Memory Error (virtualSpaceNode.cpp:110), pid=9320, tid=15280
#
# JRE version: Java(TM) SE Runtime Environment (17.0.5+9) (build 17.0.5+9-LTS-191)
# Java VM: Java HotSpot(TM) 64-Bit Server VM (17.0.5+9-LTS-191, mixed mode, sharing, tiered, compressed oops, compressed class ptrs, g1 gc, windows-amd64)
# No core dump will be written. Minidumps are not enabled by default on client versions of Windows
#

---------------  S U M M A R Y ------------

Command Line: --module-path=C:/Program Files/javafx-sdk-17.0.2/lib --add-modules=javafx.fxml,javafx.controls,javafx.graphics -javaagent:C:\ProgramData\Microsoft\Windows\Start Menu\Programs\ideaIC-2021.3.2.win\lib\idea_rt.jar=65272:C:\ProgramData\Microsoft\Windows\Start Menu\Programs\ideaIC-2021.3.2.win\bin -Dfile.encoding=UTF-8 main.Main

Host: Intel(R) Core(TM) i7-8550U CPU @ 1.80GHz, 8 cores, 7G,  Windows 11 , 64 bit Build 22621 (10.0.22621.1105)
Time: Fri Feb  3 21:52:31 2023 Eastern Standard Time elapsed time: 0.662213 seconds (0d 0h 0m 0s)

---------------  T H R E A D  ---------------

Current thread (0x000001ed856ea6a0):  JavaThread "main" [_thread_in_vm, id=15280, stack(0x000000b19d600000,0x000000b19d700000)]

Stack: [0x000000b19d600000,0x000000b19d700000]
Native frames: (J=compiled Java code, j=interpreted, Vv=VM code, C=native code)
V  [jvm.dll+0x672eea]
V  [jvm.dll+0x7d2a04]
V  [jvm.dll+0x7d41ae]
V  [jvm.dll+0x7d4813]
V  [jvm.dll+0x242c15]
V  [jvm.dll+0x7ce9ab]
V  [jvm.dll+0x618bb6]
V  [jvm.dll+0x1be37e]
V  [jvm.dll+0x61b4f1]
V  [jvm.dll+0x619556]
V  [jvm.dll+0x367f22]
V  [jvm.dll+0x1dfb2b]
V  [jvm.dll+0x539409]
V  [jvm.dll+0x74d67d]
V  [jvm.dll+0x74d5da]
V  [jvm.dll+0x409684]
V  [jvm.dll+0x41ce2b]
C  [java.dll+0x1657]

Java frames: (J=compiled Java code, j=interpreted, Vv=VM code)
j  java.lang.ClassLoader.defineClass0(Ljava/lang/ClassLoader;Ljava/lang/Class;Ljava/lang/String;[BIILjava/security/ProtectionDomain;ZILjava/lang/Object;)Ljava/lang/Class;+0 java.base@17.0.5
j  java.lang.System$2.defineClass(Ljava/lang/ClassLoader;Ljava/lang/Class;Ljava/lang/String;[BLjava/security/ProtectionDomain;ZILjava/lang/Object;)Ljava/lang/Class;+17 java.base@17.0.5
j  java.lang.invoke.MethodHandles$Lookup$ClassDefiner.defineClass(ZLjava/lang/Object;)Ljava/lang/Class;+54 java.base@17.0.5
j  java.lang.invoke.InvokerBytecodeGenerator.loadMethod([B)Ljava/lang/invoke/MemberName;+16 java.base@17.0.5
j  java.lang.invoke.InvokerBytecodeGenerator.generateCustomizedCode(Ljava/lang/invoke/LambdaForm;Ljava/lang/invoke/MethodType;)Ljava/lang/invoke/MemberName;+30 java.base@17.0.5
j  java.lang.invoke.LambdaForm.compileToBytecode()V+69 java.base@17.0.5
j  java.lang.invoke.DirectMethodHandle.makePreparedLambdaForm(Ljava/lang/invoke/MethodType;I)Ljava/lang/invoke/LambdaForm;+792 java.base@17.0.5
j  java.lang.invoke.DirectMethodHandle.preparedLambdaForm(Ljava/lang/invoke/MethodType;I)Ljava/lang/invoke/LambdaForm;+17 java.base@17.0.5
j  java.lang.invoke.DirectMethodHandle.preparedLambdaForm(Ljava/lang/invoke/MemberName;Z)Ljava/lang/invoke/LambdaForm;+159 java.base@17.0.5
j  java.lang.invoke.DirectMethodHandle.preparedLambdaForm(Ljava/lang/invoke/MemberName;)Ljava/lang/invoke/LambdaForm;+2 java.base@17.0.5
j  java.lang.invoke.DirectMethodHandle.makeAllocator(Ljava/lang/invoke/MemberName;)Ljava/lang/invoke/DirectMethodHandle;+84 java.base@17.0.5
j  java.lang.invoke.DirectMethodHandle.make(Ljava/lang/invoke/MemberName;)Ljava/lang/invoke/DirectMethodHandle;+8 java.base@17.0.5
j  java.lang.invoke.MethodHandles$Lookup.getDirectConstructorCommon(Ljava/lang/Class;Ljava/lang/invoke/MemberName;Z)Ljava/lang/invoke/MethodHandle;+61 java.base@17.0.5
j  java.lang.invoke.MethodHandles$Lookup.getDirectConstructor(Ljava/lang/Class;Ljava/lang/invoke/MemberName;)Ljava/lang/invoke/MethodHandle;+6 java.base@17.0.5
j  java.lang.invoke.MethodHandles$Lookup.findConstructor(Ljava/lang/Class;Ljava/lang/invoke/MethodType;)Ljava/lang/invoke/MethodHandle;+57 java.base@17.0.5
j  java.lang.invoke.InnerClassLambdaMetafactory.buildCallSite()Ljava/lang/invoke/CallSite;+168 java.base@17.0.5
j  java.lang.invoke.LambdaMetafactory.metafactory(Ljava/lang/invoke/MethodHandles$Lookup;Ljava/lang/String;Ljava/lang/invoke/MethodType;Ljava/lang/invoke/MethodType;Ljava/lang/invoke/MethodHandle;Ljava/lang/invoke/MethodType;)Ljava/lang/invoke/CallSite;+67 java.base@17.0.5
j  java.lang.invoke.DirectMethodHandle$Holder.invokeStatic(Ljava/lang/Object;Ljava/lang/Object;Ljava/lang/Object;Ljava/lang/Object;Ljava/lang/Object;Ljava/lang/Object;Ljava/lang/Object;)Ljava/lang/Object;+20 java.base@17.0.5
j  java.lang.invoke.Invokers$Holder.invokeExact_MT(Ljava/lang/Object;Ljava/lang/Object;Ljava/lang/Object;Ljava/lang/Object;Ljava/lang/Object;Ljava/lang/Object;Ljava/lang/Object;Ljava/lang/Object;)Ljava/lang/Object;+28 java.base@17.0.5
j  java.lang.invoke.BootstrapMethodInvoker.invoke(Ljava/lang/Class;Ljava/lang/invoke/MethodHandle;Ljava/lang/String;Ljava/lang/Object;Ljava/lang/Object;Ljava/lang/Class;)Ljava/lang/Object;+319 java.base@17.0.5
j  java.lang.invoke.CallSite.makeSite(Ljava/lang/invoke/MethodHandle;Ljava/lang/String;Ljava/lang/invoke/MethodType;Ljava/lang/Object;Ljava/lang/Class;)Ljava/lang/invoke/CallSite;+8 java.base@17.0.5
j  java.lang.invoke.MethodHandleNatives.linkCallSiteImpl(Ljava/lang/Class;Ljava/lang/invoke/MethodHandle;Ljava/lang/String;Ljava/lang/invoke/MethodType;Ljava/lang/Object;[Ljava/lang/Object;)Ljava/lang/invoke/MemberName;+6 java.base@17.0.5
j  java.lang.invoke.MethodHandleNatives.linkCallSite(Ljava/lang/Object;ILjava/lang/Object;Ljava/lang/Object;Ljava/lang/Object;Ljava/lang/Object;[Ljava/lang/Object;)Ljava/lang/invoke/MemberName;+46 java.base@17.0.5
v  ~StubRoutines::call_stub
j  com.sun.glass.ui.win.WinApplication.runLoop(Ljava/lang/Runnable;)V+58 javafx.graphics
j  com.sun.glass.ui.Application.run(Ljava/lang/Runnable;)V+34 javafx.graphics
j  com.sun.javafx.tk.quantum.QuantumToolkit.startup(Ljava/lang/Runnable;)V+21 javafx.graphics
j  com.sun.javafx.application.PlatformImpl.startup(Ljava/lang/Runnable;Z)V+236 javafx.graphics
j  com.sun.javafx.application.PlatformImpl.startup(Ljava/lang/Runnable;)V+2 javafx.graphics
j  com.sun.javafx.application.LauncherImpl.startToolkit()V+26 javafx.graphics
j  com.sun.javafx.application.LauncherImpl.launchApplicationWithArgs(Lcom/sun/javafx/application/ModuleAccess;Ljava/lang/String;Ljava/lang/String;[Ljava/lang/String;)V+0 javafx.graphics
j  com.sun.javafx.application.LauncherImpl.launchApplication(Ljava/lang/String;Ljava/lang/String;[Ljava/lang/String;)V+483 javafx.graphics
v  ~StubRoutines::call_stub
j  jdk.internal.reflect.NativeMethodAccessorImpl.invoke0(Ljava/lang/reflect/Method;Ljava/lang/Object;[Ljava/lang/Object;)Ljava/lang/Object;+0 java.base@17.0.5
j  jdk.internal.reflect.NativeMethodAccessorImpl.invoke(Ljava/lang/Object;[Ljava/lang/Object;)Ljava/lang/Object;+133 java.base@17.0.5
j  jdk.internal.reflect.DelegatingMethodAccessorImpl.invoke(Ljava/lang/Object;[Ljava/lang/Object;)Ljava/lang/Object;+6 java.base@17.0.5
j  java.lang.reflect.Method.invoke(Ljava/lang/Object;[Ljava/lang/Object;)Ljava/lang/Object;+59 java.base@17.0.5
j  sun.launcher.LauncherHelper$FXHelper.main([Ljava/lang/String;)V+52 java.base@17.0.5
v  ~StubRoutines::call_stub

---------------  P R O C E S S  ---------------

Threads class SMR info:
_java_thread_list=0x000001eda47d2150, length=15, elements={
0x000001ed856ea6a0, 0x000001eda37082b0, 0x000001eda3708b90, 0x000001eda3719400,
0x000001eda37198d0, 0x000001eda371a1b0, 0x000001eda371f6a0, 0x000001eda3723c70,
0x000001eda372c240, 0x000001eda372cb60, 0x000001eda4193d70, 0x000001eda42efb00,
0x000001eda4381a60, 0x000001eda44a2200, 0x000001eda47f4660
}

Java Threads: ( => current thread )
=>0x000001ed856ea6a0 JavaThread "main" [_thread_in_vm, id=15280, stack(0x000000b19d600000,0x000000b19d700000)]
  0x000001eda37082b0 JavaThread "Reference Handler" daemon [_thread_blocked, id=14688, stack(0x000000b19dd00000,0x000000b19de00000)]
  0x000001eda3708b90 JavaThread "Finalizer" daemon [_thread_blocked, id=3620, stack(0x000000b19de00000,0x000000b19df00000)]
  0x000001eda3719400 JavaThread "Signal Dispatcher" daemon [_thread_blocked, id=12348, stack(0x000000b19df00000,0x000000b19e000000)]
  0x000001eda37198d0 JavaThread "Attach Listener" daemon [_thread_blocked, id=12576, stack(0x000000b19e000000,0x000000b19e100000)]
  0x000001eda371a1b0 JavaThread "Service Thread" daemon [_thread_blocked, id=6908, stack(0x000000b19e100000,0x000000b19e200000)]
  0x000001eda371f6a0 JavaThread "Monitor Deflation Thread" daemon [_thread_blocked, id=13896, stack(0x000000b19e200000,0x000000b19e300000)]
  0x000001eda3723c70 JavaThread "C2 CompilerThread0" daemon [_thread_blocked, id=19136, stack(0x000000b19e300000,0x000000b19e400000)]
  0x000001eda372c240 JavaThread "C1 CompilerThread0" daemon [_thread_blocked, id=3052, stack(0x000000b19e400000,0x000000b19e500000)]
  0x000001eda372cb60 JavaThread "Sweeper thread" daemon [_thread_blocked, id=14928, stack(0x000000b19e500000,0x000000b19e600000)]
  0x000001eda4193d70 JavaThread "Common-Cleaner" daemon [_thread_blocked, id=7580, stack(0x000000b19e600000,0x000000b19e700000)]
  0x000001eda42efb00 JavaThread "Monitor Ctrl-Break" daemon [_thread_in_native, id=11020, stack(0x000000b19e700000,0x000000b19e800000)]
  0x000001eda4381a60 JavaThread "Notification Thread" daemon [_thread_blocked, id=7748, stack(0x000000b19e800000,0x000000b19e900000)]
  0x000001eda44a2200 JavaThread "QuantumRenderer-0" daemon [_thread_blocked, id=19320, stack(0x000000b19ea00000,0x000000b19eb00000)]
  0x000001eda47f4660 JavaThread "InvokeLaterDispatcher" daemon [_thread_blocked, id=17312, stack(0x000000b19eb00000,0x000000b19ec00000)]

Other Threads:
  0x000001eda37009f0 VMThread "VM Thread" [stack: 0x000000b19dc00000,0x000000b19dd00000] [id=7540]
  0x000001ed85768020 WatcherThread [stack: 0x000000b19e900000,0x000000b19ea00000] [id=6596]
  0x000001ed85746cb0 GCTaskThread "GC Thread#0" [stack: 0x000000b19d700000,0x000000b19d800000] [id=16612]
  0x000001ed85757790 ConcurrentGCThread "G1 Main Marker" [stack: 0x000000b19d800000,0x000000b19d900000] [id=16000]
  0x000001ed85758940 ConcurrentGCThread "G1 Conc#0" [stack: 0x000000b19d900000,0x000000b19da00000] [id=16428]
  0x000001eda35b80e0 ConcurrentGCThread "G1 Refine#0" [stack: 0x000000b19da00000,0x000000b19db00000] [id=9092]
  0x000001eda35bc3f0 ConcurrentGCThread "G1 Service" [stack: 0x000000b19db00000,0x000000b19dc00000] [id=18424]

Threads with active compile tasks:

VM state: not at safepoint (normal execution)

VM Mutex/Monitor currently owned by a thread:  ([mutex/lock_event])
[0x000001ed856e4fe0] Metaspace_lock - owner thread: 0x000001ed856ea6a0

Heap address: 0x0000000082e00000, size: 2002 MB, Compressed Oops mode: 32-bit

CDS archive(s) mapped at: [0x0000000800000000-0x0000000800bd0000-0x0000000800bd0000), size 12386304, SharedBaseAddress: 0x0000000800000000, ArchiveRelocationMode: 0.
Compressed class space mapped at: 0x0000000800c00000-0x0000000840c00000, reserved size: 1073741824
Narrow klass base: 0x0000000800000000, Narrow klass shift: 0, Narrow klass range: 0x100000000

GC Precious Log:
 CPUs: 8 total, 8 available
 Memory: 8007M
 Large Page Support: Disabled
 NUMA Support: Disabled
 Compressed Oops: Enabled (32-bit)
 Heap Region Size: 1M
 Heap Min Capacity: 8M
 Heap Initial Capacity: 126M
 Heap Max Capacity: 2002M
 Pre-touch: Disabled
 Parallel Workers: 8
 Concurrent Workers: 2
 Concurrent Refinement Workers: 8
 Periodic GC: Disabled

Heap:
 garbage-first heap   total 129024K, used 11264K [0x0000000082e00000, 0x0000000100000000)
  region size 1024K, 13 young (13312K), 0 survivors (0K)
 Metaspace       used 2669K, committed 2752K, reserved 1056768K
  class space    used 281K, committed 320K, reserved 1048576K

Heap Regions: E=young(eden), S=young(survivor), O=old, HS=humongous(starts), HC=humongous(continues), CS=collection set, F=free, OA=open archive, CA=closed archive, TAMS=top-at-mark-start (previous, next)
|   0|0x0000000082e00000, 0x0000000082e00000, 0x0000000082f00000|  0%| F|  |TAMS 0x0000000082e00000, 0x0000000082e00000| Untracked 
|   1|0x0000000082f00000, 0x0000000082f00000, 0x0000000083000000|  0%| F|  |TAMS 0x0000000082f00000, 0x0000000082f00000| Untracked 
|   2|0x0000000083000000, 0x0000000083000000, 0x0000000083100000|  0%| F|  |TAMS 0x0000000083000000, 0x0000000083000000| Untracked 
|   3|0x0000000083100000, 0x0000000083100000, 0x0000000083200000|  0%| F|  |TAMS 0x0000000083100000, 0x0000000083100000| Untracked 
|   4|0x0000000083200000, 0x0000000083200000, 0x0000000083300000|  0%| F|  |TAMS 0x0000000083200000, 0x0000000083200000| Untracked 
|   5|0x0000000083300000, 0x0000000083300000, 0x0000000083400000|  0%| F|  |TAMS 0x0000000083300000, 0x0000000083300000| Untracked 
|   6|0x0000000083400000, 0x0000000083400000, 0x0000000083500000|  0%| F|  |TAMS 0x0000000083400000, 0x0000000083400000| Untracked 
|   7|0x0000000083500000, 0x0000000083500000, 0x0000000083600000|  0%| F|  |TAMS 0x0000000083500000, 0x0000000083500000| Untracked 
|   8|0x0000000083600000, 0x0000000083600000, 0x0000000083700000|  0%| F|  |TAMS 0x0000000083600000, 0x0000000083600000| Untracked 
|   9|0x0000000083700000, 0x0000000083700000, 0x0000000083800000|  0%| F|  |TAMS 0x0000000083700000, 0x0000000083700000| Untracked 
|  10|0x0000000083800000, 0x0000000083800000, 0x0000000083900000|  0%| F|  |TAMS 0x0000000083800000, 0x0000000083800000| Untracked 
|  11|0x0000000083900000, 0x0000000083900000, 0x0000000083a00000|  0%| F|  |TAMS 0x0000000083900000, 0x0000000083900000| Untracked 
|  12|0x0000000083a00000, 0x0000000083a00000, 0x0000000083b00000|  0%| F|  |TAMS 0x0000000083a00000, 0x0000000083a00000| Untracked 
|  13|0x0000000083b00000, 0x0000000083b00000, 0x0000000083c00000|  0%| F|  |TAMS 0x0000000083b00000, 0x0000000083b00000| Untracked 
|  14|0x0000000083c00000, 0x0000000083c00000, 0x0000000083d00000|  0%| F|  |TAMS 0x0000000083c00000, 0x0000000083c00000| Untracked 
|  15|0x0000000083d00000, 0x0000000083d00000, 0x0000000083e00000|  0%| F|  |TAMS 0x0000000083d00000, 0x0000000083d00000| Untracked 
|  16|0x0000000083e00000, 0x0000000083e00000, 0x0000000083f00000|  0%| F|  |TAMS 0x0000000083e00000, 0x0000000083e00000| Untracked 
|  17|0x0000000083f00000, 0x0000000083f00000, 0x0000000084000000|  0%| F|  |TAMS 0x0000000083f00000, 0x0000000083f00000| Untracked 
|  18|0x0000000084000000, 0x0000000084000000, 0x0000000084100000|  0%| F|  |TAMS 0x0000000084000000, 0x0000000084000000| Untracked 
|  19|0x0000000084100000, 0x0000000084100000, 0x0000000084200000|  0%| F|  |TAMS 0x0000000084100000, 0x0000000084100000| Untracked 
|  20|0x0000000084200000, 0x0000000084200000, 0x0000000084300000|  0%| F|  |TAMS 0x0000000084200000, 0x0000000084200000| Untracked 
|  21|0x0000000084300000, 0x0000000084300000, 0x0000000084400000|  0%| F|  |TAMS 0x0000000084300000, 0x0000000084300000| Untracked 
|  22|0x0000000084400000, 0x0000000084400000, 0x0000000084500000|  0%| F|  |TAMS 0x0000000084400000, 0x0000000084400000| Untracked 
|  23|0x0000000084500000, 0x0000000084500000, 0x0000000084600000|  0%| F|  |TAMS 0x0000000084500000, 0x0000000084500000| Untracked 
|  24|0x0000000084600000, 0x0000000084600000, 0x0000000084700000|  0%| F|  |TAMS 0x0000000084600000, 0x0000000084600000| Untracked 
|  25|0x0000000084700000, 0x0000000084700000, 0x0000000084800000|  0%| F|  |TAMS 0x0000000084700000, 0x0000000084700000| Untracked 
|  26|0x0000000084800000, 0x0000000084800000, 0x0000000084900000|  0%| F|  |TAMS 0x0000000084800000, 0x0000000084800000| Untracked 
|  27|0x0000000084900000, 0x0000000084900000, 0x0000000084a00000|  0%| F|  |TAMS 0x0000000084900000, 0x0000000084900000| Untracked 
|  28|0x0000000084a00000, 0x0000000084a00000, 0x0000000084b00000|  0%| F|  |TAMS 0x0000000084a00000, 0x0000000084a00000| Untracked 
|  29|0x0000000084b00000, 0x0000000084b00000, 0x0000000084c00000|  0%| F|  |TAMS 0x0000000084b00000, 0x0000000084b00000| Untracked 
|  30|0x0000000084c00000, 0x0000000084c00000, 0x0000000084d00000|  0%| F|  |TAMS 0x0000000084c00000, 0x0000000084c00000| Untracked 
|  31|0x0000000084d00000, 0x0000000084d00000, 0x0000000084e00000|  0%| F|  |TAMS 0x0000000084d00000, 0x0000000084d00000| Untracked 
|  32|0x0000000084e00000, 0x0000000084e00000, 0x0000000084f00000|  0%| F|  |TAMS 0x0000000084e00000, 0x0000000084e00000| Untracked 
|  33|0x0000000084f00000, 0x0000000084f00000, 0x0000000085000000|  0%| F|  |TAMS 0x0000000084f00000, 0x0000000084f00000| Untracked 
|  34|0x0000000085000000, 0x0000000085000000, 0x0000000085100000|  0%| F|  |TAMS 0x0000000085000000, 0x0000000085000000| Untracked 
|  35|0x0000000085100000, 0x0000000085100000, 0x0000000085200000|  0%| F|  |TAMS 0x0000000085100000, 0x0000000085100000| Untracked 
|  36|0x0000000085200000, 0x0000000085200000, 0x0000000085300000|  0%| F|  |TAMS 0x0000000085200000, 0x0000000085200000| Untracked 
|  37|0x0000000085300000, 0x0000000085300000, 0x0000000085400000|  0%| F|  |TAMS 0x0000000085300000, 0x0000000085300000| Untracked 
|  38|0x0000000085400000, 0x0000000085400000, 0x0000000085500000|  0%| F|  |TAMS 0x0000000085400000, 0x0000000085400000| Untracked 
|  39|0x0000000085500000, 0x0000000085500000, 0x0000000085600000|  0%| F|  |TAMS 0x0000000085500000, 0x0000000085500000| Untracked 
|  40|0x0000000085600000, 0x0000000085600000, 0x0000000085700000|  0%| F|  |TAMS 0x0000000085600000, 0x0000000085600000| Untracked 
|  41|0x0000000085700000, 0x0000000085700000, 0x0000000085800000|  0%| F|  |TAMS 0x0000000085700000, 0x0000000085700000| Untracked 
|  42|0x0000000085800000, 0x0000000085800000, 0x0000000085900000|  0%| F|  |TAMS 0x0000000085800000, 0x0000000085800000| Untracked 
|  43|0x0000000085900000, 0x0000000085900000, 0x0000000085a00000|  0%| F|  |TAMS 0x0000000085900000, 0x0000000085900000| Untracked 
|  44|0x0000000085a00000, 0x0000000085a00000, 0x0000000085b00000|  0%| F|  |TAMS 0x0000000085a00000, 0x0000000085a00000| Untracked 
|  45|0x0000000085b00000, 0x0000000085b00000, 0x0000000085c00000|  0%| F|  |TAMS 0x0000000085b00000, 0x0000000085b00000| Untracked 
|  46|0x0000000085c00000, 0x0000000085c00000, 0x0000000085d00000|  0%| F|  |TAMS 0x0000000085c00000, 0x0000000085c00000| Untracked 
|  47|0x0000000085d00000, 0x0000000085d00000, 0x0000000085e00000|  0%| F|  |TAMS 0x0000000085d00000, 0x0000000085d00000| Untracked 
|  48|0x0000000085e00000, 0x0000000085e00000, 0x0000000085f00000|  0%| F|  |TAMS 0x0000000085e00000, 0x0000000085e00000| Untracked 
|  49|0x0000000085f00000, 0x0000000085f00000, 0x0000000086000000|  0%| F|  |TAMS 0x0000000085f00000, 0x0000000085f00000| Untracked 
|  50|0x0000000086000000, 0x0000000086000000, 0x0000000086100000|  0%| F|  |TAMS 0x0000000086000000, 0x0000000086000000| Untracked 
|  51|0x0000000086100000, 0x0000000086100000, 0x0000000086200000|  0%| F|  |TAMS 0x0000000086100000, 0x0000000086100000| Untracked 
|  52|0x0000000086200000, 0x0000000086200000, 0x0000000086300000|  0%| F|  |TAMS 0x0000000086200000, 0x0000000086200000| Untracked 
|  53|0x0000000086300000, 0x0000000086300000, 0x0000000086400000|  0%| F|  |TAMS 0x0000000086300000, 0x0000000086300000| Untracked 
|  54|0x0000000086400000, 0x0000000086400000, 0x0000000086500000|  0%| F|  |TAMS 0x0000000086400000, 0x0000000086400000| Untracked 
|  55|0x0000000086500000, 0x0000000086500000, 0x0000000086600000|  0%| F|  |TAMS 0x0000000086500000, 0x0000000086500000| Untracked 
|  56|0x0000000086600000, 0x0000000086600000, 0x0000000086700000|  0%| F|  |TAMS 0x0000000086600000, 0x0000000086600000| Untracked 
|  57|0x0000000086700000, 0x0000000086700000, 0x0000000086800000|  0%| F|  |TAMS 0x0000000086700000, 0x0000000086700000| Untracked 
|  58|0x0000000086800000, 0x0000000086800000, 0x0000000086900000|  0%| F|  |TAMS 0x0000000086800000, 0x0000000086800000| Untracked 
|  59|0x0000000086900000, 0x0000000086900000, 0x0000000086a00000|  0%| F|  |TAMS 0x0000000086900000, 0x0000000086900000| Untracked 
|  60|0x0000000086a00000, 0x0000000086a00000, 0x0000000086b00000|  0%| F|  |TAMS 0x0000000086a00000, 0x0000000086a00000| Untracked 
|  61|0x0000000086b00000, 0x0000000086b00000, 0x0000000086c00000|  0%| F|  |TAMS 0x0000000086b00000, 0x0000000086b00000| Untracked 
|  62|0x0000000086c00000, 0x0000000086c00000, 0x0000000086d00000|  0%| F|  |TAMS 0x0000000086c00000, 0x0000000086c00000| Untracked 
|  63|0x0000000086d00000, 0x0000000086d00000, 0x0000000086e00000|  0%| F|  |TAMS 0x0000000086d00000, 0x0000000086d00000| Untracked 
|  64|0x0000000086e00000, 0x0000000086e00000, 0x0000000086f00000|  0%| F|  |TAMS 0x0000000086e00000, 0x0000000086e00000| Untracked 
|  65|0x0000000086f00000, 0x0000000086f00000, 0x0000000087000000|  0%| F|  |TAMS 0x0000000086f00000, 0x0000000086f00000| Untracked 
|  66|0x0000000087000000, 0x0000000087000000, 0x0000000087100000|  0%| F|  |TAMS 0x0000000087000000, 0x0000000087000000| Untracked 
|  67|0x0000000087100000, 0x0000000087100000, 0x0000000087200000|  0%| F|  |TAMS 0x0000000087100000, 0x0000000087100000| Untracked 
|  68|0x0000000087200000, 0x0000000087200000, 0x0000000087300000|  0%| F|  |TAMS 0x0000000087200000, 0x0000000087200000| Untracked 
|  69|0x0000000087300000, 0x0000000087300000, 0x0000000087400000|  0%| F|  |TAMS 0x0000000087300000, 0x0000000087300000| Untracked 
|  70|0x0000000087400000, 0x0000000087400000, 0x0000000087500000|  0%| F|  |TAMS 0x0000000087400000, 0x0000000087400000| Untracked 
|  71|0x0000000087500000, 0x0000000087500000, 0x0000000087600000|  0%| F|  |TAMS 0x0000000087500000, 0x0000000087500000| Untracked 
|  72|0x0000000087600000, 0x0000000087600000, 0x0000000087700000|  0%| F|  |TAMS 0x0000000087600000, 0x0000000087600000| Untracked 
|  73|0x0000000087700000, 0x0000000087700000, 0x0000000087800000|  0%| F|  |TAMS 0x0000000087700000, 0x0000000087700000| Untracked 
|  74|0x0000000087800000, 0x0000000087800000, 0x0000000087900000|  0%| F|  |TAMS 0x0000000087800000, 0x0000000087800000| Untracked 
|  75|0x0000000087900000, 0x0000000087900000, 0x0000000087a00000|  0%| F|  |TAMS 0x0000000087900000, 0x0000000087900000| Untracked 
|  76|0x0000000087a00000, 0x0000000087a00000, 0x0000000087b00000|  0%| F|  |TAMS 0x0000000087a00000, 0x0000000087a00000| Untracked 
|  77|0x0000000087b00000, 0x0000000087b00000, 0x0000000087c00000|  0%| F|  |TAMS 0x0000000087b00000, 0x0000000087b00000| Untracked 
|  78|0x0000000087c00000, 0x0000000087c00000, 0x0000000087d00000|  0%| F|  |TAMS 0x0000000087c00000, 0x0000000087c00000| Untracked 
|  79|0x0000000087d00000, 0x0000000087d00000, 0x0000000087e00000|  0%| F|  |TAMS 0x0000000087d00000, 0x0000000087d00000| Untracked 
|  80|0x0000000087e00000, 0x0000000087e00000, 0x0000000087f00000|  0%| F|  |TAMS 0x0000000087e00000, 0x0000000087e00000| Untracked 
|  81|0x0000000087f00000, 0x0000000087f00000, 0x0000000088000000|  0%| F|  |TAMS 0x0000000087f00000, 0x0000000087f00000| Untracked 
|  82|0x0000000088000000, 0x0000000088000000, 0x0000000088100000|  0%| F|  |TAMS 0x0000000088000000, 0x0000000088000000| Untracked 
|  83|0x0000000088100000, 0x0000000088100000, 0x0000000088200000|  0%| F|  |TAMS 0x0000000088100000, 0x0000000088100000| Untracked 
|  84|0x0000000088200000, 0x0000000088200000, 0x0000000088300000|  0%| F|  |TAMS 0x0000000088200000, 0x0000000088200000| Untracked 
|  85|0x0000000088300000, 0x0000000088300000, 0x0000000088400000|  0%| F|  |TAMS 0x0000000088300000, 0x0000000088300000| Untracked 
|  86|0x0000000088400000, 0x0000000088400000, 0x0000000088500000|  0%| F|  |TAMS 0x0000000088400000, 0x0000000088400000| Untracked 
|  87|0x0000000088500000, 0x0000000088500000, 0x0000000088600000|  0%| F|  |TAMS 0x0000000088500000, 0x0000000088500000| Untracked 
|  88|0x0000000088600000, 0x0000000088600000, 0x0000000088700000|  0%| F|  |TAMS 0x0000000088600000, 0x0000000088600000| Untracked 
|  89|0x0000000088700000, 0x0000000088700000, 0x0000000088800000|  0%| F|  |TAMS 0x0000000088700000, 0x0000000088700000| Untracked 
|  90|0x0000000088800000, 0x0000000088800000, 0x0000000088900000|  0%| F|  |TAMS 0x0000000088800000, 0x0000000088800000| Untracked 
|  91|0x0000000088900000, 0x0000000088900000, 0x0000000088a00000|  0%| F|  |TAMS 0x0000000088900000, 0x0000000088900000| Untracked 
|  92|0x0000000088a00000, 0x0000000088a00000, 0x0000000088b00000|  0%| F|  |TAMS 0x0000000088a00000, 0x0000000088a00000| Untracked 
|  93|0x0000000088b00000, 0x0000000088b00000, 0x0000000088c00000|  0%| F|  |TAMS 0x0000000088b00000, 0x0000000088b00000| Untracked 
|  94|0x0000000088c00000, 0x0000000088c00000, 0x0000000088d00000|  0%| F|  |TAMS 0x0000000088c00000, 0x0000000088c00000| Untracked 
|  95|0x0000000088d00000, 0x0000000088d00000, 0x0000000088e00000|  0%| F|  |TAMS 0x0000000088d00000, 0x0000000088d00000| Untracked 
|  96|0x0000000088e00000, 0x0000000088e00000, 0x0000000088f00000|  0%| F|  |TAMS 0x0000000088e00000, 0x0000000088e00000| Untracked 
|  97|0x0000000088f00000, 0x0000000088f00000, 0x0000000089000000|  0%| F|  |TAMS 0x0000000088f00000, 0x0000000088f00000| Untracked 
|  98|0x0000000089000000, 0x0000000089000000, 0x0000000089100000|  0%| F|  |TAMS 0x0000000089000000, 0x0000000089000000| Untracked 
|  99|0x0000000089100000, 0x0000000089100000, 0x0000000089200000|  0%| F|  |TAMS 0x0000000089100000, 0x0000000089100000| Untracked 
| 100|0x0000000089200000, 0x0000000089200000, 0x0000000089300000|  0%| F|  |TAMS 0x0000000089200000, 0x0000000089200000| Untracked 
| 101|0x0000000089300000, 0x0000000089300000, 0x0000000089400000|  0%| F|  |TAMS 0x0000000089300000, 0x0000000089300000| Untracked 
| 102|0x0000000089400000, 0x0000000089400000, 0x0000000089500000|  0%| F|  |TAMS 0x0000000089400000, 0x0000000089400000| Untracked 
| 103|0x0000000089500000, 0x0000000089500000, 0x0000000089600000|  0%| F|  |TAMS 0x0000000089500000, 0x0000000089500000| Untracked 
| 104|0x0000000089600000, 0x0000000089600000, 0x0000000089700000|  0%| F|  |TAMS 0x0000000089600000, 0x0000000089600000| Untracked 
| 105|0x0000000089700000, 0x0000000089700000, 0x0000000089800000|  0%| F|  |TAMS 0x0000000089700000, 0x0000000089700000| Untracked 
| 106|0x0000000089800000, 0x0000000089800000, 0x0000000089900000|  0%| F|  |TAMS 0x0000000089800000, 0x0000000089800000| Untracked 
| 107|0x0000000089900000, 0x0000000089900000, 0x0000000089a00000|  0%| F|  |TAMS 0x0000000089900000, 0x0000000089900000| Untracked 
| 108|0x0000000089a00000, 0x0000000089a00000, 0x0000000089b00000|  0%| F|  |TAMS 0x0000000089a00000, 0x0000000089a00000| Untracked 
| 109|0x0000000089b00000, 0x0000000089b00000, 0x0000000089c00000|  0%| F|  |TAMS 0x0000000089b00000, 0x0000000089b00000| Untracked 
| 110|0x0000000089c00000, 0x0000000089c00000, 0x0000000089d00000|  0%| F|  |TAMS 0x0000000089c00000, 0x0000000089c00000| Untracked 
| 111|0x0000000089d00000, 0x0000000089d00000, 0x0000000089e00000|  0%| F|  |TAMS 0x0000000089d00000, 0x0000000089d00000| Untracked 
| 112|0x0000000089e00000, 0x0000000089e00000, 0x0000000089f00000|  0%| F|  |TAMS 0x0000000089e00000, 0x0000000089e00000| Untracked 
| 113|0x0000000089f00000, 0x0000000089feeb28, 0x000000008a000000| 93%| E|  |TAMS 0x0000000089f00000, 0x0000000089f00000| Complete 
| 114|0x000000008a000000, 0x000000008a100000, 0x000000008a100000|100%| E|CS|TAMS 0x000000008a000000, 0x000000008a000000| Complete 
| 115|0x000000008a100000, 0x000000008a200000, 0x000000008a200000|100%| E|CS|TAMS 0x000000008a100000, 0x000000008a100000| Complete 
| 116|0x000000008a200000, 0x000000008a300000, 0x000000008a300000|100%| E|CS|TAMS 0x000000008a200000, 0x000000008a200000| Complete 
| 117|0x000000008a300000, 0x000000008a400000, 0x000000008a400000|100%| E|CS|TAMS 0x000000008a300000, 0x000000008a300000| Complete 
| 118|0x000000008a400000, 0x000000008a500000, 0x000000008a500000|100%| E|CS|TAMS 0x000000008a400000, 0x000000008a400000| Complete 
| 119|0x000000008a500000, 0x000000008a600000, 0x000000008a600000|100%| E|  |TAMS 0x000000008a500000, 0x000000008a500000| Complete 
| 120|0x000000008a600000, 0x000000008a700000, 0x000000008a700000|100%| E|CS|TAMS 0x000000008a600000, 0x000000008a600000| Complete 
| 121|0x000000008a700000, 0x000000008a800000, 0x000000008a800000|100%| E|CS|TAMS 0x000000008a700000, 0x000000008a700000| Complete 
| 122|0x000000008a800000, 0x000000008a900000, 0x000000008a900000|100%| E|CS|TAMS 0x000000008a800000, 0x000000008a800000| Complete 
| 123|0x000000008a900000, 0x000000008aa00000, 0x000000008aa00000|100%| E|CS|TAMS 0x000000008a900000, 0x000000008a900000| Complete 
| 124|0x000000008aa00000, 0x000000008ab00000, 0x000000008ab00000|100%| E|CS|TAMS 0x000000008aa00000, 0x000000008aa00000| Complete 
| 125|0x000000008ab00000, 0x000000008ac00000, 0x000000008ac00000|100%| E|CS|TAMS 0x000000008ab00000, 0x000000008ab00000| Complete 

Card table byte_map: [0x000001ed9c680000,0x000001ed9ca70000] _byte_map_base: 0x000001ed9c269000

Marking Bits (Prev, Next): (CMBitMap*) 0x000001ed857472c0, (CMBitMap*) 0x000001ed85747300
 Prev Bits: [0x000001ed9ce60000, 0x000001ed9eda8000)
 Next Bits: [0x000001ed9edb0000, 0x000001eda0cf8000)

Polling page: 0x000001ed83650000

Metaspace:

Usage:
  Non-class:      2.33 MB used.
      Class:    281.62 KB used.
       Both:      2.61 MB used.

Virtual space:
  Non-class space:        8.00 MB reserved,       2.38 MB ( 30%) committed,  1 nodes.
      Class space:        1.00 GB reserved,     320.00 KB ( <1%) committed,  1 nodes.
             Both:        1.01 GB reserved,       2.69 MB ( <1%) committed. 

Chunk freelists:
   Non-Class:  2.95 MB
       Class:  3.56 MB
        Both:  6.51 MB

MaxMetaspaceSize: unlimited
CompressedClassSpaceSize: 1.00 GB
Initial GC threshold: 21.00 MB
Current GC threshold: 21.00 MB
CDS: on
MetaspaceReclaimPolicy: balanced
 - commit_granule_bytes: 65536.
 - commit_granule_words: 8192.
 - virtual_space_node_default_size: 1048576.
 - enlarge_chunks_in_place: 1.
 - new_chunks_are_fully_committed: 0.
 - uncommit_free_chunks: 1.
 - use_allocation_guard: 0.
 - handle_deallocations: 1.


Internal statistics:

num_allocs_failed_limit: 0.
num_arena_births: 70.
num_arena_deaths: 0.
num_vsnodes_births: 2.
num_vsnodes_deaths: 0.
num_space_committed: 43.
num_space_uncommitted: 0.
num_chunks_returned_to_freelist: 0.
num_chunks_taken_from_freelist: 134.
num_chunk_merges: 0.
num_chunk_splits: 87.
num_chunks_enlarged: 63.
num_purges: 0.
num_inconsistent_stats: 0.

CodeHeap 'non-profiled nmethods': size=120000Kb used=223Kb max_used=223Kb free=119776Kb
 bounds [0x000001ed94a30000, 0x000001ed94ca0000, 0x000001ed9bf60000]
CodeHeap 'profiled nmethods': size=120000Kb used=931Kb max_used=931Kb free=119069Kb
 bounds [0x000001ed8d500000, 0x000001ed8d770000, 0x000001ed94a30000]
CodeHeap 'non-nmethods': size=5760Kb used=1157Kb max_used=1177Kb free=4602Kb
 bounds [0x000001ed8cf60000, 0x000001ed8d1d0000, 0x000001ed8d500000]
 total_blobs=1121 nmethods=673 adapters=361
 compilation: enabled
              stopped_count=0, restarted_count=0
 full_count=0

Compilation events (20 events):
Event: 0.646 Thread 0x000001eda372c240  658       3       java.lang.String::concat (15 bytes)
Event: 0.647 Thread 0x000001eda3723c70  659       4       java.util.HashMap::putVal (300 bytes)
Event: 0.648 Thread 0x000001eda372c240 nmethod 658 0x000001ed8d5e0f10 code [0x000001ed8d5e1240, 0x000001ed8d5e26b8]
Event: 0.648 Thread 0x000001eda372c240  660       3       java.lang.CharacterDataLatin1::toUpperCase (53 bytes)
Event: 0.648 Thread 0x000001eda372c240 nmethod 660 0x000001ed8d5e2e10 code [0x000001ed8d5e2fc0, 0x000001ed8d5e3258]
Event: 0.648 Thread 0x000001eda372c240  661       3       java.lang.Character::toUpperCase (6 bytes)
Event: 0.648 Thread 0x000001eda372c240 nmethod 661 0x000001ed8d5e3390 code [0x000001ed8d5e3540, 0x000001ed8d5e3798]
Event: 0.648 Thread 0x000001eda372c240  662       3       java.lang.Character::toUpperCase (9 bytes)
Event: 0.648 Thread 0x000001eda372c240 nmethod 662 0x000001ed8d5e3890 code [0x000001ed8d5e3a40, 0x000001ed8d5e3c38]
Event: 0.648 Thread 0x000001eda372c240  663       3       java.util.TreeMap::parentOf (13 bytes)
Event: 0.649 Thread 0x000001eda372c240 nmethod 663 0x000001ed8d5e3d10 code [0x000001ed8d5e3ea0, 0x000001ed8d5e4018]
Event: 0.657 Thread 0x000001eda372c240  664       3       jdk.internal.org.objectweb.asm.MethodWriter::visitMethodInsn (191 bytes)
Event: 0.658 Thread 0x000001eda372c240 nmethod 664 0x000001ed8d5e4110 code [0x000001ed8d5e4340, 0x000001ed8d5e4ae8]
Event: 0.658 Thread 0x000001eda372c240  666       3       java.lang.ref.SoftReference::get (29 bytes)
Event: 0.658 Thread 0x000001eda372c240 nmethod 666 0x000001ed8d5e4e10 code [0x000001ed8d5e4fa0, 0x000001ed8d5e5178]
Event: 0.658 Thread 0x000001eda372c240  665       3       jdk.internal.org.objectweb.asm.SymbolTable::addConstantMethodref (24 bytes)
Event: 0.659 Thread 0x000001eda372c240 nmethod 665 0x000001ed8d5e5210 code [0x000001ed8d5e53c0, 0x000001ed8d5e5568]
Event: 0.659 Thread 0x000001eda372c240  670       3       jdk.internal.org.objectweb.asm.ByteVector::enlarge (51 bytes)
Event: 0.659 Thread 0x000001eda372c240 nmethod 670 0x000001ed8d5e5610 code [0x000001ed8d5e57c0, 0x000001ed8d5e5ae8]
Event: 0.659 Thread 0x000001eda372c240  673       3       jdk.internal.org.objectweb.asm.Frame::getAbstractTypeFromDescriptor (415 bytes)

GC Heap History (0 events):
No events

Deoptimization events (20 events):
Event: 0.281 Thread 0x000001ed856ea6a0 Uncommon trap: trap_request=0xffffff45 fr.pc=0x000001ed94a3caf8 relative=0x0000000000000078
Event: 0.281 Thread 0x000001ed856ea6a0 Uncommon trap: reason=unstable_if action=reinterpret pc=0x000001ed94a3caf8 method=java.lang.String.isLatin1()Z @ 10 c2
Event: 0.281 Thread 0x000001ed856ea6a0 DEOPT PACKING pc=0x000001ed94a3caf8 sp=0x000000b19d6fed40
Event: 0.281 Thread 0x000001ed856ea6a0 DEOPT UNPACKING pc=0x000001ed8cfb23a3 sp=0x000000b19d6fec80 mode 2
Event: 0.647 Thread 0x000001ed856ea6a0 Uncommon trap: trap_request=0xffffffde fr.pc=0x000001ed94a488a0 relative=0x0000000000000ba0
Event: 0.647 Thread 0x000001ed856ea6a0 Uncommon trap: reason=class_check action=maybe_recompile pc=0x000001ed94a488a0 method=java.util.HashMap.putVal(ILjava/lang/Object;Ljava/lang/Object;ZZ)Ljava/lang/Object; @ 152 c2
Event: 0.647 Thread 0x000001ed856ea6a0 DEOPT PACKING pc=0x000001ed94a488a0 sp=0x000000b19d6fcde0
Event: 0.647 Thread 0x000001ed856ea6a0 DEOPT UNPACKING pc=0x000001ed8cfb23a3 sp=0x000000b19d6fcd70 mode 2
Event: 0.647 Thread 0x000001ed856ea6a0 Uncommon trap: trap_request=0xffffffde fr.pc=0x000001ed94a488a0 relative=0x0000000000000ba0
Event: 0.647 Thread 0x000001ed856ea6a0 Uncommon trap: reason=class_check action=maybe_recompile pc=0x000001ed94a488a0 method=java.util.HashMap.putVal(ILjava/lang/Object;Ljava/lang/Object;ZZ)Ljava/lang/Object; @ 152 c2
Event: 0.647 Thread 0x000001ed856ea6a0 DEOPT PACKING pc=0x000001ed94a488a0 sp=0x000000b19d6fcde0
Event: 0.647 Thread 0x000001ed856ea6a0 DEOPT UNPACKING pc=0x000001ed8cfb23a3 sp=0x000000b19d6fcd70 mode 2
Event: 0.647 Thread 0x000001ed856ea6a0 Uncommon trap: trap_request=0xffffffde fr.pc=0x000001ed94a488a0 relative=0x0000000000000ba0
Event: 0.647 Thread 0x000001ed856ea6a0 Uncommon trap: reason=class_check action=maybe_recompile pc=0x000001ed94a488a0 method=java.util.HashMap.putVal(ILjava/lang/Object;Ljava/lang/Object;ZZ)Ljava/lang/Object; @ 152 c2
Event: 0.647 Thread 0x000001ed856ea6a0 DEOPT PACKING pc=0x000001ed94a488a0 sp=0x000000b19d6fcde0
Event: 0.647 Thread 0x000001ed856ea6a0 DEOPT UNPACKING pc=0x000001ed8cfb23a3 sp=0x000000b19d6fcd70 mode 2
Event: 0.647 Thread 0x000001ed856ea6a0 Uncommon trap: trap_request=0xffffffde fr.pc=0x000001ed94a488a0 relative=0x0000000000000ba0
Event: 0.647 Thread 0x000001ed856ea6a0 Uncommon trap: reason=class_check action=maybe_recompile pc=0x000001ed94a488a0 method=java.util.HashMap.putVal(ILjava/lang/Object;Ljava/lang/Object;ZZ)Ljava/lang/Object; @ 152 c2
Event: 0.647 Thread 0x000001ed856ea6a0 DEOPT PACKING pc=0x000001ed94a488a0 sp=0x000000b19d6fcde0
Event: 0.647 Thread 0x000001ed856ea6a0 DEOPT UNPACKING pc=0x000001ed8cfb23a3 sp=0x000000b19d6fcd70 mode 2

Classes unloaded (0 events):
No events

Classes redefined (0 events):
No events

Internal exceptions (8 events):
Event: 0.114 Thread 0x000001ed856ea6a0 Exception <a 'sun/nio/fs/WindowsException'{0x000000008aa3cfa0}> (0x000000008aa3cfa0) 
thrown [s\open\src\hotspot\share\prims\jni.cpp, line 516]
Event: 0.114 Thread 0x000001ed856ea6a0 Exception <a 'sun/nio/fs/WindowsException'{0x000000008aa3d428}> (0x000000008aa3d428) 
thrown [s\open\src\hotspot\share\prims\jni.cpp, line 516]
Event: 0.287 Thread 0x000001eda42efb00 Exception <a 'java/lang/NoSuchMethodError'{0x000000008a5f0798}: 'java.lang.Object java.lang.invoke.DirectMethodHandle$Holder.invokeStaticInit(java.lang.Object)'> (0x000000008a5f0798) 
thrown [s\open\src\hotspot\share\interpreter\linkResolver.cpp, line 759]
Event: 0.301 Thread 0x000001ed856ea6a0 Exception <a 'java/lang/NoSuchMethodError'{0x000000008a4dad90}: 'void java.lang.invoke.DirectMethodHandle$Holder.invokeStatic(java.lang.Object, java.lang.Object)'> (0x000000008a4dad90) 
thrown [s\open\src\hotspot\share\interpreter\linkResolver.cpp, line 759]
Event: 0.575 Thread 0x000001ed856ea6a0 Exception <a 'java/lang/NoSuchMethodError'{0x000000008a1e58f8}: 'void java.lang.invoke.DirectMethodHandle$Holder.invokeSpecial(java.lang.Object, java.lang.Object, java.lang.Object)'> (0x000000008a1e58f8) 
thrown [s\open\src\hotspot\share\interpreter\linkResolver.cpp, line 759]
Event: 0.590 Thread 0x000001ed856ea6a0 Exception <a 'java/lang/NoSuchMethodError'{0x000000008a01c5b8}: 'void java.lang.invoke.DirectMethodHandle$Holder.invokeStatic(java.lang.Object, java.lang.Object, java.lang.Object)'> (0x000000008a01c5b8) 
thrown [s\open\src\hotspot\share\interpreter\linkResolver.cpp, line 759]
Event: 0.631 Thread 0x000001ed856ea6a0 Exception <a 'java/lang/NoSuchMethodError'{0x000000008a038eb8}: 'int java.lang.invoke.DirectMethodHandle$Holder.invokeStaticInit(java.lang.Object, java.lang.Object, java.lang.Object)'> (0x000000008a038eb8) 
thrown [s\open\src\hotspot\share\interpreter\linkResolver.cpp, line 759]
Event: 0.659 Thread 0x000001ed856ea6a0 Exception <a 'java/lang/NoSuchMethodError'{0x0000000089f68368}: 'java.lang.Object java.lang.invoke.DirectMethodHandle$Holder.newInvokeSpecial(java.lang.Object, java.lang.Object, int, java.lang.Object)'> (0x0000000089f68368) 
thrown [s\open\src\hotspot\share\interpreter\linkResolver.cpp, line 759]

VM Operations (8 events):
Event: 0.120 Executing VM operation: HandshakeAllThreads
Event: 0.120 Executing VM operation: HandshakeAllThreads done
Event: 0.220 Executing VM operation: HandshakeAllThreads
Event: 0.220 Executing VM operation: HandshakeAllThreads done
Event: 0.285 Executing VM operation: HandshakeAllThreads
Event: 0.285 Executing VM operation: HandshakeAllThreads done
Event: 0.646 Executing VM operation: HandshakeAllThreads
Event: 0.646 Executing VM operation: HandshakeAllThreads done

Events (20 events):
Event: 0.628 loading class java/util/concurrent/ForkJoinPool$ManagedBlocker done
Event: 0.628 loading class java/util/concurrent/locks/AbstractQueuedSynchronizer$ConditionNode done
Event: 0.646 loading class java/lang/ProcessEnvironment
Event: 0.646 loading class java/lang/ProcessEnvironment done
Event: 0.646 loading class java/lang/ProcessEnvironment$NameComparator
Event: 0.646 loading class java/lang/ProcessEnvironment$NameComparator done
Event: 0.646 loading class java/lang/ProcessEnvironment$EntryComparator
Event: 0.647 loading class java/lang/ProcessEnvironment$EntryComparator done
Event: 0.647 loading class java/lang/ProcessEnvironment$CheckedEntrySet
Event: 0.647 loading class java/lang/ProcessEnvironment$CheckedEntrySet done
Event: 0.647 loading class java/lang/ProcessEnvironment$CheckedEntrySet$1
Event: 0.647 loading class java/lang/ProcessEnvironment$CheckedEntrySet$1 done
Event: 0.647 loading class java/lang/ProcessEnvironment$CheckedEntry
Event: 0.647 loading class java/lang/ProcessEnvironment$CheckedEntry done
Event: 0.655 Loaded shared library C:\Program Files\javafx-sdk-17.0.2\bin\glass.dll
Event: 0.656 loading class java/util/concurrent/BlockingDeque
Event: 0.656 loading class java/util/concurrent/BlockingDeque done
Event: 0.656 loading class java/util/concurrent/LinkedBlockingDeque
Event: 0.657 loading class java/util/concurrent/LinkedBlockingDeque done
Event: 0.657 Thread 0x000001eda47f4660 Thread added: 0x000001eda47f4660


Dynamic libraries:
0x00007ff7859d0000 - 0x00007ff7859e0000 	C:\Program Files\jdk-17.0.5\bin\java.exe
0x00007ffdb9650000 - 0x00007ffdb9864000 	C:\WINDOWS\SYSTEM32\ntdll.dll
0x00007ffdb88c0000 - 0x00007ffdb8983000 	C:\WINDOWS\System32\KERNEL32.DLL
0x00007ffdb6f10000 - 0x00007ffdb72ad000 	C:\WINDOWS\System32\KERNELBASE.dll
0x00007ffdb6c50000 - 0x00007ffdb6d61000 	C:\WINDOWS\System32\ucrtbase.dll
0x00007ffdb09b0000 - 0x00007ffdb09ca000 	C:\Program Files\jdk-17.0.5\bin\VCRUNTIME140.dll
0x00007ffdb0860000 - 0x00007ffdb0878000 	C:\Program Files\jdk-17.0.5\bin\jli.dll
0x00007ffdb7770000 - 0x00007ffdb781e000 	C:\WINDOWS\System32\ADVAPI32.dll
0x00007ffdb8f90000 - 0x00007ffdb9037000 	C:\WINDOWS\System32\msvcrt.dll
0x00007ffdb7d30000 - 0x00007ffdb7dd4000 	C:\WINDOWS\System32\sechost.dll
0x00007ffdb7440000 - 0x00007ffdb7555000 	C:\WINDOWS\System32\RPCRT4.dll
0x00007ffdb9460000 - 0x00007ffdb960d000 	C:\WINDOWS\System32\USER32.dll
0x00007ffdb6ee0000 - 0x00007ffdb6f06000 	C:\WINDOWS\System32\win32u.dll
0x00007ffdb7a40000 - 0x00007ffdb7a69000 	C:\WINDOWS\System32\GDI32.dll
0x00007ffdb6a70000 - 0x00007ffdb6b82000 	C:\WINDOWS\System32\gdi32full.dll
0x00007ffdb73a0000 - 0x00007ffdb743a000 	C:\WINDOWS\System32\msvcp_win.dll
0x00007ffd9e6c0000 - 0x00007ffd9e94e000 	C:\WINDOWS\WinSxS\amd64_microsoft.windows.common-controls_6595b64144ccf1df_6.0.22621.608_none_a9444ca7c10bb01d\COMCTL32.dll
0x00007ffdab830000 - 0x00007ffdab83a000 	C:\WINDOWS\SYSTEM32\VERSION.dll
0x00007ffdb7730000 - 0x00007ffdb7762000 	C:\WINDOWS\System32\IMM32.DLL
0x00007ffdb0a20000 - 0x00007ffdb0a2c000 	C:\Program Files\jdk-17.0.5\bin\vcruntime140_1.dll
0x00007ffdad9b0000 - 0x00007ffdada3d000 	C:\Program Files\jdk-17.0.5\bin\msvcp140.dll
0x00007ffd6f590000 - 0x00007ffd70152000 	C:\Program Files\jdk-17.0.5\bin\server\jvm.dll
0x00007ffdb7fa0000 - 0x00007ffdb7fa8000 	C:\WINDOWS\System32\PSAPI.DLL
0x00007ffdac230000 - 0x00007ffdac239000 	C:\WINDOWS\SYSTEM32\WSOCK32.dll
0x00007ffdb8990000 - 0x00007ffdb8a01000 	C:\WINDOWS\System32\WS2_32.dll
0x00007ffdab5e0000 - 0x00007ffdab614000 	C:\WINDOWS\SYSTEM32\WINMM.dll
0x00007ffdb5bb0000 - 0x00007ffdb5bc8000 	C:\WINDOWS\SYSTEM32\kernel.appcore.dll
0x00007ffdb0850000 - 0x00007ffdb085a000 	C:\Program Files\jdk-17.0.5\bin\jimage.dll
0x00007ffdb13e0000 - 0x00007ffdb160e000 	C:\WINDOWS\SYSTEM32\DBGHELP.DLL
0x00007ffdb90d0000 - 0x00007ffdb945a000 	C:\WINDOWS\System32\combase.dll
0x00007ffdb7be0000 - 0x00007ffdb7cb7000 	C:\WINDOWS\System32\OLEAUT32.dll
0x00007ffd9f1d0000 - 0x00007ffd9f202000 	C:\WINDOWS\SYSTEM32\dbgcore.DLL
0x00007ffdb72b0000 - 0x00007ffdb732b000 	C:\WINDOWS\System32\bcryptPrimitives.dll
0x00007ffdb0770000 - 0x00007ffdb077e000 	C:\Program Files\jdk-17.0.5\bin\instrument.dll
0x00007ffdac870000 - 0x00007ffdac895000 	C:\Program Files\jdk-17.0.5\bin\java.dll
0x00007ffda0aa0000 - 0x00007ffda0b76000 	C:\Program Files\jdk-17.0.5\bin\jsvml.dll
0x00007ffdb7fb0000 - 0x00007ffdb879f000 	C:\WINDOWS\System32\SHELL32.dll
0x00007ffdb4aa0000 - 0x00007ffdb5368000 	C:\WINDOWS\SYSTEM32\windows.storage.dll
0x00007ffdb4960000 - 0x00007ffdb4a9e000 	C:\WINDOWS\SYSTEM32\wintypes.dll
0x00007ffdb7ad0000 - 0x00007ffdb7bc1000 	C:\WINDOWS\System32\SHCORE.dll
0x00007ffdb7cc0000 - 0x00007ffdb7d1e000 	C:\WINDOWS\System32\shlwapi.dll
0x00007ffdb69a0000 - 0x00007ffdb69c1000 	C:\WINDOWS\SYSTEM32\profapi.dll
0x00007ffdaf810000 - 0x00007ffdaf829000 	C:\Program Files\jdk-17.0.5\bin\net.dll
0x00007ffdb0580000 - 0x00007ffdb06af000 	C:\WINDOWS\SYSTEM32\WINHTTP.dll
0x00007ffdb6020000 - 0x00007ffdb6089000 	C:\WINDOWS\system32\mswsock.dll
0x00007ffdad600000 - 0x00007ffdad616000 	C:\Program Files\jdk-17.0.5\bin\nio.dll
0x00007ffdac2e0000 - 0x00007ffdac2f8000 	C:\Program Files\jdk-17.0.5\bin\zip.dll
0x00007ffda0f00000 - 0x00007ffda0f1a000 	C:\ProgramData\Microsoft\Windows\Start Menu\Programs\ideaIC-2021.3.2.win\bin\breakgen64.dll
0x000001ed85630000 - 0x000001ed85633000 	C:\Program Files\javafx-sdk-17.0.2\bin\api-ms-win-core-console-l1-1-0.dll
0x000001ed85640000 - 0x000001ed85643000 	C:\Program Files\javafx-sdk-17.0.2\bin\api-ms-win-core-console-l1-2-0.dll
0x000001ed85650000 - 0x000001ed85653000 	C:\Program Files\javafx-sdk-17.0.2\bin\api-ms-win-core-datetime-l1-1-0.dll
0x000001ed85660000 - 0x000001ed85663000 	C:\Program Files\javafx-sdk-17.0.2\bin\api-ms-win-core-debug-l1-1-0.dll
0x000001ed85670000 - 0x000001ed85673000 	C:\Program Files\javafx-sdk-17.0.2\bin\api-ms-win-core-errorhandling-l1-1-0.dll
0x000001ed85680000 - 0x000001ed85684000 	C:\Program Files\javafx-sdk-17.0.2\bin\api-ms-win-core-file-l1-1-0.dll
0x000001ed85690000 - 0x000001ed85693000 	C:\Program Files\javafx-sdk-17.0.2\bin\api-ms-win-core-file-l1-2-0.dll
0x000001ed856a0000 - 0x000001ed856a3000 	C:\Program Files\javafx-sdk-17.0.2\bin\api-ms-win-core-file-l2-1-0.dll
0x000001ed856b0000 - 0x000001ed856b3000 	C:\Program Files\javafx-sdk-17.0.2\bin\api-ms-win-core-handle-l1-1-0.dll
0x000001eda3790000 - 0x000001eda3793000 	C:\Program Files\javafx-sdk-17.0.2\bin\api-ms-win-core-heap-l1-1-0.dll
0x000001eda37a0000 - 0x000001eda37a3000 	C:\Program Files\javafx-sdk-17.0.2\bin\api-ms-win-core-interlocked-l1-1-0.dll
0x000001eda37b0000 - 0x000001eda37b3000 	C:\Program Files\javafx-sdk-17.0.2\bin\api-ms-win-core-libraryloader-l1-1-0.dll
0x000001eda37c0000 - 0x000001eda37c3000 	C:\Program Files\javafx-sdk-17.0.2\bin\api-ms-win-core-localization-l1-2-0.dll
0x000001eda37d0000 - 0x000001eda37d3000 	C:\Program Files\javafx-sdk-17.0.2\bin\api-ms-win-core-memory-l1-1-0.dll
0x000001eda37e0000 - 0x000001eda37e3000 	C:\Program Files\javafx-sdk-17.0.2\bin\api-ms-win-core-namedpipe-l1-1-0.dll
0x000001eda37f0000 - 0x000001eda37f3000 	C:\Program Files\javafx-sdk-17.0.2\bin\api-ms-win-core-processenvironment-l1-1-0.dll
0x000001eda4500000 - 0x000001eda4503000 	C:\Program Files\javafx-sdk-17.0.2\bin\api-ms-win-core-processthreads-l1-1-0.dll
0x000001eda4510000 - 0x000001eda4513000 	C:\Program Files\javafx-sdk-17.0.2\bin\api-ms-win-core-processthreads-l1-1-1.dll
0x000001eda4520000 - 0x000001eda4523000 	C:\Program Files\javafx-sdk-17.0.2\bin\api-ms-win-core-profile-l1-1-0.dll
0x000001eda4530000 - 0x000001eda4533000 	C:\Program Files\javafx-sdk-17.0.2\bin\api-ms-win-core-rtlsupport-l1-1-0.dll
0x000001eda4540000 - 0x000001eda4543000 	C:\Program Files\javafx-sdk-17.0.2\bin\api-ms-win-core-string-l1-1-0.dll
0x000001eda4550000 - 0x000001eda4553000 	C:\Program Files\javafx-sdk-17.0.2\bin\api-ms-win-core-synch-l1-1-0.dll
0x000001eda4560000 - 0x000001eda4563000 	C:\Program Files\javafx-sdk-17.0.2\bin\api-ms-win-core-synch-l1-2-0.dll
0x000001eda4570000 - 0x000001eda4573000 	C:\Program Files\javafx-sdk-17.0.2\bin\api-ms-win-core-sysinfo-l1-1-0.dll
0x000001eda4580000 - 0x000001eda4583000 	C:\Program Files\javafx-sdk-17.0.2\bin\api-ms-win-core-timezone-l1-1-0.dll
0x000001eda4590000 - 0x000001eda4593000 	C:\Program Files\javafx-sdk-17.0.2\bin\api-ms-win-core-util-l1-1-0.dll
0x000001eda45a0000 - 0x000001eda45a3000 	C:\Program Files\javafx-sdk-17.0.2\bin\api-ms-win-crt-conio-l1-1-0.dll
0x000001eda45b0000 - 0x000001eda45b4000 	C:\Program Files\javafx-sdk-17.0.2\bin\api-ms-win-crt-convert-l1-1-0.dll
0x000001eda45c0000 - 0x000001eda45c3000 	C:\Program Files\javafx-sdk-17.0.2\bin\api-ms-win-crt-environment-l1-1-0.dll
0x000001eda45d0000 - 0x000001eda45d3000 	C:\Program Files\javafx-sdk-17.0.2\bin\api-ms-win-crt-filesystem-l1-1-0.dll
0x000001eda45e0000 - 0x000001eda45e3000 	C:\Program Files\javafx-sdk-17.0.2\bin\api-ms-win-crt-heap-l1-1-0.dll
0x000001eda45f0000 - 0x000001eda45f3000 	C:\Program Files\javafx-sdk-17.0.2\bin\api-ms-win-crt-locale-l1-1-0.dll
0x000001eda4600000 - 0x000001eda4605000 	C:\Program Files\javafx-sdk-17.0.2\bin\api-ms-win-crt-math-l1-1-0.dll
0x000001eda4610000 - 0x000001eda4615000 	C:\Program Files\javafx-sdk-17.0.2\bin\api-ms-win-crt-multibyte-l1-1-0.dll
0x000001eda4620000 - 0x000001eda4630000 	C:\Program Files\javafx-sdk-17.0.2\bin\api-ms-win-crt-private-l1-1-0.dll
0x000001eda4630000 - 0x000001eda4633000 	C:\Program Files\javafx-sdk-17.0.2\bin\api-ms-win-crt-process-l1-1-0.dll
0x000001eda4640000 - 0x000001eda4644000 	C:\Program Files\javafx-sdk-17.0.2\bin\api-ms-win-crt-runtime-l1-1-0.dll
0x000001eda4650000 - 0x000001eda4654000 	C:\Program Files\javafx-sdk-17.0.2\bin\api-ms-win-crt-stdio-l1-1-0.dll
0x000001eda4660000 - 0x000001eda4664000 	C:\Program Files\javafx-sdk-17.0.2\bin\api-ms-win-crt-string-l1-1-0.dll
0x000001eda4670000 - 0x000001eda4673000 	C:\Program Files\javafx-sdk-17.0.2\bin\api-ms-win-crt-time-l1-1-0.dll
0x000001eda4680000 - 0x000001eda4683000 	C:\Program Files\javafx-sdk-17.0.2\bin\api-ms-win-crt-utility-l1-1-0.dll
0x00007ffd774c0000 - 0x00007ffd775bc000 	C:\Program Files\javafx-sdk-17.0.2\bin\ucrtbase.dll
0x00007ffda07d0000 - 0x00007ffda07ea000 	C:\Program Files\javafx-sdk-17.0.2\bin\vcruntime140.dll
0x00007ffdac860000 - 0x00007ffdac86c000 	C:\Program Files\javafx-sdk-17.0.2\bin\vcruntime140_1.dll
0x00007ffd7b390000 - 0x00007ffd7b41d000 	C:\Program Files\javafx-sdk-17.0.2\bin\msvcp140.dll
0x00007ffd886c0000 - 0x00007ffd886ea000 	C:\Program Files\javafx-sdk-17.0.2\bin\prism_d3d.dll
0x00007ffda07f0000 - 0x00007ffda0999000 	C:\WINDOWS\system32\d3d9.dll
0x00007ffdb02a0000 - 0x00007ffdb02cb000 	C:\WINDOWS\SYSTEM32\dwmapi.dll
0x00007ffdb0ea0000 - 0x00007ffdb0ed6000 	C:\WINDOWS\SYSTEM32\dxcore.dll
0x00007ffdafe10000 - 0x00007ffdafebb000 	C:\WINDOWS\system32\uxtheme.dll
0x00007ffd85480000 - 0x00007ffd8562f000 	C:\WINDOWS\System32\DriverStore\FileRepository\iigd_dch.inf_amd64_51f685305808e3a5\igdumdim64.dll
0x00007ffdb78a0000 - 0x00007ffdb7a3c000 	C:\WINDOWS\System32\ole32.dll
0x00007ffda7050000 - 0x00007ffda7459000 	C:\WINDOWS\System32\DriverStore\FileRepository\iigd_dch.inf_amd64_51f685305808e3a5\igdgmm64.dll
0x00007ffdabc00000 - 0x00007ffdabc49000 	C:\WINDOWS\SYSTEM32\directxdatabasehelper.dll
0x00007ffd77700000 - 0x00007ffd77742000 	C:\Program Files\javafx-sdk-17.0.2\bin\glass.dll
0x00007ffdb7ea0000 - 0x00007ffdb7f97000 	C:\WINDOWS\System32\COMDLG32.dll

dbghelp: loaded successfully - version: 4.0.5 - missing functions: none
symbol engine: initialized successfully - sym options: 0x614 - pdb path: .;C:\Program Files\jdk-17.0.5\bin;C:\WINDOWS\SYSTEM32;C:\WINDOWS\WinSxS\amd64_microsoft.windows.common-controls_6595b64144ccf1df_6.0.22621.608_none_a9444ca7c10bb01d;C:\Program Files\jdk-17.0.5\bin\server;C:\ProgramData\Microsoft\Windows\Start Menu\Programs\ideaIC-2021.3.2.win\bin;C:\Program Files\javafx-sdk-17.0.2\bin;C:\WINDOWS\System32\DriverStore\FileRepository\iigd_dch.inf_amd64_51f685305808e3a5

VM Arguments:
jvm_args: --module-path=C:/Program Files/javafx-sdk-17.0.2/lib --add-modules=javafx.fxml,javafx.controls,javafx.graphics -javaagent:C:\ProgramData\Microsoft\Windows\Start Menu\Programs\ideaIC-2021.3.2.win\lib\idea_rt.jar=65272:C:\ProgramData\Microsoft\Windows\Start Menu\Programs\ideaIC-2021.3.2.win\bin -Dfile.encoding=UTF-8 
java_command: main.Main
java_class_path (initial): C:\Users\jkhat\OneDrive\WGU\C195_JasmineLangford\out\production\C195_JasmineLangford;C:\Program Files\javafx-sdk-17.0.2\lib\javafx-swt.jar;C:\Program Files\javafx-sdk-17.0.2\lib\javafx.web.jar;C:\Program Files\javafx-sdk-17.0.2\lib\javafx.base.jar;C:\Program Files\javafx-sdk-17.0.2\lib\javafx.fxml.jar;C:\Program Files\javafx-sdk-17.0.2\lib\javafx.media.jar;C:\Program Files\javafx-sdk-17.0.2\lib\javafx.swing.jar;C:\Program Files\javafx-sdk-17.0.2\lib\javafx.controls.jar;C:\Program Files\javafx-sdk-17.0.2\lib\javafx.graphics.jar;C:\Users\jkhat\Downloads\mysql-connector-j-8.0.31\mysql-connector-j-8.0.31\mysql-connector-j-8.0.31.jar
Launcher Type: SUN_STANDARD

[Global flags]
     intx CICompilerCount                          = 4                                         {product} {ergonomic}
     uint ConcGCThreads                            = 2                                         {product} {ergonomic}
     uint G1ConcRefinementThreads                  = 8                                         {product} {ergonomic}
   size_t G1HeapRegionSize                         = 1048576                                   {product} {ergonomic}
    uintx GCDrainStackTargetSize                   = 64                                        {product} {ergonomic}
   size_t InitialHeapSize                          = 132120576                                 {product} {ergonomic}
   size_t MarkStackSize                            = 4194304                                   {product} {ergonomic}
   size_t MaxHeapSize                              = 2099249152                                {product} {ergonomic}
   size_t MaxNewSize                               = 1259339776                                {product} {ergonomic}
   size_t MinHeapDeltaBytes                        = 1048576                                   {product} {ergonomic}
   size_t MinHeapSize                              = 8388608                                   {product} {ergonomic}
    uintx NonNMethodCodeHeapSize                   = 5839372                                {pd product} {ergonomic}
    uintx NonProfiledCodeHeapSize                  = 122909434                              {pd product} {ergonomic}
    uintx ProfiledCodeHeapSize                     = 122909434                              {pd product} {ergonomic}
    uintx ReservedCodeCacheSize                    = 251658240                              {pd product} {ergonomic}
     bool SegmentedCodeCache                       = true                                      {product} {ergonomic}
   size_t SoftMaxHeapSize                          = 2099249152                             {manageable} {ergonomic}
     bool UseCompressedClassPointers               = true                           {product lp64_product} {ergonomic}
     bool UseCompressedOops                        = true                           {product lp64_product} {ergonomic}
     bool UseG1GC                                  = true                                      {product} {ergonomic}
     bool UseLargePagesIndividualAllocation        = false                                  {pd product} {ergonomic}

Logging:
Log output configuration:
 #0: stdout all=warning uptime,level,tags
 #1: stderr all=off uptime,level,tags

Environment Variables:
PATH=C:\Program Files\Common Files\Oracle\Java\javapath;C:\Program Files (x86)\Intel\Intel(R) Management Engine Components\iCLS\;C:\Program Files\Intel\Intel(R) Management Engine Components\iCLS\;C:\WINDOWS\system32;C:\WINDOWS;C:\WINDOWS\System32\Wbem;C:\WINDOWS\System32\WindowsPowerShell\v1.0\;C:\WINDOWS\System32\OpenSSH\;C:\Program Files (x86)\Intel\Intel(R) Management Engine Components\DAL;C:\Program Files\Intel\Intel(R) Management Engine Components\DAL;C:\Program Files\dotnet\;C:\Users\jkhat\AppData\Local\Microsoft\WindowsApps;C:\Users\jkhat\AppData\Local\GitHubDesktop\bin;
USERNAME=jkhat
OS=Windows_NT
PROCESSOR_IDENTIFIER=Intel64 Family 6 Model 142 Stepping 10, GenuineIntel



---------------  S Y S T E M  ---------------

OS:
 Windows 11 , 64 bit Build 22621 (10.0.22621.1105)
OS uptime: 8 days 10:43 hours

CPU: total 8 (initial active 8) (4 cores per cpu, 2 threads per core) family 6 model 142 stepping 10 microcode 0xe0, cx8, cmov, fxsr, ht, mmx, 3dnowpref, sse, sse2, sse3, ssse3, sse4.1, sse4.2, popcnt, lzcnt, tsc, tscinvbit, avx, avx2, aes, erms, clmul, bmi1, bmi2, adx, fma, vzeroupper, clflush, clflushopt

Memory: 4k page, system-wide physical 8007M (330M free)
TotalPageFile size 12103M (AvailPageFile size 2M)
current process WorkingSet (physical memory assigned to process): 56M, peak: 56M
current process commit charge ("private bytes"): 215M, peak: 220M

vm_info: Java HotSpot(TM) 64-Bit Server VM (17.0.5+9-LTS-191) for windows-amd64 JRE (17.0.5+9-LTS-191), built on Sep 13 2022 17:31:43 by "mach5one" with MS VC++ 16.8 / 16.9 (VS2019)

END.
