#
# There is insufficient memory for the Java Runtime Environment to continue.
# Native memory allocation (malloc) failed to allocate 32744 bytes for ChunkPool::allocate
# Possible reasons:
#   The system is out of physical RAM or swap space
#   The process is running with CompressedOops enabled, and the Java Heap may be blocking the growth of the native heap
# Possible solutions:
#   Reduce memory load on the system
#   Increase physical memory or swap space
#   Check if swap backing store is full
#   Decrease Java heap size (-Xmx/-Xms)
#   Decrease number of Java threads
#   Decrease Java thread stack sizes (-Xss)
#   Set larger code cache with -XX:ReservedCodeCacheSize=
#   JVM is running with Unscaled Compressed Oops mode in which the Java heap is
#     placed in the first 4GB address space. The Java Heap base address is the
#     maximum limit for the native heap growth. Please use -XX:HeapBaseMinAddress
#     to set the Java Heap base and to place the Java Heap above 4GB virtual address.
# This output file may be truncated or incomplete.
#
#  Out of Memory Error (arena.cpp:78), pid=14588, tid=13468
#
# JRE version: Java(TM) SE Runtime Environment (17.0.5+9) (build 17.0.5+9-LTS-191)
# Java VM: Java HotSpot(TM) 64-Bit Server VM (17.0.5+9-LTS-191, mixed mode, sharing, tiered, compressed oops, compressed class ptrs, g1 gc, windows-amd64)
# No core dump will be written. Minidumps are not enabled by default on client versions of Windows
#

---------------  S U M M A R Y ------------

Command Line: --module-path=C:/Program Files/javafx-sdk-17.0.2/lib --add-modules=javafx.fxml,javafx.controls,javafx.graphics -javaagent:C:\ProgramData\Microsoft\Windows\Start Menu\Programs\ideaIC-2021.3.2.win\lib\idea_rt.jar=58155:C:\ProgramData\Microsoft\Windows\Start Menu\Programs\ideaIC-2021.3.2.win\bin -Dfile.encoding=UTF-8 main.Main

Host: Intel(R) Core(TM) i7-8550U CPU @ 1.80GHz, 8 cores, 7G,  Windows 11 , 64 bit Build 22621 (10.0.22621.1105)
Time: Thu Feb 16 16:18:01 2023 Eastern Standard Time elapsed time: 0.132488 seconds (0d 0h 0m 0s)

---------------  T H R E A D  ---------------

Current thread (0x000002667f356b70):  JavaThread "C2 CompilerThread0" daemon [_thread_in_native, id=13468, stack(0x0000007482f00000,0x0000007483000000)]


Current CompileTask:
C2:    132  217       4       java.lang.StringLatin1::replace (198 bytes)

Stack: [0x0000007482f00000,0x0000007483000000]
Native frames: (J=compiled Java code, j=interpreted, Vv=VM code, C=native code)
V  [jvm.dll+0x672eea]
V  [jvm.dll+0x7d2a04]
V  [jvm.dll+0x7d41ae]
V  [jvm.dll+0x7d4813]
V  [jvm.dll+0x242c15]
V  [jvm.dll+0xaa7c0]
V  [jvm.dll+0xaab0c]
V  [jvm.dll+0xaa68b]
V  [jvm.dll+0x6c927c]
V  [jvm.dll+0x5849c7]
V  [jvm.dll+0x58d473]
V  [jvm.dll+0x577a57]
V  [jvm.dll+0x577755]
V  [jvm.dll+0x73aa79]
V  [jvm.dll+0x733d23]
V  [jvm.dll+0x73d0ed]
V  [jvm.dll+0x57be25]
V  [jvm.dll+0x21de72]
V  [jvm.dll+0x21e24f]
V  [jvm.dll+0x217b15]
V  [jvm.dll+0x214fdb]
V  [jvm.dll+0x1a18ed]
V  [jvm.dll+0x22493a]
V  [jvm.dll+0x222aa5]
V  [jvm.dll+0x7885db]
V  [jvm.dll+0x782b4a]
V  [jvm.dll+0x671d75]
C  [ucrtbase.dll+0x29363]
C  [KERNEL32.DLL+0x126bd]
C  [ntdll.dll+0x5dfb8]


---------------  P R O C E S S  ---------------

Threads class SMR info:
_java_thread_list=0x00000266188d9d00, length=13, elements={
0x0000026679a9b5a0, 0x000002667f339a50, 0x000002667f33a600, 0x000002667f34e350,
0x000002667f34ed00, 0x000002667f34f6b0, 0x000002667f351490, 0x000002667f356b70,
0x000002667f361a60, 0x000002667f363390, 0x00000266188601e0, 0x00000266188db080,
0x00000266189ce800
}

Java Threads: ( => current thread )
  0x0000026679a9b5a0 JavaThread "main" [_thread_in_Java, id=13816, stack(0x0000007482200000,0x0000007482300000)]
  0x000002667f339a50 JavaThread "Reference Handler" daemon [_thread_blocked, id=12576, stack(0x0000007482900000,0x0000007482a00000)]
  0x000002667f33a600 JavaThread "Finalizer" daemon [_thread_blocked, id=1812, stack(0x0000007482a00000,0x0000007482b00000)]
  0x000002667f34e350 JavaThread "Signal Dispatcher" daemon [_thread_blocked, id=13148, stack(0x0000007482b00000,0x0000007482c00000)]
  0x000002667f34ed00 JavaThread "Attach Listener" daemon [_thread_blocked, id=16392, stack(0x0000007482c00000,0x0000007482d00000)]
  0x000002667f34f6b0 JavaThread "Service Thread" daemon [_thread_blocked, id=16620, stack(0x0000007482d00000,0x0000007482e00000)]
  0x000002667f351490 JavaThread "Monitor Deflation Thread" daemon [_thread_blocked, id=13364, stack(0x0000007482e00000,0x0000007482f00000)]
=>0x000002667f356b70 JavaThread "C2 CompilerThread0" daemon [_thread_in_native, id=13468, stack(0x0000007482f00000,0x0000007483000000)]
  0x000002667f361a60 JavaThread "C1 CompilerThread0" daemon [_thread_in_native, id=3584, stack(0x0000007483000000,0x0000007483100000)]
  0x000002667f363390 JavaThread "Sweeper thread" daemon [_thread_blocked, id=15868, stack(0x0000007483100000,0x0000007483200000)]
  0x00000266188601e0 JavaThread "Common-Cleaner" daemon [_thread_blocked, id=11688, stack(0x0000007483200000,0x0000007483300000)]
  0x00000266188db080 JavaThread "C2 CompilerThread1" daemon [_thread_in_native, id=17236, stack(0x0000007483300000,0x0000007483400000)]
  0x00000266189ce800 JavaThread "C2 CompilerThread2" daemon [_thread_in_native, id=12000, stack(0x0000007483400000,0x0000007483500000)]

Other Threads:
  0x000002667f336b90 VMThread "VM Thread" [stack: 0x0000007482800000,0x0000007482900000] [id=11572]
  0x0000026679af5490 GCTaskThread "GC Thread#0" [stack: 0x0000007482300000,0x0000007482400000] [id=7332]
  0x0000026679b05f70 ConcurrentGCThread "G1 Main Marker" [stack: 0x0000007482400000,0x0000007482500000] [id=10480]
  0x0000026679b07120 ConcurrentGCThread "G1 Conc#0" [stack: 0x0000007482500000,0x0000007482600000] [id=14792]
  0x0000026679b6ecf0 ConcurrentGCThread "G1 Refine#0" [stack: 0x0000007482600000,0x0000007482700000] [id=12180]
  0x000002667f1eb700 ConcurrentGCThread "G1 Service" [stack: 0x0000007482700000,0x0000007482800000] [id=18192]

Threads with active compile tasks:
C2 CompilerThread0      172  217       4       java.lang.StringLatin1::replace (198 bytes)
C1 CompilerThread0      172  262       3       java.util.HashMap::getNode (150 bytes)
C2 CompilerThread1      172  222       4       java.util.zip.ZipCoder$UTF8ZipCoder::checkedHash (91 bytes)
C2 CompilerThread2      172  256       4       jdk.internal.module.Checks::isJavaIdentifier (76 bytes)

VM state: not at safepoint (normal execution)

VM Mutex/Monitor currently owned by a thread: None

Heap address: 0x0000000082e00000, size: 2002 MB, Compressed Oops mode: 32-bit

CDS archive(s) mapped at: [0x0000000800000000-0x0000000800bd0000-0x0000000800bd0000), size 12386304, SharedBaseAddress: 0x0000000800000000, ArchiveRelocationMode: 0.
Compressed class space mapped at: 0x0000000800c00000-0x0000000840c00000, reserved size: 1073741824
Narrow klass base: 0x0000000800000000, Narrow klass shift: 0, Narrow klass range: 0x100000000

GC Precious Log:
 CPUs: 8 total, 8 available
 Memory: 8007M
 Large Page Support: Disabled
 NUMA Support: Disabled
 Compressed Oops: Enabled (32-bit)
 Heap Region Size: 1M
 Heap Min Capacity: 8M
 Heap Initial Capacity: 126M
 Heap Max Capacity: 2002M
 Pre-touch: Disabled
 Parallel Workers: 8
 Concurrent Workers: 2
 Concurrent Refinement Workers: 8
 Periodic GC: Disabled

Heap:
 garbage-first heap   total 129024K, used 5120K [0x0000000082e00000, 0x0000000100000000)
  region size 1024K, 7 young (7168K), 0 survivors (0K)
 Metaspace       used 465K, committed 640K, reserved 1056768K
  class space    used 31K, committed 128K, reserved 1048576K

Heap Regions: E=young(eden), S=young(survivor), O=old, HS=humongous(starts), HC=humongous(continues), CS=collection set, F=free, OA=open archive, CA=closed archive, TAMS=top-at-mark-start (previous, next)
|   0|0x0000000082e00000, 0x0000000082e00000, 0x0000000082f00000|  0%| F|  |TAMS 0x0000000082e00000, 0x0000000082e00000| Untracked 
|   1|0x0000000082f00000, 0x0000000082f00000, 0x0000000083000000|  0%| F|  |TAMS 0x0000000082f00000, 0x0000000082f00000| Untracked 
|   2|0x0000000083000000, 0x0000000083000000, 0x0000000083100000|  0%| F|  |TAMS 0x0000000083000000, 0x0000000083000000| Untracked 
|   3|0x0000000083100000, 0x0000000083100000, 0x0000000083200000|  0%| F|  |TAMS 0x0000000083100000, 0x0000000083100000| Untracked 
|   4|0x0000000083200000, 0x0000000083200000, 0x0000000083300000|  0%| F|  |TAMS 0x0000000083200000, 0x0000000083200000| Untracked 
|   5|0x0000000083300000, 0x0000000083300000, 0x0000000083400000|  0%| F|  |TAMS 0x0000000083300000, 0x0000000083300000| Untracked 
|   6|0x0000000083400000, 0x0000000083400000, 0x0000000083500000|  0%| F|  |TAMS 0x0000000083400000, 0x0000000083400000| Untracked 
|   7|0x0000000083500000, 0x0000000083500000, 0x0000000083600000|  0%| F|  |TAMS 0x0000000083500000, 0x0000000083500000| Untracked 
|   8|0x0000000083600000, 0x0000000083600000, 0x0000000083700000|  0%| F|  |TAMS 0x0000000083600000, 0x0000000083600000| Untracked 
|   9|0x0000000083700000, 0x0000000083700000, 0x0000000083800000|  0%| F|  |TAMS 0x0000000083700000, 0x0000000083700000| Untracked 
|  10|0x0000000083800000, 0x0000000083800000, 0x0000000083900000|  0%| F|  |TAMS 0x0000000083800000, 0x0000000083800000| Untracked 
|  11|0x0000000083900000, 0x0000000083900000, 0x0000000083a00000|  0%| F|  |TAMS 0x0000000083900000, 0x0000000083900000| Untracked 
|  12|0x0000000083a00000, 0x0000000083a00000, 0x0000000083b00000|  0%| F|  |TAMS 0x0000000083a00000, 0x0000000083a00000| Untracked 
|  13|0x0000000083b00000, 0x0000000083b00000, 0x0000000083c00000|  0%| F|  |TAMS 0x0000000083b00000, 0x0000000083b00000| Untracked 
|  14|0x0000000083c00000, 0x0000000083c00000, 0x0000000083d00000|  0%| F|  |TAMS 0x0000000083c00000, 0x0000000083c00000| Untracked 
|  15|0x0000000083d00000, 0x0000000083d00000, 0x0000000083e00000|  0%| F|  |TAMS 0x0000000083d00000, 0x0000000083d00000| Untracked 
|  16|0x0000000083e00000, 0x0000000083e00000, 0x0000000083f00000|  0%| F|  |TAMS 0x0000000083e00000, 0x0000000083e00000| Untracked 
|  17|0x0000000083f00000, 0x0000000083f00000, 0x0000000084000000|  0%| F|  |TAMS 0x0000000083f00000, 0x0000000083f00000| Untracked 
|  18|0x0000000084000000, 0x0000000084000000, 0x0000000084100000|  0%| F|  |TAMS 0x0000000084000000, 0x0000000084000000| Untracked 
|  19|0x0000000084100000, 0x0000000084100000, 0x0000000084200000|  0%| F|  |TAMS 0x0000000084100000, 0x0000000084100000| Untracked 
|  20|0x0000000084200000, 0x0000000084200000, 0x0000000084300000|  0%| F|  |TAMS 0x0000000084200000, 0x0000000084200000| Untracked 
|  21|0x0000000084300000, 0x0000000084300000, 0x0000000084400000|  0%| F|  |TAMS 0x0000000084300000, 0x0000000084300000| Untracked 
|  22|0x0000000084400000, 0x0000000084400000, 0x0000000084500000|  0%| F|  |TAMS 0x0000000084400000, 0x0000000084400000| Untracked 
|  23|0x0000000084500000, 0x0000000084500000, 0x0000000084600000|  0%| F|  |TAMS 0x0000000084500000, 0x0000000084500000| Untracked 
|  24|0x0000000084600000, 0x0000000084600000, 0x0000000084700000|  0%| F|  |TAMS 0x0000000084600000, 0x0000000084600000| Untracked 
|  25|0x0000000084700000, 0x0000000084700000, 0x0000000084800000|  0%| F|  |TAMS 0x0000000084700000, 0x0000000084700000| Untracked 
|  26|0x0000000084800000, 0x0000000084800000, 0x0000000084900000|  0%| F|  |TAMS 0x0000000084800000, 0x0000000084800000| Untracked 
|  27|0x0000000084900000, 0x0000000084900000, 0x0000000084a00000|  0%| F|  |TAMS 0x0000000084900000, 0x0000000084900000| Untracked 
|  28|0x0000000084a00000, 0x0000000084a00000, 0x0000000084b00000|  0%| F|  |TAMS 0x0000000084a00000, 0x0000000084a00000| Untracked 
|  29|0x0000000084b00000, 0x0000000084b00000, 0x0000000084c00000|  0%| F|  |TAMS 0x0000000084b00000, 0x0000000084b00000| Untracked 
|  30|0x0000000084c00000, 0x0000000084c00000, 0x0000000084d00000|  0%| F|  |TAMS 0x0000000084c00000, 0x0000000084c00000| Untracked 
|  31|0x0000000084d00000, 0x0000000084d00000, 0x0000000084e00000|  0%| F|  |TAMS 0x0000000084d00000, 0x0000000084d00000| Untracked 
|  32|0x0000000084e00000, 0x0000000084e00000, 0x0000000084f00000|  0%| F|  |TAMS 0x0000000084e00000, 0x0000000084e00000| Untracked 
|  33|0x0000000084f00000, 0x0000000084f00000, 0x0000000085000000|  0%| F|  |TAMS 0x0000000084f00000, 0x0000000084f00000| Untracked 
|  34|0x0000000085000000, 0x0000000085000000, 0x0000000085100000|  0%| F|  |TAMS 0x0000000085000000, 0x0000000085000000| Untracked 
|  35|0x0000000085100000, 0x0000000085100000, 0x0000000085200000|  0%| F|  |TAMS 0x0000000085100000, 0x0000000085100000| Untracked 
|  36|0x0000000085200000, 0x0000000085200000, 0x0000000085300000|  0%| F|  |TAMS 0x0000000085200000, 0x0000000085200000| Untracked 
|  37|0x0000000085300000, 0x0000000085300000, 0x0000000085400000|  0%| F|  |TAMS 0x0000000085300000, 0x0000000085300000| Untracked 
|  38|0x0000000085400000, 0x0000000085400000, 0x0000000085500000|  0%| F|  |TAMS 0x0000000085400000, 0x0000000085400000| Untracked 
|  39|0x0000000085500000, 0x0000000085500000, 0x0000000085600000|  0%| F|  |TAMS 0x0000000085500000, 0x0000000085500000| Untracked 
|  40|0x0000000085600000, 0x0000000085600000, 0x0000000085700000|  0%| F|  |TAMS 0x0000000085600000, 0x0000000085600000| Untracked 
|  41|0x0000000085700000, 0x0000000085700000, 0x0000000085800000|  0%| F|  |TAMS 0x0000000085700000, 0x0000000085700000| Untracked 
|  42|0x0000000085800000, 0x0000000085800000, 0x0000000085900000|  0%| F|  |TAMS 0x0000000085800000, 0x0000000085800000| Untracked 
|  43|0x0000000085900000, 0x0000000085900000, 0x0000000085a00000|  0%| F|  |TAMS 0x0000000085900000, 0x0000000085900000| Untracked 
|  44|0x0000000085a00000, 0x0000000085a00000, 0x0000000085b00000|  0%| F|  |TAMS 0x0000000085a00000, 0x0000000085a00000| Untracked 
|  45|0x0000000085b00000, 0x0000000085b00000, 0x0000000085c00000|  0%| F|  |TAMS 0x0000000085b00000, 0x0000000085b00000| Untracked 
|  46|0x0000000085c00000, 0x0000000085c00000, 0x0000000085d00000|  0%| F|  |TAMS 0x0000000085c00000, 0x0000000085c00000| Untracked 
|  47|0x0000000085d00000, 0x0000000085d00000, 0x0000000085e00000|  0%| F|  |TAMS 0x0000000085d00000, 0x0000000085d00000| Untracked 
|  48|0x0000000085e00000, 0x0000000085e00000, 0x0000000085f00000|  0%| F|  |TAMS 0x0000000085e00000, 0x0000000085e00000| Untracked 
|  49|0x0000000085f00000, 0x0000000085f00000, 0x0000000086000000|  0%| F|  |TAMS 0x0000000085f00000, 0x0000000085f00000| Untracked 
|  50|0x0000000086000000, 0x0000000086000000, 0x0000000086100000|  0%| F|  |TAMS 0x0000000086000000, 0x0000000086000000| Untracked 
|  51|0x0000000086100000, 0x0000000086100000, 0x0000000086200000|  0%| F|  |TAMS 0x0000000086100000, 0x0000000086100000| Untracked 
|  52|0x0000000086200000, 0x0000000086200000, 0x0000000086300000|  0%| F|  |TAMS 0x0000000086200000, 0x0000000086200000| Untracked 
|  53|0x0000000086300000, 0x0000000086300000, 0x0000000086400000|  0%| F|  |TAMS 0x0000000086300000, 0x0000000086300000| Untracked 
|  54|0x0000000086400000, 0x0000000086400000, 0x0000000086500000|  0%| F|  |TAMS 0x0000000086400000, 0x0000000086400000| Untracked 
|  55|0x0000000086500000, 0x0000000086500000, 0x0000000086600000|  0%| F|  |TAMS 0x0000000086500000, 0x0000000086500000| Untracked 
|  56|0x0000000086600000, 0x0000000086600000, 0x0000000086700000|  0%| F|  |TAMS 0x0000000086600000, 0x0000000086600000| Untracked 
|  57|0x0000000086700000, 0x0000000086700000, 0x0000000086800000|  0%| F|  |TAMS 0x0000000086700000, 0x0000000086700000| Untracked 
|  58|0x0000000086800000, 0x0000000086800000, 0x0000000086900000|  0%| F|  |TAMS 0x0000000086800000, 0x0000000086800000| Untracked 
|  59|0x0000000086900000, 0x0000000086900000, 0x0000000086a00000|  0%| F|  |TAMS 0x0000000086900000, 0x0000000086900000| Untracked 
|  60|0x0000000086a00000, 0x0000000086a00000, 0x0000000086b00000|  0%| F|  |TAMS 0x0000000086a00000, 0x0000000086a00000| Untracked 
|  61|0x0000000086b00000, 0x0000000086b00000, 0x0000000086c00000|  0%| F|  |TAMS 0x0000000086b00000, 0x0000000086b00000| Untracked 
|  62|0x0000000086c00000, 0x0000000086c00000, 0x0000000086d00000|  0%| F|  |TAMS 0x0000000086c00000, 0x0000000086c00000| Untracked 
|  63|0x0000000086d00000, 0x0000000086d00000, 0x0000000086e00000|  0%| F|  |TAMS 0x0000000086d00000, 0x0000000086d00000| Untracked 
|  64|0x0000000086e00000, 0x0000000086e00000, 0x0000000086f00000|  0%| F|  |TAMS 0x0000000086e00000, 0x0000000086e00000| Untracked 
|  65|0x0000000086f00000, 0x0000000086f00000, 0x0000000087000000|  0%| F|  |TAMS 0x0000000086f00000, 0x0000000086f00000| Untracked 
|  66|0x0000000087000000, 0x0000000087000000, 0x0000000087100000|  0%| F|  |TAMS 0x0000000087000000, 0x0000000087000000| Untracked 
|  67|0x0000000087100000, 0x0000000087100000, 0x0000000087200000|  0%| F|  |TAMS 0x0000000087100000, 0x0000000087100000| Untracked 
|  68|0x0000000087200000, 0x0000000087200000, 0x0000000087300000|  0%| F|  |TAMS 0x0000000087200000, 0x0000000087200000| Untracked 
|  69|0x0000000087300000, 0x0000000087300000, 0x0000000087400000|  0%| F|  |TAMS 0x0000000087300000, 0x0000000087300000| Untracked 
|  70|0x0000000087400000, 0x0000000087400000, 0x0000000087500000|  0%| F|  |TAMS 0x0000000087400000, 0x0000000087400000| Untracked 
|  71|0x0000000087500000, 0x0000000087500000, 0x0000000087600000|  0%| F|  |TAMS 0x0000000087500000, 0x0000000087500000| Untracked 
|  72|0x0000000087600000, 0x0000000087600000, 0x0000000087700000|  0%| F|  |TAMS 0x0000000087600000, 0x0000000087600000| Untracked 
|  73|0x0000000087700000, 0x0000000087700000, 0x0000000087800000|  0%| F|  |TAMS 0x0000000087700000, 0x0000000087700000| Untracked 
|  74|0x0000000087800000, 0x0000000087800000, 0x0000000087900000|  0%| F|  |TAMS 0x0000000087800000, 0x0000000087800000| Untracked 
|  75|0x0000000087900000, 0x0000000087900000, 0x0000000087a00000|  0%| F|  |TAMS 0x0000000087900000, 0x0000000087900000| Untracked 
|  76|0x0000000087a00000, 0x0000000087a00000, 0x0000000087b00000|  0%| F|  |TAMS 0x0000000087a00000, 0x0000000087a00000| Untracked 
|  77|0x0000000087b00000, 0x0000000087b00000, 0x0000000087c00000|  0%| F|  |TAMS 0x0000000087b00000, 0x0000000087b00000| Untracked 
|  78|0x0000000087c00000, 0x0000000087c00000, 0x0000000087d00000|  0%| F|  |TAMS 0x0000000087c00000, 0x0000000087c00000| Untracked 
|  79|0x0000000087d00000, 0x0000000087d00000, 0x0000000087e00000|  0%| F|  |TAMS 0x0000000087d00000, 0x0000000087d00000| Untracked 
|  80|0x0000000087e00000, 0x0000000087e00000, 0x0000000087f00000|  0%| F|  |TAMS 0x0000000087e00000, 0x0000000087e00000| Untracked 
|  81|0x0000000087f00000, 0x0000000087f00000, 0x0000000088000000|  0%| F|  |TAMS 0x0000000087f00000, 0x0000000087f00000| Untracked 
|  82|0x0000000088000000, 0x0000000088000000, 0x0000000088100000|  0%| F|  |TAMS 0x0000000088000000, 0x0000000088000000| Untracked 
|  83|0x0000000088100000, 0x0000000088100000, 0x0000000088200000|  0%| F|  |TAMS 0x0000000088100000, 0x0000000088100000| Untracked 
|  84|0x0000000088200000, 0x0000000088200000, 0x0000000088300000|  0%| F|  |TAMS 0x0000000088200000, 0x0000000088200000| Untracked 
|  85|0x0000000088300000, 0x0000000088300000, 0x0000000088400000|  0%| F|  |TAMS 0x0000000088300000, 0x0000000088300000| Untracked 
|  86|0x0000000088400000, 0x0000000088400000, 0x0000000088500000|  0%| F|  |TAMS 0x0000000088400000, 0x0000000088400000| Untracked 
|  87|0x0000000088500000, 0x0000000088500000, 0x0000000088600000|  0%| F|  |TAMS 0x0000000088500000, 0x0000000088500000| Untracked 
|  88|0x0000000088600000, 0x0000000088600000, 0x0000000088700000|  0%| F|  |TAMS 0x0000000088600000, 0x0000000088600000| Untracked 
|  89|0x0000000088700000, 0x0000000088700000, 0x0000000088800000|  0%| F|  |TAMS 0x0000000088700000, 0x0000000088700000| Untracked 
|  90|0x0000000088800000, 0x0000000088800000, 0x0000000088900000|  0%| F|  |TAMS 0x0000000088800000, 0x0000000088800000| Untracked 
|  91|0x0000000088900000, 0x0000000088900000, 0x0000000088a00000|  0%| F|  |TAMS 0x0000000088900000, 0x0000000088900000| Untracked 
|  92|0x0000000088a00000, 0x0000000088a00000, 0x0000000088b00000|  0%| F|  |TAMS 0x0000000088a00000, 0x0000000088a00000| Untracked 
|  93|0x0000000088b00000, 0x0000000088b00000, 0x0000000088c00000|  0%| F|  |TAMS 0x0000000088b00000, 0x0000000088b00000| Untracked 
|  94|0x0000000088c00000, 0x0000000088c00000, 0x0000000088d00000|  0%| F|  |TAMS 0x0000000088c00000, 0x0000000088c00000| Untracked 
|  95|0x0000000088d00000, 0x0000000088d00000, 0x0000000088e00000|  0%| F|  |TAMS 0x0000000088d00000, 0x0000000088d00000| Untracked 
|  96|0x0000000088e00000, 0x0000000088e00000, 0x0000000088f00000|  0%| F|  |TAMS 0x0000000088e00000, 0x0000000088e00000| Untracked 
|  97|0x0000000088f00000, 0x0000000088f00000, 0x0000000089000000|  0%| F|  |TAMS 0x0000000088f00000, 0x0000000088f00000| Untracked 
|  98|0x0000000089000000, 0x0000000089000000, 0x0000000089100000|  0%| F|  |TAMS 0x0000000089000000, 0x0000000089000000| Untracked 
|  99|0x0000000089100000, 0x0000000089100000, 0x0000000089200000|  0%| F|  |TAMS 0x0000000089100000, 0x0000000089100000| Untracked 
| 100|0x0000000089200000, 0x0000000089200000, 0x0000000089300000|  0%| F|  |TAMS 0x0000000089200000, 0x0000000089200000| Untracked 
| 101|0x0000000089300000, 0x0000000089300000, 0x0000000089400000|  0%| F|  |TAMS 0x0000000089300000, 0x0000000089300000| Untracked 
| 102|0x0000000089400000, 0x0000000089400000, 0x0000000089500000|  0%| F|  |TAMS 0x0000000089400000, 0x0000000089400000| Untracked 
| 103|0x0000000089500000, 0x0000000089500000, 0x0000000089600000|  0%| F|  |TAMS 0x0000000089500000, 0x0000000089500000| Untracked 
| 104|0x0000000089600000, 0x0000000089600000, 0x0000000089700000|  0%| F|  |TAMS 0x0000000089600000, 0x0000000089600000| Untracked 
| 105|0x0000000089700000, 0x0000000089700000, 0x0000000089800000|  0%| F|  |TAMS 0x0000000089700000, 0x0000000089700000| Untracked 
| 106|0x0000000089800000, 0x0000000089800000, 0x0000000089900000|  0%| F|  |TAMS 0x0000000089800000, 0x0000000089800000| Untracked 
| 107|0x0000000089900000, 0x0000000089900000, 0x0000000089a00000|  0%| F|  |TAMS 0x0000000089900000, 0x0000000089900000| Untracked 
| 108|0x0000000089a00000, 0x0000000089a00000, 0x0000000089b00000|  0%| F|  |TAMS 0x0000000089a00000, 0x0000000089a00000| Untracked 
| 109|0x0000000089b00000, 0x0000000089b00000, 0x0000000089c00000|  0%| F|  |TAMS 0x0000000089b00000, 0x0000000089b00000| Untracked 
| 110|0x0000000089c00000, 0x0000000089c00000, 0x0000000089d00000|  0%| F|  |TAMS 0x0000000089c00000, 0x0000000089c00000| Untracked 
| 111|0x0000000089d00000, 0x0000000089d00000, 0x0000000089e00000|  0%| F|  |TAMS 0x0000000089d00000, 0x0000000089d00000| Untracked 
| 112|0x0000000089e00000, 0x0000000089e00000, 0x0000000089f00000|  0%| F|  |TAMS 0x0000000089e00000, 0x0000000089e00000| Untracked 
| 113|0x0000000089f00000, 0x0000000089f00000, 0x000000008a000000|  0%| F|  |TAMS 0x0000000089f00000, 0x0000000089f00000| Untracked 
| 114|0x000000008a000000, 0x000000008a000000, 0x000000008a100000|  0%| F|  |TAMS 0x000000008a000000, 0x000000008a000000| Untracked 
| 115|0x000000008a100000, 0x000000008a100000, 0x000000008a200000|  0%| F|  |TAMS 0x000000008a100000, 0x000000008a100000| Untracked 
| 116|0x000000008a200000, 0x000000008a200000, 0x000000008a300000|  0%| F|  |TAMS 0x000000008a200000, 0x000000008a200000| Untracked 
| 117|0x000000008a300000, 0x000000008a300000, 0x000000008a400000|  0%| F|  |TAMS 0x000000008a300000, 0x000000008a300000| Untracked 
| 118|0x000000008a400000, 0x000000008a400000, 0x000000008a500000|  0%| F|  |TAMS 0x000000008a400000, 0x000000008a400000| Untracked 
| 119|0x000000008a500000, 0x000000008a576470, 0x000000008a600000| 46%| E|  |TAMS 0x000000008a500000, 0x000000008a500000| Complete 
| 120|0x000000008a600000, 0x000000008a700000, 0x000000008a700000|100%| E|CS|TAMS 0x000000008a600000, 0x000000008a600000| Complete 
| 121|0x000000008a700000, 0x000000008a800000, 0x000000008a800000|100%| E|CS|TAMS 0x000000008a700000, 0x000000008a700000| Complete 
| 122|0x000000008a800000, 0x000000008a900000, 0x000000008a900000|100%| E|CS|TAMS 0x000000008a800000, 0x000000008a800000| Complete 
| 123|0x000000008a900000, 0x000000008aa00000, 0x000000008aa00000|100%| E|CS|TAMS 0x000000008a900000, 0x000000008a900000| Complete 
| 124|0x000000008aa00000, 0x000000008ab00000, 0x000000008ab00000|100%| E|  |TAMS 0x000000008aa00000, 0x000000008aa00000| Complete 
| 125|0x000000008ab00000, 0x000000008ac00000, 0x000000008ac00000|100%| E|CS|TAMS 0x000000008ab00000, 0x000000008ab00000| Complete 

Card table byte_map: [0x000002667a290000,0x000002667a680000] _byte_map_base: 0x0000026679e79000

Marking Bits (Prev, Next): (CMBitMap*) 0x0000026679af5aa0, (CMBitMap*) 0x0000026679af5ae0
 Prev Bits: [0x000002667aa70000, 0x000002667c9b8000)
 Next Bits: [0x000002667c9c0000, 0x000002667e908000)

Polling page: 0x0000026677a50000

Metaspace:

Usage:
  Non-class:    439.95 KB used.
      Class:     31.53 KB used.
       Both:    471.48 KB used.

Virtual space:
  Non-class space:        8.00 MB reserved,     512.00 KB (  6%) committed,  1 nodes.
      Class space:        1.00 GB reserved,     128.00 KB ( <1%) committed,  1 nodes.
             Both:        1.01 GB reserved,     640.00 KB ( <1%) committed. 

Chunk freelists:
   Non-Class:  4.00 MB
       Class:  3.75 MB
        Both:  7.75 MB

MaxMetaspaceSize: unlimited
CompressedClassSpaceSize: 1.00 GB
Initial GC threshold: 21.00 MB
Current GC threshold: 21.00 MB
CDS: on
MetaspaceReclaimPolicy: balanced
 - commit_granule_bytes: 65536.
 - commit_granule_words: 8192.
 - virtual_space_node_default_size: 1048576.
 - enlarge_chunks_in_place: 1.
 - new_chunks_are_fully_committed: 0.
 - uncommit_free_chunks: 1.
 - use_allocation_guard: 0.
 - handle_deallocations: 1.


Internal statistics:

num_allocs_failed_limit: 0.
num_arena_births: 4.
num_arena_deaths: 0.
num_vsnodes_births: 2.
num_vsnodes_deaths: 0.
num_space_committed: 10.
num_space_uncommitted: 0.
num_chunks_returned_to_freelist: 0.
num_chunks_taken_from_freelist: 5.
num_chunk_merges: 0.
num_chunk_splits: 2.
num_chunks_enlarged: 1.
num_purges: 0.
num_inconsistent_stats: 0.

CodeHeap 'non-profiled nmethods': size=120000Kb used=60Kb max_used=60Kb free=119939Kb
 bounds [0x000002660f270000, 0x000002660f4e0000, 0x00000266167a0000]
CodeHeap 'profiled nmethods': size=120000Kb used=361Kb max_used=361Kb free=119638Kb
 bounds [0x0000026607d40000, 0x0000026607fb0000, 0x000002660f270000]
CodeHeap 'non-nmethods': size=5760Kb used=1095Kb max_used=1109Kb free=4665Kb
 bounds [0x00000266077a0000, 0x0000026607a10000, 0x0000026607d40000]
 total_blobs=617 nmethods=248 adapters=282
 compilation: enabled
              stopped_count=0, restarted_count=0
 full_count=0

Compilation events (20 events):
Event: 0.127 Thread 0x000002667f361a60 nmethod 211 0x0000026607d88b90 code [0x0000026607d88d40, 0x0000026607d890c8]
Event: 0.127 Thread 0x000002667f361a60  159       3       java.util.HashMap::newNode (13 bytes)
Event: 0.127 Thread 0x000002667f361a60 nmethod 159 0x0000026607d89210 code [0x0000026607d893c0, 0x0000026607d89718]
Event: 0.127 Thread 0x000002667f361a60  220       3       java.util.stream.ReferencePipeline$Head::forEach (26 bytes)
Event: 0.127 Thread 0x000002667f361a60 nmethod 220 0x0000026607d89810 code [0x0000026607d89a00, 0x0000026607d89db8]
Event: 0.127 Thread 0x000002667f361a60  221       3       java.lang.CharacterDataLatin1::toLowerCase (39 bytes)
Event: 0.127 Thread 0x000002667f361a60 nmethod 221 0x0000026607d89f10 code [0x0000026607d8a0c0, 0x0000026607d8a318]
Event: 0.127 Thread 0x000002667f361a60  218       3       jdk.internal.module.ModulePath$$Lambda$38/0x0000000800c46a88::test (8 bytes)
Event: 0.128 Thread 0x000002667f361a60 nmethod 218 0x0000026607d8a410 code [0x0000026607d8a600, 0x0000026607d8ac68]
Event: 0.128 Thread 0x000002667f361a60  219       3       jdk.internal.module.ModulePath::lambda$jarPackages$5 (13 bytes)
Event: 0.128 Thread 0x000002667f361a60 nmethod 219 0x0000026607d8ae90 code [0x0000026607d8b080, 0x0000026607d8b568]
Event: 0.129 Thread 0x000002667f361a60  223       3       jdk.internal.module.ModuleInfo$CountingDataInput::readUnsignedShort (24 bytes)
Event: 0.129 Thread 0x000002667f361a60 nmethod 223 0x0000026607d8b790 code [0x0000026607d8b940, 0x0000026607d8bb28]
Event: 0.129 Thread 0x000002667f361a60  226       3       java.lang.String::codePointAt (50 bytes)
Event: 0.129 Thread 0x000002667f361a60 nmethod 226 0x0000026607d8bc10 code [0x0000026607d8be00, 0x0000026607d8c1a8]
Event: 0.129 Thread 0x000002667f361a60  228       3       java.lang.CharacterDataLatin1::isJavaIdentifierPart (20 bytes)
Event: 0.130 Thread 0x000002667f361a60 nmethod 228 0x0000026607d8c390 code [0x0000026607d8c540, 0x0000026607d8c738]
Event: 0.130 Thread 0x000002667f361a60  227       3       java.lang.String::checkIndex (48 bytes)
Event: 0.130 Thread 0x000002667f361a60 nmethod 227 0x0000026607d8c890 code [0x0000026607d8cae0, 0x0000026607d8d258]
Event: 0.130 Thread 0x000002667f361a60  230       3       java.util.zip.ZipFile::getZipEntry (322 bytes)

GC Heap History (0 events):
No events

Deoptimization events (4 events):
Event: 0.125 Thread 0x0000026679a9b5a0 Uncommon trap: trap_request=0xffffff45 fr.pc=0x000002660f27e084 relative=0x0000000000000084
Event: 0.125 Thread 0x0000026679a9b5a0 Uncommon trap: reason=unstable_if action=reinterpret pc=0x000002660f27e084 method=java.lang.CharacterDataLatin1.isJavaIdentifierPart(I)Z @ 11 c2
Event: 0.125 Thread 0x0000026679a9b5a0 DEOPT PACKING pc=0x000002660f27e084 sp=0x00000074822fdea0
Event: 0.125 Thread 0x0000026679a9b5a0 DEOPT UNPACKING pc=0x00000266077f23a3 sp=0x00000074822fde18 mode 2

Classes unloaded (0 events):
No events

Classes redefined (0 events):
No events

Internal exceptions (2 events):
Event: 0.089 Thread 0x0000026679a9b5a0 Exception <a 'sun/nio/fs/WindowsException'{0x000000008aa3cfa0}> (0x000000008aa3cfa0) 
thrown [s\open\src\hotspot\share\prims\jni.cpp, line 516]
Event: 0.089 Thread 0x0000026679a9b5a0 Exception <a 'sun/nio/fs/WindowsException'{0x000000008aa3d428}> (0x000000008aa3d428) 
thrown [s\open\src\hotspot\share\prims\jni.cpp, line 516]

VM Operations (2 events):
Event: 0.094 Executing VM operation: HandshakeAllThreads
Event: 0.094 Executing VM operation: HandshakeAllThreads done

Events (20 events):
Event: 0.090 loading class sun/nio/fs/BasicFileAttributesHolder
Event: 0.090 loading class sun/nio/fs/BasicFileAttributesHolder done
Event: 0.090 loading class sun/nio/fs/WindowsPath$WindowsPathWithAttributes done
Event: 0.093 Loaded shared library C:\Program Files\jdk-17.0.5\bin\zip.dll
Event: 0.108 loading class jdk/internal/module/ModuleInfo
Event: 0.108 loading class jdk/internal/module/ModuleInfo done
Event: 0.108 loading class jdk/internal/module/ModuleInfo$CountingDataInput
Event: 0.108 loading class jdk/internal/module/ModuleInfo$CountingDataInput done
Event: 0.109 loading class jdk/internal/module/ModuleInfo$ConstantPool
Event: 0.109 loading class jdk/internal/module/ModuleInfo$ConstantPool done
Event: 0.109 loading class jdk/internal/module/ModuleInfo$ConstantPool$Entry
Event: 0.109 loading class jdk/internal/module/ModuleInfo$ConstantPool$Entry done
Event: 0.109 loading class jdk/internal/module/ModuleInfo$ConstantPool$IndexEntry
Event: 0.109 loading class jdk/internal/module/ModuleInfo$ConstantPool$IndexEntry done
Event: 0.109 loading class jdk/internal/module/ModuleInfo$ConstantPool$ValueEntry
Event: 0.109 loading class jdk/internal/module/ModuleInfo$ConstantPool$ValueEntry done
Event: 0.126 loading class java/util/WeakHashMap$KeyIterator
Event: 0.126 loading class java/util/WeakHashMap$HashIterator
Event: 0.126 loading class java/util/WeakHashMap$HashIterator done
Event: 0.126 loading class java/util/WeakHashMap$KeyIterator done


Dynamic libraries:
0x00007ff7049c0000 - 0x00007ff7049d0000 	C:\Program Files\jdk-17.0.5\bin\java.exe
0x00007ff805550000 - 0x00007ff805764000 	C:\WINDOWS\SYSTEM32\ntdll.dll
0x00007ff803b00000 - 0x00007ff803bc3000 	C:\WINDOWS\System32\KERNEL32.DLL
0x00007ff802e30000 - 0x00007ff8031cd000 	C:\WINDOWS\System32\KERNELBASE.dll
0x00007ff802d10000 - 0x00007ff802e21000 	C:\WINDOWS\System32\ucrtbase.dll
0x00007ffff9900000 - 0x00007ffff991a000 	C:\Program Files\jdk-17.0.5\bin\VCRUNTIME140.dll
0x00007ffff9130000 - 0x00007ffff9148000 	C:\Program Files\jdk-17.0.5\bin\jli.dll
0x00007ff805460000 - 0x00007ff80550e000 	C:\WINDOWS\System32\ADVAPI32.dll
0x00007ff8042e0000 - 0x00007ff804387000 	C:\WINDOWS\System32\msvcrt.dll
0x00007ff8053a0000 - 0x00007ff805444000 	C:\WINDOWS\System32\sechost.dll
0x00007ff803340000 - 0x00007ff803455000 	C:\WINDOWS\System32\RPCRT4.dll
0x00007ff804460000 - 0x00007ff80460d000 	C:\WINDOWS\System32\USER32.dll
0x00007ff802970000 - 0x00007ff802996000 	C:\WINDOWS\System32\win32u.dll
0x00007fffe81c0000 - 0x00007fffe844e000 	C:\WINDOWS\WinSxS\amd64_microsoft.windows.common-controls_6595b64144ccf1df_6.0.22621.608_none_a9444ca7c10bb01d\COMCTL32.dll
0x00007ff803a40000 - 0x00007ff803a69000 	C:\WINDOWS\System32\GDI32.dll
0x00007ff802bf0000 - 0x00007ff802d02000 	C:\WINDOWS\System32\gdi32full.dll
0x00007ff8029a0000 - 0x00007ff802a3a000 	C:\WINDOWS\System32\msvcp_win.dll
0x00007ffff7ef0000 - 0x00007ffff7efa000 	C:\WINDOWS\SYSTEM32\VERSION.dll
0x00007ff805360000 - 0x00007ff805392000 	C:\WINDOWS\System32\IMM32.DLL
0x00007ffff98f0000 - 0x00007ffff98fc000 	C:\Program Files\jdk-17.0.5\bin\vcruntime140_1.dll
0x00007ffff56d0000 - 0x00007ffff575d000 	C:\Program Files\jdk-17.0.5\bin\msvcp140.dll
0x00007fff8d4d0000 - 0x00007fff8e092000 	C:\Program Files\jdk-17.0.5\bin\server\jvm.dll
0x00007ff805450000 - 0x00007ff805458000 	C:\WINDOWS\System32\PSAPI.DLL
0x00007fffcfcd0000 - 0x00007fffcfcd9000 	C:\WINDOWS\SYSTEM32\WSOCK32.dll
0x00007ff803460000 - 0x00007ff8034d1000 	C:\WINDOWS\System32\WS2_32.dll
0x00007ffff8350000 - 0x00007ffff8384000 	C:\WINDOWS\SYSTEM32\WINMM.dll
0x00007ff801ab0000 - 0x00007ff801ac8000 	C:\WINDOWS\SYSTEM32\kernel.appcore.dll
0x00007ffff93f0000 - 0x00007ffff93fa000 	C:\Program Files\jdk-17.0.5\bin\jimage.dll
0x00007ffffce00000 - 0x00007ffffd02e000 	C:\WINDOWS\SYSTEM32\DBGHELP.DLL
0x00007ff804fd0000 - 0x00007ff80535a000 	C:\WINDOWS\System32\combase.dll
0x00007ff803960000 - 0x00007ff803a37000 	C:\WINDOWS\System32\OLEAUT32.dll
0x00007ffff6290000 - 0x00007ffff62c2000 	C:\WINDOWS\SYSTEM32\dbgcore.DLL
0x00007ff802ab0000 - 0x00007ff802b2b000 	C:\WINDOWS\System32\bcryptPrimitives.dll
0x00007ffff9120000 - 0x00007ffff912e000 	C:\Program Files\jdk-17.0.5\bin\instrument.dll
0x00007ffff7ff0000 - 0x00007ffff8015000 	C:\Program Files\jdk-17.0.5\bin\java.dll
0x00007fffde120000 - 0x00007fffde1f6000 	C:\Program Files\jdk-17.0.5\bin\jsvml.dll
0x00007ff804620000 - 0x00007ff804e0f000 	C:\WINDOWS\System32\SHELL32.dll
0x00007ff8009a0000 - 0x00007ff801268000 	C:\WINDOWS\SYSTEM32\windows.storage.dll
0x00007ff800860000 - 0x00007ff80099e000 	C:\WINDOWS\SYSTEM32\wintypes.dll
0x00007ff803c60000 - 0x00007ff803d51000 	C:\WINDOWS\System32\SHCORE.dll
0x00007ff804180000 - 0x00007ff8041de000 	C:\WINDOWS\System32\shlwapi.dll
0x00007ff8028a0000 - 0x00007ff8028c1000 	C:\WINDOWS\SYSTEM32\profapi.dll
0x00007ffff8390000 - 0x00007ffff83a9000 	C:\Program Files\jdk-17.0.5\bin\net.dll
0x00007ffffc470000 - 0x00007ffffc59f000 	C:\WINDOWS\SYSTEM32\WINHTTP.dll
0x00007ff801f20000 - 0x00007ff801f89000 	C:\WINDOWS\system32\mswsock.dll
0x00007ffff56b0000 - 0x00007ffff56c6000 	C:\Program Files\jdk-17.0.5\bin\nio.dll
0x00007ffff42e0000 - 0x00007ffff42f8000 	C:\Program Files\jdk-17.0.5\bin\zip.dll

dbghelp: loaded successfully - version: 4.0.5 - missing functions: none
symbol engine: initialized successfully - sym options: 0x614 - pdb path: .;C:\Program Files\jdk-17.0.5\bin;C:\WINDOWS\SYSTEM32;C:\WINDOWS\WinSxS\amd64_microsoft.windows.common-controls_6595b64144ccf1df_6.0.22621.608_none_a9444ca7c10bb01d;C:\Program Files\jdk-17.0.5\bin\server

VM Arguments:
jvm_args: --module-path=C:/Program Files/javafx-sdk-17.0.2/lib --add-modules=javafx.fxml,javafx.controls,javafx.graphics -javaagent:C:\ProgramData\Microsoft\Windows\Start Menu\Programs\ideaIC-2021.3.2.win\lib\idea_rt.jar=58155:C:\ProgramData\Microsoft\Windows\Start Menu\Programs\ideaIC-2021.3.2.win\bin -Dfile.encoding=UTF-8 
java_command: main.Main
java_class_path (initial): C:\Users\jkhat\OneDrive\WGU\C195_JasmineLangford\out\production\C195_JasmineLangford;C:\Program Files\javafx-sdk-17.0.2\lib\javafx-swt.jar;C:\Program Files\javafx-sdk-17.0.2\lib\javafx.web.jar;C:\Program Files\javafx-sdk-17.0.2\lib\javafx.base.jar;C:\Program Files\javafx-sdk-17.0.2\lib\javafx.fxml.jar;C:\Program Files\javafx-sdk-17.0.2\lib\javafx.media.jar;C:\Program Files\javafx-sdk-17.0.2\lib\javafx.swing.jar;C:\Program Files\javafx-sdk-17.0.2\lib\javafx.controls.jar;C:\Program Files\javafx-sdk-17.0.2\lib\javafx.graphics.jar;C:\Users\jkhat\Downloads\mysql-connector-j-8.0.31\mysql-connector-j-8.0.31\mysql-connector-j-8.0.31.jar
Launcher Type: SUN_STANDARD

[Global flags]
     intx CICompilerCount                          = 4                                         {product} {ergonomic}
     uint ConcGCThreads                            = 2                                         {product} {ergonomic}
     uint G1ConcRefinementThreads                  = 8                                         {product} {ergonomic}
   size_t G1HeapRegionSize                         = 1048576                                   {product} {ergonomic}
    uintx GCDrainStackTargetSize                   = 64                                        {product} {ergonomic}
   size_t InitialHeapSize                          = 132120576                                 {product} {ergonomic}
   size_t MarkStackSize                            = 4194304                                   {product} {ergonomic}
   size_t MaxHeapSize                              = 2099249152                                {product} {ergonomic}
   size_t MaxNewSize                               = 1259339776                                {product} {ergonomic}
   size_t MinHeapDeltaBytes                        = 1048576                                   {product} {ergonomic}
   size_t MinHeapSize                              = 8388608                                   {product} {ergonomic}
    uintx NonNMethodCodeHeapSize                   = 5839372                                {pd product} {ergonomic}
    uintx NonProfiledCodeHeapSize                  = 122909434                              {pd product} {ergonomic}
    uintx ProfiledCodeHeapSize                     = 122909434                              {pd product} {ergonomic}
    uintx ReservedCodeCacheSize                    = 251658240                              {pd product} {ergonomic}
     bool SegmentedCodeCache                       = true                                      {product} {ergonomic}
   size_t SoftMaxHeapSize                          = 2099249152                             {manageable} {ergonomic}
     bool UseCompressedClassPointers               = true                           {product lp64_product} {ergonomic}
     bool UseCompressedOops                        = true                           {product lp64_product} {ergonomic}
     bool UseG1GC                                  = true                                      {product} {ergonomic}
     bool UseLargePagesIndividualAllocation        = false                                  {pd product} {ergonomic}

Logging:
Log output configuration:
 #0: stdout all=warning uptime,level,tags
 #1: stderr all=off uptime,level,tags

Environment Variables:
PATH=C:\Program Files\Common Files\Oracle\Java\javapath;C:\Program Files (x86)\Intel\Intel(R) Management Engine Components\iCLS\;C:\Program Files\Intel\Intel(R) Management Engine Components\iCLS\;C:\WINDOWS\system32;C:\WINDOWS;C:\WINDOWS\System32\Wbem;C:\WINDOWS\System32\WindowsPowerShell\v1.0\;C:\WINDOWS\System32\OpenSSH\;C:\Program Files (x86)\Intel\Intel(R) Management Engine Components\DAL;C:\Program Files\Intel\Intel(R) Management Engine Components\DAL;C:\Program Files\dotnet\;C:\Users\jkhat\AppData\Local\Microsoft\WindowsApps;C:\Users\jkhat\AppData\Local\GitHubDesktop\bin;
USERNAME=jkhat
OS=Windows_NT
PROCESSOR_IDENTIFIER=Intel64 Family 6 Model 142 Stepping 10, GenuineIntel



---------------  S Y S T E M  ---------------

OS:
 Windows 11 , 64 bit Build 22621 (10.0.22621.1105)
OS uptime: 0 days 5:28 hours

CPU: total 8 (initial active 8) (4 cores per cpu, 2 threads per core) family 6 model 142 stepping 10 microcode 0xe0, cx8, cmov, fxsr, ht, mmx, 3dnowpref, sse, sse2, sse3, ssse3, sse4.1, sse4.2, popcnt, lzcnt, tsc, tscinvbit, avx, avx2, aes, erms, clmul, bmi1, bmi2, adx, fma, vzeroupper, clflush, clflushopt

Memory: 4k page, system-wide physical 8007M (667M free)
TotalPageFile size 12103M (AvailPageFile size 136M)
current process WorkingSet (physical memory assigned to process): 38M, peak: 38M
current process commit charge ("private bytes"): 210M, peak: 210M

vm_info: Java HotSpot(TM) 64-Bit Server VM (17.0.5+9-LTS-191) for windows-amd64 JRE (17.0.5+9-LTS-191), built on Sep 13 2022 17:31:43 by "mach5one" with MS VC++ 16.8 / 16.9 (VS2019)

END.
